<?xml version="1.0" encoding="UTF-8"?>
<testsuite xmlns:xsi="http://www.w3.org/2001/XMLSchema-instance" xsi:noNamespaceSchemaLocation="https://maven.apache.org/surefire/maven-surefire-plugin/xsd/surefire-test-report-3.0.xsd" version="3.0" name="TestSuite" time="204.889" tests="15" errors="0" skipped="0" failures="4">
  <properties>
    <property name="java.specification.version" value="17"/>
    <property name="sun.cpu.isalist" value="amd64"/>
    <property name="sun.jnu.encoding" value="Cp1252"/>
    <property name="java.class.path" value="C:\Users\MDS\Desktop\Selenium-Grid-Multi-Web\target\test-classes;C:\Users\MDS\Desktop\Selenium-Grid-Multi-Web\target\classes;C:\Users\MDS\.m2\repository\io\cucumber\cucumber-java\7.2.3\cucumber-java-7.2.3.jar;C:\Users\MDS\.m2\repository\io\cucumber\cucumber-core\7.2.3\cucumber-core-7.2.3.jar;C:\Users\MDS\.m2\repository\io\cucumber\cucumber-gherkin\7.2.3\cucumber-gherkin-7.2.3.jar;C:\Users\MDS\.m2\repository\io\cucumber\cucumber-gherkin-messages\7.2.3\cucumber-gherkin-messages-7.2.3.jar;C:\Users\MDS\.m2\repository\io\cucumber\messages\17.1.1\messages-17.1.1.jar;C:\Users\MDS\.m2\repository\io\cucumber\tag-expressions\4.1.0\tag-expressions-4.1.0.jar;C:\Users\MDS\.m2\repository\io\cucumber\cucumber-expressions\15.0.1\cucumber-expressions-15.0.1.jar;C:\Users\MDS\.m2\repository\io\cucumber\datatable\7.2.3\datatable-7.2.3.jar;C:\Users\MDS\.m2\repository\io\cucumber\cucumber-plugin\7.2.3\cucumber-plugin-7.2.3.jar;C:\Users\MDS\.m2\repository\io\cucumber\docstring\7.2.3\docstring-7.2.3.jar;C:\Users\MDS\.m2\repository\io\cucumber\html-formatter\17.0.0\html-formatter-17.0.0.jar;C:\Users\MDS\.m2\repository\io\cucumber\ci-environment\8.1.0\ci-environment-8.1.0.jar;C:\Users\MDS\.m2\repository\org\apiguardian\apiguardian-api\1.1.2\apiguardian-api-1.1.2.jar;C:\Users\MDS\.m2\repository\io\cucumber\cucumber-picocontainer\7.2.3\cucumber-picocontainer-7.2.3.jar;C:\Users\MDS\.m2\repository\org\picocontainer\picocontainer\2.15\picocontainer-2.15.jar;C:\Users\MDS\.m2\repository\io\cucumber\cucumber-testng\7.2.3\cucumber-testng-7.2.3.jar;C:\Users\MDS\.m2\repository\org\seleniumhq\selenium\selenium-java\4.1.3\selenium-java-4.1.3.jar;C:\Users\MDS\.m2\repository\org\seleniumhq\selenium\selenium-api\4.1.3\selenium-api-4.1.3.jar;C:\Users\MDS\.m2\repository\org\seleniumhq\selenium\selenium-chrome-driver\4.1.3\selenium-chrome-driver-4.1.3.jar;C:\Users\MDS\.m2\repository\com\google\auto\service\auto-service-annotations\1.0.1\auto-service-annotations-1.0.1.jar;C:\Users\MDS\.m2\repository\com\google\auto\service\auto-service\1.0.1\auto-service-1.0.1.jar;C:\Users\MDS\.m2\repository\com\google\auto\auto-common\1.2\auto-common-1.2.jar;C:\Users\MDS\.m2\repository\com\google\guava\guava\31.1-jre\guava-31.1-jre.jar;C:\Users\MDS\.m2\repository\com\google\guava\failureaccess\1.0.1\failureaccess-1.0.1.jar;C:\Users\MDS\.m2\repository\com\google\guava\listenablefuture\9999.0-empty-to-avoid-conflict-with-guava\listenablefuture-9999.0-empty-to-avoid-conflict-with-guava.jar;C:\Users\MDS\.m2\repository\com\google\code\findbugs\jsr305\3.0.2\jsr305-3.0.2.jar;C:\Users\MDS\.m2\repository\org\checkerframework\checker-qual\3.12.0\checker-qual-3.12.0.jar;C:\Users\MDS\.m2\repository\com\google\errorprone\error_prone_annotations\2.11.0\error_prone_annotations-2.11.0.jar;C:\Users\MDS\.m2\repository\com\google\j2objc\j2objc-annotations\1.3\j2objc-annotations-1.3.jar;C:\Users\MDS\.m2\repository\org\seleniumhq\selenium\selenium-chromium-driver\4.1.3\selenium-chromium-driver-4.1.3.jar;C:\Users\MDS\.m2\repository\org\seleniumhq\selenium\selenium-json\4.1.3\selenium-json-4.1.3.jar;C:\Users\MDS\.m2\repository\org\seleniumhq\selenium\selenium-devtools-v85\4.1.3\selenium-devtools-v85-4.1.3.jar;C:\Users\MDS\.m2\repository\org\seleniumhq\selenium\selenium-devtools-v97\4.1.3\selenium-devtools-v97-4.1.3.jar;C:\Users\MDS\.m2\repository\org\seleniumhq\selenium\selenium-devtools-v98\4.1.3\selenium-devtools-v98-4.1.3.jar;C:\Users\MDS\.m2\repository\org\seleniumhq\selenium\selenium-devtools-v99\4.1.3\selenium-devtools-v99-4.1.3.jar;C:\Users\MDS\.m2\repository\org\seleniumhq\selenium\selenium-edge-driver\4.1.3\selenium-edge-driver-4.1.3.jar;C:\Users\MDS\.m2\repository\org\seleniumhq\selenium\selenium-firefox-driver\4.1.3\selenium-firefox-driver-4.1.3.jar;C:\Users\MDS\.m2\repository\org\seleniumhq\selenium\selenium-ie-driver\4.1.3\selenium-ie-driver-4.1.3.jar;C:\Users\MDS\.m2\repository\org\seleniumhq\selenium\selenium-opera-driver\4.1.3\selenium-opera-driver-4.1.3.jar;C:\Users\MDS\.m2\repository\org\seleniumhq\selenium\selenium-remote-driver\4.1.3\selenium-remote-driver-4.1.3.jar;C:\Users\MDS\.m2\repository\io\netty\netty-buffer\4.1.75.Final\netty-buffer-4.1.75.Final.jar;C:\Users\MDS\.m2\repository\io\netty\netty-codec-http\4.1.75.Final\netty-codec-http-4.1.75.Final.jar;C:\Users\MDS\.m2\repository\io\netty\netty-codec\4.1.75.Final\netty-codec-4.1.75.Final.jar;C:\Users\MDS\.m2\repository\io\netty\netty-handler\4.1.75.Final\netty-handler-4.1.75.Final.jar;C:\Users\MDS\.m2\repository\io\netty\netty-common\4.1.75.Final\netty-common-4.1.75.Final.jar;C:\Users\MDS\.m2\repository\io\netty\netty-transport-classes-epoll\4.1.75.Final\netty-transport-classes-epoll-4.1.75.Final.jar;C:\Users\MDS\.m2\repository\io\netty\netty-transport-classes-kqueue\4.1.75.Final\netty-transport-classes-kqueue-4.1.75.Final.jar;C:\Users\MDS\.m2\repository\io\netty\netty-transport-native-epoll\4.1.75.Final\netty-transport-native-epoll-4.1.75.Final.jar;C:\Users\MDS\.m2\repository\io\netty\netty-transport-native-kqueue\4.1.75.Final\netty-transport-native-kqueue-4.1.75.Final.jar;C:\Users\MDS\.m2\repository\io\netty\netty-transport-native-unix-common\4.1.75.Final\netty-transport-native-unix-common-4.1.75.Final.jar;C:\Users\MDS\.m2\repository\io\netty\netty-transport\4.1.75.Final\netty-transport-4.1.75.Final.jar;C:\Users\MDS\.m2\repository\io\netty\netty-resolver\4.1.75.Final\netty-resolver-4.1.75.Final.jar;C:\Users\MDS\.m2\repository\io\opentelemetry\opentelemetry-api\1.12.0\opentelemetry-api-1.12.0.jar;C:\Users\MDS\.m2\repository\io\opentelemetry\opentelemetry-context\1.12.0\opentelemetry-context-1.12.0.jar;C:\Users\MDS\.m2\repository\io\opentelemetry\opentelemetry-exporter-logging\1.12.0\opentelemetry-exporter-logging-1.12.0.jar;C:\Users\MDS\.m2\repository\io\opentelemetry\opentelemetry-sdk-metrics\1.12.0-alpha\opentelemetry-sdk-metrics-1.12.0-alpha.jar;C:\Users\MDS\.m2\repository\io\opentelemetry\opentelemetry-sdk-logs\1.12.0-alpha\opentelemetry-sdk-logs-1.12.0-alpha.jar;C:\Users\MDS\.m2\repository\io\opentelemetry\opentelemetry-sdk-common\1.12.0\opentelemetry-sdk-common-1.12.0.jar;C:\Users\MDS\.m2\repository\io\opentelemetry\opentelemetry-sdk-extension-autoconfigure-spi\1.12.0\opentelemetry-sdk-extension-autoconfigure-spi-1.12.0.jar;C:\Users\MDS\.m2\repository\io\opentelemetry\opentelemetry-sdk-extension-autoconfigure\1.12.0-alpha\opentelemetry-sdk-extension-autoconfigure-1.12.0-alpha.jar;C:\Users\MDS\.m2\repository\io\opentelemetry\opentelemetry-sdk-trace\1.12.0\opentelemetry-sdk-trace-1.12.0.jar;C:\Users\MDS\.m2\repository\io\opentelemetry\opentelemetry-sdk\1.12.0\opentelemetry-sdk-1.12.0.jar;C:\Users\MDS\.m2\repository\io\opentelemetry\opentelemetry-semconv\1.12.0-alpha\opentelemetry-semconv-1.12.0-alpha.jar;C:\Users\MDS\.m2\repository\io\ous\jtoml\2.0.0\jtoml-2.0.0.jar;C:\Users\MDS\.m2\repository\net\bytebuddy\byte-buddy\1.12.8\byte-buddy-1.12.8.jar;C:\Users\MDS\.m2\repository\org\apache\commons\commons-exec\1.3\commons-exec-1.3.jar;C:\Users\MDS\.m2\repository\org\asynchttpclient\async-http-client\2.12.3\async-http-client-2.12.3.jar;C:\Users\MDS\.m2\repository\org\asynchttpclient\async-http-client-netty-utils\2.12.3\async-http-client-netty-utils-2.12.3.jar;C:\Users\MDS\.m2\repository\io\netty\netty-codec-socks\4.1.60.Final\netty-codec-socks-4.1.60.Final.jar;C:\Users\MDS\.m2\repository\io\netty\netty-handler-proxy\4.1.60.Final\netty-handler-proxy-4.1.60.Final.jar;C:\Users\MDS\.m2\repository\io\netty\netty-transport-native-epoll\4.1.60.Final\netty-transport-native-epoll-4.1.60.Final-linux-x86_64.jar;C:\Users\MDS\.m2\repository\io\netty\netty-transport-native-kqueue\4.1.60.Final\netty-transport-native-kqueue-4.1.60.Final-osx-x86_64.jar;C:\Users\MDS\.m2\repository\com\typesafe\netty\netty-reactive-streams\2.0.4\netty-reactive-streams-2.0.4.jar;C:\Users\MDS\.m2\repository\com\sun\activation\jakarta.activation\1.2.2\jakarta.activation-1.2.2.jar;C:\Users\MDS\.m2\repository\org\seleniumhq\selenium\selenium-http\4.1.3\selenium-http-4.1.3.jar;C:\Users\MDS\.m2\repository\dev\failsafe\failsafe\3.2.3\failsafe-3.2.3.jar;C:\Users\MDS\.m2\repository\org\seleniumhq\selenium\selenium-safari-driver\4.1.3\selenium-safari-driver-4.1.3.jar;C:\Users\MDS\.m2\repository\org\seleniumhq\selenium\selenium-support\4.1.3\selenium-support-4.1.3.jar;C:\Users\MDS\.m2\repository\org\testng\testng\7.4.0\testng-7.4.0.jar;C:\Users\MDS\.m2\repository\com\beust\jcommander\1.78\jcommander-1.78.jar;C:\Users\MDS\.m2\repository\org\webjars\jquery\3.5.1\jquery-3.5.1.jar;C:\Users\MDS\.m2\repository\io\qameta\allure\allure-cucumber7-jvm\2.17.2\allure-cucumber7-jvm-2.17.2.jar;C:\Users\MDS\.m2\repository\io\qameta\allure\allure-java-commons\2.17.2\allure-java-commons-2.17.2.jar;C:\Users\MDS\.m2\repository\io\qameta\allure\allure-model\2.17.2\allure-model-2.17.2.jar;C:\Users\MDS\.m2\repository\io\cucumber\gherkin\22.0.0\gherkin-22.0.0.jar;C:\Users\MDS\.m2\repository\commons-io\commons-io\2.11.0\commons-io-2.11.0.jar;C:\Users\MDS\.m2\repository\com\aventstack\extentreports\5.0.9\extentreports-5.0.9.jar;C:\Users\MDS\.m2\repository\io\reactivex\rxjava3\rxjava\3.0.4\rxjava-3.0.4.jar;C:\Users\MDS\.m2\repository\org\reactivestreams\reactive-streams\1.0.3\reactive-streams-1.0.3.jar;C:\Users\MDS\.m2\repository\org\freemarker\freemarker\2.3.30\freemarker-2.3.30.jar;C:\Users\MDS\.m2\repository\com\google\code\gson\gson\2.8.6\gson-2.8.6.jar;C:\Users\MDS\.m2\repository\tech\grasshopper\extentreports-cucumber7-adapter\1.3.0\extentreports-cucumber7-adapter-1.3.0.jar;C:\Users\MDS\.m2\repository\tech\grasshopper\extent-pdf-report\2.1.0\extent-pdf-report-2.1.0.jar;C:\Users\MDS\.m2\repository\tech\grasshopper\cucumber-pdf-report\2.5.0\cucumber-pdf-report-2.5.0.jar;C:\Users\MDS\.m2\repository\org\apache\pdfbox\pdfbox\2.0.25\pdfbox-2.0.25.jar;C:\Users\MDS\.m2\repository\org\apache\pdfbox\fontbox\2.0.25\fontbox-2.0.25.jar;C:\Users\MDS\.m2\repository\org\knowm\xchart\xchart\3.8.0\xchart-3.8.0.jar;C:\Users\MDS\.m2\repository\de\erichseifert\vectorgraphics2d\VectorGraphics2D\0.13\VectorGraphics2D-0.13.jar;C:\Users\MDS\.m2\repository\de\rototor\pdfbox\graphics2d\0.30\graphics2d-0.30.jar;C:\Users\MDS\.m2\repository\com\madgag\animated-gif-lib\1.4\animated-gif-lib-1.4.jar;C:\Users\MDS\.m2\repository\org\yaml\snakeyaml\1.28\snakeyaml-1.28.jar;C:\Users\MDS\.m2\repository\tech\grasshopper\table-layout\1.4.0\table-layout-1.4.0.jar;C:\Users\MDS\.m2\repository\tech\grasshopper\rest-assured-cucumber-pdf-report\1.1.0\rest-assured-cucumber-pdf-report-1.1.0.jar;C:\Users\MDS\.m2\repository\org\jsoup\jsoup\1.13.1\jsoup-1.13.1.jar;C:\Users\MDS\.m2\repository\com\aventstack\klov-reporter\5.0.9\klov-reporter-5.0.9.jar;C:\Users\MDS\.m2\repository\org\mongodb\mongodb-driver\3.6.4\mongodb-driver-3.6.4.jar;C:\Users\MDS\.m2\repository\org\mongodb\mongodb-driver-core\3.6.4\mongodb-driver-core-3.6.4.jar;C:\Users\MDS\.m2\repository\org\mongodb\bson\3.6.4\bson-3.6.4.jar;C:\Users\MDS\.m2\repository\org\apache\httpcomponents\httpclient\4.5.13\httpclient-4.5.13.jar;C:\Users\MDS\.m2\repository\org\apache\httpcomponents\httpcore\4.4.13\httpcore-4.4.13.jar;C:\Users\MDS\.m2\repository\commons-logging\commons-logging\1.2\commons-logging-1.2.jar;C:\Users\MDS\.m2\repository\commons-codec\commons-codec\1.11\commons-codec-1.11.jar;C:\Users\MDS\.m2\repository\org\apache\httpcomponents\httpmime\4.5.13\httpmime-4.5.13.jar;C:\Users\MDS\.m2\repository\tech\grasshopper\htmlextentreporter\1.0.0\htmlextentreporter-1.0.0.jar;C:\Users\MDS\.m2\repository\org\hamcrest\hamcrest\2.2\hamcrest-2.2.jar;C:\Users\MDS\.m2\repository\ch\qos\logback\logback-classic\1.5.6\logback-classic-1.5.6.jar;C:\Users\MDS\.m2\repository\ch\qos\logback\logback-core\1.5.6\logback-core-1.5.6.jar;C:\Users\MDS\.m2\repository\org\slf4j\slf4j-api\2.0.13\slf4j-api-2.0.13.jar;C:\Users\MDS\.m2\repository\org\projectlombok\lombok\1.18.22\lombok-1.18.22.jar;C:\Users\MDS\.m2\repository\junit\junit\4.13.2\junit-4.13.2.jar;C:\Users\MDS\.m2\repository\org\hamcrest\hamcrest-core\1.3\hamcrest-core-1.3.jar;"/>
    <property name="java.vm.vendor" value="Oracle Corporation"/>
    <property name="sun.arch.data.model" value="64"/>
    <property name="user.variant" value=""/>
    <property name="java.vendor.url" value="https://java.oracle.com/"/>
    <property name="user.timezone" value="Asia/Dhaka"/>
    <property name="os.name" value="Windows 11"/>
    <property name="java.vm.specification.version" value="17"/>
    <property name="sun.java.launcher" value="SUN_STANDARD"/>
    <property name="user.country" value="US"/>
    <property name="allure.link.issue.pattern" value="https://example.org/browse/{}"/>
    <property name="sun.boot.library.path" value="C:\Program Files\Java\jdk-17\bin"/>
    <property name="sun.java.command" value="C:\Users\MDS\AppData\Local\Temp\surefire5986704748449104948\surefirebooter17478764607959782556.jar C:\Users\MDS\AppData\Local\Temp\surefire5986704748449104948 2024-08-29T20-34-52_231-jvmRun1 surefire651342910024974850tmp surefire_07560440433646270196tmp"/>
    <property name="jdk.debug" value="release"/>
    <property name="surefire.test.class.path" value="C:\Users\MDS\Desktop\Selenium-Grid-Multi-Web\target\test-classes;C:\Users\MDS\Desktop\Selenium-Grid-Multi-Web\target\classes;C:\Users\MDS\.m2\repository\io\cucumber\cucumber-java\7.2.3\cucumber-java-7.2.3.jar;C:\Users\MDS\.m2\repository\io\cucumber\cucumber-core\7.2.3\cucumber-core-7.2.3.jar;C:\Users\MDS\.m2\repository\io\cucumber\cucumber-gherkin\7.2.3\cucumber-gherkin-7.2.3.jar;C:\Users\MDS\.m2\repository\io\cucumber\cucumber-gherkin-messages\7.2.3\cucumber-gherkin-messages-7.2.3.jar;C:\Users\MDS\.m2\repository\io\cucumber\messages\17.1.1\messages-17.1.1.jar;C:\Users\MDS\.m2\repository\io\cucumber\tag-expressions\4.1.0\tag-expressions-4.1.0.jar;C:\Users\MDS\.m2\repository\io\cucumber\cucumber-expressions\15.0.1\cucumber-expressions-15.0.1.jar;C:\Users\MDS\.m2\repository\io\cucumber\datatable\7.2.3\datatable-7.2.3.jar;C:\Users\MDS\.m2\repository\io\cucumber\cucumber-plugin\7.2.3\cucumber-plugin-7.2.3.jar;C:\Users\MDS\.m2\repository\io\cucumber\docstring\7.2.3\docstring-7.2.3.jar;C:\Users\MDS\.m2\repository\io\cucumber\html-formatter\17.0.0\html-formatter-17.0.0.jar;C:\Users\MDS\.m2\repository\io\cucumber\ci-environment\8.1.0\ci-environment-8.1.0.jar;C:\Users\MDS\.m2\repository\org\apiguardian\apiguardian-api\1.1.2\apiguardian-api-1.1.2.jar;C:\Users\MDS\.m2\repository\io\cucumber\cucumber-picocontainer\7.2.3\cucumber-picocontainer-7.2.3.jar;C:\Users\MDS\.m2\repository\org\picocontainer\picocontainer\2.15\picocontainer-2.15.jar;C:\Users\MDS\.m2\repository\io\cucumber\cucumber-testng\7.2.3\cucumber-testng-7.2.3.jar;C:\Users\MDS\.m2\repository\org\seleniumhq\selenium\selenium-java\4.1.3\selenium-java-4.1.3.jar;C:\Users\MDS\.m2\repository\org\seleniumhq\selenium\selenium-api\4.1.3\selenium-api-4.1.3.jar;C:\Users\MDS\.m2\repository\org\seleniumhq\selenium\selenium-chrome-driver\4.1.3\selenium-chrome-driver-4.1.3.jar;C:\Users\MDS\.m2\repository\com\google\auto\service\auto-service-annotations\1.0.1\auto-service-annotations-1.0.1.jar;C:\Users\MDS\.m2\repository\com\google\auto\service\auto-service\1.0.1\auto-service-1.0.1.jar;C:\Users\MDS\.m2\repository\com\google\auto\auto-common\1.2\auto-common-1.2.jar;C:\Users\MDS\.m2\repository\com\google\guava\guava\31.1-jre\guava-31.1-jre.jar;C:\Users\MDS\.m2\repository\com\google\guava\failureaccess\1.0.1\failureaccess-1.0.1.jar;C:\Users\MDS\.m2\repository\com\google\guava\listenablefuture\9999.0-empty-to-avoid-conflict-with-guava\listenablefuture-9999.0-empty-to-avoid-conflict-with-guava.jar;C:\Users\MDS\.m2\repository\com\google\code\findbugs\jsr305\3.0.2\jsr305-3.0.2.jar;C:\Users\MDS\.m2\repository\org\checkerframework\checker-qual\3.12.0\checker-qual-3.12.0.jar;C:\Users\MDS\.m2\repository\com\google\errorprone\error_prone_annotations\2.11.0\error_prone_annotations-2.11.0.jar;C:\Users\MDS\.m2\repository\com\google\j2objc\j2objc-annotations\1.3\j2objc-annotations-1.3.jar;C:\Users\MDS\.m2\repository\org\seleniumhq\selenium\selenium-chromium-driver\4.1.3\selenium-chromium-driver-4.1.3.jar;C:\Users\MDS\.m2\repository\org\seleniumhq\selenium\selenium-json\4.1.3\selenium-json-4.1.3.jar;C:\Users\MDS\.m2\repository\org\seleniumhq\selenium\selenium-devtools-v85\4.1.3\selenium-devtools-v85-4.1.3.jar;C:\Users\MDS\.m2\repository\org\seleniumhq\selenium\selenium-devtools-v97\4.1.3\selenium-devtools-v97-4.1.3.jar;C:\Users\MDS\.m2\repository\org\seleniumhq\selenium\selenium-devtools-v98\4.1.3\selenium-devtools-v98-4.1.3.jar;C:\Users\MDS\.m2\repository\org\seleniumhq\selenium\selenium-devtools-v99\4.1.3\selenium-devtools-v99-4.1.3.jar;C:\Users\MDS\.m2\repository\org\seleniumhq\selenium\selenium-edge-driver\4.1.3\selenium-edge-driver-4.1.3.jar;C:\Users\MDS\.m2\repository\org\seleniumhq\selenium\selenium-firefox-driver\4.1.3\selenium-firefox-driver-4.1.3.jar;C:\Users\MDS\.m2\repository\org\seleniumhq\selenium\selenium-ie-driver\4.1.3\selenium-ie-driver-4.1.3.jar;C:\Users\MDS\.m2\repository\org\seleniumhq\selenium\selenium-opera-driver\4.1.3\selenium-opera-driver-4.1.3.jar;C:\Users\MDS\.m2\repository\org\seleniumhq\selenium\selenium-remote-driver\4.1.3\selenium-remote-driver-4.1.3.jar;C:\Users\MDS\.m2\repository\io\netty\netty-buffer\4.1.75.Final\netty-buffer-4.1.75.Final.jar;C:\Users\MDS\.m2\repository\io\netty\netty-codec-http\4.1.75.Final\netty-codec-http-4.1.75.Final.jar;C:\Users\MDS\.m2\repository\io\netty\netty-codec\4.1.75.Final\netty-codec-4.1.75.Final.jar;C:\Users\MDS\.m2\repository\io\netty\netty-handler\4.1.75.Final\netty-handler-4.1.75.Final.jar;C:\Users\MDS\.m2\repository\io\netty\netty-common\4.1.75.Final\netty-common-4.1.75.Final.jar;C:\Users\MDS\.m2\repository\io\netty\netty-transport-classes-epoll\4.1.75.Final\netty-transport-classes-epoll-4.1.75.Final.jar;C:\Users\MDS\.m2\repository\io\netty\netty-transport-classes-kqueue\4.1.75.Final\netty-transport-classes-kqueue-4.1.75.Final.jar;C:\Users\MDS\.m2\repository\io\netty\netty-transport-native-epoll\4.1.75.Final\netty-transport-native-epoll-4.1.75.Final.jar;C:\Users\MDS\.m2\repository\io\netty\netty-transport-native-kqueue\4.1.75.Final\netty-transport-native-kqueue-4.1.75.Final.jar;C:\Users\MDS\.m2\repository\io\netty\netty-transport-native-unix-common\4.1.75.Final\netty-transport-native-unix-common-4.1.75.Final.jar;C:\Users\MDS\.m2\repository\io\netty\netty-transport\4.1.75.Final\netty-transport-4.1.75.Final.jar;C:\Users\MDS\.m2\repository\io\netty\netty-resolver\4.1.75.Final\netty-resolver-4.1.75.Final.jar;C:\Users\MDS\.m2\repository\io\opentelemetry\opentelemetry-api\1.12.0\opentelemetry-api-1.12.0.jar;C:\Users\MDS\.m2\repository\io\opentelemetry\opentelemetry-context\1.12.0\opentelemetry-context-1.12.0.jar;C:\Users\MDS\.m2\repository\io\opentelemetry\opentelemetry-exporter-logging\1.12.0\opentelemetry-exporter-logging-1.12.0.jar;C:\Users\MDS\.m2\repository\io\opentelemetry\opentelemetry-sdk-metrics\1.12.0-alpha\opentelemetry-sdk-metrics-1.12.0-alpha.jar;C:\Users\MDS\.m2\repository\io\opentelemetry\opentelemetry-sdk-logs\1.12.0-alpha\opentelemetry-sdk-logs-1.12.0-alpha.jar;C:\Users\MDS\.m2\repository\io\opentelemetry\opentelemetry-sdk-common\1.12.0\opentelemetry-sdk-common-1.12.0.jar;C:\Users\MDS\.m2\repository\io\opentelemetry\opentelemetry-sdk-extension-autoconfigure-spi\1.12.0\opentelemetry-sdk-extension-autoconfigure-spi-1.12.0.jar;C:\Users\MDS\.m2\repository\io\opentelemetry\opentelemetry-sdk-extension-autoconfigure\1.12.0-alpha\opentelemetry-sdk-extension-autoconfigure-1.12.0-alpha.jar;C:\Users\MDS\.m2\repository\io\opentelemetry\opentelemetry-sdk-trace\1.12.0\opentelemetry-sdk-trace-1.12.0.jar;C:\Users\MDS\.m2\repository\io\opentelemetry\opentelemetry-sdk\1.12.0\opentelemetry-sdk-1.12.0.jar;C:\Users\MDS\.m2\repository\io\opentelemetry\opentelemetry-semconv\1.12.0-alpha\opentelemetry-semconv-1.12.0-alpha.jar;C:\Users\MDS\.m2\repository\io\ous\jtoml\2.0.0\jtoml-2.0.0.jar;C:\Users\MDS\.m2\repository\net\bytebuddy\byte-buddy\1.12.8\byte-buddy-1.12.8.jar;C:\Users\MDS\.m2\repository\org\apache\commons\commons-exec\1.3\commons-exec-1.3.jar;C:\Users\MDS\.m2\repository\org\asynchttpclient\async-http-client\2.12.3\async-http-client-2.12.3.jar;C:\Users\MDS\.m2\repository\org\asynchttpclient\async-http-client-netty-utils\2.12.3\async-http-client-netty-utils-2.12.3.jar;C:\Users\MDS\.m2\repository\io\netty\netty-codec-socks\4.1.60.Final\netty-codec-socks-4.1.60.Final.jar;C:\Users\MDS\.m2\repository\io\netty\netty-handler-proxy\4.1.60.Final\netty-handler-proxy-4.1.60.Final.jar;C:\Users\MDS\.m2\repository\io\netty\netty-transport-native-epoll\4.1.60.Final\netty-transport-native-epoll-4.1.60.Final-linux-x86_64.jar;C:\Users\MDS\.m2\repository\io\netty\netty-transport-native-kqueue\4.1.60.Final\netty-transport-native-kqueue-4.1.60.Final-osx-x86_64.jar;C:\Users\MDS\.m2\repository\com\typesafe\netty\netty-reactive-streams\2.0.4\netty-reactive-streams-2.0.4.jar;C:\Users\MDS\.m2\repository\com\sun\activation\jakarta.activation\1.2.2\jakarta.activation-1.2.2.jar;C:\Users\MDS\.m2\repository\org\seleniumhq\selenium\selenium-http\4.1.3\selenium-http-4.1.3.jar;C:\Users\MDS\.m2\repository\dev\failsafe\failsafe\3.2.3\failsafe-3.2.3.jar;C:\Users\MDS\.m2\repository\org\seleniumhq\selenium\selenium-safari-driver\4.1.3\selenium-safari-driver-4.1.3.jar;C:\Users\MDS\.m2\repository\org\seleniumhq\selenium\selenium-support\4.1.3\selenium-support-4.1.3.jar;C:\Users\MDS\.m2\repository\org\testng\testng\7.4.0\testng-7.4.0.jar;C:\Users\MDS\.m2\repository\com\beust\jcommander\1.78\jcommander-1.78.jar;C:\Users\MDS\.m2\repository\org\webjars\jquery\3.5.1\jquery-3.5.1.jar;C:\Users\MDS\.m2\repository\io\qameta\allure\allure-cucumber7-jvm\2.17.2\allure-cucumber7-jvm-2.17.2.jar;C:\Users\MDS\.m2\repository\io\qameta\allure\allure-java-commons\2.17.2\allure-java-commons-2.17.2.jar;C:\Users\MDS\.m2\repository\io\qameta\allure\allure-model\2.17.2\allure-model-2.17.2.jar;C:\Users\MDS\.m2\repository\io\cucumber\gherkin\22.0.0\gherkin-22.0.0.jar;C:\Users\MDS\.m2\repository\commons-io\commons-io\2.11.0\commons-io-2.11.0.jar;C:\Users\MDS\.m2\repository\com\aventstack\extentreports\5.0.9\extentreports-5.0.9.jar;C:\Users\MDS\.m2\repository\io\reactivex\rxjava3\rxjava\3.0.4\rxjava-3.0.4.jar;C:\Users\MDS\.m2\repository\org\reactivestreams\reactive-streams\1.0.3\reactive-streams-1.0.3.jar;C:\Users\MDS\.m2\repository\org\freemarker\freemarker\2.3.30\freemarker-2.3.30.jar;C:\Users\MDS\.m2\repository\com\google\code\gson\gson\2.8.6\gson-2.8.6.jar;C:\Users\MDS\.m2\repository\tech\grasshopper\extentreports-cucumber7-adapter\1.3.0\extentreports-cucumber7-adapter-1.3.0.jar;C:\Users\MDS\.m2\repository\tech\grasshopper\extent-pdf-report\2.1.0\extent-pdf-report-2.1.0.jar;C:\Users\MDS\.m2\repository\tech\grasshopper\cucumber-pdf-report\2.5.0\cucumber-pdf-report-2.5.0.jar;C:\Users\MDS\.m2\repository\org\apache\pdfbox\pdfbox\2.0.25\pdfbox-2.0.25.jar;C:\Users\MDS\.m2\repository\org\apache\pdfbox\fontbox\2.0.25\fontbox-2.0.25.jar;C:\Users\MDS\.m2\repository\org\knowm\xchart\xchart\3.8.0\xchart-3.8.0.jar;C:\Users\MDS\.m2\repository\de\erichseifert\vectorgraphics2d\VectorGraphics2D\0.13\VectorGraphics2D-0.13.jar;C:\Users\MDS\.m2\repository\de\rototor\pdfbox\graphics2d\0.30\graphics2d-0.30.jar;C:\Users\MDS\.m2\repository\com\madgag\animated-gif-lib\1.4\animated-gif-lib-1.4.jar;C:\Users\MDS\.m2\repository\org\yaml\snakeyaml\1.28\snakeyaml-1.28.jar;C:\Users\MDS\.m2\repository\tech\grasshopper\table-layout\1.4.0\table-layout-1.4.0.jar;C:\Users\MDS\.m2\repository\tech\grasshopper\rest-assured-cucumber-pdf-report\1.1.0\rest-assured-cucumber-pdf-report-1.1.0.jar;C:\Users\MDS\.m2\repository\org\jsoup\jsoup\1.13.1\jsoup-1.13.1.jar;C:\Users\MDS\.m2\repository\com\aventstack\klov-reporter\5.0.9\klov-reporter-5.0.9.jar;C:\Users\MDS\.m2\repository\org\mongodb\mongodb-driver\3.6.4\mongodb-driver-3.6.4.jar;C:\Users\MDS\.m2\repository\org\mongodb\mongodb-driver-core\3.6.4\mongodb-driver-core-3.6.4.jar;C:\Users\MDS\.m2\repository\org\mongodb\bson\3.6.4\bson-3.6.4.jar;C:\Users\MDS\.m2\repository\org\apache\httpcomponents\httpclient\4.5.13\httpclient-4.5.13.jar;C:\Users\MDS\.m2\repository\org\apache\httpcomponents\httpcore\4.4.13\httpcore-4.4.13.jar;C:\Users\MDS\.m2\repository\commons-logging\commons-logging\1.2\commons-logging-1.2.jar;C:\Users\MDS\.m2\repository\commons-codec\commons-codec\1.11\commons-codec-1.11.jar;C:\Users\MDS\.m2\repository\org\apache\httpcomponents\httpmime\4.5.13\httpmime-4.5.13.jar;C:\Users\MDS\.m2\repository\tech\grasshopper\htmlextentreporter\1.0.0\htmlextentreporter-1.0.0.jar;C:\Users\MDS\.m2\repository\org\hamcrest\hamcrest\2.2\hamcrest-2.2.jar;C:\Users\MDS\.m2\repository\ch\qos\logback\logback-classic\1.5.6\logback-classic-1.5.6.jar;C:\Users\MDS\.m2\repository\ch\qos\logback\logback-core\1.5.6\logback-core-1.5.6.jar;C:\Users\MDS\.m2\repository\org\slf4j\slf4j-api\2.0.13\slf4j-api-2.0.13.jar;C:\Users\MDS\.m2\repository\org\projectlombok\lombok\1.18.22\lombok-1.18.22.jar;C:\Users\MDS\.m2\repository\junit\junit\4.13.2\junit-4.13.2.jar;C:\Users\MDS\.m2\repository\org\hamcrest\hamcrest-core\1.3\hamcrest-core-1.3.jar;"/>
    <property name="sun.cpu.endian" value="little"/>
    <property name="allure.results.directory" value="allure-results"/>
    <property name="user.home" value="C:\Users\MDS"/>
    <property name="user.language" value="en"/>
    <property name="java.specification.vendor" value="Oracle Corporation"/>
    <property name="java.version.date" value="2024-04-16"/>
    <property name="java.home" value="C:\Program Files\Java\jdk-17"/>
    <property name="file.separator" value="\"/>
    <property name="allure.link.tms.pattern" value="https://example.org/browse/{}"/>
    <property name="basedir" value="C:\Users\MDS\Desktop\Selenium-Grid-Multi-Web"/>
    <property name="java.vm.compressedOopsMode" value="Zero based"/>
    <property name="line.separator" value="&#10;"/>
    <property name="java.vm.specification.vendor" value="Oracle Corporation"/>
    <property name="java.specification.name" value="Java Platform API Specification"/>
    <property name="surefire.real.class.path" value="C:\Users\MDS\AppData\Local\Temp\surefire5986704748449104948\surefirebooter17478764607959782556.jar"/>
    <property name="user.script" value=""/>
    <property name="sun.management.compiler" value="HotSpot 64-Bit Tiered Compilers"/>
    <property name="java.runtime.version" value="17.0.11+7-LTS-207"/>
    <property name="user.name" value="MDS"/>
    <property name="path.separator" value=";"/>
    <property name="otel.metrics.exporter" value="none"/>
    <property name="os.version" value="10.0"/>
    <property name="java.runtime.name" value="Java(TM) SE Runtime Environment"/>
    <property name="otel.traces.exporter" value="none"/>
    <property name="file.encoding" value="Cp1252"/>
    <property name="java.vm.name" value="Java HotSpot(TM) 64-Bit Server VM"/>
    <property name="localRepository" value="C:\Users\MDS\.m2\repository"/>
    <property name="cucumber.options" value="--plugin io.qameta.allure.cucumber7jvm.AllureCucumber7Jvm"/>
    <property name="java.vendor.url.bug" value="https://bugreport.java.com/bugreport/"/>
    <property name="java.io.tmpdir" value="C:\Users\MDS\AppData\Local\Temp\"/>
    <property name="java.version" value="17.0.11"/>
    <property name="user.dir" value="C:\Users\MDS\Desktop\Selenium-Grid-Multi-Web"/>
    <property name="os.arch" value="amd64"/>
    <property name="webdriver.gecko.driver" value="src/test/resources/geckodriver.exe"/>
    <property name="java.vm.specification.name" value="Java Virtual Machine Specification"/>
    <property name="sun.os.patch.level" value=""/>
    <property name="native.encoding" value="Cp1252"/>
    <property name="java.library.path" value="C:\Program Files\Java\jdk-17\bin;C:\WINDOWS\Sun\Java\bin;C:\WINDOWS\system32;C:\WINDOWS;C:\Program Files\Common Files\Oracle\Java\javapath;C:\Program Files (x86)\Common Files\Oracle\Java\javapath;&quot;C:\Program Files\Common Files\Oracle\Java\javapath;C:\Program Files\Java\jdk1.8.0_202\bin&quot;;C:\WINDOWS\system32;C:\WINDOWS;C:\WINDOWS\System32\Wbem;C:\WINDOWS\System32\WindowsPowerShell\v1.0\;C:\WINDOWS\System32\OpenSSH\;C:\Program Files\Java\jdk-21\bin;C:\apache-jmeter-5.4.3\bin;C:\apache-maven-3.8.6\bin;C:\Users\Lenovo\AppData\Local\Programs\Python\Python39\Scripts;C:\Program Files (x86)\Java\jre-1.8;C:\Program Files (x86)\Java;C:\Program Files\Java\jdk-21\bin\java.exe;C:\Program Files\Java\jdk-21;C:\Users\Lenovo\AppData\Local\Android\Sdk\platform-tools;C:\Users\Lenovo\AppData\Local\Android\Sdk\platforms;C:\Program Files\Git\cmd;C:\Program Files\Java\jdk-21\bin;C:\Program Files\Common Files\Oracle\Java\javapath\java.exe;C:\Program Files (x86)\Common Files\Oracle\Java\javapath\java.exe;C:\ProgramData\chocolatey\bin;C:\Program Files (x86)\nodejs\;C:\Program Files\allure-2.26.0\allure-2.26.0\bin;C:\Program Files\Cloudflare\Cloudflare WARP\;C:\Program Files\Docker\Docker\resources\bin;C:\Program Files\Java\jdk-17\bin;C:\Users\MDS\AppData\Local\Programs\Python\Python312\Scripts\;C:\Users\MDS\AppData\Local\Programs\Python\Python312\;C:\Users\MDS\AppData\Local\Microsoft\WindowsApps;C:\Users\MDS\AppData\Local\Programs\Microsoft VS Code\bin;."/>
    <property name="java.vm.info" value="mixed mode, sharing"/>
    <property name="java.vendor" value="Oracle Corporation"/>
    <property name="java.vm.version" value="17.0.11+7-LTS-207"/>
    <property name="sun.io.unicode.encoding" value="UnicodeLittle"/>
    <property name="java.class.version" value="61.0"/>
  </properties>
  <testcase name="runScenario[&quot;Product Display&quot;, &quot;Optional[Verify Product Display properly]&quot;](1)" classname="TestRunner.TestRunner" time="26.417">
    <system-out><![CDATA[20:34:55.308 [TestNG-tests-1] DEBUG io.netty.util.internal.logging.InternalLoggerFactory -- Using SLF4J as the default logging framework
20:34:55.314 [TestNG-tests-1] DEBUG io.netty.util.ResourceLeakDetector -- -Dio.netty.leakDetection.level: simple
20:34:55.314 [TestNG-tests-1] DEBUG io.netty.util.ResourceLeakDetector -- -Dio.netty.leakDetection.targetRecords: 4
20:34:55.318 [TestNG-tests-1] DEBUG io.netty.util.ResourceLeakDetectorFactory -- Loaded default ResourceLeakDetector: io.netty.util.ResourceLeakDetector@720bdb08
20:34:55.333 [TestNG-tests-1] DEBUG io.netty.util.internal.PlatformDependent0 -- -Dio.netty.noUnsafe: false
20:34:55.333 [TestNG-tests-1] DEBUG io.netty.util.internal.PlatformDependent0 -- Java version: 17
20:34:55.335 [TestNG-tests-1] DEBUG io.netty.util.internal.PlatformDependent0 -- sun.misc.Unsafe.theUnsafe: available
20:34:55.336 [TestNG-tests-1] DEBUG io.netty.util.internal.PlatformDependent0 -- sun.misc.Unsafe.copyMemory: available
20:34:55.336 [TestNG-tests-1] DEBUG io.netty.util.internal.PlatformDependent0 -- java.nio.Buffer.address: available
20:34:55.337 [TestNG-tests-1] DEBUG io.netty.util.internal.PlatformDependent0 -- direct buffer constructor: unavailable: Reflective setAccessible(true) disabled
20:34:55.337 [TestNG-tests-1] DEBUG io.netty.util.internal.PlatformDependent0 -- java.nio.Bits.unaligned: available, true
20:34:55.338 [TestNG-tests-1] DEBUG io.netty.util.internal.PlatformDependent0 -- jdk.internal.misc.Unsafe.allocateUninitializedArray(int): unavailable: class io.netty.util.internal.PlatformDependent0$6 cannot access class jdk.internal.misc.Unsafe (in module java.base) because module java.base does not export jdk.internal.misc to unnamed module @77afea7d
20:34:55.339 [TestNG-tests-1] DEBUG io.netty.util.internal.PlatformDependent0 -- java.nio.DirectByteBuffer.<init>(long, int): unavailable
20:34:55.340 [TestNG-tests-1] DEBUG io.netty.util.internal.PlatformDependent -- sun.misc.Unsafe: available
20:34:55.341 [TestNG-tests-1] DEBUG io.netty.util.internal.PlatformDependent -- maxDirectMemory: 6392119296 bytes (maybe)
20:34:55.341 [TestNG-tests-1] DEBUG io.netty.util.internal.PlatformDependent -- -Dio.netty.tmpdir: C:\Users\MDS\AppData\Local\Temp (java.io.tmpdir)
20:34:55.341 [TestNG-tests-1] DEBUG io.netty.util.internal.PlatformDependent -- -Dio.netty.bitMode: 64 (sun.arch.data.model)
20:34:55.342 [TestNG-tests-1] DEBUG io.netty.util.internal.PlatformDependent -- Platform: Windows
20:34:55.343 [TestNG-tests-1] DEBUG io.netty.util.internal.PlatformDependent -- -Dio.netty.maxDirectMemory: -1 bytes
20:34:55.343 [TestNG-tests-1] DEBUG io.netty.util.internal.PlatformDependent -- -Dio.netty.uninitializedArrayAllocationThreshold: -1
20:34:55.344 [TestNG-tests-1] DEBUG io.netty.util.internal.CleanerJava9 -- java.nio.ByteBuffer.cleaner(): available
20:34:55.344 [TestNG-tests-1] DEBUG io.netty.util.internal.PlatformDependent -- -Dio.netty.noPreferDirect: false
20:34:55.352 [TestNG-tests-1] DEBUG io.netty.util.internal.PlatformDependent -- org.jctools-core.MpscChunkedArrayQueue: available
20:34:55.370 [TestNG-tests-1] DEBUG io.netty.util.internal.InternalThreadLocalMap -- -Dio.netty.threadLocalMap.stringBuilder.initialSize: 1024
20:34:55.370 [TestNG-tests-1] DEBUG io.netty.util.internal.InternalThreadLocalMap -- -Dio.netty.threadLocalMap.stringBuilder.maxSize: 4096
20:34:55.522 [TestNG-tests-1] DEBUG io.netty.handler.ssl.JdkSslContext -- Default protocols (JDK): [TLSv1.3, TLSv1.2] 
20:34:55.522 [TestNG-tests-1] DEBUG io.netty.handler.ssl.JdkSslContext -- Default cipher suites (JDK): [TLS_ECDHE_ECDSA_WITH_AES_256_GCM_SHA384, TLS_ECDHE_ECDSA_WITH_AES_128_GCM_SHA256, TLS_ECDHE_RSA_WITH_AES_128_GCM_SHA256, TLS_ECDHE_RSA_WITH_AES_256_GCM_SHA384, TLS_ECDHE_RSA_WITH_AES_128_CBC_SHA, TLS_ECDHE_RSA_WITH_AES_256_CBC_SHA, TLS_RSA_WITH_AES_128_GCM_SHA256, TLS_RSA_WITH_AES_128_CBC_SHA, TLS_RSA_WITH_AES_256_CBC_SHA, TLS_AES_128_GCM_SHA256, TLS_AES_256_GCM_SHA384]
20:34:55.540 [TestNG-tests-1] DEBUG io.netty.channel.MultithreadEventLoopGroup -- -Dio.netty.eventLoopThreads: 16
20:34:55.548 [TestNG-tests-1] DEBUG io.netty.channel.nio.NioEventLoop -- -Dio.netty.noKeySetOptimization: false
20:34:55.548 [TestNG-tests-1] DEBUG io.netty.channel.nio.NioEventLoop -- -Dio.netty.selectorAutoRebuildThreshold: 512
20:34:55.591 [TestNG-tests-1] DEBUG io.netty.buffer.PooledByteBufAllocator -- -Dio.netty.allocator.numHeapArenas: 16
20:34:55.591 [TestNG-tests-1] DEBUG io.netty.buffer.PooledByteBufAllocator -- -Dio.netty.allocator.numDirectArenas: 16
20:34:55.591 [TestNG-tests-1] DEBUG io.netty.buffer.PooledByteBufAllocator -- -Dio.netty.allocator.pageSize: 8192
20:34:55.591 [TestNG-tests-1] DEBUG io.netty.buffer.PooledByteBufAllocator -- -Dio.netty.allocator.maxOrder: 9
20:34:55.591 [TestNG-tests-1] DEBUG io.netty.buffer.PooledByteBufAllocator -- -Dio.netty.allocator.chunkSize: 4194304
20:34:55.591 [TestNG-tests-1] DEBUG io.netty.buffer.PooledByteBufAllocator -- -Dio.netty.allocator.smallCacheSize: 256
20:34:55.591 [TestNG-tests-1] DEBUG io.netty.buffer.PooledByteBufAllocator -- -Dio.netty.allocator.normalCacheSize: 64
20:34:55.592 [TestNG-tests-1] DEBUG io.netty.buffer.PooledByteBufAllocator -- -Dio.netty.allocator.maxCachedBufferCapacity: 32768
20:34:55.592 [TestNG-tests-1] DEBUG io.netty.buffer.PooledByteBufAllocator -- -Dio.netty.allocator.cacheTrimInterval: 8192
20:34:55.592 [TestNG-tests-1] DEBUG io.netty.buffer.PooledByteBufAllocator -- -Dio.netty.allocator.cacheTrimIntervalMillis: 0
20:34:55.592 [TestNG-tests-1] DEBUG io.netty.buffer.PooledByteBufAllocator -- -Dio.netty.allocator.useCacheForAllThreads: false
20:34:55.592 [TestNG-tests-1] DEBUG io.netty.buffer.PooledByteBufAllocator -- -Dio.netty.allocator.maxCachedByteBuffersPerChunk: 1023
20:34:55.601 [TestNG-tests-1] DEBUG io.netty.buffer.ByteBufUtil -- -Dio.netty.allocator.type: pooled
20:34:55.601 [TestNG-tests-1] DEBUG io.netty.buffer.ByteBufUtil -- -Dio.netty.threadLocalDirectBufferSize: 0
20:34:55.601 [TestNG-tests-1] DEBUG io.netty.buffer.ByteBufUtil -- -Dio.netty.maxThreadLocalCharBufferSize: 16384
20:34:55.845 [Forwarding newSession on session null to remote] DEBUG io.netty.channel.DefaultChannelId -- -Dio.netty.processId: 25940 (auto-detected)
20:34:55.852 [Forwarding newSession on session null to remote] DEBUG io.netty.util.NetUtil -- -Djava.net.preferIPv4Stack: false
20:34:55.852 [Forwarding newSession on session null to remote] DEBUG io.netty.util.NetUtil -- -Djava.net.preferIPv6Addresses: false
20:34:55.852 [Forwarding newSession on session null to remote] DEBUG io.netty.util.NetUtilInitializations -- Loopback interface: lo (Software Loopback Interface 1, 127.0.0.1)
20:34:55.852 [Forwarding newSession on session null to remote] DEBUG io.netty.util.NetUtil -- Failed to get SOMAXCONN from sysctl and file \proc\sys\net\core\somaxconn. Default: 200
20:34:55.860 [Forwarding newSession on session null to remote] DEBUG io.netty.channel.DefaultChannelId -- -Dio.netty.machineId: 00:45:e2:ff:fe:9c:41:ed (auto-detected)
20:34:55.920 [AsyncHttpClient-1-2] DEBUG io.netty.buffer.AbstractByteBuf -- -Dio.netty.buffer.checkAccessible: true
20:34:55.920 [AsyncHttpClient-1-2] DEBUG io.netty.buffer.AbstractByteBuf -- -Dio.netty.buffer.checkBounds: true
20:34:55.920 [AsyncHttpClient-1-2] DEBUG io.netty.util.ResourceLeakDetectorFactory -- Loaded default ResourceLeakDetector: io.netty.util.ResourceLeakDetector@7dc2ddd5
20:34:55.931 [AsyncHttpClient-1-2] DEBUG org.asynchttpclient.netty.channel.NettyConnectListener -- Using new Channel '[id: 0x58d5d04d, L:/127.0.0.1:14645 - R:localhost/127.0.0.1:4444]' for 'POST' to '/wd/hub/session'
20:34:55.942 [AsyncHttpClient-1-2] DEBUG io.netty.util.Recycler -- -Dio.netty.recycler.maxCapacityPerThread: 4096
20:34:55.942 [AsyncHttpClient-1-2] DEBUG io.netty.util.Recycler -- -Dio.netty.recycler.ratio: 8
20:34:55.942 [AsyncHttpClient-1-2] DEBUG io.netty.util.Recycler -- -Dio.netty.recycler.chunkSize: 32
20:34:55.942 [AsyncHttpClient-1-2] DEBUG io.netty.util.Recycler -- -Dio.netty.recycler.blocking: false
20:34:56.849 [AsyncHttpClient-1-2] DEBUG io.netty.handler.codec.compression.Brotli -- brotli4j not in the classpath; Brotli support will be unavailable.
20:34:56.849 [AsyncHttpClient-1-2] DEBUG org.asynchttpclient.netty.handler.HttpHandler -- 

Request DefaultHttpRequest(decodeResult: success, version: HTTP/1.1)
POST /wd/hub/session HTTP/1.1
User-Agent: selenium/4.1.3 (java windows)
traceparent: 00-bc66af02ab65b3795def756ddc2fc40a-228a6ab22bee1c2e-01
Content-Length: 341
Content-Type: application/json; charset=utf-8
host: localhost:4444
accept: */*

Response DefaultHttpResponse(decodeResult: success, version: HTTP/1.1)
HTTP/1.1 200 OK
Cache-Control: no-cache
Content-Type: application/json; charset=utf-8
content-length: 1346

20:34:56.853 [AsyncHttpClient-1-2] DEBUG org.asynchttpclient.netty.channel.ChannelManager -- Adding key: http://localhost:4444 for channel [id: 0x58d5d04d, L:/127.0.0.1:14645 - R:localhost/127.0.0.1:4444]
20:34:56.911 [Forwarding setTimeout on session 02bf0a1481758e3de111bf84a13ac993 to remote] DEBUG org.asynchttpclient.netty.request.NettyRequestSender -- Using pooled Channel '[id: 0x58d5d04d, L:/127.0.0.1:14645 - R:localhost/127.0.0.1:4444]' for 'POST' to 'http://localhost:4444/wd/hub/session/02bf0a1481758e3de111bf84a13ac993/timeouts'
20:34:56.911 [Forwarding setTimeout on session 02bf0a1481758e3de111bf84a13ac993 to remote] DEBUG org.asynchttpclient.netty.request.NettyRequestSender -- Using open Channel [id: 0x58d5d04d, L:/127.0.0.1:14645 - R:localhost/127.0.0.1:4444] for POST '/wd/hub/session/02bf0a1481758e3de111bf84a13ac993/timeouts'
20:34:56.919 [AsyncHttpClient-1-2] DEBUG org.asynchttpclient.netty.handler.HttpHandler -- 

Request DefaultHttpRequest(decodeResult: success, version: HTTP/1.1)
POST /wd/hub/session/02bf0a1481758e3de111bf84a13ac993/timeouts HTTP/1.1
User-Agent: selenium/4.1.3 (java windows)
traceparent: 00-ff95797b70728b47853250ffe7d6bb45-58a25a061c78dd99-01
Content-Length: 22
Content-Type: application/json; charset=utf-8
host: localhost:4444
accept: */*

Response DefaultHttpResponse(decodeResult: success, version: HTTP/1.1)
HTTP/1.1 200 OK
content-type: application/json; charset=utf-8
cache-control: no-cache
content-length: 14

20:34:56.919 [AsyncHttpClient-1-2] DEBUG org.asynchttpclient.netty.channel.ChannelManager -- Adding key: http://localhost:4444 for channel [id: 0x58d5d04d, L:/127.0.0.1:14645 - R:localhost/127.0.0.1:4444]
20:34:56.921 [Forwarding maximizeCurrentWindow on session 02bf0a1481758e3de111bf84a13ac993 to remote] DEBUG org.asynchttpclient.netty.request.NettyRequestSender -- Using pooled Channel '[id: 0x58d5d04d, L:/127.0.0.1:14645 - R:localhost/127.0.0.1:4444]' for 'POST' to 'http://localhost:4444/wd/hub/session/02bf0a1481758e3de111bf84a13ac993/window/maximize'
20:34:56.921 [Forwarding maximizeCurrentWindow on session 02bf0a1481758e3de111bf84a13ac993 to remote] DEBUG org.asynchttpclient.netty.request.NettyRequestSender -- Using open Channel [id: 0x58d5d04d, L:/127.0.0.1:14645 - R:localhost/127.0.0.1:4444] for POST '/wd/hub/session/02bf0a1481758e3de111bf84a13ac993/window/maximize'
20:34:56.952 [AsyncHttpClient-1-2] DEBUG org.asynchttpclient.netty.handler.HttpHandler -- 

Request DefaultHttpRequest(decodeResult: success, version: HTTP/1.1)
POST /wd/hub/session/02bf0a1481758e3de111bf84a13ac993/window/maximize HTTP/1.1
User-Agent: selenium/4.1.3 (java windows)
traceparent: 00-017c162d3e332a2c38b33ce07dc35321-e6af1c488d6c5849-01
Content-Length: 3
Content-Type: application/json; charset=utf-8
host: localhost:4444
accept: */*

Response DefaultHttpResponse(decodeResult: success, version: HTTP/1.1)
HTTP/1.1 200 OK
content-type: application/json; charset=utf-8
cache-control: no-cache
content-length: 50

20:34:56.953 [AsyncHttpClient-1-2] DEBUG org.asynchttpclient.netty.channel.ChannelManager -- Adding key: http://localhost:4444 for channel [id: 0x58d5d04d, L:/127.0.0.1:14645 - R:localhost/127.0.0.1:4444]
20:34:56.954 [Forwarding get on session 02bf0a1481758e3de111bf84a13ac993 to remote] DEBUG org.asynchttpclient.netty.request.NettyRequestSender -- Using pooled Channel '[id: 0x58d5d04d, L:/127.0.0.1:14645 - R:localhost/127.0.0.1:4444]' for 'POST' to 'http://localhost:4444/wd/hub/session/02bf0a1481758e3de111bf84a13ac993/url'
20:34:56.955 [Forwarding get on session 02bf0a1481758e3de111bf84a13ac993 to remote] DEBUG org.asynchttpclient.netty.request.NettyRequestSender -- Using open Channel [id: 0x58d5d04d, L:/127.0.0.1:14645 - R:localhost/127.0.0.1:4444] for POST '/wd/hub/session/02bf0a1481758e3de111bf84a13ac993/url'
20:35:01.891 [AsyncHttpClient-1-2] DEBUG org.asynchttpclient.netty.handler.HttpHandler -- 

Request DefaultHttpRequest(decodeResult: success, version: HTTP/1.1)
POST /wd/hub/session/02bf0a1481758e3de111bf84a13ac993/url HTTP/1.1
User-Agent: selenium/4.1.3 (java windows)
traceparent: 00-fb64567cec306d5d9e0e200e566d57e7-a9552e4bada7867b-01
Content-Length: 57
Content-Type: application/json; charset=utf-8
host: localhost:4444
accept: */*

Response DefaultHttpResponse(decodeResult: success, version: HTTP/1.1)
HTTP/1.1 200 OK
content-type: application/json; charset=utf-8
cache-control: no-cache
content-length: 14

20:35:01.892 [AsyncHttpClient-1-2] DEBUG org.asynchttpclient.netty.channel.ChannelManager -- Adding key: http://localhost:4444 for channel [id: 0x58d5d04d, L:/127.0.0.1:14645 - R:localhost/127.0.0.1:4444]
20:35:01.896 [Forwarding getCurrentUrl on session 02bf0a1481758e3de111bf84a13ac993 to remote] DEBUG org.asynchttpclient.netty.request.NettyRequestSender -- Using pooled Channel '[id: 0x58d5d04d, L:/127.0.0.1:14645 - R:localhost/127.0.0.1:4444]' for 'GET' to 'http://localhost:4444/wd/hub/session/02bf0a1481758e3de111bf84a13ac993/url'
20:35:01.897 [Forwarding getCurrentUrl on session 02bf0a1481758e3de111bf84a13ac993 to remote] DEBUG org.asynchttpclient.netty.request.NettyRequestSender -- Using open Channel [id: 0x58d5d04d, L:/127.0.0.1:14645 - R:localhost/127.0.0.1:4444] for GET '/wd/hub/session/02bf0a1481758e3de111bf84a13ac993/url'
20:35:01.909 [AsyncHttpClient-1-2] DEBUG org.asynchttpclient.netty.handler.HttpHandler -- 

Request DefaultFullHttpRequest(decodeResult: success, version: HTTP/1.1, content: EmptyByteBufBE)
GET /wd/hub/session/02bf0a1481758e3de111bf84a13ac993/url HTTP/1.1
User-Agent: selenium/4.1.3 (java windows)
Cache-Control: no-cache
traceparent: 00-ba341c89b54eaa28dc396bc75366ca9f-1a77f19cb4eaa810-01
Content-Type: application/json; charset=utf-8
host: localhost:4444
accept: */*

Response DefaultHttpResponse(decodeResult: success, version: HTTP/1.1)
HTTP/1.1 200 OK
content-type: application/json; charset=utf-8
cache-control: no-cache
content-length: 34

20:35:01.909 [AsyncHttpClient-1-2] DEBUG org.asynchttpclient.netty.channel.ChannelManager -- Adding key: http://localhost:4444 for channel [id: 0x58d5d04d, L:/127.0.0.1:14645 - R:localhost/127.0.0.1:4444]
20:35:01.911 [Forwarding findElement on session 02bf0a1481758e3de111bf84a13ac993 to remote] DEBUG org.asynchttpclient.netty.request.NettyRequestSender -- Using pooled Channel '[id: 0x58d5d04d, L:/127.0.0.1:14645 - R:localhost/127.0.0.1:4444]' for 'POST' to 'http://localhost:4444/wd/hub/session/02bf0a1481758e3de111bf84a13ac993/element'
20:35:01.911 [Forwarding findElement on session 02bf0a1481758e3de111bf84a13ac993 to remote] DEBUG org.asynchttpclient.netty.request.NettyRequestSender -- Using open Channel [id: 0x58d5d04d, L:/127.0.0.1:14645 - R:localhost/127.0.0.1:4444] for POST '/wd/hub/session/02bf0a1481758e3de111bf84a13ac993/element'
20:35:01.926 [AsyncHttpClient-1-2] DEBUG org.asynchttpclient.netty.handler.HttpHandler -- 

Request DefaultHttpRequest(decodeResult: success, version: HTTP/1.1)
POST /wd/hub/session/02bf0a1481758e3de111bf84a13ac993/element HTTP/1.1
User-Agent: selenium/4.1.3 (java windows)
traceparent: 00-9f50084589a3833adfba3629d7238480-2d779bd510a35c65-01
Content-Length: 79
Content-Type: application/json; charset=utf-8
host: localhost:4444
accept: */*

Response DefaultHttpResponse(decodeResult: success, version: HTTP/1.1)
HTTP/1.1 200 OK
content-type: application/json; charset=utf-8
cache-control: no-cache
content-length: 126

20:35:01.926 [AsyncHttpClient-1-2] DEBUG org.asynchttpclient.netty.channel.ChannelManager -- Adding key: http://localhost:4444 for channel [id: 0x58d5d04d, L:/127.0.0.1:14645 - R:localhost/127.0.0.1:4444]
20:35:01.937 [Forwarding isElementDisplayed on session 02bf0a1481758e3de111bf84a13ac993 to remote] DEBUG org.asynchttpclient.netty.request.NettyRequestSender -- Using pooled Channel '[id: 0x58d5d04d, L:/127.0.0.1:14645 - R:localhost/127.0.0.1:4444]' for 'POST' to 'http://localhost:4444/wd/hub/session/02bf0a1481758e3de111bf84a13ac993/execute/sync'
20:35:01.937 [Forwarding isElementDisplayed on session 02bf0a1481758e3de111bf84a13ac993 to remote] DEBUG org.asynchttpclient.netty.request.NettyRequestSender -- Using open Channel [id: 0x58d5d04d, L:/127.0.0.1:14645 - R:localhost/127.0.0.1:4444] for POST '/wd/hub/session/02bf0a1481758e3de111bf84a13ac993/execute/sync'
20:35:01.957 [AsyncHttpClient-1-2] DEBUG org.asynchttpclient.netty.handler.HttpHandler -- 

Request DefaultHttpRequest(decodeResult: success, version: HTTP/1.1)
POST /wd/hub/session/02bf0a1481758e3de111bf84a13ac993/execute/sync HTTP/1.1
User-Agent: selenium/4.1.3 (java windows)
traceparent: 00-5f8f58b41d7c236509d1ee6f295836c2-338ff504ba17b951-01
Content-Length: 48818
Content-Type: application/json; charset=utf-8
host: localhost:4444
accept: */*

Response DefaultHttpResponse(decodeResult: success, version: HTTP/1.1)
HTTP/1.1 200 OK
content-type: application/json; charset=utf-8
cache-control: no-cache
content-length: 14

20:35:01.957 [AsyncHttpClient-1-2] DEBUG org.asynchttpclient.netty.channel.ChannelManager -- Adding key: http://localhost:4444 for channel [id: 0x58d5d04d, L:/127.0.0.1:14645 - R:localhost/127.0.0.1:4444]
20:35:02.059 [AsyncHttpClient-1-1] DEBUG org.asynchttpclient.netty.channel.DefaultChannelPool -- Entry count for : http://localhost:4444 : 1
20:35:02.972 [Forwarding findElement on session 02bf0a1481758e3de111bf84a13ac993 to remote] DEBUG org.asynchttpclient.netty.request.NettyRequestSender -- Using pooled Channel '[id: 0x58d5d04d, L:/127.0.0.1:14645 - R:localhost/127.0.0.1:4444]' for 'POST' to 'http://localhost:4444/wd/hub/session/02bf0a1481758e3de111bf84a13ac993/element'
20:35:02.972 [Forwarding findElement on session 02bf0a1481758e3de111bf84a13ac993 to remote] DEBUG org.asynchttpclient.netty.request.NettyRequestSender -- Using open Channel [id: 0x58d5d04d, L:/127.0.0.1:14645 - R:localhost/127.0.0.1:4444] for POST '/wd/hub/session/02bf0a1481758e3de111bf84a13ac993/element'
20:35:02.987 [AsyncHttpClient-1-2] DEBUG org.asynchttpclient.netty.handler.HttpHandler -- 

Request DefaultHttpRequest(decodeResult: success, version: HTTP/1.1)
POST /wd/hub/session/02bf0a1481758e3de111bf84a13ac993/element HTTP/1.1
User-Agent: selenium/4.1.3 (java windows)
traceparent: 00-17dec10a54e4dfbf254a491ceb0dcf24-616b2f71881459de-01
Content-Length: 79
Content-Type: application/json; charset=utf-8
host: localhost:4444
accept: */*

Response DefaultHttpResponse(decodeResult: success, version: HTTP/1.1)
HTTP/1.1 200 OK
content-type: application/json; charset=utf-8
cache-control: no-cache
content-length: 126

20:35:02.987 [AsyncHttpClient-1-2] DEBUG org.asynchttpclient.netty.channel.ChannelManager -- Adding key: http://localhost:4444 for channel [id: 0x58d5d04d, L:/127.0.0.1:14645 - R:localhost/127.0.0.1:4444]
20:35:02.989 [Forwarding clickElement on session 02bf0a1481758e3de111bf84a13ac993 to remote] DEBUG org.asynchttpclient.netty.request.NettyRequestSender -- Using pooled Channel '[id: 0x58d5d04d, L:/127.0.0.1:14645 - R:localhost/127.0.0.1:4444]' for 'POST' to 'http://localhost:4444/wd/hub/session/02bf0a1481758e3de111bf84a13ac993/element/f.FA2310CFBFE7FB8EDFBAD1457988119D.d.FC6CB8CE997ACD89E594765B2641A0E6.e.49/click'
20:35:02.990 [Forwarding clickElement on session 02bf0a1481758e3de111bf84a13ac993 to remote] DEBUG org.asynchttpclient.netty.request.NettyRequestSender -- Using open Channel [id: 0x58d5d04d, L:/127.0.0.1:14645 - R:localhost/127.0.0.1:4444] for POST '/wd/hub/session/02bf0a1481758e3de111bf84a13ac993/element/f.FA2310CFBFE7FB8EDFBAD1457988119D.d.FC6CB8CE997ACD89E594765B2641A0E6.e.49/click'
20:35:09.373 [AsyncHttpClient-1-2] DEBUG org.asynchttpclient.netty.handler.HttpHandler -- 

Request DefaultHttpRequest(decodeResult: success, version: HTTP/1.1)
POST /wd/hub/session/02bf0a1481758e3de111bf84a13ac993/element/f.FA2310CFBFE7FB8EDFBAD1457988119D.d.FC6CB8CE997ACD89E594765B2641A0E6.e.49/click HTTP/1.1
User-Agent: selenium/4.1.3 (java windows)
traceparent: 00-d834b1e90149464694276c1e3dc6ae7f-cd45a22a4de6dba2-01
Content-Length: 88
Content-Type: application/json; charset=utf-8
host: localhost:4444
accept: */*

Response DefaultHttpResponse(decodeResult: success, version: HTTP/1.1)
HTTP/1.1 200 OK
content-type: application/json; charset=utf-8
cache-control: no-cache
content-length: 14

20:35:09.373 [AsyncHttpClient-1-2] DEBUG org.asynchttpclient.netty.channel.ChannelManager -- Adding key: http://localhost:4444 for channel [id: 0x58d5d04d, L:/127.0.0.1:14645 - R:localhost/127.0.0.1:4444]
20:35:09.757 [AsyncHttpClient-1-1] DEBUG org.asynchttpclient.netty.channel.DefaultChannelPool -- Entry count for : http://localhost:4444 : 1
20:35:10.388 [Forwarding findElement on session 02bf0a1481758e3de111bf84a13ac993 to remote] DEBUG org.asynchttpclient.netty.request.NettyRequestSender -- Using pooled Channel '[id: 0x58d5d04d, L:/127.0.0.1:14645 - R:localhost/127.0.0.1:4444]' for 'POST' to 'http://localhost:4444/wd/hub/session/02bf0a1481758e3de111bf84a13ac993/element'
20:35:10.388 [Forwarding findElement on session 02bf0a1481758e3de111bf84a13ac993 to remote] DEBUG org.asynchttpclient.netty.request.NettyRequestSender -- Using open Channel [id: 0x58d5d04d, L:/127.0.0.1:14645 - R:localhost/127.0.0.1:4444] for POST '/wd/hub/session/02bf0a1481758e3de111bf84a13ac993/element'
20:35:10.409 [AsyncHttpClient-1-2] DEBUG org.asynchttpclient.netty.handler.HttpHandler -- 

Request DefaultHttpRequest(decodeResult: success, version: HTTP/1.1)
POST /wd/hub/session/02bf0a1481758e3de111bf84a13ac993/element HTTP/1.1
User-Agent: selenium/4.1.3 (java windows)
traceparent: 00-26330aa80be63514201d04aa116501e2-e96dea1debfb7def-01
Content-Length: 92
Content-Type: application/json; charset=utf-8
host: localhost:4444
accept: */*

Response DefaultHttpResponse(decodeResult: success, version: HTTP/1.1)
HTTP/1.1 200 OK
content-type: application/json; charset=utf-8
cache-control: no-cache
content-length: 127

20:35:10.409 [AsyncHttpClient-1-2] DEBUG org.asynchttpclient.netty.channel.ChannelManager -- Adding key: http://localhost:4444 for channel [id: 0x58d5d04d, L:/127.0.0.1:14645 - R:localhost/127.0.0.1:4444]
20:35:10.410 [Forwarding isElementDisplayed on session 02bf0a1481758e3de111bf84a13ac993 to remote] DEBUG org.asynchttpclient.netty.request.NettyRequestSender -- Using pooled Channel '[id: 0x58d5d04d, L:/127.0.0.1:14645 - R:localhost/127.0.0.1:4444]' for 'POST' to 'http://localhost:4444/wd/hub/session/02bf0a1481758e3de111bf84a13ac993/execute/sync'
20:35:10.410 [Forwarding isElementDisplayed on session 02bf0a1481758e3de111bf84a13ac993 to remote] DEBUG org.asynchttpclient.netty.request.NettyRequestSender -- Using open Channel [id: 0x58d5d04d, L:/127.0.0.1:14645 - R:localhost/127.0.0.1:4444] for POST '/wd/hub/session/02bf0a1481758e3de111bf84a13ac993/execute/sync'
20:35:10.421 [AsyncHttpClient-1-2] DEBUG org.asynchttpclient.netty.handler.HttpHandler -- 

Request DefaultHttpRequest(decodeResult: success, version: HTTP/1.1)
POST /wd/hub/session/02bf0a1481758e3de111bf84a13ac993/execute/sync HTTP/1.1
User-Agent: selenium/4.1.3 (java windows)
traceparent: 00-b1edc968fbc807f9b850892c54a653bd-5867c5be38ca612d-01
Content-Length: 48819
Content-Type: application/json; charset=utf-8
host: localhost:4444
accept: */*

Response DefaultHttpResponse(decodeResult: success, version: HTTP/1.1)
HTTP/1.1 200 OK
content-type: application/json; charset=utf-8
cache-control: no-cache
content-length: 14

20:35:10.421 [AsyncHttpClient-1-2] DEBUG org.asynchttpclient.netty.channel.ChannelManager -- Adding key: http://localhost:4444 for channel [id: 0x58d5d04d, L:/127.0.0.1:14645 - R:localhost/127.0.0.1:4444]
20:35:10.870 [AsyncHttpClient-1-1] DEBUG org.asynchttpclient.netty.channel.DefaultChannelPool -- Entry count for : http://localhost:4444 : 1
20:35:11.434 [Forwarding findElement on session 02bf0a1481758e3de111bf84a13ac993 to remote] DEBUG org.asynchttpclient.netty.request.NettyRequestSender -- Using pooled Channel '[id: 0x58d5d04d, L:/127.0.0.1:14645 - R:localhost/127.0.0.1:4444]' for 'POST' to 'http://localhost:4444/wd/hub/session/02bf0a1481758e3de111bf84a13ac993/element'
20:35:11.434 [Forwarding findElement on session 02bf0a1481758e3de111bf84a13ac993 to remote] DEBUG org.asynchttpclient.netty.request.NettyRequestSender -- Using open Channel [id: 0x58d5d04d, L:/127.0.0.1:14645 - R:localhost/127.0.0.1:4444] for POST '/wd/hub/session/02bf0a1481758e3de111bf84a13ac993/element'
20:35:11.453 [AsyncHttpClient-1-2] DEBUG org.asynchttpclient.netty.handler.HttpHandler -- 

Request DefaultHttpRequest(decodeResult: success, version: HTTP/1.1)
POST /wd/hub/session/02bf0a1481758e3de111bf84a13ac993/element HTTP/1.1
User-Agent: selenium/4.1.3 (java windows)
traceparent: 00-68adba66c51b1d233295cad48fabb0ae-4eaaa4d9008b5a52-01
Content-Length: 92
Content-Type: application/json; charset=utf-8
host: localhost:4444
accept: */*

Response DefaultHttpResponse(decodeResult: success, version: HTTP/1.1)
HTTP/1.1 200 OK
content-type: application/json; charset=utf-8
cache-control: no-cache
content-length: 127

20:35:11.453 [AsyncHttpClient-1-2] DEBUG org.asynchttpclient.netty.channel.ChannelManager -- Adding key: http://localhost:4444 for channel [id: 0x58d5d04d, L:/127.0.0.1:14645 - R:localhost/127.0.0.1:4444]
20:35:11.456 [Forwarding isElementDisplayed on session 02bf0a1481758e3de111bf84a13ac993 to remote] DEBUG org.asynchttpclient.netty.request.NettyRequestSender -- Using pooled Channel '[id: 0x58d5d04d, L:/127.0.0.1:14645 - R:localhost/127.0.0.1:4444]' for 'POST' to 'http://localhost:4444/wd/hub/session/02bf0a1481758e3de111bf84a13ac993/execute/sync'
20:35:11.456 [Forwarding isElementDisplayed on session 02bf0a1481758e3de111bf84a13ac993 to remote] DEBUG org.asynchttpclient.netty.request.NettyRequestSender -- Using open Channel [id: 0x58d5d04d, L:/127.0.0.1:14645 - R:localhost/127.0.0.1:4444] for POST '/wd/hub/session/02bf0a1481758e3de111bf84a13ac993/execute/sync'
20:35:11.472 [AsyncHttpClient-1-2] DEBUG org.asynchttpclient.netty.handler.HttpHandler -- 

Request DefaultHttpRequest(decodeResult: success, version: HTTP/1.1)
POST /wd/hub/session/02bf0a1481758e3de111bf84a13ac993/execute/sync HTTP/1.1
User-Agent: selenium/4.1.3 (java windows)
traceparent: 00-fe60bd37e8d64ac7506ed4592207ed43-0397739e33a2ce82-01
Content-Length: 48819
Content-Type: application/json; charset=utf-8
host: localhost:4444
accept: */*

Response DefaultHttpResponse(decodeResult: success, version: HTTP/1.1)
HTTP/1.1 200 OK
content-type: application/json; charset=utf-8
cache-control: no-cache
content-length: 14

20:35:11.472 [AsyncHttpClient-1-2] DEBUG org.asynchttpclient.netty.channel.ChannelManager -- Adding key: http://localhost:4444 for channel [id: 0x58d5d04d, L:/127.0.0.1:14645 - R:localhost/127.0.0.1:4444]
20:35:11.472 [Forwarding findElement on session 02bf0a1481758e3de111bf84a13ac993 to remote] DEBUG org.asynchttpclient.netty.request.NettyRequestSender -- Using pooled Channel '[id: 0x58d5d04d, L:/127.0.0.1:14645 - R:localhost/127.0.0.1:4444]' for 'POST' to 'http://localhost:4444/wd/hub/session/02bf0a1481758e3de111bf84a13ac993/element'
20:35:11.472 [Forwarding findElement on session 02bf0a1481758e3de111bf84a13ac993 to remote] DEBUG org.asynchttpclient.netty.request.NettyRequestSender -- Using open Channel [id: 0x58d5d04d, L:/127.0.0.1:14645 - R:localhost/127.0.0.1:4444] for POST '/wd/hub/session/02bf0a1481758e3de111bf84a13ac993/element'
20:35:11.492 [AsyncHttpClient-1-2] DEBUG org.asynchttpclient.netty.handler.HttpHandler -- 

Request DefaultHttpRequest(decodeResult: success, version: HTTP/1.1)
POST /wd/hub/session/02bf0a1481758e3de111bf84a13ac993/element HTTP/1.1
User-Agent: selenium/4.1.3 (java windows)
traceparent: 00-cb1c39b1e06624bbc812b7436cb3bc4b-7c43b24d0096a428-01
Content-Length: 92
Content-Type: application/json; charset=utf-8
host: localhost:4444
accept: */*

Response DefaultHttpResponse(decodeResult: success, version: HTTP/1.1)
HTTP/1.1 200 OK
content-type: application/json; charset=utf-8
cache-control: no-cache
content-length: 127

20:35:11.493 [AsyncHttpClient-1-2] DEBUG org.asynchttpclient.netty.channel.ChannelManager -- Adding key: http://localhost:4444 for channel [id: 0x58d5d04d, L:/127.0.0.1:14645 - R:localhost/127.0.0.1:4444]
20:35:11.494 [Forwarding clickElement on session 02bf0a1481758e3de111bf84a13ac993 to remote] DEBUG org.asynchttpclient.netty.request.NettyRequestSender -- Using pooled Channel '[id: 0x58d5d04d, L:/127.0.0.1:14645 - R:localhost/127.0.0.1:4444]' for 'POST' to 'http://localhost:4444/wd/hub/session/02bf0a1481758e3de111bf84a13ac993/element/f.FA2310CFBFE7FB8EDFBAD1457988119D.d.0F562558537D844AE9ACAEB65E272FB7.e.169/click'
20:35:11.494 [Forwarding clickElement on session 02bf0a1481758e3de111bf84a13ac993 to remote] DEBUG org.asynchttpclient.netty.request.NettyRequestSender -- Using open Channel [id: 0x58d5d04d, L:/127.0.0.1:14645 - R:localhost/127.0.0.1:4444] for POST '/wd/hub/session/02bf0a1481758e3de111bf84a13ac993/element/f.FA2310CFBFE7FB8EDFBAD1457988119D.d.0F562558537D844AE9ACAEB65E272FB7.e.169/click'
20:35:11.562 [AsyncHttpClient-1-2] DEBUG org.asynchttpclient.netty.handler.HttpHandler -- 

Request DefaultHttpRequest(decodeResult: success, version: HTTP/1.1)
POST /wd/hub/session/02bf0a1481758e3de111bf84a13ac993/element/f.FA2310CFBFE7FB8EDFBAD1457988119D.d.0F562558537D844AE9ACAEB65E272FB7.e.169/click HTTP/1.1
User-Agent: selenium/4.1.3 (java windows)
traceparent: 00-3870730b9b9323684f2ec5d9b251906b-aa2477cedbe9e5f1-01
Content-Length: 89
Content-Type: application/json; charset=utf-8
host: localhost:4444
accept: */*

Response DefaultHttpResponse(decodeResult: success, version: HTTP/1.1)
HTTP/1.1 200 OK
content-type: application/json; charset=utf-8
cache-control: no-cache
content-length: 14

20:35:11.563 [AsyncHttpClient-1-2] DEBUG org.asynchttpclient.netty.channel.ChannelManager -- Adding key: http://localhost:4444 for channel [id: 0x58d5d04d, L:/127.0.0.1:14645 - R:localhost/127.0.0.1:4444]
20:35:11.971 [AsyncHttpClient-1-1] DEBUG org.asynchttpclient.netty.channel.DefaultChannelPool -- Entry count for : http://localhost:4444 : 1
20:35:12.571 [Forwarding findElement on session 02bf0a1481758e3de111bf84a13ac993 to remote] DEBUG org.asynchttpclient.netty.request.NettyRequestSender -- Using pooled Channel '[id: 0x58d5d04d, L:/127.0.0.1:14645 - R:localhost/127.0.0.1:4444]' for 'POST' to 'http://localhost:4444/wd/hub/session/02bf0a1481758e3de111bf84a13ac993/element'
20:35:12.571 [Forwarding findElement on session 02bf0a1481758e3de111bf84a13ac993 to remote] DEBUG org.asynchttpclient.netty.request.NettyRequestSender -- Using open Channel [id: 0x58d5d04d, L:/127.0.0.1:14645 - R:localhost/127.0.0.1:4444] for POST '/wd/hub/session/02bf0a1481758e3de111bf84a13ac993/element'
20:35:12.587 [AsyncHttpClient-1-2] DEBUG org.asynchttpclient.netty.handler.HttpHandler -- 

Request DefaultHttpRequest(decodeResult: success, version: HTTP/1.1)
POST /wd/hub/session/02bf0a1481758e3de111bf84a13ac993/element HTTP/1.1
User-Agent: selenium/4.1.3 (java windows)
traceparent: 00-da674809d9390a05380dfd43cbc85116-2d1404ebd850d8f0-01
Content-Length: 82
Content-Type: application/json; charset=utf-8
host: localhost:4444
accept: */*

Response DefaultHttpResponse(decodeResult: success, version: HTTP/1.1)
HTTP/1.1 200 OK
content-type: application/json; charset=utf-8
cache-control: no-cache
content-length: 127

20:35:12.587 [AsyncHttpClient-1-2] DEBUG org.asynchttpclient.netty.channel.ChannelManager -- Adding key: http://localhost:4444 for channel [id: 0x58d5d04d, L:/127.0.0.1:14645 - R:localhost/127.0.0.1:4444]
20:35:12.587 [Forwarding isElementDisplayed on session 02bf0a1481758e3de111bf84a13ac993 to remote] DEBUG org.asynchttpclient.netty.request.NettyRequestSender -- Using pooled Channel '[id: 0x58d5d04d, L:/127.0.0.1:14645 - R:localhost/127.0.0.1:4444]' for 'POST' to 'http://localhost:4444/wd/hub/session/02bf0a1481758e3de111bf84a13ac993/execute/sync'
20:35:12.587 [Forwarding isElementDisplayed on session 02bf0a1481758e3de111bf84a13ac993 to remote] DEBUG org.asynchttpclient.netty.request.NettyRequestSender -- Using open Channel [id: 0x58d5d04d, L:/127.0.0.1:14645 - R:localhost/127.0.0.1:4444] for POST '/wd/hub/session/02bf0a1481758e3de111bf84a13ac993/execute/sync'
20:35:12.604 [AsyncHttpClient-1-2] DEBUG org.asynchttpclient.netty.handler.HttpHandler -- 

Request DefaultHttpRequest(decodeResult: success, version: HTTP/1.1)
POST /wd/hub/session/02bf0a1481758e3de111bf84a13ac993/execute/sync HTTP/1.1
User-Agent: selenium/4.1.3 (java windows)
traceparent: 00-eef3cf58734a6ab2f818894acfe65591-9fcb8c1801787f5f-01
Content-Length: 48819
Content-Type: application/json; charset=utf-8
host: localhost:4444
accept: */*

Response DefaultHttpResponse(decodeResult: success, version: HTTP/1.1)
HTTP/1.1 200 OK
content-type: application/json; charset=utf-8
cache-control: no-cache
content-length: 14

20:35:12.604 [AsyncHttpClient-1-2] DEBUG org.asynchttpclient.netty.channel.ChannelManager -- Adding key: http://localhost:4444 for channel [id: 0x58d5d04d, L:/127.0.0.1:14645 - R:localhost/127.0.0.1:4444]
20:35:13.057 [AsyncHttpClient-1-1] DEBUG org.asynchttpclient.netty.channel.DefaultChannelPool -- Entry count for : http://localhost:4444 : 1
20:35:13.610 [Forwarding findElement on session 02bf0a1481758e3de111bf84a13ac993 to remote] DEBUG org.asynchttpclient.netty.request.NettyRequestSender -- Using pooled Channel '[id: 0x58d5d04d, L:/127.0.0.1:14645 - R:localhost/127.0.0.1:4444]' for 'POST' to 'http://localhost:4444/wd/hub/session/02bf0a1481758e3de111bf84a13ac993/element'
20:35:13.610 [Forwarding findElement on session 02bf0a1481758e3de111bf84a13ac993 to remote] DEBUG org.asynchttpclient.netty.request.NettyRequestSender -- Using open Channel [id: 0x58d5d04d, L:/127.0.0.1:14645 - R:localhost/127.0.0.1:4444] for POST '/wd/hub/session/02bf0a1481758e3de111bf84a13ac993/element'
20:35:13.610 [AsyncHttpClient-1-2] DEBUG org.asynchttpclient.netty.handler.HttpHandler -- 

Request DefaultHttpRequest(decodeResult: success, version: HTTP/1.1)
POST /wd/hub/session/02bf0a1481758e3de111bf84a13ac993/element HTTP/1.1
User-Agent: selenium/4.1.3 (java windows)
traceparent: 00-11ff20c3bc572fab7ed4b04b1ade4dac-b8079afc76bc7e65-01
Content-Length: 82
Content-Type: application/json; charset=utf-8
host: localhost:4444
accept: */*

Response DefaultHttpResponse(decodeResult: success, version: HTTP/1.1)
HTTP/1.1 200 OK
content-type: application/json; charset=utf-8
cache-control: no-cache
content-length: 127

20:35:13.610 [AsyncHttpClient-1-2] DEBUG org.asynchttpclient.netty.channel.ChannelManager -- Adding key: http://localhost:4444 for channel [id: 0x58d5d04d, L:/127.0.0.1:14645 - R:localhost/127.0.0.1:4444]
20:35:13.626 [Forwarding isElementDisplayed on session 02bf0a1481758e3de111bf84a13ac993 to remote] DEBUG org.asynchttpclient.netty.request.NettyRequestSender -- Using pooled Channel '[id: 0x58d5d04d, L:/127.0.0.1:14645 - R:localhost/127.0.0.1:4444]' for 'POST' to 'http://localhost:4444/wd/hub/session/02bf0a1481758e3de111bf84a13ac993/execute/sync'
20:35:13.626 [Forwarding isElementDisplayed on session 02bf0a1481758e3de111bf84a13ac993 to remote] DEBUG org.asynchttpclient.netty.request.NettyRequestSender -- Using open Channel [id: 0x58d5d04d, L:/127.0.0.1:14645 - R:localhost/127.0.0.1:4444] for POST '/wd/hub/session/02bf0a1481758e3de111bf84a13ac993/execute/sync'
20:35:13.642 [AsyncHttpClient-1-2] DEBUG org.asynchttpclient.netty.handler.HttpHandler -- 

Request DefaultHttpRequest(decodeResult: success, version: HTTP/1.1)
POST /wd/hub/session/02bf0a1481758e3de111bf84a13ac993/execute/sync HTTP/1.1
User-Agent: selenium/4.1.3 (java windows)
traceparent: 00-43e4358a171ac41b286799674babf07c-4afcb7c8dfa8d42a-01
Content-Length: 48819
Content-Type: application/json; charset=utf-8
host: localhost:4444
accept: */*

Response DefaultHttpResponse(decodeResult: success, version: HTTP/1.1)
HTTP/1.1 200 OK
content-type: application/json; charset=utf-8
cache-control: no-cache
content-length: 14

20:35:13.642 [AsyncHttpClient-1-2] DEBUG org.asynchttpclient.netty.channel.ChannelManager -- Adding key: http://localhost:4444 for channel [id: 0x58d5d04d, L:/127.0.0.1:14645 - R:localhost/127.0.0.1:4444]
20:35:13.642 [Forwarding findElement on session 02bf0a1481758e3de111bf84a13ac993 to remote] DEBUG org.asynchttpclient.netty.request.NettyRequestSender -- Using pooled Channel '[id: 0x58d5d04d, L:/127.0.0.1:14645 - R:localhost/127.0.0.1:4444]' for 'POST' to 'http://localhost:4444/wd/hub/session/02bf0a1481758e3de111bf84a13ac993/element'
20:35:13.642 [Forwarding findElement on session 02bf0a1481758e3de111bf84a13ac993 to remote] DEBUG org.asynchttpclient.netty.request.NettyRequestSender -- Using open Channel [id: 0x58d5d04d, L:/127.0.0.1:14645 - R:localhost/127.0.0.1:4444] for POST '/wd/hub/session/02bf0a1481758e3de111bf84a13ac993/element'
20:35:13.656 [AsyncHttpClient-1-2] DEBUG org.asynchttpclient.netty.handler.HttpHandler -- 

Request DefaultHttpRequest(decodeResult: success, version: HTTP/1.1)
POST /wd/hub/session/02bf0a1481758e3de111bf84a13ac993/element HTTP/1.1
User-Agent: selenium/4.1.3 (java windows)
traceparent: 00-5ba6b8f03ca367f8c4bb533120353f5a-2bffb2717d8ed6df-01
Content-Length: 82
Content-Type: application/json; charset=utf-8
host: localhost:4444
accept: */*

Response DefaultHttpResponse(decodeResult: success, version: HTTP/1.1)
HTTP/1.1 200 OK
content-type: application/json; charset=utf-8
cache-control: no-cache
content-length: 127

20:35:13.656 [AsyncHttpClient-1-2] DEBUG org.asynchttpclient.netty.channel.ChannelManager -- Adding key: http://localhost:4444 for channel [id: 0x58d5d04d, L:/127.0.0.1:14645 - R:localhost/127.0.0.1:4444]
20:35:13.656 [Forwarding clickElement on session 02bf0a1481758e3de111bf84a13ac993 to remote] DEBUG org.asynchttpclient.netty.request.NettyRequestSender -- Using pooled Channel '[id: 0x58d5d04d, L:/127.0.0.1:14645 - R:localhost/127.0.0.1:4444]' for 'POST' to 'http://localhost:4444/wd/hub/session/02bf0a1481758e3de111bf84a13ac993/element/f.FA2310CFBFE7FB8EDFBAD1457988119D.d.0F562558537D844AE9ACAEB65E272FB7.e.199/click'
20:35:13.656 [Forwarding clickElement on session 02bf0a1481758e3de111bf84a13ac993 to remote] DEBUG org.asynchttpclient.netty.request.NettyRequestSender -- Using open Channel [id: 0x58d5d04d, L:/127.0.0.1:14645 - R:localhost/127.0.0.1:4444] for POST '/wd/hub/session/02bf0a1481758e3de111bf84a13ac993/element/f.FA2310CFBFE7FB8EDFBAD1457988119D.d.0F562558537D844AE9ACAEB65E272FB7.e.199/click'
20:35:13.714 [AsyncHttpClient-1-2] DEBUG org.asynchttpclient.netty.handler.HttpHandler -- 

Request DefaultHttpRequest(decodeResult: success, version: HTTP/1.1)
POST /wd/hub/session/02bf0a1481758e3de111bf84a13ac993/element/f.FA2310CFBFE7FB8EDFBAD1457988119D.d.0F562558537D844AE9ACAEB65E272FB7.e.199/click HTTP/1.1
User-Agent: selenium/4.1.3 (java windows)
traceparent: 00-cfeacefbc888183d514c1b543f7ed740-10c1809b4c9e4d95-01
Content-Length: 89
Content-Type: application/json; charset=utf-8
host: localhost:4444
accept: */*

Response DefaultHttpResponse(decodeResult: success, version: HTTP/1.1)
HTTP/1.1 200 OK
content-type: application/json; charset=utf-8
cache-control: no-cache
content-length: 14

20:35:13.714 [AsyncHttpClient-1-2] DEBUG org.asynchttpclient.netty.channel.ChannelManager -- Adding key: http://localhost:4444 for channel [id: 0x58d5d04d, L:/127.0.0.1:14645 - R:localhost/127.0.0.1:4444]
20:35:14.157 [AsyncHttpClient-1-1] DEBUG org.asynchttpclient.netty.channel.DefaultChannelPool -- Entry count for : http://localhost:4444 : 1
20:35:14.719 [Forwarding findElement on session 02bf0a1481758e3de111bf84a13ac993 to remote] DEBUG org.asynchttpclient.netty.request.NettyRequestSender -- Using pooled Channel '[id: 0x58d5d04d, L:/127.0.0.1:14645 - R:localhost/127.0.0.1:4444]' for 'POST' to 'http://localhost:4444/wd/hub/session/02bf0a1481758e3de111bf84a13ac993/element'
20:35:14.719 [Forwarding findElement on session 02bf0a1481758e3de111bf84a13ac993 to remote] DEBUG org.asynchttpclient.netty.request.NettyRequestSender -- Using open Channel [id: 0x58d5d04d, L:/127.0.0.1:14645 - R:localhost/127.0.0.1:4444] for POST '/wd/hub/session/02bf0a1481758e3de111bf84a13ac993/element'
20:35:14.734 [AsyncHttpClient-1-2] DEBUG org.asynchttpclient.netty.handler.HttpHandler -- 

Request DefaultHttpRequest(decodeResult: success, version: HTTP/1.1)
POST /wd/hub/session/02bf0a1481758e3de111bf84a13ac993/element HTTP/1.1
User-Agent: selenium/4.1.3 (java windows)
traceparent: 00-618a18ad5d135ef47e0eb08d4ce4482a-a4076e403a3e3dc4-01
Content-Length: 83
Content-Type: application/json; charset=utf-8
host: localhost:4444
accept: */*

Response DefaultHttpResponse(decodeResult: success, version: HTTP/1.1)
HTTP/1.1 200 OK
content-type: application/json; charset=utf-8
cache-control: no-cache
content-length: 127

20:35:14.734 [AsyncHttpClient-1-2] DEBUG org.asynchttpclient.netty.channel.ChannelManager -- Adding key: http://localhost:4444 for channel [id: 0x58d5d04d, L:/127.0.0.1:14645 - R:localhost/127.0.0.1:4444]
20:35:14.734 [Forwarding isElementDisplayed on session 02bf0a1481758e3de111bf84a13ac993 to remote] DEBUG org.asynchttpclient.netty.request.NettyRequestSender -- Using pooled Channel '[id: 0x58d5d04d, L:/127.0.0.1:14645 - R:localhost/127.0.0.1:4444]' for 'POST' to 'http://localhost:4444/wd/hub/session/02bf0a1481758e3de111bf84a13ac993/execute/sync'
20:35:14.734 [Forwarding isElementDisplayed on session 02bf0a1481758e3de111bf84a13ac993 to remote] DEBUG org.asynchttpclient.netty.request.NettyRequestSender -- Using open Channel [id: 0x58d5d04d, L:/127.0.0.1:14645 - R:localhost/127.0.0.1:4444] for POST '/wd/hub/session/02bf0a1481758e3de111bf84a13ac993/execute/sync'
20:35:14.755 [AsyncHttpClient-1-2] DEBUG org.asynchttpclient.netty.handler.HttpHandler -- 

Request DefaultHttpRequest(decodeResult: success, version: HTTP/1.1)
POST /wd/hub/session/02bf0a1481758e3de111bf84a13ac993/execute/sync HTTP/1.1
User-Agent: selenium/4.1.3 (java windows)
traceparent: 00-c4d0085769391be674d9c161b99e5f84-02d80ba365267190-01
Content-Length: 48819
Content-Type: application/json; charset=utf-8
host: localhost:4444
accept: */*

Response DefaultHttpResponse(decodeResult: success, version: HTTP/1.1)
HTTP/1.1 200 OK
content-type: application/json; charset=utf-8
cache-control: no-cache
content-length: 14

20:35:14.755 [AsyncHttpClient-1-2] DEBUG org.asynchttpclient.netty.channel.ChannelManager -- Adding key: http://localhost:4444 for channel [id: 0x58d5d04d, L:/127.0.0.1:14645 - R:localhost/127.0.0.1:4444]
20:35:15.257 [AsyncHttpClient-1-1] DEBUG org.asynchttpclient.netty.channel.DefaultChannelPool -- Entry count for : http://localhost:4444 : 1
20:35:15.770 [Forwarding findElement on session 02bf0a1481758e3de111bf84a13ac993 to remote] DEBUG org.asynchttpclient.netty.request.NettyRequestSender -- Using pooled Channel '[id: 0x58d5d04d, L:/127.0.0.1:14645 - R:localhost/127.0.0.1:4444]' for 'POST' to 'http://localhost:4444/wd/hub/session/02bf0a1481758e3de111bf84a13ac993/element'
20:35:15.770 [Forwarding findElement on session 02bf0a1481758e3de111bf84a13ac993 to remote] DEBUG org.asynchttpclient.netty.request.NettyRequestSender -- Using open Channel [id: 0x58d5d04d, L:/127.0.0.1:14645 - R:localhost/127.0.0.1:4444] for POST '/wd/hub/session/02bf0a1481758e3de111bf84a13ac993/element'
20:35:15.786 [AsyncHttpClient-1-2] DEBUG org.asynchttpclient.netty.handler.HttpHandler -- 

Request DefaultHttpRequest(decodeResult: success, version: HTTP/1.1)
POST /wd/hub/session/02bf0a1481758e3de111bf84a13ac993/element HTTP/1.1
User-Agent: selenium/4.1.3 (java windows)
traceparent: 00-41a24135bae2b6d8c5243277dfe8bb79-3275edca2693c56c-01
Content-Length: 83
Content-Type: application/json; charset=utf-8
host: localhost:4444
accept: */*

Response DefaultHttpResponse(decodeResult: success, version: HTTP/1.1)
HTTP/1.1 200 OK
content-type: application/json; charset=utf-8
cache-control: no-cache
content-length: 127

20:35:15.786 [AsyncHttpClient-1-2] DEBUG org.asynchttpclient.netty.channel.ChannelManager -- Adding key: http://localhost:4444 for channel [id: 0x58d5d04d, L:/127.0.0.1:14645 - R:localhost/127.0.0.1:4444]
20:35:15.786 [Forwarding clickElement on session 02bf0a1481758e3de111bf84a13ac993 to remote] DEBUG org.asynchttpclient.netty.request.NettyRequestSender -- Using pooled Channel '[id: 0x58d5d04d, L:/127.0.0.1:14645 - R:localhost/127.0.0.1:4444]' for 'POST' to 'http://localhost:4444/wd/hub/session/02bf0a1481758e3de111bf84a13ac993/element/f.FA2310CFBFE7FB8EDFBAD1457988119D.d.0F562558537D844AE9ACAEB65E272FB7.e.203/click'
20:35:15.786 [Forwarding clickElement on session 02bf0a1481758e3de111bf84a13ac993 to remote] DEBUG org.asynchttpclient.netty.request.NettyRequestSender -- Using open Channel [id: 0x58d5d04d, L:/127.0.0.1:14645 - R:localhost/127.0.0.1:4444] for POST '/wd/hub/session/02bf0a1481758e3de111bf84a13ac993/element/f.FA2310CFBFE7FB8EDFBAD1457988119D.d.0F562558537D844AE9ACAEB65E272FB7.e.203/click'
20:35:15.949 [AsyncHttpClient-1-2] DEBUG org.asynchttpclient.netty.handler.HttpHandler -- 

Request DefaultHttpRequest(decodeResult: success, version: HTTP/1.1)
POST /wd/hub/session/02bf0a1481758e3de111bf84a13ac993/element/f.FA2310CFBFE7FB8EDFBAD1457988119D.d.0F562558537D844AE9ACAEB65E272FB7.e.203/click HTTP/1.1
User-Agent: selenium/4.1.3 (java windows)
traceparent: 00-945ea8c8a82704630eb416086b351f47-bcf3a9a8655194eb-01
Content-Length: 89
Content-Type: application/json; charset=utf-8
host: localhost:4444
accept: */*

Response DefaultHttpResponse(decodeResult: success, version: HTTP/1.1)
HTTP/1.1 200 OK
content-type: application/json; charset=utf-8
cache-control: no-cache
content-length: 14

20:35:15.950 [AsyncHttpClient-1-2] DEBUG org.asynchttpclient.netty.channel.ChannelManager -- Adding key: http://localhost:4444 for channel [id: 0x58d5d04d, L:/127.0.0.1:14645 - R:localhost/127.0.0.1:4444]
20:35:15.951 [Forwarding findElement on session 02bf0a1481758e3de111bf84a13ac993 to remote] DEBUG org.asynchttpclient.netty.request.NettyRequestSender -- Using pooled Channel '[id: 0x58d5d04d, L:/127.0.0.1:14645 - R:localhost/127.0.0.1:4444]' for 'POST' to 'http://localhost:4444/wd/hub/session/02bf0a1481758e3de111bf84a13ac993/element'
20:35:15.951 [Forwarding findElement on session 02bf0a1481758e3de111bf84a13ac993 to remote] DEBUG org.asynchttpclient.netty.request.NettyRequestSender -- Using open Channel [id: 0x58d5d04d, L:/127.0.0.1:14645 - R:localhost/127.0.0.1:4444] for POST '/wd/hub/session/02bf0a1481758e3de111bf84a13ac993/element'
20:35:16.735 [AsyncHttpClient-1-2] DEBUG org.asynchttpclient.netty.handler.HttpHandler -- 

Request DefaultHttpRequest(decodeResult: success, version: HTTP/1.1)
POST /wd/hub/session/02bf0a1481758e3de111bf84a13ac993/element HTTP/1.1
User-Agent: selenium/4.1.3 (java windows)
traceparent: 00-bb9d9a70a31cf0fcf38d60b1c1af99e4-294244c97baf2243-01
Content-Length: 102
Content-Type: application/json; charset=utf-8
host: localhost:4444
accept: */*

Response DefaultHttpResponse(decodeResult: success, version: HTTP/1.1)
HTTP/1.1 200 OK
content-type: application/json; charset=utf-8
cache-control: no-cache
content-length: 127

20:35:16.735 [AsyncHttpClient-1-2] DEBUG org.asynchttpclient.netty.channel.ChannelManager -- Adding key: http://localhost:4444 for channel [id: 0x58d5d04d, L:/127.0.0.1:14645 - R:localhost/127.0.0.1:4444]
20:35:16.735 [Forwarding isElementDisplayed on session 02bf0a1481758e3de111bf84a13ac993 to remote] DEBUG org.asynchttpclient.netty.request.NettyRequestSender -- Using pooled Channel '[id: 0x58d5d04d, L:/127.0.0.1:14645 - R:localhost/127.0.0.1:4444]' for 'POST' to 'http://localhost:4444/wd/hub/session/02bf0a1481758e3de111bf84a13ac993/execute/sync'
20:35:16.735 [Forwarding isElementDisplayed on session 02bf0a1481758e3de111bf84a13ac993 to remote] DEBUG org.asynchttpclient.netty.request.NettyRequestSender -- Using open Channel [id: 0x58d5d04d, L:/127.0.0.1:14645 - R:localhost/127.0.0.1:4444] for POST '/wd/hub/session/02bf0a1481758e3de111bf84a13ac993/execute/sync'
20:35:16.753 [AsyncHttpClient-1-2] DEBUG org.asynchttpclient.netty.handler.HttpHandler -- 

Request DefaultHttpRequest(decodeResult: success, version: HTTP/1.1)
POST /wd/hub/session/02bf0a1481758e3de111bf84a13ac993/execute/sync HTTP/1.1
User-Agent: selenium/4.1.3 (java windows)
traceparent: 00-fdd077a8f71d6ffae84c0b3688456c5c-7d6df29129d7e342-01
Content-Length: 48819
Content-Type: application/json; charset=utf-8
host: localhost:4444
accept: */*

Response DefaultHttpResponse(decodeResult: success, version: HTTP/1.1)
HTTP/1.1 200 OK
content-type: application/json; charset=utf-8
cache-control: no-cache
content-length: 14

20:35:16.753 [AsyncHttpClient-1-2] DEBUG org.asynchttpclient.netty.channel.ChannelManager -- Adding key: http://localhost:4444 for channel [id: 0x58d5d04d, L:/127.0.0.1:14645 - R:localhost/127.0.0.1:4444]
20:35:17.457 [AsyncHttpClient-1-1] DEBUG org.asynchttpclient.netty.channel.DefaultChannelPool -- Entry count for : http://localhost:4444 : 1
20:35:17.769 [Forwarding findElement on session 02bf0a1481758e3de111bf84a13ac993 to remote] DEBUG org.asynchttpclient.netty.request.NettyRequestSender -- Using pooled Channel '[id: 0x58d5d04d, L:/127.0.0.1:14645 - R:localhost/127.0.0.1:4444]' for 'POST' to 'http://localhost:4444/wd/hub/session/02bf0a1481758e3de111bf84a13ac993/element'
20:35:17.769 [Forwarding findElement on session 02bf0a1481758e3de111bf84a13ac993 to remote] DEBUG org.asynchttpclient.netty.request.NettyRequestSender -- Using open Channel [id: 0x58d5d04d, L:/127.0.0.1:14645 - R:localhost/127.0.0.1:4444] for POST '/wd/hub/session/02bf0a1481758e3de111bf84a13ac993/element'
20:35:17.785 [AsyncHttpClient-1-2] DEBUG org.asynchttpclient.netty.handler.HttpHandler -- 

Request DefaultHttpRequest(decodeResult: success, version: HTTP/1.1)
POST /wd/hub/session/02bf0a1481758e3de111bf84a13ac993/element HTTP/1.1
User-Agent: selenium/4.1.3 (java windows)
traceparent: 00-e340f27814fd797510b50d401d2973db-ca9d39c95d8444ba-01
Content-Length: 102
Content-Type: application/json; charset=utf-8
host: localhost:4444
accept: */*

Response DefaultHttpResponse(decodeResult: success, version: HTTP/1.1)
HTTP/1.1 200 OK
content-type: application/json; charset=utf-8
cache-control: no-cache
content-length: 127

20:35:17.785 [AsyncHttpClient-1-2] DEBUG org.asynchttpclient.netty.channel.ChannelManager -- Adding key: http://localhost:4444 for channel [id: 0x58d5d04d, L:/127.0.0.1:14645 - R:localhost/127.0.0.1:4444]
20:35:17.785 [Forwarding clickElement on session 02bf0a1481758e3de111bf84a13ac993 to remote] DEBUG org.asynchttpclient.netty.request.NettyRequestSender -- Using pooled Channel '[id: 0x58d5d04d, L:/127.0.0.1:14645 - R:localhost/127.0.0.1:4444]' for 'POST' to 'http://localhost:4444/wd/hub/session/02bf0a1481758e3de111bf84a13ac993/element/f.FA2310CFBFE7FB8EDFBAD1457988119D.d.0F562558537D844AE9ACAEB65E272FB7.e.260/click'
20:35:17.785 [Forwarding clickElement on session 02bf0a1481758e3de111bf84a13ac993 to remote] DEBUG org.asynchttpclient.netty.request.NettyRequestSender -- Using open Channel [id: 0x58d5d04d, L:/127.0.0.1:14645 - R:localhost/127.0.0.1:4444] for POST '/wd/hub/session/02bf0a1481758e3de111bf84a13ac993/element/f.FA2310CFBFE7FB8EDFBAD1457988119D.d.0F562558537D844AE9ACAEB65E272FB7.e.260/click'
20:35:21.281 [AsyncHttpClient-1-2] DEBUG org.asynchttpclient.netty.handler.HttpHandler -- 

Request DefaultHttpRequest(decodeResult: success, version: HTTP/1.1)
POST /wd/hub/session/02bf0a1481758e3de111bf84a13ac993/element/f.FA2310CFBFE7FB8EDFBAD1457988119D.d.0F562558537D844AE9ACAEB65E272FB7.e.260/click HTTP/1.1
User-Agent: selenium/4.1.3 (java windows)
traceparent: 00-e884e7d1d36712a6a843b35903b39532-8664c6e78c71e493-01
Content-Length: 89
Content-Type: application/json; charset=utf-8
host: localhost:4444
accept: */*

Response DefaultHttpResponse(decodeResult: success, version: HTTP/1.1)
HTTP/1.1 200 OK
content-type: application/json; charset=utf-8
cache-control: no-cache
content-length: 14

20:35:21.281 [AsyncHttpClient-1-2] DEBUG org.asynchttpclient.netty.channel.ChannelManager -- Adding key: http://localhost:4444 for channel [id: 0x58d5d04d, L:/127.0.0.1:14645 - R:localhost/127.0.0.1:4444]
]]></system-out>
    <system-err><![CDATA[Aug 29, 2024 8:34:55 PM org.openqa.selenium.remote.tracing.opentelemetry.OpenTelemetryTracer createTracer
INFO: Using OpenTelemetry for tracing
Aug 29, 2024 8:34:56 PM org.openqa.selenium.remote.ProtocolHandshake createSession
INFO: Detected dialect: W3C
]]></system-err>
  </testcase>
  <testcase name="runScenario[&quot;Verify Bikroy logo work properly&quot;, &quot;Optional[Verify Brikroy.com Website work properly]&quot;](2)" classname="TestRunner.TestRunner" time="10.643">
    <system-out><![CDATA[20:35:21.373 [Forwarding newSession on session null to remote] DEBUG org.asynchttpclient.netty.request.NettyRequestSender -- Using pooled Channel '[id: 0x58d5d04d, L:/127.0.0.1:14645 - R:localhost/127.0.0.1:4444]' for 'POST' to 'http://localhost:4444/wd/hub/session'
20:35:21.373 [Forwarding newSession on session null to remote] DEBUG org.asynchttpclient.netty.request.NettyRequestSender -- Using open Channel [id: 0x58d5d04d, L:/127.0.0.1:14645 - R:localhost/127.0.0.1:4444] for POST '/wd/hub/session'
20:35:22.346 [AsyncHttpClient-1-2] DEBUG org.asynchttpclient.netty.handler.HttpHandler -- 

Request DefaultHttpRequest(decodeResult: success, version: HTTP/1.1)
POST /wd/hub/session HTTP/1.1
User-Agent: selenium/4.1.3 (java windows)
traceparent: 00-3348f0dba662f67e3616766e54d64477-81cbf49e9d3adbf0-01
Content-Length: 341
Content-Type: application/json; charset=utf-8
host: localhost:4444
accept: */*

Response DefaultHttpResponse(decodeResult: success, version: HTTP/1.1)
HTTP/1.1 200 OK
Cache-Control: no-cache
Content-Type: application/json; charset=utf-8
content-length: 1345

20:35:22.347 [AsyncHttpClient-1-2] DEBUG org.asynchttpclient.netty.channel.ChannelManager -- Adding key: http://localhost:4444 for channel [id: 0x58d5d04d, L:/127.0.0.1:14645 - R:localhost/127.0.0.1:4444]
20:35:22.357 [Forwarding setTimeout on session 2292435c1303fa2969e25a0e4b3bdbf5 to remote] DEBUG org.asynchttpclient.netty.request.NettyRequestSender -- Using pooled Channel '[id: 0x58d5d04d, L:/127.0.0.1:14645 - R:localhost/127.0.0.1:4444]' for 'POST' to 'http://localhost:4444/wd/hub/session/2292435c1303fa2969e25a0e4b3bdbf5/timeouts'
20:35:22.357 [Forwarding setTimeout on session 2292435c1303fa2969e25a0e4b3bdbf5 to remote] DEBUG org.asynchttpclient.netty.request.NettyRequestSender -- Using open Channel [id: 0x58d5d04d, L:/127.0.0.1:14645 - R:localhost/127.0.0.1:4444] for POST '/wd/hub/session/2292435c1303fa2969e25a0e4b3bdbf5/timeouts'
20:35:22.367 [AsyncHttpClient-1-2] DEBUG org.asynchttpclient.netty.handler.HttpHandler -- 

Request DefaultHttpRequest(decodeResult: success, version: HTTP/1.1)
POST /wd/hub/session/2292435c1303fa2969e25a0e4b3bdbf5/timeouts HTTP/1.1
User-Agent: selenium/4.1.3 (java windows)
traceparent: 00-fdd010a15538a7e4a4bed48bb57ba7b8-c1bc2e6b80c05fdf-01
Content-Length: 22
Content-Type: application/json; charset=utf-8
host: localhost:4444
accept: */*

Response DefaultHttpResponse(decodeResult: success, version: HTTP/1.1)
HTTP/1.1 200 OK
content-type: application/json; charset=utf-8
cache-control: no-cache
content-length: 14

20:35:22.368 [AsyncHttpClient-1-2] DEBUG org.asynchttpclient.netty.channel.ChannelManager -- Adding key: http://localhost:4444 for channel [id: 0x58d5d04d, L:/127.0.0.1:14645 - R:localhost/127.0.0.1:4444]
20:35:22.371 [Forwarding maximizeCurrentWindow on session 2292435c1303fa2969e25a0e4b3bdbf5 to remote] DEBUG org.asynchttpclient.netty.request.NettyRequestSender -- Using pooled Channel '[id: 0x58d5d04d, L:/127.0.0.1:14645 - R:localhost/127.0.0.1:4444]' for 'POST' to 'http://localhost:4444/wd/hub/session/2292435c1303fa2969e25a0e4b3bdbf5/window/maximize'
20:35:22.372 [Forwarding maximizeCurrentWindow on session 2292435c1303fa2969e25a0e4b3bdbf5 to remote] DEBUG org.asynchttpclient.netty.request.NettyRequestSender -- Using open Channel [id: 0x58d5d04d, L:/127.0.0.1:14645 - R:localhost/127.0.0.1:4444] for POST '/wd/hub/session/2292435c1303fa2969e25a0e4b3bdbf5/window/maximize'
20:35:22.423 [AsyncHttpClient-1-2] DEBUG org.asynchttpclient.netty.handler.HttpHandler -- 

Request DefaultHttpRequest(decodeResult: success, version: HTTP/1.1)
POST /wd/hub/session/2292435c1303fa2969e25a0e4b3bdbf5/window/maximize HTTP/1.1
User-Agent: selenium/4.1.3 (java windows)
traceparent: 00-11e799d2c7de3d48a326762d4a998535-edd0eecd65fce30c-01
Content-Length: 3
Content-Type: application/json; charset=utf-8
host: localhost:4444
accept: */*

Response DefaultHttpResponse(decodeResult: success, version: HTTP/1.1)
HTTP/1.1 200 OK
content-type: application/json; charset=utf-8
cache-control: no-cache
content-length: 50

20:35:22.424 [AsyncHttpClient-1-2] DEBUG org.asynchttpclient.netty.channel.ChannelManager -- Adding key: http://localhost:4444 for channel [id: 0x58d5d04d, L:/127.0.0.1:14645 - R:localhost/127.0.0.1:4444]
20:35:22.430 [Forwarding get on session 2292435c1303fa2969e25a0e4b3bdbf5 to remote] DEBUG org.asynchttpclient.netty.request.NettyRequestSender -- Using pooled Channel '[id: 0x58d5d04d, L:/127.0.0.1:14645 - R:localhost/127.0.0.1:4444]' for 'POST' to 'http://localhost:4444/wd/hub/session/2292435c1303fa2969e25a0e4b3bdbf5/url'
20:35:22.431 [Forwarding get on session 2292435c1303fa2969e25a0e4b3bdbf5 to remote] DEBUG org.asynchttpclient.netty.request.NettyRequestSender -- Using open Channel [id: 0x58d5d04d, L:/127.0.0.1:14645 - R:localhost/127.0.0.1:4444] for POST '/wd/hub/session/2292435c1303fa2969e25a0e4b3bdbf5/url'
20:35:28.899 [AsyncHttpClient-1-2] DEBUG org.asynchttpclient.netty.handler.HttpHandler -- 

Request DefaultHttpRequest(decodeResult: success, version: HTTP/1.1)
POST /wd/hub/session/2292435c1303fa2969e25a0e4b3bdbf5/url HTTP/1.1
User-Agent: selenium/4.1.3 (java windows)
traceparent: 00-211d8265663b0a0757dbb82c1c89375b-b9e9f08c859ab624-01
Content-Length: 57
Content-Type: application/json; charset=utf-8
host: localhost:4444
accept: */*

Response DefaultHttpResponse(decodeResult: success, version: HTTP/1.1)
HTTP/1.1 200 OK
content-type: application/json; charset=utf-8
cache-control: no-cache
content-length: 14

20:35:28.899 [AsyncHttpClient-1-2] DEBUG org.asynchttpclient.netty.channel.ChannelManager -- Adding key: http://localhost:4444 for channel [id: 0x58d5d04d, L:/127.0.0.1:14645 - R:localhost/127.0.0.1:4444]
20:35:28.900 [Forwarding getCurrentUrl on session 2292435c1303fa2969e25a0e4b3bdbf5 to remote] DEBUG org.asynchttpclient.netty.request.NettyRequestSender -- Using pooled Channel '[id: 0x58d5d04d, L:/127.0.0.1:14645 - R:localhost/127.0.0.1:4444]' for 'GET' to 'http://localhost:4444/wd/hub/session/2292435c1303fa2969e25a0e4b3bdbf5/url'
20:35:28.900 [Forwarding getCurrentUrl on session 2292435c1303fa2969e25a0e4b3bdbf5 to remote] DEBUG org.asynchttpclient.netty.request.NettyRequestSender -- Using open Channel [id: 0x58d5d04d, L:/127.0.0.1:14645 - R:localhost/127.0.0.1:4444] for GET '/wd/hub/session/2292435c1303fa2969e25a0e4b3bdbf5/url'
20:35:28.911 [AsyncHttpClient-1-2] DEBUG org.asynchttpclient.netty.handler.HttpHandler -- 

Request DefaultFullHttpRequest(decodeResult: success, version: HTTP/1.1, content: EmptyByteBufBE)
GET /wd/hub/session/2292435c1303fa2969e25a0e4b3bdbf5/url HTTP/1.1
User-Agent: selenium/4.1.3 (java windows)
Cache-Control: no-cache
traceparent: 00-4bf93c61ddad9368a0c6ab0933f9e018-0c99c336acbadec4-01
Content-Type: application/json; charset=utf-8
host: localhost:4444
accept: */*

Response DefaultHttpResponse(decodeResult: success, version: HTTP/1.1)
HTTP/1.1 200 OK
content-type: application/json; charset=utf-8
cache-control: no-cache
content-length: 34

20:35:28.911 [AsyncHttpClient-1-2] DEBUG org.asynchttpclient.netty.channel.ChannelManager -- Adding key: http://localhost:4444 for channel [id: 0x58d5d04d, L:/127.0.0.1:14645 - R:localhost/127.0.0.1:4444]
20:35:29.558 [AsyncHttpClient-1-1] DEBUG org.asynchttpclient.netty.channel.DefaultChannelPool -- Entry count for : http://localhost:4444 : 1
20:35:30.658 [AsyncHttpClient-1-1] DEBUG org.asynchttpclient.netty.channel.DefaultChannelPool -- Entry count for : http://localhost:4444 : 1
20:35:30.913 [Forwarding findElement on session 2292435c1303fa2969e25a0e4b3bdbf5 to remote] DEBUG org.asynchttpclient.netty.request.NettyRequestSender -- Using pooled Channel '[id: 0x58d5d04d, L:/127.0.0.1:14645 - R:localhost/127.0.0.1:4444]' for 'POST' to 'http://localhost:4444/wd/hub/session/2292435c1303fa2969e25a0e4b3bdbf5/element'
20:35:30.914 [Forwarding findElement on session 2292435c1303fa2969e25a0e4b3bdbf5 to remote] DEBUG org.asynchttpclient.netty.request.NettyRequestSender -- Using open Channel [id: 0x58d5d04d, L:/127.0.0.1:14645 - R:localhost/127.0.0.1:4444] for POST '/wd/hub/session/2292435c1303fa2969e25a0e4b3bdbf5/element'
20:35:30.934 [AsyncHttpClient-1-2] DEBUG org.asynchttpclient.netty.handler.HttpHandler -- 

Request DefaultHttpRequest(decodeResult: success, version: HTTP/1.1)
POST /wd/hub/session/2292435c1303fa2969e25a0e4b3bdbf5/element HTTP/1.1
User-Agent: selenium/4.1.3 (java windows)
traceparent: 00-79bc78a229dc060fdd4f184fcdb7074d-01dafbef552ea8f6-01
Content-Length: 76
Content-Type: application/json; charset=utf-8
host: localhost:4444
accept: */*

Response DefaultHttpResponse(decodeResult: success, version: HTTP/1.1)
HTTP/1.1 200 OK
content-type: application/json; charset=utf-8
cache-control: no-cache
content-length: 126

20:35:30.934 [AsyncHttpClient-1-2] DEBUG org.asynchttpclient.netty.channel.ChannelManager -- Adding key: http://localhost:4444 for channel [id: 0x58d5d04d, L:/127.0.0.1:14645 - R:localhost/127.0.0.1:4444]
20:35:30.937 [Forwarding isElementDisplayed on session 2292435c1303fa2969e25a0e4b3bdbf5 to remote] DEBUG org.asynchttpclient.netty.request.NettyRequestSender -- Using pooled Channel '[id: 0x58d5d04d, L:/127.0.0.1:14645 - R:localhost/127.0.0.1:4444]' for 'POST' to 'http://localhost:4444/wd/hub/session/2292435c1303fa2969e25a0e4b3bdbf5/execute/sync'
20:35:30.937 [Forwarding isElementDisplayed on session 2292435c1303fa2969e25a0e4b3bdbf5 to remote] DEBUG org.asynchttpclient.netty.request.NettyRequestSender -- Using open Channel [id: 0x58d5d04d, L:/127.0.0.1:14645 - R:localhost/127.0.0.1:4444] for POST '/wd/hub/session/2292435c1303fa2969e25a0e4b3bdbf5/execute/sync'
20:35:30.957 [AsyncHttpClient-1-2] DEBUG org.asynchttpclient.netty.handler.HttpHandler -- 

Request DefaultHttpRequest(decodeResult: success, version: HTTP/1.1)
POST /wd/hub/session/2292435c1303fa2969e25a0e4b3bdbf5/execute/sync HTTP/1.1
User-Agent: selenium/4.1.3 (java windows)
traceparent: 00-2a5e17343cd3b67a3cb08b4aa5a22db5-e86b94ddd1c7ef46-01
Content-Length: 48818
Content-Type: application/json; charset=utf-8
host: localhost:4444
accept: */*

Response DefaultHttpResponse(decodeResult: success, version: HTTP/1.1)
HTTP/1.1 200 OK
content-type: application/json; charset=utf-8
cache-control: no-cache
content-length: 14

20:35:30.957 [AsyncHttpClient-1-2] DEBUG org.asynchttpclient.netty.channel.ChannelManager -- Adding key: http://localhost:4444 for channel [id: 0x58d5d04d, L:/127.0.0.1:14645 - R:localhost/127.0.0.1:4444]
20:35:30.960 [Forwarding findElement on session 2292435c1303fa2969e25a0e4b3bdbf5 to remote] DEBUG org.asynchttpclient.netty.request.NettyRequestSender -- Using pooled Channel '[id: 0x58d5d04d, L:/127.0.0.1:14645 - R:localhost/127.0.0.1:4444]' for 'POST' to 'http://localhost:4444/wd/hub/session/2292435c1303fa2969e25a0e4b3bdbf5/element'
20:35:30.960 [Forwarding findElement on session 2292435c1303fa2969e25a0e4b3bdbf5 to remote] DEBUG org.asynchttpclient.netty.request.NettyRequestSender -- Using open Channel [id: 0x58d5d04d, L:/127.0.0.1:14645 - R:localhost/127.0.0.1:4444] for POST '/wd/hub/session/2292435c1303fa2969e25a0e4b3bdbf5/element'
20:35:30.974 [AsyncHttpClient-1-2] DEBUG org.asynchttpclient.netty.handler.HttpHandler -- 

Request DefaultHttpRequest(decodeResult: success, version: HTTP/1.1)
POST /wd/hub/session/2292435c1303fa2969e25a0e4b3bdbf5/element HTTP/1.1
User-Agent: selenium/4.1.3 (java windows)
traceparent: 00-ac88840618dd7397363b2af34d0aa620-30f5ec0d7ddf0d02-01
Content-Length: 76
Content-Type: application/json; charset=utf-8
host: localhost:4444
accept: */*

Response DefaultHttpResponse(decodeResult: success, version: HTTP/1.1)
HTTP/1.1 200 OK
content-type: application/json; charset=utf-8
cache-control: no-cache
content-length: 126

20:35:30.975 [AsyncHttpClient-1-2] DEBUG org.asynchttpclient.netty.channel.ChannelManager -- Adding key: http://localhost:4444 for channel [id: 0x58d5d04d, L:/127.0.0.1:14645 - R:localhost/127.0.0.1:4444]
20:35:30.976 [Forwarding clickElement on session 2292435c1303fa2969e25a0e4b3bdbf5 to remote] DEBUG org.asynchttpclient.netty.request.NettyRequestSender -- Using pooled Channel '[id: 0x58d5d04d, L:/127.0.0.1:14645 - R:localhost/127.0.0.1:4444]' for 'POST' to 'http://localhost:4444/wd/hub/session/2292435c1303fa2969e25a0e4b3bdbf5/element/f.5E4D067F8044B0CE4832E3204C1744AD.d.0DED69BD31091A5156B8E86463EAA408.e.76/click'
20:35:30.976 [Forwarding clickElement on session 2292435c1303fa2969e25a0e4b3bdbf5 to remote] DEBUG org.asynchttpclient.netty.request.NettyRequestSender -- Using open Channel [id: 0x58d5d04d, L:/127.0.0.1:14645 - R:localhost/127.0.0.1:4444] for POST '/wd/hub/session/2292435c1303fa2969e25a0e4b3bdbf5/element/f.5E4D067F8044B0CE4832E3204C1744AD.d.0DED69BD31091A5156B8E86463EAA408.e.76/click'
20:35:31.969 [AsyncHttpClient-1-2] DEBUG org.asynchttpclient.netty.handler.HttpHandler -- 

Request DefaultHttpRequest(decodeResult: success, version: HTTP/1.1)
POST /wd/hub/session/2292435c1303fa2969e25a0e4b3bdbf5/element/f.5E4D067F8044B0CE4832E3204C1744AD.d.0DED69BD31091A5156B8E86463EAA408.e.76/click HTTP/1.1
User-Agent: selenium/4.1.3 (java windows)
traceparent: 00-28ae68cf1e891d5720691a8271c49b97-0526d518a1daf59d-01
Content-Length: 88
Content-Type: application/json; charset=utf-8
host: localhost:4444
accept: */*

Response DefaultHttpResponse(decodeResult: success, version: HTTP/1.1)
HTTP/1.1 200 OK
content-type: application/json; charset=utf-8
cache-control: no-cache
content-length: 14

20:35:31.969 [AsyncHttpClient-1-2] DEBUG org.asynchttpclient.netty.channel.ChannelManager -- Adding key: http://localhost:4444 for channel [id: 0x58d5d04d, L:/127.0.0.1:14645 - R:localhost/127.0.0.1:4444]
]]></system-out>
    <system-err><![CDATA[Aug 29, 2024 8:35:22 PM org.openqa.selenium.remote.ProtocolHandshake createSession
INFO: Detected dialect: W3C
]]></system-err>
  </testcase>
  <testcase name="runScenario[&quot;Verify that All Ads Option show Properly&quot;, &quot;Optional[Verify Brikroy.com Website work properly]&quot;](3)" classname="TestRunner.TestRunner" time="8.032">
    <system-out><![CDATA[20:35:32.014 [Forwarding newSession on session null to remote] DEBUG org.asynchttpclient.netty.request.NettyRequestSender -- Using pooled Channel '[id: 0x58d5d04d, L:/127.0.0.1:14645 - R:localhost/127.0.0.1:4444]' for 'POST' to 'http://localhost:4444/wd/hub/session'
20:35:32.014 [Forwarding newSession on session null to remote] DEBUG org.asynchttpclient.netty.request.NettyRequestSender -- Using open Channel [id: 0x58d5d04d, L:/127.0.0.1:14645 - R:localhost/127.0.0.1:4444] for POST '/wd/hub/session'
20:35:32.935 [AsyncHttpClient-1-2] DEBUG org.asynchttpclient.netty.handler.HttpHandler -- 

Request DefaultHttpRequest(decodeResult: success, version: HTTP/1.1)
POST /wd/hub/session HTTP/1.1
User-Agent: selenium/4.1.3 (java windows)
traceparent: 00-ee20e26bb4f1e46415f86fc4fb7c9f64-f5b50eb6a993be13-01
Content-Length: 341
Content-Type: application/json; charset=utf-8
host: localhost:4444
accept: */*

Response DefaultHttpResponse(decodeResult: success, version: HTTP/1.1)
HTTP/1.1 200 OK
Cache-Control: no-cache
Content-Type: application/json; charset=utf-8
content-length: 1345

20:35:32.936 [AsyncHttpClient-1-2] DEBUG org.asynchttpclient.netty.channel.ChannelManager -- Adding key: http://localhost:4444 for channel [id: 0x58d5d04d, L:/127.0.0.1:14645 - R:localhost/127.0.0.1:4444]
20:35:32.940 [Forwarding setTimeout on session daea5b79c9f0ba83a548e7f249af2ef6 to remote] DEBUG org.asynchttpclient.netty.request.NettyRequestSender -- Using pooled Channel '[id: 0x58d5d04d, L:/127.0.0.1:14645 - R:localhost/127.0.0.1:4444]' for 'POST' to 'http://localhost:4444/wd/hub/session/daea5b79c9f0ba83a548e7f249af2ef6/timeouts'
20:35:32.940 [Forwarding setTimeout on session daea5b79c9f0ba83a548e7f249af2ef6 to remote] DEBUG org.asynchttpclient.netty.request.NettyRequestSender -- Using open Channel [id: 0x58d5d04d, L:/127.0.0.1:14645 - R:localhost/127.0.0.1:4444] for POST '/wd/hub/session/daea5b79c9f0ba83a548e7f249af2ef6/timeouts'
20:35:32.948 [AsyncHttpClient-1-2] DEBUG org.asynchttpclient.netty.handler.HttpHandler -- 

Request DefaultHttpRequest(decodeResult: success, version: HTTP/1.1)
POST /wd/hub/session/daea5b79c9f0ba83a548e7f249af2ef6/timeouts HTTP/1.1
User-Agent: selenium/4.1.3 (java windows)
traceparent: 00-24c970fc5df62e84ceb44dc8c29ae5d8-af0a287e453c2d09-01
Content-Length: 22
Content-Type: application/json; charset=utf-8
host: localhost:4444
accept: */*

Response DefaultHttpResponse(decodeResult: success, version: HTTP/1.1)
HTTP/1.1 200 OK
content-type: application/json; charset=utf-8
cache-control: no-cache
content-length: 14

20:35:32.948 [AsyncHttpClient-1-2] DEBUG org.asynchttpclient.netty.channel.ChannelManager -- Adding key: http://localhost:4444 for channel [id: 0x58d5d04d, L:/127.0.0.1:14645 - R:localhost/127.0.0.1:4444]
20:35:32.949 [Forwarding maximizeCurrentWindow on session daea5b79c9f0ba83a548e7f249af2ef6 to remote] DEBUG org.asynchttpclient.netty.request.NettyRequestSender -- Using pooled Channel '[id: 0x58d5d04d, L:/127.0.0.1:14645 - R:localhost/127.0.0.1:4444]' for 'POST' to 'http://localhost:4444/wd/hub/session/daea5b79c9f0ba83a548e7f249af2ef6/window/maximize'
20:35:32.949 [Forwarding maximizeCurrentWindow on session daea5b79c9f0ba83a548e7f249af2ef6 to remote] DEBUG org.asynchttpclient.netty.request.NettyRequestSender -- Using open Channel [id: 0x58d5d04d, L:/127.0.0.1:14645 - R:localhost/127.0.0.1:4444] for POST '/wd/hub/session/daea5b79c9f0ba83a548e7f249af2ef6/window/maximize'
20:35:32.990 [AsyncHttpClient-1-2] DEBUG org.asynchttpclient.netty.handler.HttpHandler -- 

Request DefaultHttpRequest(decodeResult: success, version: HTTP/1.1)
POST /wd/hub/session/daea5b79c9f0ba83a548e7f249af2ef6/window/maximize HTTP/1.1
User-Agent: selenium/4.1.3 (java windows)
traceparent: 00-4ef8116b05f2a1e6120c5e8d010b7688-d6a0e902f72f560a-01
Content-Length: 3
Content-Type: application/json; charset=utf-8
host: localhost:4444
accept: */*

Response DefaultHttpResponse(decodeResult: success, version: HTTP/1.1)
HTTP/1.1 200 OK
content-type: application/json; charset=utf-8
cache-control: no-cache
content-length: 50

20:35:32.990 [AsyncHttpClient-1-2] DEBUG org.asynchttpclient.netty.channel.ChannelManager -- Adding key: http://localhost:4444 for channel [id: 0x58d5d04d, L:/127.0.0.1:14645 - R:localhost/127.0.0.1:4444]
20:35:32.992 [Forwarding get on session daea5b79c9f0ba83a548e7f249af2ef6 to remote] DEBUG org.asynchttpclient.netty.request.NettyRequestSender -- Using pooled Channel '[id: 0x58d5d04d, L:/127.0.0.1:14645 - R:localhost/127.0.0.1:4444]' for 'POST' to 'http://localhost:4444/wd/hub/session/daea5b79c9f0ba83a548e7f249af2ef6/url'
20:35:32.993 [Forwarding get on session daea5b79c9f0ba83a548e7f249af2ef6 to remote] DEBUG org.asynchttpclient.netty.request.NettyRequestSender -- Using open Channel [id: 0x58d5d04d, L:/127.0.0.1:14645 - R:localhost/127.0.0.1:4444] for POST '/wd/hub/session/daea5b79c9f0ba83a548e7f249af2ef6/url'
20:35:37.848 [AsyncHttpClient-1-2] DEBUG org.asynchttpclient.netty.handler.HttpHandler -- 

Request DefaultHttpRequest(decodeResult: success, version: HTTP/1.1)
POST /wd/hub/session/daea5b79c9f0ba83a548e7f249af2ef6/url HTTP/1.1
User-Agent: selenium/4.1.3 (java windows)
traceparent: 00-1cfa6e3b80661db5bad078f85b6ca940-f49309f3fc5ac743-01
Content-Length: 57
Content-Type: application/json; charset=utf-8
host: localhost:4444
accept: */*

Response DefaultHttpResponse(decodeResult: success, version: HTTP/1.1)
HTTP/1.1 200 OK
content-type: application/json; charset=utf-8
cache-control: no-cache
content-length: 14

20:35:37.848 [AsyncHttpClient-1-2] DEBUG org.asynchttpclient.netty.channel.ChannelManager -- Adding key: http://localhost:4444 for channel [id: 0x58d5d04d, L:/127.0.0.1:14645 - R:localhost/127.0.0.1:4444]
20:35:37.849 [Forwarding getCurrentUrl on session daea5b79c9f0ba83a548e7f249af2ef6 to remote] DEBUG org.asynchttpclient.netty.request.NettyRequestSender -- Using pooled Channel '[id: 0x58d5d04d, L:/127.0.0.1:14645 - R:localhost/127.0.0.1:4444]' for 'GET' to 'http://localhost:4444/wd/hub/session/daea5b79c9f0ba83a548e7f249af2ef6/url'
20:35:37.849 [Forwarding getCurrentUrl on session daea5b79c9f0ba83a548e7f249af2ef6 to remote] DEBUG org.asynchttpclient.netty.request.NettyRequestSender -- Using open Channel [id: 0x58d5d04d, L:/127.0.0.1:14645 - R:localhost/127.0.0.1:4444] for GET '/wd/hub/session/daea5b79c9f0ba83a548e7f249af2ef6/url'
20:35:37.861 [AsyncHttpClient-1-2] DEBUG org.asynchttpclient.netty.handler.HttpHandler -- 

Request DefaultFullHttpRequest(decodeResult: success, version: HTTP/1.1, content: EmptyByteBufBE)
GET /wd/hub/session/daea5b79c9f0ba83a548e7f249af2ef6/url HTTP/1.1
User-Agent: selenium/4.1.3 (java windows)
Cache-Control: no-cache
traceparent: 00-4520a0b5b6598f65cdfe34573c81f32e-ea112e9eac998762-01
Content-Type: application/json; charset=utf-8
host: localhost:4444
accept: */*

Response DefaultHttpResponse(decodeResult: success, version: HTTP/1.1)
HTTP/1.1 200 OK
content-type: application/json; charset=utf-8
cache-control: no-cache
content-length: 34

20:35:37.861 [AsyncHttpClient-1-2] DEBUG org.asynchttpclient.netty.channel.ChannelManager -- Adding key: http://localhost:4444 for channel [id: 0x58d5d04d, L:/127.0.0.1:14645 - R:localhost/127.0.0.1:4444]
20:35:37.861 [Forwarding findElement on session daea5b79c9f0ba83a548e7f249af2ef6 to remote] DEBUG org.asynchttpclient.netty.request.NettyRequestSender -- Using pooled Channel '[id: 0x58d5d04d, L:/127.0.0.1:14645 - R:localhost/127.0.0.1:4444]' for 'POST' to 'http://localhost:4444/wd/hub/session/daea5b79c9f0ba83a548e7f249af2ef6/element'
20:35:37.861 [Forwarding findElement on session daea5b79c9f0ba83a548e7f249af2ef6 to remote] DEBUG org.asynchttpclient.netty.request.NettyRequestSender -- Using open Channel [id: 0x58d5d04d, L:/127.0.0.1:14645 - R:localhost/127.0.0.1:4444] for POST '/wd/hub/session/daea5b79c9f0ba83a548e7f249af2ef6/element'
20:35:37.878 [AsyncHttpClient-1-2] DEBUG org.asynchttpclient.netty.handler.HttpHandler -- 

Request DefaultHttpRequest(decodeResult: success, version: HTTP/1.1)
POST /wd/hub/session/daea5b79c9f0ba83a548e7f249af2ef6/element HTTP/1.1
User-Agent: selenium/4.1.3 (java windows)
traceparent: 00-c5e892895cdb4f7ffea2f45ab6c0c676-78c89167d9f00bfa-01
Content-Length: 79
Content-Type: application/json; charset=utf-8
host: localhost:4444
accept: */*

Response DefaultHttpResponse(decodeResult: success, version: HTTP/1.1)
HTTP/1.1 200 OK
content-type: application/json; charset=utf-8
cache-control: no-cache
content-length: 126

20:35:37.878 [AsyncHttpClient-1-2] DEBUG org.asynchttpclient.netty.channel.ChannelManager -- Adding key: http://localhost:4444 for channel [id: 0x58d5d04d, L:/127.0.0.1:14645 - R:localhost/127.0.0.1:4444]
20:35:37.878 [Forwarding isElementDisplayed on session daea5b79c9f0ba83a548e7f249af2ef6 to remote] DEBUG org.asynchttpclient.netty.request.NettyRequestSender -- Using pooled Channel '[id: 0x58d5d04d, L:/127.0.0.1:14645 - R:localhost/127.0.0.1:4444]' for 'POST' to 'http://localhost:4444/wd/hub/session/daea5b79c9f0ba83a548e7f249af2ef6/execute/sync'
20:35:37.878 [Forwarding isElementDisplayed on session daea5b79c9f0ba83a548e7f249af2ef6 to remote] DEBUG org.asynchttpclient.netty.request.NettyRequestSender -- Using open Channel [id: 0x58d5d04d, L:/127.0.0.1:14645 - R:localhost/127.0.0.1:4444] for POST '/wd/hub/session/daea5b79c9f0ba83a548e7f249af2ef6/execute/sync'
20:35:37.907 [AsyncHttpClient-1-2] DEBUG org.asynchttpclient.netty.handler.HttpHandler -- 

Request DefaultHttpRequest(decodeResult: success, version: HTTP/1.1)
POST /wd/hub/session/daea5b79c9f0ba83a548e7f249af2ef6/execute/sync HTTP/1.1
User-Agent: selenium/4.1.3 (java windows)
traceparent: 00-54f903b0367e62d98a5b0e971489da83-44d8d437803821b0-01
Content-Length: 48818
Content-Type: application/json; charset=utf-8
host: localhost:4444
accept: */*

Response DefaultHttpResponse(decodeResult: success, version: HTTP/1.1)
HTTP/1.1 200 OK
content-type: application/json; charset=utf-8
cache-control: no-cache
content-length: 14

20:35:37.907 [AsyncHttpClient-1-2] DEBUG org.asynchttpclient.netty.channel.ChannelManager -- Adding key: http://localhost:4444 for channel [id: 0x58d5d04d, L:/127.0.0.1:14645 - R:localhost/127.0.0.1:4444]
20:35:38.360 [AsyncHttpClient-1-1] DEBUG org.asynchttpclient.netty.channel.DefaultChannelPool -- Entry count for : http://localhost:4444 : 1
20:35:39.459 [AsyncHttpClient-1-1] DEBUG org.asynchttpclient.netty.channel.DefaultChannelPool -- Entry count for : http://localhost:4444 : 1
20:35:39.910 [Forwarding findElement on session daea5b79c9f0ba83a548e7f249af2ef6 to remote] DEBUG org.asynchttpclient.netty.request.NettyRequestSender -- Using pooled Channel '[id: 0x58d5d04d, L:/127.0.0.1:14645 - R:localhost/127.0.0.1:4444]' for 'POST' to 'http://localhost:4444/wd/hub/session/daea5b79c9f0ba83a548e7f249af2ef6/element'
20:35:39.911 [Forwarding findElement on session daea5b79c9f0ba83a548e7f249af2ef6 to remote] DEBUG org.asynchttpclient.netty.request.NettyRequestSender -- Using open Channel [id: 0x58d5d04d, L:/127.0.0.1:14645 - R:localhost/127.0.0.1:4444] for POST '/wd/hub/session/daea5b79c9f0ba83a548e7f249af2ef6/element'
20:35:39.925 [AsyncHttpClient-1-2] DEBUG org.asynchttpclient.netty.handler.HttpHandler -- 

Request DefaultHttpRequest(decodeResult: success, version: HTTP/1.1)
POST /wd/hub/session/daea5b79c9f0ba83a548e7f249af2ef6/element HTTP/1.1
User-Agent: selenium/4.1.3 (java windows)
traceparent: 00-ae3ea8de186eaf149dffcb9a8e961fa8-b14a7fd0e9c6ad5f-01
Content-Length: 79
Content-Type: application/json; charset=utf-8
host: localhost:4444
accept: */*

Response DefaultHttpResponse(decodeResult: success, version: HTTP/1.1)
HTTP/1.1 200 OK
content-type: application/json; charset=utf-8
cache-control: no-cache
content-length: 126

20:35:39.925 [AsyncHttpClient-1-2] DEBUG org.asynchttpclient.netty.channel.ChannelManager -- Adding key: http://localhost:4444 for channel [id: 0x58d5d04d, L:/127.0.0.1:14645 - R:localhost/127.0.0.1:4444]
20:35:39.927 [Forwarding clickElement on session daea5b79c9f0ba83a548e7f249af2ef6 to remote] DEBUG org.asynchttpclient.netty.request.NettyRequestSender -- Using pooled Channel '[id: 0x58d5d04d, L:/127.0.0.1:14645 - R:localhost/127.0.0.1:4444]' for 'POST' to 'http://localhost:4444/wd/hub/session/daea5b79c9f0ba83a548e7f249af2ef6/element/f.059C9F6744A8E9F3F427F55AECD76B48.d.8A35C5C2BE7EF9887636E23B876BAC05.e.80/click'
20:35:39.927 [Forwarding clickElement on session daea5b79c9f0ba83a548e7f249af2ef6 to remote] DEBUG org.asynchttpclient.netty.request.NettyRequestSender -- Using open Channel [id: 0x58d5d04d, L:/127.0.0.1:14645 - R:localhost/127.0.0.1:4444] for POST '/wd/hub/session/daea5b79c9f0ba83a548e7f249af2ef6/element/f.059C9F6744A8E9F3F427F55AECD76B48.d.8A35C5C2BE7EF9887636E23B876BAC05.e.80/click'
20:35:39.999 [AsyncHttpClient-1-2] DEBUG org.asynchttpclient.netty.handler.HttpHandler -- 

Request DefaultHttpRequest(decodeResult: success, version: HTTP/1.1)
POST /wd/hub/session/daea5b79c9f0ba83a548e7f249af2ef6/element/f.059C9F6744A8E9F3F427F55AECD76B48.d.8A35C5C2BE7EF9887636E23B876BAC05.e.80/click HTTP/1.1
User-Agent: selenium/4.1.3 (java windows)
traceparent: 00-8d623e6d24907c6ed2fd9731e58563bf-7fa66e0a3d29e174-01
Content-Length: 88
Content-Type: application/json; charset=utf-8
host: localhost:4444
accept: */*

Response DefaultHttpResponse(decodeResult: success, version: HTTP/1.1)
HTTP/1.1 200 OK
content-type: application/json; charset=utf-8
cache-control: no-cache
content-length: 14

20:35:39.999 [AsyncHttpClient-1-2] DEBUG org.asynchttpclient.netty.channel.ChannelManager -- Adding key: http://localhost:4444 for channel [id: 0x58d5d04d, L:/127.0.0.1:14645 - R:localhost/127.0.0.1:4444]
]]></system-out>
    <system-err><![CDATA[Aug 29, 2024 8:35:32 PM org.openqa.selenium.remote.ProtocolHandshake createSession
INFO: Detected dialect: W3C
]]></system-err>
  </testcase>
  <testcase name="runScenario[&quot;Verify that Chat button show Properly&quot;, &quot;Optional[Verify Brikroy.com Website work properly]&quot;](4)" classname="TestRunner.TestRunner" time="7.169">
    <system-out><![CDATA[20:35:40.035 [Forwarding newSession on session null to remote] DEBUG org.asynchttpclient.netty.request.NettyRequestSender -- Using pooled Channel '[id: 0x58d5d04d, L:/127.0.0.1:14645 - R:localhost/127.0.0.1:4444]' for 'POST' to 'http://localhost:4444/wd/hub/session'
20:35:40.036 [Forwarding newSession on session null to remote] DEBUG org.asynchttpclient.netty.request.NettyRequestSender -- Using open Channel [id: 0x58d5d04d, L:/127.0.0.1:14645 - R:localhost/127.0.0.1:4444] for POST '/wd/hub/session'
20:35:41.039 [AsyncHttpClient-1-2] DEBUG org.asynchttpclient.netty.handler.HttpHandler -- 

Request DefaultHttpRequest(decodeResult: success, version: HTTP/1.1)
POST /wd/hub/session HTTP/1.1
User-Agent: selenium/4.1.3 (java windows)
traceparent: 00-04942c7b3ca886ecbca2c21bea48bf11-32beab241c977980-01
Content-Length: 341
Content-Type: application/json; charset=utf-8
host: localhost:4444
accept: */*

Response DefaultHttpResponse(decodeResult: success, version: HTTP/1.1)
HTTP/1.1 200 OK
Cache-Control: no-cache
Content-Type: application/json; charset=utf-8
content-length: 1345

20:35:41.039 [AsyncHttpClient-1-2] DEBUG org.asynchttpclient.netty.channel.ChannelManager -- Adding key: http://localhost:4444 for channel [id: 0x58d5d04d, L:/127.0.0.1:14645 - R:localhost/127.0.0.1:4444]
20:35:41.064 [Forwarding setTimeout on session ddf9d6b908b95be0cd459135f9ea543f to remote] DEBUG org.asynchttpclient.netty.request.NettyRequestSender -- Using pooled Channel '[id: 0x58d5d04d, L:/127.0.0.1:14645 - R:localhost/127.0.0.1:4444]' for 'POST' to 'http://localhost:4444/wd/hub/session/ddf9d6b908b95be0cd459135f9ea543f/timeouts'
20:35:41.065 [Forwarding setTimeout on session ddf9d6b908b95be0cd459135f9ea543f to remote] DEBUG org.asynchttpclient.netty.request.NettyRequestSender -- Using open Channel [id: 0x58d5d04d, L:/127.0.0.1:14645 - R:localhost/127.0.0.1:4444] for POST '/wd/hub/session/ddf9d6b908b95be0cd459135f9ea543f/timeouts'
20:35:41.091 [AsyncHttpClient-1-2] DEBUG org.asynchttpclient.netty.handler.HttpHandler -- 

Request DefaultHttpRequest(decodeResult: success, version: HTTP/1.1)
POST /wd/hub/session/ddf9d6b908b95be0cd459135f9ea543f/timeouts HTTP/1.1
User-Agent: selenium/4.1.3 (java windows)
traceparent: 00-b60146beb5e9df4c9f1a6aa1b4640aa1-4b9da947034e2cbb-01
Content-Length: 22
Content-Type: application/json; charset=utf-8
host: localhost:4444
accept: */*

Response DefaultHttpResponse(decodeResult: success, version: HTTP/1.1)
HTTP/1.1 200 OK
content-type: application/json; charset=utf-8
cache-control: no-cache
content-length: 14

20:35:41.091 [AsyncHttpClient-1-2] DEBUG org.asynchttpclient.netty.channel.ChannelManager -- Adding key: http://localhost:4444 for channel [id: 0x58d5d04d, L:/127.0.0.1:14645 - R:localhost/127.0.0.1:4444]
20:35:41.096 [Forwarding maximizeCurrentWindow on session ddf9d6b908b95be0cd459135f9ea543f to remote] DEBUG org.asynchttpclient.netty.request.NettyRequestSender -- Using pooled Channel '[id: 0x58d5d04d, L:/127.0.0.1:14645 - R:localhost/127.0.0.1:4444]' for 'POST' to 'http://localhost:4444/wd/hub/session/ddf9d6b908b95be0cd459135f9ea543f/window/maximize'
20:35:41.096 [Forwarding maximizeCurrentWindow on session ddf9d6b908b95be0cd459135f9ea543f to remote] DEBUG org.asynchttpclient.netty.request.NettyRequestSender -- Using open Channel [id: 0x58d5d04d, L:/127.0.0.1:14645 - R:localhost/127.0.0.1:4444] for POST '/wd/hub/session/ddf9d6b908b95be0cd459135f9ea543f/window/maximize'
20:35:41.151 [AsyncHttpClient-1-2] DEBUG org.asynchttpclient.netty.handler.HttpHandler -- 

Request DefaultHttpRequest(decodeResult: success, version: HTTP/1.1)
POST /wd/hub/session/ddf9d6b908b95be0cd459135f9ea543f/window/maximize HTTP/1.1
User-Agent: selenium/4.1.3 (java windows)
traceparent: 00-74d7fb5380f3c0653410bdad76090038-d34df847eb10228d-01
Content-Length: 3
Content-Type: application/json; charset=utf-8
host: localhost:4444
accept: */*

Response DefaultHttpResponse(decodeResult: success, version: HTTP/1.1)
HTTP/1.1 200 OK
content-type: application/json; charset=utf-8
cache-control: no-cache
content-length: 50

20:35:41.152 [AsyncHttpClient-1-2] DEBUG org.asynchttpclient.netty.channel.ChannelManager -- Adding key: http://localhost:4444 for channel [id: 0x58d5d04d, L:/127.0.0.1:14645 - R:localhost/127.0.0.1:4444]
20:35:41.156 [Forwarding get on session ddf9d6b908b95be0cd459135f9ea543f to remote] DEBUG org.asynchttpclient.netty.request.NettyRequestSender -- Using pooled Channel '[id: 0x58d5d04d, L:/127.0.0.1:14645 - R:localhost/127.0.0.1:4444]' for 'POST' to 'http://localhost:4444/wd/hub/session/ddf9d6b908b95be0cd459135f9ea543f/url'
20:35:41.156 [Forwarding get on session ddf9d6b908b95be0cd459135f9ea543f to remote] DEBUG org.asynchttpclient.netty.request.NettyRequestSender -- Using open Channel [id: 0x58d5d04d, L:/127.0.0.1:14645 - R:localhost/127.0.0.1:4444] for POST '/wd/hub/session/ddf9d6b908b95be0cd459135f9ea543f/url'
20:35:46.958 [AsyncHttpClient-1-2] DEBUG org.asynchttpclient.netty.handler.HttpHandler -- 

Request DefaultHttpRequest(decodeResult: success, version: HTTP/1.1)
POST /wd/hub/session/ddf9d6b908b95be0cd459135f9ea543f/url HTTP/1.1
User-Agent: selenium/4.1.3 (java windows)
traceparent: 00-e4621ba0d07537c0a26b4e3073a02d2b-8bd8abb5269df4ee-01
Content-Length: 57
Content-Type: application/json; charset=utf-8
host: localhost:4444
accept: */*

Response DefaultHttpResponse(decodeResult: success, version: HTTP/1.1)
HTTP/1.1 200 OK
content-type: application/json; charset=utf-8
cache-control: no-cache
content-length: 14

20:35:46.958 [AsyncHttpClient-1-2] DEBUG org.asynchttpclient.netty.channel.ChannelManager -- Adding key: http://localhost:4444 for channel [id: 0x58d5d04d, L:/127.0.0.1:14645 - R:localhost/127.0.0.1:4444]
20:35:46.960 [Forwarding getCurrentUrl on session ddf9d6b908b95be0cd459135f9ea543f to remote] DEBUG org.asynchttpclient.netty.request.NettyRequestSender -- Using pooled Channel '[id: 0x58d5d04d, L:/127.0.0.1:14645 - R:localhost/127.0.0.1:4444]' for 'GET' to 'http://localhost:4444/wd/hub/session/ddf9d6b908b95be0cd459135f9ea543f/url'
20:35:46.960 [Forwarding getCurrentUrl on session ddf9d6b908b95be0cd459135f9ea543f to remote] DEBUG org.asynchttpclient.netty.request.NettyRequestSender -- Using open Channel [id: 0x58d5d04d, L:/127.0.0.1:14645 - R:localhost/127.0.0.1:4444] for GET '/wd/hub/session/ddf9d6b908b95be0cd459135f9ea543f/url'
20:35:46.971 [AsyncHttpClient-1-2] DEBUG org.asynchttpclient.netty.handler.HttpHandler -- 

Request DefaultFullHttpRequest(decodeResult: success, version: HTTP/1.1, content: EmptyByteBufBE)
GET /wd/hub/session/ddf9d6b908b95be0cd459135f9ea543f/url HTTP/1.1
User-Agent: selenium/4.1.3 (java windows)
Cache-Control: no-cache
traceparent: 00-a8ceea965516828b1c4a3c5883cc68ad-d67a9dd5e52be6f7-01
Content-Type: application/json; charset=utf-8
host: localhost:4444
accept: */*

Response DefaultHttpResponse(decodeResult: success, version: HTTP/1.1)
HTTP/1.1 200 OK
content-type: application/json; charset=utf-8
cache-control: no-cache
content-length: 34

20:35:46.971 [AsyncHttpClient-1-2] DEBUG org.asynchttpclient.netty.channel.ChannelManager -- Adding key: http://localhost:4444 for channel [id: 0x58d5d04d, L:/127.0.0.1:14645 - R:localhost/127.0.0.1:4444]
20:35:46.973 [Forwarding findElement on session ddf9d6b908b95be0cd459135f9ea543f to remote] DEBUG org.asynchttpclient.netty.request.NettyRequestSender -- Using pooled Channel '[id: 0x58d5d04d, L:/127.0.0.1:14645 - R:localhost/127.0.0.1:4444]' for 'POST' to 'http://localhost:4444/wd/hub/session/ddf9d6b908b95be0cd459135f9ea543f/element'
20:35:46.974 [Forwarding findElement on session ddf9d6b908b95be0cd459135f9ea543f to remote] DEBUG org.asynchttpclient.netty.request.NettyRequestSender -- Using open Channel [id: 0x58d5d04d, L:/127.0.0.1:14645 - R:localhost/127.0.0.1:4444] for POST '/wd/hub/session/ddf9d6b908b95be0cd459135f9ea543f/element'
20:35:46.992 [AsyncHttpClient-1-2] DEBUG org.asynchttpclient.netty.handler.HttpHandler -- 

Request DefaultHttpRequest(decodeResult: success, version: HTTP/1.1)
POST /wd/hub/session/ddf9d6b908b95be0cd459135f9ea543f/element HTTP/1.1
User-Agent: selenium/4.1.3 (java windows)
traceparent: 00-5b8d7b36abb29d1894232384f563c424-4fea90657c39c982-01
Content-Length: 70
Content-Type: application/json; charset=utf-8
host: localhost:4444
accept: */*

Response DefaultHttpResponse(decodeResult: success, version: HTTP/1.1)
HTTP/1.1 200 OK
content-type: application/json; charset=utf-8
cache-control: no-cache
content-length: 126

20:35:46.992 [AsyncHttpClient-1-2] DEBUG org.asynchttpclient.netty.channel.ChannelManager -- Adding key: http://localhost:4444 for channel [id: 0x58d5d04d, L:/127.0.0.1:14645 - R:localhost/127.0.0.1:4444]
20:35:46.992 [Forwarding isElementDisplayed on session ddf9d6b908b95be0cd459135f9ea543f to remote] DEBUG org.asynchttpclient.netty.request.NettyRequestSender -- Using pooled Channel '[id: 0x58d5d04d, L:/127.0.0.1:14645 - R:localhost/127.0.0.1:4444]' for 'POST' to 'http://localhost:4444/wd/hub/session/ddf9d6b908b95be0cd459135f9ea543f/execute/sync'
20:35:46.992 [Forwarding isElementDisplayed on session ddf9d6b908b95be0cd459135f9ea543f to remote] DEBUG org.asynchttpclient.netty.request.NettyRequestSender -- Using open Channel [id: 0x58d5d04d, L:/127.0.0.1:14645 - R:localhost/127.0.0.1:4444] for POST '/wd/hub/session/ddf9d6b908b95be0cd459135f9ea543f/execute/sync'
20:35:47.023 [AsyncHttpClient-1-2] DEBUG org.asynchttpclient.netty.handler.HttpHandler -- 

Request DefaultHttpRequest(decodeResult: success, version: HTTP/1.1)
POST /wd/hub/session/ddf9d6b908b95be0cd459135f9ea543f/execute/sync HTTP/1.1
User-Agent: selenium/4.1.3 (java windows)
traceparent: 00-804b97a54a11e859ff6da87220c8d467-b762c8d43ce9b8f2-01
Content-Length: 48818
Content-Type: application/json; charset=utf-8
host: localhost:4444
accept: */*

Response DefaultHttpResponse(decodeResult: success, version: HTTP/1.1)
HTTP/1.1 200 OK
content-type: application/json; charset=utf-8
cache-control: no-cache
content-length: 14

20:35:47.024 [AsyncHttpClient-1-2] DEBUG org.asynchttpclient.netty.channel.ChannelManager -- Adding key: http://localhost:4444 for channel [id: 0x58d5d04d, L:/127.0.0.1:14645 - R:localhost/127.0.0.1:4444]
20:35:47.025 [Forwarding findElement on session ddf9d6b908b95be0cd459135f9ea543f to remote] DEBUG org.asynchttpclient.netty.request.NettyRequestSender -- Using pooled Channel '[id: 0x58d5d04d, L:/127.0.0.1:14645 - R:localhost/127.0.0.1:4444]' for 'POST' to 'http://localhost:4444/wd/hub/session/ddf9d6b908b95be0cd459135f9ea543f/element'
20:35:47.025 [Forwarding findElement on session ddf9d6b908b95be0cd459135f9ea543f to remote] DEBUG org.asynchttpclient.netty.request.NettyRequestSender -- Using open Channel [id: 0x58d5d04d, L:/127.0.0.1:14645 - R:localhost/127.0.0.1:4444] for POST '/wd/hub/session/ddf9d6b908b95be0cd459135f9ea543f/element'
20:35:47.042 [AsyncHttpClient-1-2] DEBUG org.asynchttpclient.netty.handler.HttpHandler -- 

Request DefaultHttpRequest(decodeResult: success, version: HTTP/1.1)
POST /wd/hub/session/ddf9d6b908b95be0cd459135f9ea543f/element HTTP/1.1
User-Agent: selenium/4.1.3 (java windows)
traceparent: 00-a31360078417e014c862f6b696198228-09c135f365fa6717-01
Content-Length: 70
Content-Type: application/json; charset=utf-8
host: localhost:4444
accept: */*

Response DefaultHttpResponse(decodeResult: success, version: HTTP/1.1)
HTTP/1.1 200 OK
content-type: application/json; charset=utf-8
cache-control: no-cache
content-length: 126

20:35:47.042 [AsyncHttpClient-1-2] DEBUG org.asynchttpclient.netty.channel.ChannelManager -- Adding key: http://localhost:4444 for channel [id: 0x58d5d04d, L:/127.0.0.1:14645 - R:localhost/127.0.0.1:4444]
20:35:47.044 [Forwarding clickElement on session ddf9d6b908b95be0cd459135f9ea543f to remote] DEBUG org.asynchttpclient.netty.request.NettyRequestSender -- Using pooled Channel '[id: 0x58d5d04d, L:/127.0.0.1:14645 - R:localhost/127.0.0.1:4444]' for 'POST' to 'http://localhost:4444/wd/hub/session/ddf9d6b908b95be0cd459135f9ea543f/element/f.11C9EE3EEEB842D6D671E44BD29188CA.d.5DC142777F5406244354D9BCE0D96737.e.87/click'
20:35:47.044 [Forwarding clickElement on session ddf9d6b908b95be0cd459135f9ea543f to remote] DEBUG org.asynchttpclient.netty.request.NettyRequestSender -- Using open Channel [id: 0x58d5d04d, L:/127.0.0.1:14645 - R:localhost/127.0.0.1:4444] for POST '/wd/hub/session/ddf9d6b908b95be0cd459135f9ea543f/element/f.11C9EE3EEEB842D6D671E44BD29188CA.d.5DC142777F5406244354D9BCE0D96737.e.87/click'
20:35:47.175 [AsyncHttpClient-1-2] DEBUG org.asynchttpclient.netty.handler.HttpHandler -- 

Request DefaultHttpRequest(decodeResult: success, version: HTTP/1.1)
POST /wd/hub/session/ddf9d6b908b95be0cd459135f9ea543f/element/f.11C9EE3EEEB842D6D671E44BD29188CA.d.5DC142777F5406244354D9BCE0D96737.e.87/click HTTP/1.1
User-Agent: selenium/4.1.3 (java windows)
traceparent: 00-89814f9f4b324df0e73df5e0d17800c0-7ca9ee81a773e0d6-01
Content-Length: 88
Content-Type: application/json; charset=utf-8
host: localhost:4444
accept: */*

Response DefaultHttpResponse(decodeResult: success, version: HTTP/1.1)
HTTP/1.1 200 OK
content-type: application/json; charset=utf-8
cache-control: no-cache
content-length: 14

20:35:47.175 [AsyncHttpClient-1-2] DEBUG org.asynchttpclient.netty.channel.ChannelManager -- Adding key: http://localhost:4444 for channel [id: 0x58d5d04d, L:/127.0.0.1:14645 - R:localhost/127.0.0.1:4444]
]]></system-out>
    <system-err><![CDATA[Aug 29, 2024 8:35:41 PM org.openqa.selenium.remote.ProtocolHandshake createSession
INFO: Detected dialect: W3C
]]></system-err>
  </testcase>
  <testcase name="runScenario[&quot;Verify that Login button show Properly&quot;, &quot;Optional[Verify Brikroy.com Website work properly]&quot;](5)" classname="TestRunner.TestRunner" time="7.845">
    <system-out><![CDATA[20:35:47.236 [Forwarding newSession on session null to remote] DEBUG org.asynchttpclient.netty.request.NettyRequestSender -- Using pooled Channel '[id: 0x58d5d04d, L:/127.0.0.1:14645 - R:localhost/127.0.0.1:4444]' for 'POST' to 'http://localhost:4444/wd/hub/session'
20:35:47.236 [Forwarding newSession on session null to remote] DEBUG org.asynchttpclient.netty.request.NettyRequestSender -- Using open Channel [id: 0x58d5d04d, L:/127.0.0.1:14645 - R:localhost/127.0.0.1:4444] for POST '/wd/hub/session'
20:35:48.303 [AsyncHttpClient-1-2] DEBUG org.asynchttpclient.netty.handler.HttpHandler -- 

Request DefaultHttpRequest(decodeResult: success, version: HTTP/1.1)
POST /wd/hub/session HTTP/1.1
User-Agent: selenium/4.1.3 (java windows)
traceparent: 00-af0ae788a8f2b2720448cee5690d7195-cbeeea2754596d5c-01
Content-Length: 341
Content-Type: application/json; charset=utf-8
host: localhost:4444
accept: */*

Response DefaultHttpResponse(decodeResult: success, version: HTTP/1.1)
HTTP/1.1 200 OK
Cache-Control: no-cache
Content-Type: application/json; charset=utf-8
content-length: 1345

20:35:48.303 [AsyncHttpClient-1-2] DEBUG org.asynchttpclient.netty.channel.ChannelManager -- Adding key: http://localhost:4444 for channel [id: 0x58d5d04d, L:/127.0.0.1:14645 - R:localhost/127.0.0.1:4444]
20:35:48.312 [Forwarding setTimeout on session 420981bebd080013eb4fb858bd09c35a to remote] DEBUG org.asynchttpclient.netty.request.NettyRequestSender -- Using pooled Channel '[id: 0x58d5d04d, L:/127.0.0.1:14645 - R:localhost/127.0.0.1:4444]' for 'POST' to 'http://localhost:4444/wd/hub/session/420981bebd080013eb4fb858bd09c35a/timeouts'
20:35:48.312 [Forwarding setTimeout on session 420981bebd080013eb4fb858bd09c35a to remote] DEBUG org.asynchttpclient.netty.request.NettyRequestSender -- Using open Channel [id: 0x58d5d04d, L:/127.0.0.1:14645 - R:localhost/127.0.0.1:4444] for POST '/wd/hub/session/420981bebd080013eb4fb858bd09c35a/timeouts'
20:35:48.319 [AsyncHttpClient-1-2] DEBUG org.asynchttpclient.netty.handler.HttpHandler -- 

Request DefaultHttpRequest(decodeResult: success, version: HTTP/1.1)
POST /wd/hub/session/420981bebd080013eb4fb858bd09c35a/timeouts HTTP/1.1
User-Agent: selenium/4.1.3 (java windows)
traceparent: 00-7edee3a67d14d522fd00bc995a8e4907-59e9aea2bea310fb-01
Content-Length: 22
Content-Type: application/json; charset=utf-8
host: localhost:4444
accept: */*

Response DefaultHttpResponse(decodeResult: success, version: HTTP/1.1)
HTTP/1.1 200 OK
content-type: application/json; charset=utf-8
cache-control: no-cache
content-length: 14

20:35:48.319 [AsyncHttpClient-1-2] DEBUG org.asynchttpclient.netty.channel.ChannelManager -- Adding key: http://localhost:4444 for channel [id: 0x58d5d04d, L:/127.0.0.1:14645 - R:localhost/127.0.0.1:4444]
20:35:48.321 [Forwarding maximizeCurrentWindow on session 420981bebd080013eb4fb858bd09c35a to remote] DEBUG org.asynchttpclient.netty.request.NettyRequestSender -- Using pooled Channel '[id: 0x58d5d04d, L:/127.0.0.1:14645 - R:localhost/127.0.0.1:4444]' for 'POST' to 'http://localhost:4444/wd/hub/session/420981bebd080013eb4fb858bd09c35a/window/maximize'
20:35:48.321 [Forwarding maximizeCurrentWindow on session 420981bebd080013eb4fb858bd09c35a to remote] DEBUG org.asynchttpclient.netty.request.NettyRequestSender -- Using open Channel [id: 0x58d5d04d, L:/127.0.0.1:14645 - R:localhost/127.0.0.1:4444] for POST '/wd/hub/session/420981bebd080013eb4fb858bd09c35a/window/maximize'
20:35:48.352 [AsyncHttpClient-1-2] DEBUG org.asynchttpclient.netty.handler.HttpHandler -- 

Request DefaultHttpRequest(decodeResult: success, version: HTTP/1.1)
POST /wd/hub/session/420981bebd080013eb4fb858bd09c35a/window/maximize HTTP/1.1
User-Agent: selenium/4.1.3 (java windows)
traceparent: 00-13c248dcc4f808b20e058e5739155ae8-11c20e4c10841a5f-01
Content-Length: 3
Content-Type: application/json; charset=utf-8
host: localhost:4444
accept: */*

Response DefaultHttpResponse(decodeResult: success, version: HTTP/1.1)
HTTP/1.1 200 OK
content-type: application/json; charset=utf-8
cache-control: no-cache
content-length: 50

20:35:48.353 [AsyncHttpClient-1-2] DEBUG org.asynchttpclient.netty.channel.ChannelManager -- Adding key: http://localhost:4444 for channel [id: 0x58d5d04d, L:/127.0.0.1:14645 - R:localhost/127.0.0.1:4444]
20:35:48.355 [Forwarding get on session 420981bebd080013eb4fb858bd09c35a to remote] DEBUG org.asynchttpclient.netty.request.NettyRequestSender -- Using pooled Channel '[id: 0x58d5d04d, L:/127.0.0.1:14645 - R:localhost/127.0.0.1:4444]' for 'POST' to 'http://localhost:4444/wd/hub/session/420981bebd080013eb4fb858bd09c35a/url'
20:35:48.355 [Forwarding get on session 420981bebd080013eb4fb858bd09c35a to remote] DEBUG org.asynchttpclient.netty.request.NettyRequestSender -- Using open Channel [id: 0x58d5d04d, L:/127.0.0.1:14645 - R:localhost/127.0.0.1:4444] for POST '/wd/hub/session/420981bebd080013eb4fb858bd09c35a/url'
20:35:52.873 [AsyncHttpClient-1-2] DEBUG org.asynchttpclient.netty.handler.HttpHandler -- 

Request DefaultHttpRequest(decodeResult: success, version: HTTP/1.1)
POST /wd/hub/session/420981bebd080013eb4fb858bd09c35a/url HTTP/1.1
User-Agent: selenium/4.1.3 (java windows)
traceparent: 00-de2c0d14bfedb16d9a33dbda97ed4514-6bf1dd9dbcbca80c-01
Content-Length: 57
Content-Type: application/json; charset=utf-8
host: localhost:4444
accept: */*

Response DefaultHttpResponse(decodeResult: success, version: HTTP/1.1)
HTTP/1.1 200 OK
content-type: application/json; charset=utf-8
cache-control: no-cache
content-length: 14

20:35:52.873 [AsyncHttpClient-1-2] DEBUG org.asynchttpclient.netty.channel.ChannelManager -- Adding key: http://localhost:4444 for channel [id: 0x58d5d04d, L:/127.0.0.1:14645 - R:localhost/127.0.0.1:4444]
20:35:52.875 [Forwarding getCurrentUrl on session 420981bebd080013eb4fb858bd09c35a to remote] DEBUG org.asynchttpclient.netty.request.NettyRequestSender -- Using pooled Channel '[id: 0x58d5d04d, L:/127.0.0.1:14645 - R:localhost/127.0.0.1:4444]' for 'GET' to 'http://localhost:4444/wd/hub/session/420981bebd080013eb4fb858bd09c35a/url'
20:35:52.875 [Forwarding getCurrentUrl on session 420981bebd080013eb4fb858bd09c35a to remote] DEBUG org.asynchttpclient.netty.request.NettyRequestSender -- Using open Channel [id: 0x58d5d04d, L:/127.0.0.1:14645 - R:localhost/127.0.0.1:4444] for GET '/wd/hub/session/420981bebd080013eb4fb858bd09c35a/url'
20:35:52.890 [AsyncHttpClient-1-2] DEBUG org.asynchttpclient.netty.handler.HttpHandler -- 

Request DefaultFullHttpRequest(decodeResult: success, version: HTTP/1.1, content: EmptyByteBufBE)
GET /wd/hub/session/420981bebd080013eb4fb858bd09c35a/url HTTP/1.1
User-Agent: selenium/4.1.3 (java windows)
Cache-Control: no-cache
traceparent: 00-192b0e74abd449d46ed7dad2438209e0-e809b9f344cd99b6-01
Content-Type: application/json; charset=utf-8
host: localhost:4444
accept: */*

Response DefaultHttpResponse(decodeResult: success, version: HTTP/1.1)
HTTP/1.1 200 OK
content-type: application/json; charset=utf-8
cache-control: no-cache
content-length: 34

20:35:52.891 [AsyncHttpClient-1-2] DEBUG org.asynchttpclient.netty.channel.ChannelManager -- Adding key: http://localhost:4444 for channel [id: 0x58d5d04d, L:/127.0.0.1:14645 - R:localhost/127.0.0.1:4444]
20:35:53.758 [AsyncHttpClient-1-1] DEBUG org.asynchttpclient.netty.channel.DefaultChannelPool -- Entry count for : http://localhost:4444 : 1
20:35:54.864 [AsyncHttpClient-1-1] DEBUG org.asynchttpclient.netty.channel.DefaultChannelPool -- Entry count for : http://localhost:4444 : 1
20:35:54.905 [Forwarding findElement on session 420981bebd080013eb4fb858bd09c35a to remote] DEBUG org.asynchttpclient.netty.request.NettyRequestSender -- Using pooled Channel '[id: 0x58d5d04d, L:/127.0.0.1:14645 - R:localhost/127.0.0.1:4444]' for 'POST' to 'http://localhost:4444/wd/hub/session/420981bebd080013eb4fb858bd09c35a/element'
20:35:54.905 [Forwarding findElement on session 420981bebd080013eb4fb858bd09c35a to remote] DEBUG org.asynchttpclient.netty.request.NettyRequestSender -- Using open Channel [id: 0x58d5d04d, L:/127.0.0.1:14645 - R:localhost/127.0.0.1:4444] for POST '/wd/hub/session/420981bebd080013eb4fb858bd09c35a/element'
20:35:54.920 [AsyncHttpClient-1-2] DEBUG org.asynchttpclient.netty.handler.HttpHandler -- 

Request DefaultHttpRequest(decodeResult: success, version: HTTP/1.1)
POST /wd/hub/session/420981bebd080013eb4fb858bd09c35a/element HTTP/1.1
User-Agent: selenium/4.1.3 (java windows)
traceparent: 00-b9b3bef3b7fe1c0dbe4eb072bfbddea1-af3f0ad040da7d0c-01
Content-Length: 71
Content-Type: application/json; charset=utf-8
host: localhost:4444
accept: */*

Response DefaultHttpResponse(decodeResult: success, version: HTTP/1.1)
HTTP/1.1 200 OK
content-type: application/json; charset=utf-8
cache-control: no-cache
content-length: 126

20:35:54.920 [AsyncHttpClient-1-2] DEBUG org.asynchttpclient.netty.channel.ChannelManager -- Adding key: http://localhost:4444 for channel [id: 0x58d5d04d, L:/127.0.0.1:14645 - R:localhost/127.0.0.1:4444]
20:35:54.921 [Forwarding isElementDisplayed on session 420981bebd080013eb4fb858bd09c35a to remote] DEBUG org.asynchttpclient.netty.request.NettyRequestSender -- Using pooled Channel '[id: 0x58d5d04d, L:/127.0.0.1:14645 - R:localhost/127.0.0.1:4444]' for 'POST' to 'http://localhost:4444/wd/hub/session/420981bebd080013eb4fb858bd09c35a/execute/sync'
20:35:54.921 [Forwarding isElementDisplayed on session 420981bebd080013eb4fb858bd09c35a to remote] DEBUG org.asynchttpclient.netty.request.NettyRequestSender -- Using open Channel [id: 0x58d5d04d, L:/127.0.0.1:14645 - R:localhost/127.0.0.1:4444] for POST '/wd/hub/session/420981bebd080013eb4fb858bd09c35a/execute/sync'
20:35:54.936 [AsyncHttpClient-1-2] DEBUG org.asynchttpclient.netty.handler.HttpHandler -- 

Request DefaultHttpRequest(decodeResult: success, version: HTTP/1.1)
POST /wd/hub/session/420981bebd080013eb4fb858bd09c35a/execute/sync HTTP/1.1
User-Agent: selenium/4.1.3 (java windows)
traceparent: 00-6754c121307145967dbc0557865f7c98-3d295504fe80dd45-01
Content-Length: 48818
Content-Type: application/json; charset=utf-8
host: localhost:4444
accept: */*

Response DefaultHttpResponse(decodeResult: success, version: HTTP/1.1)
HTTP/1.1 200 OK
content-type: application/json; charset=utf-8
cache-control: no-cache
content-length: 14

20:35:54.936 [AsyncHttpClient-1-2] DEBUG org.asynchttpclient.netty.channel.ChannelManager -- Adding key: http://localhost:4444 for channel [id: 0x58d5d04d, L:/127.0.0.1:14645 - R:localhost/127.0.0.1:4444]
20:35:54.936 [Forwarding findElement on session 420981bebd080013eb4fb858bd09c35a to remote] DEBUG org.asynchttpclient.netty.request.NettyRequestSender -- Using pooled Channel '[id: 0x58d5d04d, L:/127.0.0.1:14645 - R:localhost/127.0.0.1:4444]' for 'POST' to 'http://localhost:4444/wd/hub/session/420981bebd080013eb4fb858bd09c35a/element'
20:35:54.936 [Forwarding findElement on session 420981bebd080013eb4fb858bd09c35a to remote] DEBUG org.asynchttpclient.netty.request.NettyRequestSender -- Using open Channel [id: 0x58d5d04d, L:/127.0.0.1:14645 - R:localhost/127.0.0.1:4444] for POST '/wd/hub/session/420981bebd080013eb4fb858bd09c35a/element'
20:35:54.952 [AsyncHttpClient-1-2] DEBUG org.asynchttpclient.netty.handler.HttpHandler -- 

Request DefaultHttpRequest(decodeResult: success, version: HTTP/1.1)
POST /wd/hub/session/420981bebd080013eb4fb858bd09c35a/element HTTP/1.1
User-Agent: selenium/4.1.3 (java windows)
traceparent: 00-304f7827e4963b85a07e5ae5733ada7d-baddebc3c588ee95-01
Content-Length: 71
Content-Type: application/json; charset=utf-8
host: localhost:4444
accept: */*

Response DefaultHttpResponse(decodeResult: success, version: HTTP/1.1)
HTTP/1.1 200 OK
content-type: application/json; charset=utf-8
cache-control: no-cache
content-length: 126

20:35:54.952 [AsyncHttpClient-1-2] DEBUG org.asynchttpclient.netty.channel.ChannelManager -- Adding key: http://localhost:4444 for channel [id: 0x58d5d04d, L:/127.0.0.1:14645 - R:localhost/127.0.0.1:4444]
20:35:54.952 [Forwarding clickElement on session 420981bebd080013eb4fb858bd09c35a to remote] DEBUG org.asynchttpclient.netty.request.NettyRequestSender -- Using pooled Channel '[id: 0x58d5d04d, L:/127.0.0.1:14645 - R:localhost/127.0.0.1:4444]' for 'POST' to 'http://localhost:4444/wd/hub/session/420981bebd080013eb4fb858bd09c35a/element/f.3BA1F0C52F2605C09DD1951ED29DA254.d.EC6BC2594F90B766706CB05672E387FC.e.84/click'
20:35:54.952 [Forwarding clickElement on session 420981bebd080013eb4fb858bd09c35a to remote] DEBUG org.asynchttpclient.netty.request.NettyRequestSender -- Using open Channel [id: 0x58d5d04d, L:/127.0.0.1:14645 - R:localhost/127.0.0.1:4444] for POST '/wd/hub/session/420981bebd080013eb4fb858bd09c35a/element/f.3BA1F0C52F2605C09DD1951ED29DA254.d.EC6BC2594F90B766706CB05672E387FC.e.84/click'
20:35:55.028 [AsyncHttpClient-1-2] DEBUG org.asynchttpclient.netty.handler.HttpHandler -- 

Request DefaultHttpRequest(decodeResult: success, version: HTTP/1.1)
POST /wd/hub/session/420981bebd080013eb4fb858bd09c35a/element/f.3BA1F0C52F2605C09DD1951ED29DA254.d.EC6BC2594F90B766706CB05672E387FC.e.84/click HTTP/1.1
User-Agent: selenium/4.1.3 (java windows)
traceparent: 00-eaa899b997a575f673c15797d44ecad3-8ba054b1bea9a929-01
Content-Length: 88
Content-Type: application/json; charset=utf-8
host: localhost:4444
accept: */*

Response DefaultHttpResponse(decodeResult: success, version: HTTP/1.1)
HTTP/1.1 200 OK
content-type: application/json; charset=utf-8
cache-control: no-cache
content-length: 14

20:35:55.028 [AsyncHttpClient-1-2] DEBUG org.asynchttpclient.netty.channel.ChannelManager -- Adding key: http://localhost:4444 for channel [id: 0x58d5d04d, L:/127.0.0.1:14645 - R:localhost/127.0.0.1:4444]
]]></system-out>
    <system-err><![CDATA[Aug 29, 2024 8:35:48 PM org.openqa.selenium.remote.ProtocolHandshake createSession
INFO: Detected dialect: W3C
]]></system-err>
  </testcase>
  <testcase name="runScenario[&quot;Verify that POST YOUR AD button show Properly&quot;, &quot;Optional[Verify Brikroy.com Website work properly]&quot;](6)" classname="TestRunner.TestRunner" time="10.859">
    <system-out><![CDATA[20:35:55.066 [Forwarding newSession on session null to remote] DEBUG org.asynchttpclient.netty.request.NettyRequestSender -- Using pooled Channel '[id: 0x58d5d04d, L:/127.0.0.1:14645 - R:localhost/127.0.0.1:4444]' for 'POST' to 'http://localhost:4444/wd/hub/session'
20:35:55.067 [Forwarding newSession on session null to remote] DEBUG org.asynchttpclient.netty.request.NettyRequestSender -- Using open Channel [id: 0x58d5d04d, L:/127.0.0.1:14645 - R:localhost/127.0.0.1:4444] for POST '/wd/hub/session'
20:35:56.106 [AsyncHttpClient-1-2] DEBUG org.asynchttpclient.netty.handler.HttpHandler -- 

Request DefaultHttpRequest(decodeResult: success, version: HTTP/1.1)
POST /wd/hub/session HTTP/1.1
User-Agent: selenium/4.1.3 (java windows)
traceparent: 00-62b37372f9c23a194695de0e2a9ab0c7-795e1a1054d2ac13-01
Content-Length: 341
Content-Type: application/json; charset=utf-8
host: localhost:4444
accept: */*

Response DefaultHttpResponse(decodeResult: success, version: HTTP/1.1)
HTTP/1.1 200 OK
Cache-Control: no-cache
Content-Type: application/json; charset=utf-8
content-length: 1343

20:35:56.106 [AsyncHttpClient-1-2] DEBUG org.asynchttpclient.netty.channel.ChannelManager -- Adding key: http://localhost:4444 for channel [id: 0x58d5d04d, L:/127.0.0.1:14645 - R:localhost/127.0.0.1:4444]
20:35:56.113 [Forwarding setTimeout on session e4af0269e131708f85549e6612e6dc82 to remote] DEBUG org.asynchttpclient.netty.request.NettyRequestSender -- Using pooled Channel '[id: 0x58d5d04d, L:/127.0.0.1:14645 - R:localhost/127.0.0.1:4444]' for 'POST' to 'http://localhost:4444/wd/hub/session/e4af0269e131708f85549e6612e6dc82/timeouts'
20:35:56.113 [Forwarding setTimeout on session e4af0269e131708f85549e6612e6dc82 to remote] DEBUG org.asynchttpclient.netty.request.NettyRequestSender -- Using open Channel [id: 0x58d5d04d, L:/127.0.0.1:14645 - R:localhost/127.0.0.1:4444] for POST '/wd/hub/session/e4af0269e131708f85549e6612e6dc82/timeouts'
20:35:56.128 [AsyncHttpClient-1-2] DEBUG org.asynchttpclient.netty.handler.HttpHandler -- 

Request DefaultHttpRequest(decodeResult: success, version: HTTP/1.1)
POST /wd/hub/session/e4af0269e131708f85549e6612e6dc82/timeouts HTTP/1.1
User-Agent: selenium/4.1.3 (java windows)
traceparent: 00-a7c3c80ed6fd7186f570a6fb31abdcdb-a1ded35e2d1219c7-01
Content-Length: 22
Content-Type: application/json; charset=utf-8
host: localhost:4444
accept: */*

Response DefaultHttpResponse(decodeResult: success, version: HTTP/1.1)
HTTP/1.1 200 OK
content-type: application/json; charset=utf-8
cache-control: no-cache
content-length: 14

20:35:56.129 [AsyncHttpClient-1-2] DEBUG org.asynchttpclient.netty.channel.ChannelManager -- Adding key: http://localhost:4444 for channel [id: 0x58d5d04d, L:/127.0.0.1:14645 - R:localhost/127.0.0.1:4444]
20:35:56.131 [Forwarding maximizeCurrentWindow on session e4af0269e131708f85549e6612e6dc82 to remote] DEBUG org.asynchttpclient.netty.request.NettyRequestSender -- Using pooled Channel '[id: 0x58d5d04d, L:/127.0.0.1:14645 - R:localhost/127.0.0.1:4444]' for 'POST' to 'http://localhost:4444/wd/hub/session/e4af0269e131708f85549e6612e6dc82/window/maximize'
20:35:56.131 [Forwarding maximizeCurrentWindow on session e4af0269e131708f85549e6612e6dc82 to remote] DEBUG org.asynchttpclient.netty.request.NettyRequestSender -- Using open Channel [id: 0x58d5d04d, L:/127.0.0.1:14645 - R:localhost/127.0.0.1:4444] for POST '/wd/hub/session/e4af0269e131708f85549e6612e6dc82/window/maximize'
20:35:56.168 [AsyncHttpClient-1-2] DEBUG org.asynchttpclient.netty.handler.HttpHandler -- 

Request DefaultHttpRequest(decodeResult: success, version: HTTP/1.1)
POST /wd/hub/session/e4af0269e131708f85549e6612e6dc82/window/maximize HTTP/1.1
User-Agent: selenium/4.1.3 (java windows)
traceparent: 00-a132feb091cc89141740aac261dc6bc3-dbb5eab88eac4d6a-01
Content-Length: 3
Content-Type: application/json; charset=utf-8
host: localhost:4444
accept: */*

Response DefaultHttpResponse(decodeResult: success, version: HTTP/1.1)
HTTP/1.1 200 OK
content-type: application/json; charset=utf-8
cache-control: no-cache
content-length: 50

20:35:56.169 [AsyncHttpClient-1-2] DEBUG org.asynchttpclient.netty.channel.ChannelManager -- Adding key: http://localhost:4444 for channel [id: 0x58d5d04d, L:/127.0.0.1:14645 - R:localhost/127.0.0.1:4444]
20:35:56.172 [Forwarding get on session e4af0269e131708f85549e6612e6dc82 to remote] DEBUG org.asynchttpclient.netty.request.NettyRequestSender -- Using pooled Channel '[id: 0x58d5d04d, L:/127.0.0.1:14645 - R:localhost/127.0.0.1:4444]' for 'POST' to 'http://localhost:4444/wd/hub/session/e4af0269e131708f85549e6612e6dc82/url'
20:35:56.173 [Forwarding get on session e4af0269e131708f85549e6612e6dc82 to remote] DEBUG org.asynchttpclient.netty.request.NettyRequestSender -- Using open Channel [id: 0x58d5d04d, L:/127.0.0.1:14645 - R:localhost/127.0.0.1:4444] for POST '/wd/hub/session/e4af0269e131708f85549e6612e6dc82/url'
20:36:03.591 [AsyncHttpClient-1-2] DEBUG org.asynchttpclient.netty.handler.HttpHandler -- 

Request DefaultHttpRequest(decodeResult: success, version: HTTP/1.1)
POST /wd/hub/session/e4af0269e131708f85549e6612e6dc82/url HTTP/1.1
User-Agent: selenium/4.1.3 (java windows)
traceparent: 00-e0c1a13406a1f511c965fc0a95ccf20c-3fd8ba38ee3710d0-01
Content-Length: 57
Content-Type: application/json; charset=utf-8
host: localhost:4444
accept: */*

Response DefaultHttpResponse(decodeResult: success, version: HTTP/1.1)
HTTP/1.1 200 OK
content-type: application/json; charset=utf-8
cache-control: no-cache
content-length: 14

20:36:03.591 [AsyncHttpClient-1-2] DEBUG org.asynchttpclient.netty.channel.ChannelManager -- Adding key: http://localhost:4444 for channel [id: 0x58d5d04d, L:/127.0.0.1:14645 - R:localhost/127.0.0.1:4444]
20:36:03.592 [Forwarding getCurrentUrl on session e4af0269e131708f85549e6612e6dc82 to remote] DEBUG org.asynchttpclient.netty.request.NettyRequestSender -- Using pooled Channel '[id: 0x58d5d04d, L:/127.0.0.1:14645 - R:localhost/127.0.0.1:4444]' for 'GET' to 'http://localhost:4444/wd/hub/session/e4af0269e131708f85549e6612e6dc82/url'
20:36:03.593 [Forwarding getCurrentUrl on session e4af0269e131708f85549e6612e6dc82 to remote] DEBUG org.asynchttpclient.netty.request.NettyRequestSender -- Using open Channel [id: 0x58d5d04d, L:/127.0.0.1:14645 - R:localhost/127.0.0.1:4444] for GET '/wd/hub/session/e4af0269e131708f85549e6612e6dc82/url'
20:36:03.600 [AsyncHttpClient-1-2] DEBUG org.asynchttpclient.netty.handler.HttpHandler -- 

Request DefaultFullHttpRequest(decodeResult: success, version: HTTP/1.1, content: EmptyByteBufBE)
GET /wd/hub/session/e4af0269e131708f85549e6612e6dc82/url HTTP/1.1
User-Agent: selenium/4.1.3 (java windows)
Cache-Control: no-cache
traceparent: 00-dcf8adb85fd6d0870d3a0a36233ec4e8-d6376a9248ddb10f-01
Content-Type: application/json; charset=utf-8
host: localhost:4444
accept: */*

Response DefaultHttpResponse(decodeResult: success, version: HTTP/1.1)
HTTP/1.1 200 OK
content-type: application/json; charset=utf-8
cache-control: no-cache
content-length: 34

20:36:03.600 [AsyncHttpClient-1-2] DEBUG org.asynchttpclient.netty.channel.ChannelManager -- Adding key: http://localhost:4444 for channel [id: 0x58d5d04d, L:/127.0.0.1:14645 - R:localhost/127.0.0.1:4444]
20:36:03.663 [AsyncHttpClient-1-1] DEBUG org.asynchttpclient.netty.channel.DefaultChannelPool -- Entry count for : http://localhost:4444 : 1
20:36:04.757 [AsyncHttpClient-1-1] DEBUG org.asynchttpclient.netty.channel.DefaultChannelPool -- Entry count for : http://localhost:4444 : 1
20:36:05.602 [Forwarding findElement on session e4af0269e131708f85549e6612e6dc82 to remote] DEBUG org.asynchttpclient.netty.request.NettyRequestSender -- Using pooled Channel '[id: 0x58d5d04d, L:/127.0.0.1:14645 - R:localhost/127.0.0.1:4444]' for 'POST' to 'http://localhost:4444/wd/hub/session/e4af0269e131708f85549e6612e6dc82/element'
20:36:05.602 [Forwarding findElement on session e4af0269e131708f85549e6612e6dc82 to remote] DEBUG org.asynchttpclient.netty.request.NettyRequestSender -- Using open Channel [id: 0x58d5d04d, L:/127.0.0.1:14645 - R:localhost/127.0.0.1:4444] for POST '/wd/hub/session/e4af0269e131708f85549e6612e6dc82/element'
20:36:05.632 [AsyncHttpClient-1-2] DEBUG org.asynchttpclient.netty.handler.HttpHandler -- 

Request DefaultHttpRequest(decodeResult: success, version: HTTP/1.1)
POST /wd/hub/session/e4af0269e131708f85549e6612e6dc82/element HTTP/1.1
User-Agent: selenium/4.1.3 (java windows)
traceparent: 00-a5516c29378efba55a4ccc5a3ea554d1-8964cdf913dfa041-01
Content-Length: 89
Content-Type: application/json; charset=utf-8
host: localhost:4444
accept: */*

Response DefaultHttpResponse(decodeResult: success, version: HTTP/1.1)
HTTP/1.1 200 OK
content-type: application/json; charset=utf-8
cache-control: no-cache
content-length: 126

20:36:05.632 [AsyncHttpClient-1-2] DEBUG org.asynchttpclient.netty.channel.ChannelManager -- Adding key: http://localhost:4444 for channel [id: 0x58d5d04d, L:/127.0.0.1:14645 - R:localhost/127.0.0.1:4444]
20:36:05.635 [Forwarding isElementDisplayed on session e4af0269e131708f85549e6612e6dc82 to remote] DEBUG org.asynchttpclient.netty.request.NettyRequestSender -- Using pooled Channel '[id: 0x58d5d04d, L:/127.0.0.1:14645 - R:localhost/127.0.0.1:4444]' for 'POST' to 'http://localhost:4444/wd/hub/session/e4af0269e131708f85549e6612e6dc82/execute/sync'
20:36:05.635 [Forwarding isElementDisplayed on session e4af0269e131708f85549e6612e6dc82 to remote] DEBUG org.asynchttpclient.netty.request.NettyRequestSender -- Using open Channel [id: 0x58d5d04d, L:/127.0.0.1:14645 - R:localhost/127.0.0.1:4444] for POST '/wd/hub/session/e4af0269e131708f85549e6612e6dc82/execute/sync'
20:36:05.670 [AsyncHttpClient-1-2] DEBUG org.asynchttpclient.netty.handler.HttpHandler -- 

Request DefaultHttpRequest(decodeResult: success, version: HTTP/1.1)
POST /wd/hub/session/e4af0269e131708f85549e6612e6dc82/execute/sync HTTP/1.1
User-Agent: selenium/4.1.3 (java windows)
traceparent: 00-6a13c3d3b1feb0fc4f2c21f81934059c-ceaeaddd7fe274c2-01
Content-Length: 48818
Content-Type: application/json; charset=utf-8
host: localhost:4444
accept: */*

Response DefaultHttpResponse(decodeResult: success, version: HTTP/1.1)
HTTP/1.1 200 OK
content-type: application/json; charset=utf-8
cache-control: no-cache
content-length: 14

20:36:05.670 [AsyncHttpClient-1-2] DEBUG org.asynchttpclient.netty.channel.ChannelManager -- Adding key: http://localhost:4444 for channel [id: 0x58d5d04d, L:/127.0.0.1:14645 - R:localhost/127.0.0.1:4444]
20:36:05.670 [Forwarding findElement on session e4af0269e131708f85549e6612e6dc82 to remote] DEBUG org.asynchttpclient.netty.request.NettyRequestSender -- Using pooled Channel '[id: 0x58d5d04d, L:/127.0.0.1:14645 - R:localhost/127.0.0.1:4444]' for 'POST' to 'http://localhost:4444/wd/hub/session/e4af0269e131708f85549e6612e6dc82/element'
20:36:05.670 [Forwarding findElement on session e4af0269e131708f85549e6612e6dc82 to remote] DEBUG org.asynchttpclient.netty.request.NettyRequestSender -- Using open Channel [id: 0x58d5d04d, L:/127.0.0.1:14645 - R:localhost/127.0.0.1:4444] for POST '/wd/hub/session/e4af0269e131708f85549e6612e6dc82/element'
20:36:05.685 [AsyncHttpClient-1-2] DEBUG org.asynchttpclient.netty.handler.HttpHandler -- 

Request DefaultHttpRequest(decodeResult: success, version: HTTP/1.1)
POST /wd/hub/session/e4af0269e131708f85549e6612e6dc82/element HTTP/1.1
User-Agent: selenium/4.1.3 (java windows)
traceparent: 00-ff228590fe8541e74de790a36f0676cd-ad81663762fad94d-01
Content-Length: 89
Content-Type: application/json; charset=utf-8
host: localhost:4444
accept: */*

Response DefaultHttpResponse(decodeResult: success, version: HTTP/1.1)
HTTP/1.1 200 OK
content-type: application/json; charset=utf-8
cache-control: no-cache
content-length: 126

20:36:05.685 [AsyncHttpClient-1-2] DEBUG org.asynchttpclient.netty.channel.ChannelManager -- Adding key: http://localhost:4444 for channel [id: 0x58d5d04d, L:/127.0.0.1:14645 - R:localhost/127.0.0.1:4444]
20:36:05.685 [Forwarding clickElement on session e4af0269e131708f85549e6612e6dc82 to remote] DEBUG org.asynchttpclient.netty.request.NettyRequestSender -- Using pooled Channel '[id: 0x58d5d04d, L:/127.0.0.1:14645 - R:localhost/127.0.0.1:4444]' for 'POST' to 'http://localhost:4444/wd/hub/session/e4af0269e131708f85549e6612e6dc82/element/f.B27B5BE66C82CEACDAB64185E4F70DBF.d.2450B5ACB71FCF0DEC1F8D3AC419228A.e.85/click'
20:36:05.685 [Forwarding clickElement on session e4af0269e131708f85549e6612e6dc82 to remote] DEBUG org.asynchttpclient.netty.request.NettyRequestSender -- Using open Channel [id: 0x58d5d04d, L:/127.0.0.1:14645 - R:localhost/127.0.0.1:4444] for POST '/wd/hub/session/e4af0269e131708f85549e6612e6dc82/element/f.B27B5BE66C82CEACDAB64185E4F70DBF.d.2450B5ACB71FCF0DEC1F8D3AC419228A.e.85/click'
20:36:05.857 [AsyncHttpClient-1-2] DEBUG org.asynchttpclient.netty.handler.HttpHandler -- 

Request DefaultHttpRequest(decodeResult: success, version: HTTP/1.1)
POST /wd/hub/session/e4af0269e131708f85549e6612e6dc82/element/f.B27B5BE66C82CEACDAB64185E4F70DBF.d.2450B5ACB71FCF0DEC1F8D3AC419228A.e.85/click HTTP/1.1
User-Agent: selenium/4.1.3 (java windows)
traceparent: 00-641b945d3ede3d93090b701c72e08b14-8b70059ee2e342fe-01
Content-Length: 88
Content-Type: application/json; charset=utf-8
host: localhost:4444
accept: */*

Response DefaultHttpResponse(decodeResult: success, version: HTTP/1.1)
HTTP/1.1 200 OK
content-type: application/json; charset=utf-8
cache-control: no-cache
content-length: 14

20:36:05.857 [AsyncHttpClient-1-2] DEBUG org.asynchttpclient.netty.channel.ChannelManager -- Adding key: http://localhost:4444 for channel [id: 0x58d5d04d, L:/127.0.0.1:14645 - R:localhost/127.0.0.1:4444]
]]></system-out>
    <system-err><![CDATA[Aug 29, 2024 8:35:56 PM org.openqa.selenium.remote.ProtocolHandshake createSession
INFO: Detected dialect: W3C
]]></system-err>
  </testcase>
  <testcase name="runScenario[&quot;Verify that Search bar show Properly&quot;, &quot;Optional[Verify Brikroy icon work properly_2]&quot;](7)" classname="TestRunner.TestRunner" time="9.912">
    <system-out><![CDATA[20:36:05.902 [Forwarding newSession on session null to remote] DEBUG org.asynchttpclient.netty.request.NettyRequestSender -- Using pooled Channel '[id: 0x58d5d04d, L:/127.0.0.1:14645 - R:localhost/127.0.0.1:4444]' for 'POST' to 'http://localhost:4444/wd/hub/session'
20:36:05.902 [Forwarding newSession on session null to remote] DEBUG org.asynchttpclient.netty.request.NettyRequestSender -- Using open Channel [id: 0x58d5d04d, L:/127.0.0.1:14645 - R:localhost/127.0.0.1:4444] for POST '/wd/hub/session'
20:36:07.320 [AsyncHttpClient-1-2] DEBUG org.asynchttpclient.netty.handler.HttpHandler -- 

Request DefaultHttpRequest(decodeResult: success, version: HTTP/1.1)
POST /wd/hub/session HTTP/1.1
User-Agent: selenium/4.1.3 (java windows)
traceparent: 00-0b8c6ccbc2f100e05c7e9f2f0ad398a6-7c33686bbdb643d9-01
Content-Length: 341
Content-Type: application/json; charset=utf-8
host: localhost:4444
accept: */*

Response DefaultHttpResponse(decodeResult: success, version: HTTP/1.1)
HTTP/1.1 200 OK
Cache-Control: no-cache
Content-Type: application/json; charset=utf-8
content-length: 1344

20:36:07.320 [AsyncHttpClient-1-2] DEBUG org.asynchttpclient.netty.channel.ChannelManager -- Adding key: http://localhost:4444 for channel [id: 0x58d5d04d, L:/127.0.0.1:14645 - R:localhost/127.0.0.1:4444]
20:36:07.335 [Forwarding setTimeout on session 065a327c8d5608ee750a82e1b08e197e to remote] DEBUG org.asynchttpclient.netty.request.NettyRequestSender -- Using pooled Channel '[id: 0x58d5d04d, L:/127.0.0.1:14645 - R:localhost/127.0.0.1:4444]' for 'POST' to 'http://localhost:4444/wd/hub/session/065a327c8d5608ee750a82e1b08e197e/timeouts'
20:36:07.335 [Forwarding setTimeout on session 065a327c8d5608ee750a82e1b08e197e to remote] DEBUG org.asynchttpclient.netty.request.NettyRequestSender -- Using open Channel [id: 0x58d5d04d, L:/127.0.0.1:14645 - R:localhost/127.0.0.1:4444] for POST '/wd/hub/session/065a327c8d5608ee750a82e1b08e197e/timeouts'
20:36:07.346 [AsyncHttpClient-1-2] DEBUG org.asynchttpclient.netty.handler.HttpHandler -- 

Request DefaultHttpRequest(decodeResult: success, version: HTTP/1.1)
POST /wd/hub/session/065a327c8d5608ee750a82e1b08e197e/timeouts HTTP/1.1
User-Agent: selenium/4.1.3 (java windows)
traceparent: 00-65c98ca96590890c72b718b69c265267-9bdfdd8a6f436e08-01
Content-Length: 22
Content-Type: application/json; charset=utf-8
host: localhost:4444
accept: */*

Response DefaultHttpResponse(decodeResult: success, version: HTTP/1.1)
HTTP/1.1 200 OK
content-type: application/json; charset=utf-8
cache-control: no-cache
content-length: 14

20:36:07.346 [AsyncHttpClient-1-2] DEBUG org.asynchttpclient.netty.channel.ChannelManager -- Adding key: http://localhost:4444 for channel [id: 0x58d5d04d, L:/127.0.0.1:14645 - R:localhost/127.0.0.1:4444]
20:36:07.346 [Forwarding maximizeCurrentWindow on session 065a327c8d5608ee750a82e1b08e197e to remote] DEBUG org.asynchttpclient.netty.request.NettyRequestSender -- Using pooled Channel '[id: 0x58d5d04d, L:/127.0.0.1:14645 - R:localhost/127.0.0.1:4444]' for 'POST' to 'http://localhost:4444/wd/hub/session/065a327c8d5608ee750a82e1b08e197e/window/maximize'
20:36:07.346 [Forwarding maximizeCurrentWindow on session 065a327c8d5608ee750a82e1b08e197e to remote] DEBUG org.asynchttpclient.netty.request.NettyRequestSender -- Using open Channel [id: 0x58d5d04d, L:/127.0.0.1:14645 - R:localhost/127.0.0.1:4444] for POST '/wd/hub/session/065a327c8d5608ee750a82e1b08e197e/window/maximize'
20:36:07.400 [AsyncHttpClient-1-2] DEBUG org.asynchttpclient.netty.handler.HttpHandler -- 

Request DefaultHttpRequest(decodeResult: success, version: HTTP/1.1)
POST /wd/hub/session/065a327c8d5608ee750a82e1b08e197e/window/maximize HTTP/1.1
User-Agent: selenium/4.1.3 (java windows)
traceparent: 00-e5cb30c7c58a4eb2c415030f8b4b12a6-9bc557469c5f3fc8-01
Content-Length: 3
Content-Type: application/json; charset=utf-8
host: localhost:4444
accept: */*

Response DefaultHttpResponse(decodeResult: success, version: HTTP/1.1)
HTTP/1.1 200 OK
content-type: application/json; charset=utf-8
cache-control: no-cache
content-length: 50

20:36:07.401 [AsyncHttpClient-1-2] DEBUG org.asynchttpclient.netty.channel.ChannelManager -- Adding key: http://localhost:4444 for channel [id: 0x58d5d04d, L:/127.0.0.1:14645 - R:localhost/127.0.0.1:4444]
20:36:07.406 [Forwarding get on session 065a327c8d5608ee750a82e1b08e197e to remote] DEBUG org.asynchttpclient.netty.request.NettyRequestSender -- Using pooled Channel '[id: 0x58d5d04d, L:/127.0.0.1:14645 - R:localhost/127.0.0.1:4444]' for 'POST' to 'http://localhost:4444/wd/hub/session/065a327c8d5608ee750a82e1b08e197e/url'
20:36:07.406 [Forwarding get on session 065a327c8d5608ee750a82e1b08e197e to remote] DEBUG org.asynchttpclient.netty.request.NettyRequestSender -- Using open Channel [id: 0x58d5d04d, L:/127.0.0.1:14645 - R:localhost/127.0.0.1:4444] for POST '/wd/hub/session/065a327c8d5608ee750a82e1b08e197e/url'
20:36:13.652 [AsyncHttpClient-1-2] DEBUG org.asynchttpclient.netty.handler.HttpHandler -- 

Request DefaultHttpRequest(decodeResult: success, version: HTTP/1.1)
POST /wd/hub/session/065a327c8d5608ee750a82e1b08e197e/url HTTP/1.1
User-Agent: selenium/4.1.3 (java windows)
traceparent: 00-78c9b31002157c5b5de4633e398017d5-101d2d3c0b5f6075-01
Content-Length: 57
Content-Type: application/json; charset=utf-8
host: localhost:4444
accept: */*

Response DefaultHttpResponse(decodeResult: success, version: HTTP/1.1)
HTTP/1.1 200 OK
content-type: application/json; charset=utf-8
cache-control: no-cache
content-length: 14

20:36:13.653 [AsyncHttpClient-1-2] DEBUG org.asynchttpclient.netty.channel.ChannelManager -- Adding key: http://localhost:4444 for channel [id: 0x58d5d04d, L:/127.0.0.1:14645 - R:localhost/127.0.0.1:4444]
20:36:13.654 [Forwarding getCurrentUrl on session 065a327c8d5608ee750a82e1b08e197e to remote] DEBUG org.asynchttpclient.netty.request.NettyRequestSender -- Using pooled Channel '[id: 0x58d5d04d, L:/127.0.0.1:14645 - R:localhost/127.0.0.1:4444]' for 'GET' to 'http://localhost:4444/wd/hub/session/065a327c8d5608ee750a82e1b08e197e/url'
20:36:13.654 [Forwarding getCurrentUrl on session 065a327c8d5608ee750a82e1b08e197e to remote] DEBUG org.asynchttpclient.netty.request.NettyRequestSender -- Using open Channel [id: 0x58d5d04d, L:/127.0.0.1:14645 - R:localhost/127.0.0.1:4444] for GET '/wd/hub/session/065a327c8d5608ee750a82e1b08e197e/url'
20:36:13.662 [AsyncHttpClient-1-2] DEBUG org.asynchttpclient.netty.handler.HttpHandler -- 

Request DefaultFullHttpRequest(decodeResult: success, version: HTTP/1.1, content: EmptyByteBufBE)
GET /wd/hub/session/065a327c8d5608ee750a82e1b08e197e/url HTTP/1.1
User-Agent: selenium/4.1.3 (java windows)
Cache-Control: no-cache
traceparent: 00-23a1818a2f13a8849b8ce0c8a63b39aa-fb535329bba45f49-01
Content-Type: application/json; charset=utf-8
host: localhost:4444
accept: */*

Response DefaultHttpResponse(decodeResult: success, version: HTTP/1.1)
HTTP/1.1 200 OK
content-type: application/json; charset=utf-8
cache-control: no-cache
content-length: 34

20:36:13.662 [AsyncHttpClient-1-2] DEBUG org.asynchttpclient.netty.channel.ChannelManager -- Adding key: http://localhost:4444 for channel [id: 0x58d5d04d, L:/127.0.0.1:14645 - R:localhost/127.0.0.1:4444]
20:36:14.664 [AsyncHttpClient-1-1] DEBUG org.asynchttpclient.netty.channel.DefaultChannelPool -- Entry count for : http://localhost:4444 : 1
20:36:15.665 [Forwarding findElement on session 065a327c8d5608ee750a82e1b08e197e to remote] DEBUG org.asynchttpclient.netty.request.NettyRequestSender -- Using pooled Channel '[id: 0x58d5d04d, L:/127.0.0.1:14645 - R:localhost/127.0.0.1:4444]' for 'POST' to 'http://localhost:4444/wd/hub/session/065a327c8d5608ee750a82e1b08e197e/element'
20:36:15.665 [Forwarding findElement on session 065a327c8d5608ee750a82e1b08e197e to remote] DEBUG org.asynchttpclient.netty.request.NettyRequestSender -- Using open Channel [id: 0x58d5d04d, L:/127.0.0.1:14645 - R:localhost/127.0.0.1:4444] for POST '/wd/hub/session/065a327c8d5608ee750a82e1b08e197e/element'
20:36:15.681 [AsyncHttpClient-1-2] DEBUG org.asynchttpclient.netty.handler.HttpHandler -- 

Request DefaultHttpRequest(decodeResult: success, version: HTTP/1.1)
POST /wd/hub/session/065a327c8d5608ee750a82e1b08e197e/element HTTP/1.1
User-Agent: selenium/4.1.3 (java windows)
traceparent: 00-e5048d172b1931dabaaf87292023f576-90fae3cb837cabf7-01
Content-Length: 70
Content-Type: application/json; charset=utf-8
host: localhost:4444
accept: */*

Response DefaultHttpResponse(decodeResult: success, version: HTTP/1.1)
HTTP/1.1 200 OK
content-type: application/json; charset=utf-8
cache-control: no-cache
content-length: 126

20:36:15.681 [AsyncHttpClient-1-2] DEBUG org.asynchttpclient.netty.channel.ChannelManager -- Adding key: http://localhost:4444 for channel [id: 0x58d5d04d, L:/127.0.0.1:14645 - R:localhost/127.0.0.1:4444]
20:36:15.681 [Forwarding isElementDisplayed on session 065a327c8d5608ee750a82e1b08e197e to remote] DEBUG org.asynchttpclient.netty.request.NettyRequestSender -- Using pooled Channel '[id: 0x58d5d04d, L:/127.0.0.1:14645 - R:localhost/127.0.0.1:4444]' for 'POST' to 'http://localhost:4444/wd/hub/session/065a327c8d5608ee750a82e1b08e197e/execute/sync'
20:36:15.681 [Forwarding isElementDisplayed on session 065a327c8d5608ee750a82e1b08e197e to remote] DEBUG org.asynchttpclient.netty.request.NettyRequestSender -- Using open Channel [id: 0x58d5d04d, L:/127.0.0.1:14645 - R:localhost/127.0.0.1:4444] for POST '/wd/hub/session/065a327c8d5608ee750a82e1b08e197e/execute/sync'
20:36:15.713 [AsyncHttpClient-1-2] DEBUG org.asynchttpclient.netty.handler.HttpHandler -- 

Request DefaultHttpRequest(decodeResult: success, version: HTTP/1.1)
POST /wd/hub/session/065a327c8d5608ee750a82e1b08e197e/execute/sync HTTP/1.1
User-Agent: selenium/4.1.3 (java windows)
traceparent: 00-74d83f93d082705772fdcc5194984598-ddff44f821be7bfd-01
Content-Length: 48818
Content-Type: application/json; charset=utf-8
host: localhost:4444
accept: */*

Response DefaultHttpResponse(decodeResult: success, version: HTTP/1.1)
HTTP/1.1 200 OK
content-type: application/json; charset=utf-8
cache-control: no-cache
content-length: 14

20:36:15.713 [AsyncHttpClient-1-2] DEBUG org.asynchttpclient.netty.channel.ChannelManager -- Adding key: http://localhost:4444 for channel [id: 0x58d5d04d, L:/127.0.0.1:14645 - R:localhost/127.0.0.1:4444]
20:36:15.713 [Forwarding findElement on session 065a327c8d5608ee750a82e1b08e197e to remote] DEBUG org.asynchttpclient.netty.request.NettyRequestSender -- Using pooled Channel '[id: 0x58d5d04d, L:/127.0.0.1:14645 - R:localhost/127.0.0.1:4444]' for 'POST' to 'http://localhost:4444/wd/hub/session/065a327c8d5608ee750a82e1b08e197e/element'
20:36:15.713 [Forwarding findElement on session 065a327c8d5608ee750a82e1b08e197e to remote] DEBUG org.asynchttpclient.netty.request.NettyRequestSender -- Using open Channel [id: 0x58d5d04d, L:/127.0.0.1:14645 - R:localhost/127.0.0.1:4444] for POST '/wd/hub/session/065a327c8d5608ee750a82e1b08e197e/element'
20:36:15.729 [AsyncHttpClient-1-2] DEBUG org.asynchttpclient.netty.handler.HttpHandler -- 

Request DefaultHttpRequest(decodeResult: success, version: HTTP/1.1)
POST /wd/hub/session/065a327c8d5608ee750a82e1b08e197e/element HTTP/1.1
User-Agent: selenium/4.1.3 (java windows)
traceparent: 00-e63a080c1148055218a6b9f742c6a0b2-6fdd449c20f3b84e-01
Content-Length: 70
Content-Type: application/json; charset=utf-8
host: localhost:4444
accept: */*

Response DefaultHttpResponse(decodeResult: success, version: HTTP/1.1)
HTTP/1.1 200 OK
content-type: application/json; charset=utf-8
cache-control: no-cache
content-length: 126

20:36:15.729 [AsyncHttpClient-1-2] DEBUG org.asynchttpclient.netty.channel.ChannelManager -- Adding key: http://localhost:4444 for channel [id: 0x58d5d04d, L:/127.0.0.1:14645 - R:localhost/127.0.0.1:4444]
20:36:15.729 [Forwarding clickElement on session 065a327c8d5608ee750a82e1b08e197e to remote] DEBUG org.asynchttpclient.netty.request.NettyRequestSender -- Using pooled Channel '[id: 0x58d5d04d, L:/127.0.0.1:14645 - R:localhost/127.0.0.1:4444]' for 'POST' to 'http://localhost:4444/wd/hub/session/065a327c8d5608ee750a82e1b08e197e/element/f.CD1EF115DCD9BC9F88AF758994E01607.d.26DBF73688F0F849D67994DDEB32D6F4.e.69/click'
20:36:15.729 [Forwarding clickElement on session 065a327c8d5608ee750a82e1b08e197e to remote] DEBUG org.asynchttpclient.netty.request.NettyRequestSender -- Using open Channel [id: 0x58d5d04d, L:/127.0.0.1:14645 - R:localhost/127.0.0.1:4444] for POST '/wd/hub/session/065a327c8d5608ee750a82e1b08e197e/element/f.CD1EF115DCD9BC9F88AF758994E01607.d.26DBF73688F0F849D67994DDEB32D6F4.e.69/click'
20:36:15.800 [AsyncHttpClient-1-2] DEBUG org.asynchttpclient.netty.handler.HttpHandler -- 

Request DefaultHttpRequest(decodeResult: success, version: HTTP/1.1)
POST /wd/hub/session/065a327c8d5608ee750a82e1b08e197e/element/f.CD1EF115DCD9BC9F88AF758994E01607.d.26DBF73688F0F849D67994DDEB32D6F4.e.69/click HTTP/1.1
User-Agent: selenium/4.1.3 (java windows)
traceparent: 00-57b84cbe143fc6739c5ff6a5dafc6868-0281cbc95e8e824d-01
Content-Length: 88
Content-Type: application/json; charset=utf-8
host: localhost:4444
accept: */*

Response DefaultHttpResponse(decodeResult: success, version: HTTP/1.1)
HTTP/1.1 200 OK
content-type: application/json; charset=utf-8
cache-control: no-cache
content-length: 14

20:36:15.801 [AsyncHttpClient-1-2] DEBUG org.asynchttpclient.netty.channel.ChannelManager -- Adding key: http://localhost:4444 for channel [id: 0x58d5d04d, L:/127.0.0.1:14645 - R:localhost/127.0.0.1:4444]
]]></system-out>
    <system-err><![CDATA[Aug 29, 2024 8:36:07 PM org.openqa.selenium.remote.ProtocolHandshake createSession
INFO: Detected dialect: W3C
]]></system-err>
  </testcase>
  <testcase name="runScenario[&quot;Verify that Search option work Properly&quot;, &quot;Optional[Verify Brikroy icon work properly_2]&quot;](8)" classname="TestRunner.TestRunner" time="18.521">
    <system-out><![CDATA[20:36:15.831 [Forwarding newSession on session null to remote] DEBUG org.asynchttpclient.netty.request.NettyRequestSender -- Using pooled Channel '[id: 0x58d5d04d, L:/127.0.0.1:14645 - R:localhost/127.0.0.1:4444]' for 'POST' to 'http://localhost:4444/wd/hub/session'
20:36:15.831 [Forwarding newSession on session null to remote] DEBUG org.asynchttpclient.netty.request.NettyRequestSender -- Using open Channel [id: 0x58d5d04d, L:/127.0.0.1:14645 - R:localhost/127.0.0.1:4444] for POST '/wd/hub/session'
20:36:16.866 [AsyncHttpClient-1-2] DEBUG org.asynchttpclient.netty.handler.HttpHandler -- 

Request DefaultHttpRequest(decodeResult: success, version: HTTP/1.1)
POST /wd/hub/session HTTP/1.1
User-Agent: selenium/4.1.3 (java windows)
traceparent: 00-63e6857e67ece39a45af60d0d5db3398-41c65f68eea7d61d-01
Content-Length: 341
Content-Type: application/json; charset=utf-8
host: localhost:4444
accept: */*

Response DefaultHttpResponse(decodeResult: success, version: HTTP/1.1)
HTTP/1.1 200 OK
Cache-Control: no-cache
Content-Type: application/json; charset=utf-8
content-length: 1344

20:36:16.867 [AsyncHttpClient-1-2] DEBUG org.asynchttpclient.netty.channel.ChannelManager -- Adding key: http://localhost:4444 for channel [id: 0x58d5d04d, L:/127.0.0.1:14645 - R:localhost/127.0.0.1:4444]
20:36:16.872 [Forwarding setTimeout on session 69f338f1f42c3dac20b3a581cd75e478 to remote] DEBUG org.asynchttpclient.netty.request.NettyRequestSender -- Using pooled Channel '[id: 0x58d5d04d, L:/127.0.0.1:14645 - R:localhost/127.0.0.1:4444]' for 'POST' to 'http://localhost:4444/wd/hub/session/69f338f1f42c3dac20b3a581cd75e478/timeouts'
20:36:16.872 [Forwarding setTimeout on session 69f338f1f42c3dac20b3a581cd75e478 to remote] DEBUG org.asynchttpclient.netty.request.NettyRequestSender -- Using open Channel [id: 0x58d5d04d, L:/127.0.0.1:14645 - R:localhost/127.0.0.1:4444] for POST '/wd/hub/session/69f338f1f42c3dac20b3a581cd75e478/timeouts'
20:36:16.879 [AsyncHttpClient-1-2] DEBUG org.asynchttpclient.netty.handler.HttpHandler -- 

Request DefaultHttpRequest(decodeResult: success, version: HTTP/1.1)
POST /wd/hub/session/69f338f1f42c3dac20b3a581cd75e478/timeouts HTTP/1.1
User-Agent: selenium/4.1.3 (java windows)
traceparent: 00-02225f61981b4c394947849bbd9aad02-4c131439c0d064e0-01
Content-Length: 22
Content-Type: application/json; charset=utf-8
host: localhost:4444
accept: */*

Response DefaultHttpResponse(decodeResult: success, version: HTTP/1.1)
HTTP/1.1 200 OK
content-type: application/json; charset=utf-8
cache-control: no-cache
content-length: 14

20:36:16.879 [AsyncHttpClient-1-2] DEBUG org.asynchttpclient.netty.channel.ChannelManager -- Adding key: http://localhost:4444 for channel [id: 0x58d5d04d, L:/127.0.0.1:14645 - R:localhost/127.0.0.1:4444]
20:36:16.882 [Forwarding maximizeCurrentWindow on session 69f338f1f42c3dac20b3a581cd75e478 to remote] DEBUG org.asynchttpclient.netty.request.NettyRequestSender -- Using pooled Channel '[id: 0x58d5d04d, L:/127.0.0.1:14645 - R:localhost/127.0.0.1:4444]' for 'POST' to 'http://localhost:4444/wd/hub/session/69f338f1f42c3dac20b3a581cd75e478/window/maximize'
20:36:16.882 [Forwarding maximizeCurrentWindow on session 69f338f1f42c3dac20b3a581cd75e478 to remote] DEBUG org.asynchttpclient.netty.request.NettyRequestSender -- Using open Channel [id: 0x58d5d04d, L:/127.0.0.1:14645 - R:localhost/127.0.0.1:4444] for POST '/wd/hub/session/69f338f1f42c3dac20b3a581cd75e478/window/maximize'
20:36:16.916 [AsyncHttpClient-1-2] DEBUG org.asynchttpclient.netty.handler.HttpHandler -- 

Request DefaultHttpRequest(decodeResult: success, version: HTTP/1.1)
POST /wd/hub/session/69f338f1f42c3dac20b3a581cd75e478/window/maximize HTTP/1.1
User-Agent: selenium/4.1.3 (java windows)
traceparent: 00-cb336085798d1643aeff65416082fd04-58e2af0b997425cd-01
Content-Length: 3
Content-Type: application/json; charset=utf-8
host: localhost:4444
accept: */*

Response DefaultHttpResponse(decodeResult: success, version: HTTP/1.1)
HTTP/1.1 200 OK
content-type: application/json; charset=utf-8
cache-control: no-cache
content-length: 50

20:36:16.916 [AsyncHttpClient-1-2] DEBUG org.asynchttpclient.netty.channel.ChannelManager -- Adding key: http://localhost:4444 for channel [id: 0x58d5d04d, L:/127.0.0.1:14645 - R:localhost/127.0.0.1:4444]
20:36:16.919 [Forwarding get on session 69f338f1f42c3dac20b3a581cd75e478 to remote] DEBUG org.asynchttpclient.netty.request.NettyRequestSender -- Using pooled Channel '[id: 0x58d5d04d, L:/127.0.0.1:14645 - R:localhost/127.0.0.1:4444]' for 'POST' to 'http://localhost:4444/wd/hub/session/69f338f1f42c3dac20b3a581cd75e478/url'
20:36:16.919 [Forwarding get on session 69f338f1f42c3dac20b3a581cd75e478 to remote] DEBUG org.asynchttpclient.netty.request.NettyRequestSender -- Using open Channel [id: 0x58d5d04d, L:/127.0.0.1:14645 - R:localhost/127.0.0.1:4444] for POST '/wd/hub/session/69f338f1f42c3dac20b3a581cd75e478/url'
20:36:25.806 [AsyncHttpClient-1-2] DEBUG org.asynchttpclient.netty.handler.HttpHandler -- 

Request DefaultHttpRequest(decodeResult: success, version: HTTP/1.1)
POST /wd/hub/session/69f338f1f42c3dac20b3a581cd75e478/url HTTP/1.1
User-Agent: selenium/4.1.3 (java windows)
traceparent: 00-73e4fa9842224bbd02be4c8b6db6c9aa-193d595a6f00cf64-01
Content-Length: 57
Content-Type: application/json; charset=utf-8
host: localhost:4444
accept: */*

Response DefaultHttpResponse(decodeResult: success, version: HTTP/1.1)
HTTP/1.1 200 OK
content-type: application/json; charset=utf-8
cache-control: no-cache
content-length: 14

20:36:25.806 [AsyncHttpClient-1-2] DEBUG org.asynchttpclient.netty.channel.ChannelManager -- Adding key: http://localhost:4444 for channel [id: 0x58d5d04d, L:/127.0.0.1:14645 - R:localhost/127.0.0.1:4444]
20:36:25.806 [Forwarding getCurrentUrl on session 69f338f1f42c3dac20b3a581cd75e478 to remote] DEBUG org.asynchttpclient.netty.request.NettyRequestSender -- Using pooled Channel '[id: 0x58d5d04d, L:/127.0.0.1:14645 - R:localhost/127.0.0.1:4444]' for 'GET' to 'http://localhost:4444/wd/hub/session/69f338f1f42c3dac20b3a581cd75e478/url'
20:36:25.806 [Forwarding getCurrentUrl on session 69f338f1f42c3dac20b3a581cd75e478 to remote] DEBUG org.asynchttpclient.netty.request.NettyRequestSender -- Using open Channel [id: 0x58d5d04d, L:/127.0.0.1:14645 - R:localhost/127.0.0.1:4444] for GET '/wd/hub/session/69f338f1f42c3dac20b3a581cd75e478/url'
20:36:25.822 [AsyncHttpClient-1-2] DEBUG org.asynchttpclient.netty.handler.HttpHandler -- 

Request DefaultFullHttpRequest(decodeResult: success, version: HTTP/1.1, content: EmptyByteBufBE)
GET /wd/hub/session/69f338f1f42c3dac20b3a581cd75e478/url HTTP/1.1
User-Agent: selenium/4.1.3 (java windows)
Cache-Control: no-cache
traceparent: 00-f3856384723851b0ad15d7343e90ab0c-f3f1ef0f48e7bffe-01
Content-Type: application/json; charset=utf-8
host: localhost:4444
accept: */*

Response DefaultHttpResponse(decodeResult: success, version: HTTP/1.1)
HTTP/1.1 200 OK
content-type: application/json; charset=utf-8
cache-control: no-cache
content-length: 34

20:36:25.822 [AsyncHttpClient-1-2] DEBUG org.asynchttpclient.netty.channel.ChannelManager -- Adding key: http://localhost:4444 for channel [id: 0x58d5d04d, L:/127.0.0.1:14645 - R:localhost/127.0.0.1:4444]
20:36:26.763 [AsyncHttpClient-1-1] DEBUG org.asynchttpclient.netty.channel.DefaultChannelPool -- Entry count for : http://localhost:4444 : 1
20:36:27.840 [Forwarding findElement on session 69f338f1f42c3dac20b3a581cd75e478 to remote] DEBUG org.asynchttpclient.netty.request.NettyRequestSender -- Using pooled Channel '[id: 0x58d5d04d, L:/127.0.0.1:14645 - R:localhost/127.0.0.1:4444]' for 'POST' to 'http://localhost:4444/wd/hub/session/69f338f1f42c3dac20b3a581cd75e478/element'
20:36:27.840 [Forwarding findElement on session 69f338f1f42c3dac20b3a581cd75e478 to remote] DEBUG org.asynchttpclient.netty.request.NettyRequestSender -- Using open Channel [id: 0x58d5d04d, L:/127.0.0.1:14645 - R:localhost/127.0.0.1:4444] for POST '/wd/hub/session/69f338f1f42c3dac20b3a581cd75e478/element'
20:36:27.856 [AsyncHttpClient-1-2] DEBUG org.asynchttpclient.netty.handler.HttpHandler -- 

Request DefaultHttpRequest(decodeResult: success, version: HTTP/1.1)
POST /wd/hub/session/69f338f1f42c3dac20b3a581cd75e478/element HTTP/1.1
User-Agent: selenium/4.1.3 (java windows)
traceparent: 00-0d9fb326f68bde4736d17c584901cada-03ece0a51eea5684-01
Content-Length: 70
Content-Type: application/json; charset=utf-8
host: localhost:4444
accept: */*

Response DefaultHttpResponse(decodeResult: success, version: HTTP/1.1)
HTTP/1.1 200 OK
content-type: application/json; charset=utf-8
cache-control: no-cache
content-length: 126

20:36:27.856 [AsyncHttpClient-1-2] DEBUG org.asynchttpclient.netty.channel.ChannelManager -- Adding key: http://localhost:4444 for channel [id: 0x58d5d04d, L:/127.0.0.1:14645 - R:localhost/127.0.0.1:4444]
20:36:27.856 [Forwarding isElementDisplayed on session 69f338f1f42c3dac20b3a581cd75e478 to remote] DEBUG org.asynchttpclient.netty.request.NettyRequestSender -- Using pooled Channel '[id: 0x58d5d04d, L:/127.0.0.1:14645 - R:localhost/127.0.0.1:4444]' for 'POST' to 'http://localhost:4444/wd/hub/session/69f338f1f42c3dac20b3a581cd75e478/execute/sync'
20:36:27.856 [Forwarding isElementDisplayed on session 69f338f1f42c3dac20b3a581cd75e478 to remote] DEBUG org.asynchttpclient.netty.request.NettyRequestSender -- Using open Channel [id: 0x58d5d04d, L:/127.0.0.1:14645 - R:localhost/127.0.0.1:4444] for POST '/wd/hub/session/69f338f1f42c3dac20b3a581cd75e478/execute/sync'
20:36:27.872 [AsyncHttpClient-1-2] DEBUG org.asynchttpclient.netty.handler.HttpHandler -- 

Request DefaultHttpRequest(decodeResult: success, version: HTTP/1.1)
POST /wd/hub/session/69f338f1f42c3dac20b3a581cd75e478/execute/sync HTTP/1.1
User-Agent: selenium/4.1.3 (java windows)
traceparent: 00-3f0b848bb4e8a42710ed7af63036ca32-cbd898d9ff430452-01
Content-Length: 48818
Content-Type: application/json; charset=utf-8
host: localhost:4444
accept: */*

Response DefaultHttpResponse(decodeResult: success, version: HTTP/1.1)
HTTP/1.1 200 OK
content-type: application/json; charset=utf-8
cache-control: no-cache
content-length: 14

20:36:27.872 [AsyncHttpClient-1-2] DEBUG org.asynchttpclient.netty.channel.ChannelManager -- Adding key: http://localhost:4444 for channel [id: 0x58d5d04d, L:/127.0.0.1:14645 - R:localhost/127.0.0.1:4444]
20:36:27.872 [Forwarding findElement on session 69f338f1f42c3dac20b3a581cd75e478 to remote] DEBUG org.asynchttpclient.netty.request.NettyRequestSender -- Using pooled Channel '[id: 0x58d5d04d, L:/127.0.0.1:14645 - R:localhost/127.0.0.1:4444]' for 'POST' to 'http://localhost:4444/wd/hub/session/69f338f1f42c3dac20b3a581cd75e478/element'
20:36:27.872 [Forwarding findElement on session 69f338f1f42c3dac20b3a581cd75e478 to remote] DEBUG org.asynchttpclient.netty.request.NettyRequestSender -- Using open Channel [id: 0x58d5d04d, L:/127.0.0.1:14645 - R:localhost/127.0.0.1:4444] for POST '/wd/hub/session/69f338f1f42c3dac20b3a581cd75e478/element'
20:36:27.888 [AsyncHttpClient-1-2] DEBUG org.asynchttpclient.netty.handler.HttpHandler -- 

Request DefaultHttpRequest(decodeResult: success, version: HTTP/1.1)
POST /wd/hub/session/69f338f1f42c3dac20b3a581cd75e478/element HTTP/1.1
User-Agent: selenium/4.1.3 (java windows)
traceparent: 00-37b0e09c60fb2d3c9f6cf29f72800129-89084116590670c1-01
Content-Length: 70
Content-Type: application/json; charset=utf-8
host: localhost:4444
accept: */*

Response DefaultHttpResponse(decodeResult: success, version: HTTP/1.1)
HTTP/1.1 200 OK
content-type: application/json; charset=utf-8
cache-control: no-cache
content-length: 126

20:36:27.888 [AsyncHttpClient-1-2] DEBUG org.asynchttpclient.netty.channel.ChannelManager -- Adding key: http://localhost:4444 for channel [id: 0x58d5d04d, L:/127.0.0.1:14645 - R:localhost/127.0.0.1:4444]
20:36:27.888 [Forwarding clickElement on session 69f338f1f42c3dac20b3a581cd75e478 to remote] DEBUG org.asynchttpclient.netty.request.NettyRequestSender -- Using pooled Channel '[id: 0x58d5d04d, L:/127.0.0.1:14645 - R:localhost/127.0.0.1:4444]' for 'POST' to 'http://localhost:4444/wd/hub/session/69f338f1f42c3dac20b3a581cd75e478/element/f.BD3649656A327BBCEEED139DABF591D7.d.6FF84BED0E92E72BA7F573A43EF24A5D.e.69/click'
20:36:27.888 [Forwarding clickElement on session 69f338f1f42c3dac20b3a581cd75e478 to remote] DEBUG org.asynchttpclient.netty.request.NettyRequestSender -- Using open Channel [id: 0x58d5d04d, L:/127.0.0.1:14645 - R:localhost/127.0.0.1:4444] for POST '/wd/hub/session/69f338f1f42c3dac20b3a581cd75e478/element/f.BD3649656A327BBCEEED139DABF591D7.d.6FF84BED0E92E72BA7F573A43EF24A5D.e.69/click'
20:36:27.919 [AsyncHttpClient-1-2] DEBUG org.asynchttpclient.netty.handler.HttpHandler -- 

Request DefaultHttpRequest(decodeResult: success, version: HTTP/1.1)
POST /wd/hub/session/69f338f1f42c3dac20b3a581cd75e478/element/f.BD3649656A327BBCEEED139DABF591D7.d.6FF84BED0E92E72BA7F573A43EF24A5D.e.69/click HTTP/1.1
User-Agent: selenium/4.1.3 (java windows)
traceparent: 00-23b1baf07eeb71342db16deb80f49e77-71f399c805097aee-01
Content-Length: 88
Content-Type: application/json; charset=utf-8
host: localhost:4444
accept: */*

Response DefaultHttpResponse(decodeResult: success, version: HTTP/1.1)
HTTP/1.1 200 OK
content-type: application/json; charset=utf-8
cache-control: no-cache
content-length: 14

20:36:27.934 [AsyncHttpClient-1-2] DEBUG org.asynchttpclient.netty.channel.ChannelManager -- Adding key: http://localhost:4444 for channel [id: 0x58d5d04d, L:/127.0.0.1:14645 - R:localhost/127.0.0.1:4444]
20:36:28.937 [Forwarding findElement on session 69f338f1f42c3dac20b3a581cd75e478 to remote] DEBUG org.asynchttpclient.netty.request.NettyRequestSender -- Using pooled Channel '[id: 0x58d5d04d, L:/127.0.0.1:14645 - R:localhost/127.0.0.1:4444]' for 'POST' to 'http://localhost:4444/wd/hub/session/69f338f1f42c3dac20b3a581cd75e478/element'
20:36:28.937 [Forwarding findElement on session 69f338f1f42c3dac20b3a581cd75e478 to remote] DEBUG org.asynchttpclient.netty.request.NettyRequestSender -- Using open Channel [id: 0x58d5d04d, L:/127.0.0.1:14645 - R:localhost/127.0.0.1:4444] for POST '/wd/hub/session/69f338f1f42c3dac20b3a581cd75e478/element'
20:36:28.937 [AsyncHttpClient-1-2] DEBUG org.asynchttpclient.netty.handler.HttpHandler -- 

Request DefaultHttpRequest(decodeResult: success, version: HTTP/1.1)
POST /wd/hub/session/69f338f1f42c3dac20b3a581cd75e478/element HTTP/1.1
User-Agent: selenium/4.1.3 (java windows)
traceparent: 00-78f74808db5d840980528c37d5493e4f-7595a273c89e4280-01
Content-Length: 70
Content-Type: application/json; charset=utf-8
host: localhost:4444
accept: */*

Response DefaultHttpResponse(decodeResult: success, version: HTTP/1.1)
HTTP/1.1 200 OK
content-type: application/json; charset=utf-8
cache-control: no-cache
content-length: 126

20:36:28.937 [AsyncHttpClient-1-2] DEBUG org.asynchttpclient.netty.channel.ChannelManager -- Adding key: http://localhost:4444 for channel [id: 0x58d5d04d, L:/127.0.0.1:14645 - R:localhost/127.0.0.1:4444]
20:36:28.937 [Forwarding sendKeysToElement on session 69f338f1f42c3dac20b3a581cd75e478 to remote] DEBUG org.asynchttpclient.netty.request.NettyRequestSender -- Using pooled Channel '[id: 0x58d5d04d, L:/127.0.0.1:14645 - R:localhost/127.0.0.1:4444]' for 'POST' to 'http://localhost:4444/wd/hub/session/69f338f1f42c3dac20b3a581cd75e478/element/f.BD3649656A327BBCEEED139DABF591D7.d.6FF84BED0E92E72BA7F573A43EF24A5D.e.69/value'
20:36:28.937 [Forwarding sendKeysToElement on session 69f338f1f42c3dac20b3a581cd75e478 to remote] DEBUG org.asynchttpclient.netty.request.NettyRequestSender -- Using open Channel [id: 0x58d5d04d, L:/127.0.0.1:14645 - R:localhost/127.0.0.1:4444] for POST '/wd/hub/session/69f338f1f42c3dac20b3a581cd75e478/element/f.BD3649656A327BBCEEED139DABF591D7.d.6FF84BED0E92E72BA7F573A43EF24A5D.e.69/value'
20:36:28.984 [AsyncHttpClient-1-2] DEBUG org.asynchttpclient.netty.handler.HttpHandler -- 

Request DefaultHttpRequest(decodeResult: success, version: HTTP/1.1)
POST /wd/hub/session/69f338f1f42c3dac20b3a581cd75e478/element/f.BD3649656A327BBCEEED139DABF591D7.d.6FF84BED0E92E72BA7F573A43EF24A5D.e.69/value HTTP/1.1
User-Agent: selenium/4.1.3 (java windows)
traceparent: 00-8ffdf79de16fe87b688c5a9742cf06f7-26c0897c7b39d4ab-01
Content-Length: 179
Content-Type: application/json; charset=utf-8
host: localhost:4444
accept: */*

Response DefaultHttpResponse(decodeResult: success, version: HTTP/1.1)
HTTP/1.1 200 OK
content-type: application/json; charset=utf-8
cache-control: no-cache
content-length: 14

20:36:28.984 [AsyncHttpClient-1-2] DEBUG org.asynchttpclient.netty.channel.ChannelManager -- Adding key: http://localhost:4444 for channel [id: 0x58d5d04d, L:/127.0.0.1:14645 - R:localhost/127.0.0.1:4444]
20:36:29.994 [Forwarding findElement on session 69f338f1f42c3dac20b3a581cd75e478 to remote] DEBUG org.asynchttpclient.netty.request.NettyRequestSender -- Using pooled Channel '[id: 0x58d5d04d, L:/127.0.0.1:14645 - R:localhost/127.0.0.1:4444]' for 'POST' to 'http://localhost:4444/wd/hub/session/69f338f1f42c3dac20b3a581cd75e478/element'
20:36:29.994 [Forwarding findElement on session 69f338f1f42c3dac20b3a581cd75e478 to remote] DEBUG org.asynchttpclient.netty.request.NettyRequestSender -- Using open Channel [id: 0x58d5d04d, L:/127.0.0.1:14645 - R:localhost/127.0.0.1:4444] for POST '/wd/hub/session/69f338f1f42c3dac20b3a581cd75e478/element'
20:36:30.011 [AsyncHttpClient-1-2] DEBUG org.asynchttpclient.netty.handler.HttpHandler -- 

Request DefaultHttpRequest(decodeResult: success, version: HTTP/1.1)
POST /wd/hub/session/69f338f1f42c3dac20b3a581cd75e478/element HTTP/1.1
User-Agent: selenium/4.1.3 (java windows)
traceparent: 00-8101c5f4e55d60146471e4a2a97820d8-94d232b94ce56027-01
Content-Length: 71
Content-Type: application/json; charset=utf-8
host: localhost:4444
accept: */*

Response DefaultHttpResponse(decodeResult: success, version: HTTP/1.1)
HTTP/1.1 200 OK
content-type: application/json; charset=utf-8
cache-control: no-cache
content-length: 126

20:36:30.011 [AsyncHttpClient-1-2] DEBUG org.asynchttpclient.netty.channel.ChannelManager -- Adding key: http://localhost:4444 for channel [id: 0x58d5d04d, L:/127.0.0.1:14645 - R:localhost/127.0.0.1:4444]
20:36:30.011 [Forwarding clickElement on session 69f338f1f42c3dac20b3a581cd75e478 to remote] DEBUG org.asynchttpclient.netty.request.NettyRequestSender -- Using pooled Channel '[id: 0x58d5d04d, L:/127.0.0.1:14645 - R:localhost/127.0.0.1:4444]' for 'POST' to 'http://localhost:4444/wd/hub/session/69f338f1f42c3dac20b3a581cd75e478/element/f.BD3649656A327BBCEEED139DABF591D7.d.6FF84BED0E92E72BA7F573A43EF24A5D.e.78/click'
20:36:30.011 [Forwarding clickElement on session 69f338f1f42c3dac20b3a581cd75e478 to remote] DEBUG org.asynchttpclient.netty.request.NettyRequestSender -- Using open Channel [id: 0x58d5d04d, L:/127.0.0.1:14645 - R:localhost/127.0.0.1:4444] for POST '/wd/hub/session/69f338f1f42c3dac20b3a581cd75e478/element/f.BD3649656A327BBCEEED139DABF591D7.d.6FF84BED0E92E72BA7F573A43EF24A5D.e.78/click'
20:36:34.322 [AsyncHttpClient-1-2] DEBUG org.asynchttpclient.netty.handler.HttpHandler -- 

Request DefaultHttpRequest(decodeResult: success, version: HTTP/1.1)
POST /wd/hub/session/69f338f1f42c3dac20b3a581cd75e478/element/f.BD3649656A327BBCEEED139DABF591D7.d.6FF84BED0E92E72BA7F573A43EF24A5D.e.78/click HTTP/1.1
User-Agent: selenium/4.1.3 (java windows)
traceparent: 00-08c41716a4e476b17c536bb74f29975b-e801ba92517c58db-01
Content-Length: 88
Content-Type: application/json; charset=utf-8
host: localhost:4444
accept: */*

Response DefaultHttpResponse(decodeResult: success, version: HTTP/1.1)
HTTP/1.1 200 OK
content-type: application/json; charset=utf-8
cache-control: no-cache
content-length: 14

20:36:34.322 [AsyncHttpClient-1-2] DEBUG org.asynchttpclient.netty.channel.ChannelManager -- Adding key: http://localhost:4444 for channel [id: 0x58d5d04d, L:/127.0.0.1:14645 - R:localhost/127.0.0.1:4444]
]]></system-out>
    <system-err><![CDATA[Aug 29, 2024 8:36:16 PM org.openqa.selenium.remote.ProtocolHandshake createSession
INFO: Detected dialect: W3C
]]></system-err>
  </testcase>
  <testcase name="runScenario[&quot;Verify that Language button show Properly&quot;, &quot;Optional[Verify Brikroy icon work properly_2]&quot;](9)" classname="TestRunner.TestRunner" time="14.066">
    <system-out><![CDATA[20:36:34.349 [Forwarding newSession on session null to remote] DEBUG org.asynchttpclient.netty.request.NettyRequestSender -- Using pooled Channel '[id: 0x58d5d04d, L:/127.0.0.1:14645 - R:localhost/127.0.0.1:4444]' for 'POST' to 'http://localhost:4444/wd/hub/session'
20:36:34.349 [Forwarding newSession on session null to remote] DEBUG org.asynchttpclient.netty.request.NettyRequestSender -- Using open Channel [id: 0x58d5d04d, L:/127.0.0.1:14645 - R:localhost/127.0.0.1:4444] for POST '/wd/hub/session'
20:36:35.650 [AsyncHttpClient-1-2] DEBUG org.asynchttpclient.netty.handler.HttpHandler -- 

Request DefaultHttpRequest(decodeResult: success, version: HTTP/1.1)
POST /wd/hub/session HTTP/1.1
User-Agent: selenium/4.1.3 (java windows)
traceparent: 00-cf1bdc303b7c80d507c5ecf9e8fd9bb7-7e64bbfb8021412e-01
Content-Length: 341
Content-Type: application/json; charset=utf-8
host: localhost:4444
accept: */*

Response DefaultHttpResponse(decodeResult: success, version: HTTP/1.1)
HTTP/1.1 200 OK
Cache-Control: no-cache
Content-Type: application/json; charset=utf-8
content-length: 1345

20:36:35.651 [AsyncHttpClient-1-2] DEBUG org.asynchttpclient.netty.channel.ChannelManager -- Adding key: http://localhost:4444 for channel [id: 0x58d5d04d, L:/127.0.0.1:14645 - R:localhost/127.0.0.1:4444]
20:36:35.660 [Forwarding setTimeout on session d206e7d8ebb1c18749a31e254b9c71d3 to remote] DEBUG org.asynchttpclient.netty.request.NettyRequestSender -- Using pooled Channel '[id: 0x58d5d04d, L:/127.0.0.1:14645 - R:localhost/127.0.0.1:4444]' for 'POST' to 'http://localhost:4444/wd/hub/session/d206e7d8ebb1c18749a31e254b9c71d3/timeouts'
20:36:35.660 [Forwarding setTimeout on session d206e7d8ebb1c18749a31e254b9c71d3 to remote] DEBUG org.asynchttpclient.netty.request.NettyRequestSender -- Using open Channel [id: 0x58d5d04d, L:/127.0.0.1:14645 - R:localhost/127.0.0.1:4444] for POST '/wd/hub/session/d206e7d8ebb1c18749a31e254b9c71d3/timeouts'
20:36:35.667 [AsyncHttpClient-1-2] DEBUG org.asynchttpclient.netty.handler.HttpHandler -- 

Request DefaultHttpRequest(decodeResult: success, version: HTTP/1.1)
POST /wd/hub/session/d206e7d8ebb1c18749a31e254b9c71d3/timeouts HTTP/1.1
User-Agent: selenium/4.1.3 (java windows)
traceparent: 00-eb1dc5ac41d65fdbf58f8c375ba6e10a-0b3b2dd18a1d1c36-01
Content-Length: 22
Content-Type: application/json; charset=utf-8
host: localhost:4444
accept: */*

Response DefaultHttpResponse(decodeResult: success, version: HTTP/1.1)
HTTP/1.1 200 OK
content-type: application/json; charset=utf-8
cache-control: no-cache
content-length: 14

20:36:35.668 [AsyncHttpClient-1-2] DEBUG org.asynchttpclient.netty.channel.ChannelManager -- Adding key: http://localhost:4444 for channel [id: 0x58d5d04d, L:/127.0.0.1:14645 - R:localhost/127.0.0.1:4444]
20:36:35.670 [Forwarding maximizeCurrentWindow on session d206e7d8ebb1c18749a31e254b9c71d3 to remote] DEBUG org.asynchttpclient.netty.request.NettyRequestSender -- Using pooled Channel '[id: 0x58d5d04d, L:/127.0.0.1:14645 - R:localhost/127.0.0.1:4444]' for 'POST' to 'http://localhost:4444/wd/hub/session/d206e7d8ebb1c18749a31e254b9c71d3/window/maximize'
20:36:35.670 [Forwarding maximizeCurrentWindow on session d206e7d8ebb1c18749a31e254b9c71d3 to remote] DEBUG org.asynchttpclient.netty.request.NettyRequestSender -- Using open Channel [id: 0x58d5d04d, L:/127.0.0.1:14645 - R:localhost/127.0.0.1:4444] for POST '/wd/hub/session/d206e7d8ebb1c18749a31e254b9c71d3/window/maximize'
20:36:35.706 [AsyncHttpClient-1-2] DEBUG org.asynchttpclient.netty.handler.HttpHandler -- 

Request DefaultHttpRequest(decodeResult: success, version: HTTP/1.1)
POST /wd/hub/session/d206e7d8ebb1c18749a31e254b9c71d3/window/maximize HTTP/1.1
User-Agent: selenium/4.1.3 (java windows)
traceparent: 00-e39567d057dc097ea443a675580b94bf-3adede40828194c8-01
Content-Length: 3
Content-Type: application/json; charset=utf-8
host: localhost:4444
accept: */*

Response DefaultHttpResponse(decodeResult: success, version: HTTP/1.1)
HTTP/1.1 200 OK
content-type: application/json; charset=utf-8
cache-control: no-cache
content-length: 50

20:36:35.706 [AsyncHttpClient-1-2] DEBUG org.asynchttpclient.netty.channel.ChannelManager -- Adding key: http://localhost:4444 for channel [id: 0x58d5d04d, L:/127.0.0.1:14645 - R:localhost/127.0.0.1:4444]
20:36:35.711 [Forwarding get on session d206e7d8ebb1c18749a31e254b9c71d3 to remote] DEBUG org.asynchttpclient.netty.request.NettyRequestSender -- Using pooled Channel '[id: 0x58d5d04d, L:/127.0.0.1:14645 - R:localhost/127.0.0.1:4444]' for 'POST' to 'http://localhost:4444/wd/hub/session/d206e7d8ebb1c18749a31e254b9c71d3/url'
20:36:35.712 [Forwarding get on session d206e7d8ebb1c18749a31e254b9c71d3 to remote] DEBUG org.asynchttpclient.netty.request.NettyRequestSender -- Using open Channel [id: 0x58d5d04d, L:/127.0.0.1:14645 - R:localhost/127.0.0.1:4444] for POST '/wd/hub/session/d206e7d8ebb1c18749a31e254b9c71d3/url'
20:36:36.131 [AsyncHttpClient-1-2] DEBUG org.asynchttpclient.netty.handler.HttpHandler -- 

Request DefaultHttpRequest(decodeResult: success, version: HTTP/1.1)
POST /wd/hub/session/d206e7d8ebb1c18749a31e254b9c71d3/url HTTP/1.1
User-Agent: selenium/4.1.3 (java windows)
traceparent: 00-993e16b83137ab7655c4e77725f8c4c0-a23c8440851c186c-01
Content-Length: 57
Content-Type: application/json; charset=utf-8
host: localhost:4444
accept: */*

Response DefaultHttpResponse(decodeResult: success, version: HTTP/1.1)
HTTP/1.1 200 OK
content-type: application/json; charset=utf-8
cache-control: no-cache
content-length: 14

20:36:36.131 [AsyncHttpClient-1-2] DEBUG org.asynchttpclient.netty.channel.ChannelManager -- Adding key: http://localhost:4444 for channel [id: 0x58d5d04d, L:/127.0.0.1:14645 - R:localhost/127.0.0.1:4444]
20:36:36.131 [Forwarding getCurrentUrl on session d206e7d8ebb1c18749a31e254b9c71d3 to remote] DEBUG org.asynchttpclient.netty.request.NettyRequestSender -- Using pooled Channel '[id: 0x58d5d04d, L:/127.0.0.1:14645 - R:localhost/127.0.0.1:4444]' for 'GET' to 'http://localhost:4444/wd/hub/session/d206e7d8ebb1c18749a31e254b9c71d3/url'
20:36:36.131 [Forwarding getCurrentUrl on session d206e7d8ebb1c18749a31e254b9c71d3 to remote] DEBUG org.asynchttpclient.netty.request.NettyRequestSender -- Using open Channel [id: 0x58d5d04d, L:/127.0.0.1:14645 - R:localhost/127.0.0.1:4444] for GET '/wd/hub/session/d206e7d8ebb1c18749a31e254b9c71d3/url'
20:36:46.297 [AsyncHttpClient-1-2] DEBUG org.asynchttpclient.netty.handler.HttpHandler -- 

Request DefaultFullHttpRequest(decodeResult: success, version: HTTP/1.1, content: EmptyByteBufBE)
GET /wd/hub/session/d206e7d8ebb1c18749a31e254b9c71d3/url HTTP/1.1
User-Agent: selenium/4.1.3 (java windows)
Cache-Control: no-cache
traceparent: 00-7a4796daadda22574d497583a5846d92-a8f9bd23ebf1a708-01
Content-Type: application/json; charset=utf-8
host: localhost:4444
accept: */*

Response DefaultHttpResponse(decodeResult: success, version: HTTP/1.1)
HTTP/1.1 200 OK
content-type: application/json; charset=utf-8
cache-control: no-cache
content-length: 34

20:36:46.298 [AsyncHttpClient-1-2] DEBUG org.asynchttpclient.netty.channel.ChannelManager -- Adding key: http://localhost:4444 for channel [id: 0x58d5d04d, L:/127.0.0.1:14645 - R:localhost/127.0.0.1:4444]
20:36:46.569 [AsyncHttpClient-1-1] DEBUG org.asynchttpclient.netty.channel.DefaultChannelPool -- Entry count for : http://localhost:4444 : 1
20:36:47.657 [AsyncHttpClient-1-1] DEBUG org.asynchttpclient.netty.channel.DefaultChannelPool -- Entry count for : http://localhost:4444 : 1
20:36:48.300 [Forwarding findElement on session d206e7d8ebb1c18749a31e254b9c71d3 to remote] DEBUG org.asynchttpclient.netty.request.NettyRequestSender -- Using pooled Channel '[id: 0x58d5d04d, L:/127.0.0.1:14645 - R:localhost/127.0.0.1:4444]' for 'POST' to 'http://localhost:4444/wd/hub/session/d206e7d8ebb1c18749a31e254b9c71d3/element'
20:36:48.301 [Forwarding findElement on session d206e7d8ebb1c18749a31e254b9c71d3 to remote] DEBUG org.asynchttpclient.netty.request.NettyRequestSender -- Using open Channel [id: 0x58d5d04d, L:/127.0.0.1:14645 - R:localhost/127.0.0.1:4444] for POST '/wd/hub/session/d206e7d8ebb1c18749a31e254b9c71d3/element'
20:36:48.318 [AsyncHttpClient-1-2] DEBUG org.asynchttpclient.netty.handler.HttpHandler -- 

Request DefaultHttpRequest(decodeResult: success, version: HTTP/1.1)
POST /wd/hub/session/d206e7d8ebb1c18749a31e254b9c71d3/element HTTP/1.1
User-Agent: selenium/4.1.3 (java windows)
traceparent: 00-7f0a0920287b9fdb397ed2db34d4dd0e-8b7244a4571641c7-01
Content-Length: 91
Content-Type: application/json; charset=utf-8
host: localhost:4444
accept: */*

Response DefaultHttpResponse(decodeResult: success, version: HTTP/1.1)
HTTP/1.1 200 OK
content-type: application/json; charset=utf-8
cache-control: no-cache
content-length: 126

20:36:48.318 [AsyncHttpClient-1-2] DEBUG org.asynchttpclient.netty.channel.ChannelManager -- Adding key: http://localhost:4444 for channel [id: 0x58d5d04d, L:/127.0.0.1:14645 - R:localhost/127.0.0.1:4444]
20:36:48.322 [Forwarding isElementDisplayed on session d206e7d8ebb1c18749a31e254b9c71d3 to remote] DEBUG org.asynchttpclient.netty.request.NettyRequestSender -- Using pooled Channel '[id: 0x58d5d04d, L:/127.0.0.1:14645 - R:localhost/127.0.0.1:4444]' for 'POST' to 'http://localhost:4444/wd/hub/session/d206e7d8ebb1c18749a31e254b9c71d3/execute/sync'
20:36:48.322 [Forwarding isElementDisplayed on session d206e7d8ebb1c18749a31e254b9c71d3 to remote] DEBUG org.asynchttpclient.netty.request.NettyRequestSender -- Using open Channel [id: 0x58d5d04d, L:/127.0.0.1:14645 - R:localhost/127.0.0.1:4444] for POST '/wd/hub/session/d206e7d8ebb1c18749a31e254b9c71d3/execute/sync'
20:36:48.338 [AsyncHttpClient-1-2] DEBUG org.asynchttpclient.netty.handler.HttpHandler -- 

Request DefaultHttpRequest(decodeResult: success, version: HTTP/1.1)
POST /wd/hub/session/d206e7d8ebb1c18749a31e254b9c71d3/execute/sync HTTP/1.1
User-Agent: selenium/4.1.3 (java windows)
traceparent: 00-8ec344dc49f99a3067190b4a923bd313-be51047f2811ff8e-01
Content-Length: 48818
Content-Type: application/json; charset=utf-8
host: localhost:4444
accept: */*

Response DefaultHttpResponse(decodeResult: success, version: HTTP/1.1)
HTTP/1.1 200 OK
content-type: application/json; charset=utf-8
cache-control: no-cache
content-length: 14

20:36:48.338 [AsyncHttpClient-1-2] DEBUG org.asynchttpclient.netty.channel.ChannelManager -- Adding key: http://localhost:4444 for channel [id: 0x58d5d04d, L:/127.0.0.1:14645 - R:localhost/127.0.0.1:4444]
20:36:48.340 [Forwarding findElement on session d206e7d8ebb1c18749a31e254b9c71d3 to remote] DEBUG org.asynchttpclient.netty.request.NettyRequestSender -- Using pooled Channel '[id: 0x58d5d04d, L:/127.0.0.1:14645 - R:localhost/127.0.0.1:4444]' for 'POST' to 'http://localhost:4444/wd/hub/session/d206e7d8ebb1c18749a31e254b9c71d3/element'
20:36:48.340 [Forwarding findElement on session d206e7d8ebb1c18749a31e254b9c71d3 to remote] DEBUG org.asynchttpclient.netty.request.NettyRequestSender -- Using open Channel [id: 0x58d5d04d, L:/127.0.0.1:14645 - R:localhost/127.0.0.1:4444] for POST '/wd/hub/session/d206e7d8ebb1c18749a31e254b9c71d3/element'
20:36:48.352 [AsyncHttpClient-1-2] DEBUG org.asynchttpclient.netty.handler.HttpHandler -- 

Request DefaultHttpRequest(decodeResult: success, version: HTTP/1.1)
POST /wd/hub/session/d206e7d8ebb1c18749a31e254b9c71d3/element HTTP/1.1
User-Agent: selenium/4.1.3 (java windows)
traceparent: 00-323ee109408e69a502c15a0be843b5bc-321217c2d4b0fd4b-01
Content-Length: 91
Content-Type: application/json; charset=utf-8
host: localhost:4444
accept: */*

Response DefaultHttpResponse(decodeResult: success, version: HTTP/1.1)
HTTP/1.1 200 OK
content-type: application/json; charset=utf-8
cache-control: no-cache
content-length: 126

20:36:48.352 [AsyncHttpClient-1-2] DEBUG org.asynchttpclient.netty.channel.ChannelManager -- Adding key: http://localhost:4444 for channel [id: 0x58d5d04d, L:/127.0.0.1:14645 - R:localhost/127.0.0.1:4444]
20:36:48.354 [Forwarding clickElement on session d206e7d8ebb1c18749a31e254b9c71d3 to remote] DEBUG org.asynchttpclient.netty.request.NettyRequestSender -- Using pooled Channel '[id: 0x58d5d04d, L:/127.0.0.1:14645 - R:localhost/127.0.0.1:4444]' for 'POST' to 'http://localhost:4444/wd/hub/session/d206e7d8ebb1c18749a31e254b9c71d3/element/f.A4923E70BB9E4A9CB0B3AE35E9731BAE.d.08E4DB7E26BECC40433CDF4785F6A7DA.e.76/click'
20:36:48.354 [Forwarding clickElement on session d206e7d8ebb1c18749a31e254b9c71d3 to remote] DEBUG org.asynchttpclient.netty.request.NettyRequestSender -- Using open Channel [id: 0x58d5d04d, L:/127.0.0.1:14645 - R:localhost/127.0.0.1:4444] for POST '/wd/hub/session/d206e7d8ebb1c18749a31e254b9c71d3/element/f.A4923E70BB9E4A9CB0B3AE35E9731BAE.d.08E4DB7E26BECC40433CDF4785F6A7DA.e.76/click'
20:36:48.401 [AsyncHttpClient-1-2] DEBUG org.asynchttpclient.netty.handler.HttpHandler -- 

Request DefaultHttpRequest(decodeResult: success, version: HTTP/1.1)
POST /wd/hub/session/d206e7d8ebb1c18749a31e254b9c71d3/element/f.A4923E70BB9E4A9CB0B3AE35E9731BAE.d.08E4DB7E26BECC40433CDF4785F6A7DA.e.76/click HTTP/1.1
User-Agent: selenium/4.1.3 (java windows)
traceparent: 00-50bb7da08f9d0d062c6d18ccc7c579ce-230b47b4c1fb3bfb-01
Content-Length: 88
Content-Type: application/json; charset=utf-8
host: localhost:4444
accept: */*

Response DefaultHttpResponse(decodeResult: success, version: HTTP/1.1)
HTTP/1.1 200 OK
content-type: application/json; charset=utf-8
cache-control: no-cache
content-length: 14

20:36:48.401 [AsyncHttpClient-1-2] DEBUG org.asynchttpclient.netty.channel.ChannelManager -- Adding key: http://localhost:4444 for channel [id: 0x58d5d04d, L:/127.0.0.1:14645 - R:localhost/127.0.0.1:4444]
]]></system-out>
    <system-err><![CDATA[Aug 29, 2024 8:36:35 PM org.openqa.selenium.remote.ProtocolHandshake createSession
INFO: Detected dialect: W3C
]]></system-err>
  </testcase>
  <testcase name="runScenario[&quot;Verify that Location button show Properly&quot;, &quot;Optional[Verify Brikroy icon work properly_2]&quot;](10)" classname="TestRunner.TestRunner" time="7.758">
    <system-out><![CDATA[20:36:48.419 [Forwarding newSession on session null to remote] DEBUG org.asynchttpclient.netty.request.NettyRequestSender -- Using pooled Channel '[id: 0x58d5d04d, L:/127.0.0.1:14645 - R:localhost/127.0.0.1:4444]' for 'POST' to 'http://localhost:4444/wd/hub/session'
20:36:48.419 [Forwarding newSession on session null to remote] DEBUG org.asynchttpclient.netty.request.NettyRequestSender -- Using open Channel [id: 0x58d5d04d, L:/127.0.0.1:14645 - R:localhost/127.0.0.1:4444] for POST '/wd/hub/session'
20:36:49.356 [AsyncHttpClient-1-2] DEBUG org.asynchttpclient.netty.handler.HttpHandler -- 

Request DefaultHttpRequest(decodeResult: success, version: HTTP/1.1)
POST /wd/hub/session HTTP/1.1
User-Agent: selenium/4.1.3 (java windows)
traceparent: 00-c0c99eb9e24e7d57bec302c6e9c8357f-0b358424763ab911-01
Content-Length: 341
Content-Type: application/json; charset=utf-8
host: localhost:4444
accept: */*

Response DefaultHttpResponse(decodeResult: success, version: HTTP/1.1)
HTTP/1.1 200 OK
Cache-Control: no-cache
Content-Type: application/json; charset=utf-8
content-length: 1344

20:36:49.356 [AsyncHttpClient-1-2] DEBUG org.asynchttpclient.netty.channel.ChannelManager -- Adding key: http://localhost:4444 for channel [id: 0x58d5d04d, L:/127.0.0.1:14645 - R:localhost/127.0.0.1:4444]
20:36:49.362 [Forwarding setTimeout on session 6763540db05e812c68aa88d9224e17e6 to remote] DEBUG org.asynchttpclient.netty.request.NettyRequestSender -- Using pooled Channel '[id: 0x58d5d04d, L:/127.0.0.1:14645 - R:localhost/127.0.0.1:4444]' for 'POST' to 'http://localhost:4444/wd/hub/session/6763540db05e812c68aa88d9224e17e6/timeouts'
20:36:49.362 [Forwarding setTimeout on session 6763540db05e812c68aa88d9224e17e6 to remote] DEBUG org.asynchttpclient.netty.request.NettyRequestSender -- Using open Channel [id: 0x58d5d04d, L:/127.0.0.1:14645 - R:localhost/127.0.0.1:4444] for POST '/wd/hub/session/6763540db05e812c68aa88d9224e17e6/timeouts'
20:36:49.370 [AsyncHttpClient-1-2] DEBUG org.asynchttpclient.netty.handler.HttpHandler -- 

Request DefaultHttpRequest(decodeResult: success, version: HTTP/1.1)
POST /wd/hub/session/6763540db05e812c68aa88d9224e17e6/timeouts HTTP/1.1
User-Agent: selenium/4.1.3 (java windows)
traceparent: 00-f76e3bd285e6c55177f5d2c1c766ba18-8c52ca1b9b7829bd-01
Content-Length: 22
Content-Type: application/json; charset=utf-8
host: localhost:4444
accept: */*

Response DefaultHttpResponse(decodeResult: success, version: HTTP/1.1)
HTTP/1.1 200 OK
content-type: application/json; charset=utf-8
cache-control: no-cache
content-length: 14

20:36:49.370 [AsyncHttpClient-1-2] DEBUG org.asynchttpclient.netty.channel.ChannelManager -- Adding key: http://localhost:4444 for channel [id: 0x58d5d04d, L:/127.0.0.1:14645 - R:localhost/127.0.0.1:4444]
20:36:49.372 [Forwarding maximizeCurrentWindow on session 6763540db05e812c68aa88d9224e17e6 to remote] DEBUG org.asynchttpclient.netty.request.NettyRequestSender -- Using pooled Channel '[id: 0x58d5d04d, L:/127.0.0.1:14645 - R:localhost/127.0.0.1:4444]' for 'POST' to 'http://localhost:4444/wd/hub/session/6763540db05e812c68aa88d9224e17e6/window/maximize'
20:36:49.372 [Forwarding maximizeCurrentWindow on session 6763540db05e812c68aa88d9224e17e6 to remote] DEBUG org.asynchttpclient.netty.request.NettyRequestSender -- Using open Channel [id: 0x58d5d04d, L:/127.0.0.1:14645 - R:localhost/127.0.0.1:4444] for POST '/wd/hub/session/6763540db05e812c68aa88d9224e17e6/window/maximize'
20:36:49.402 [AsyncHttpClient-1-2] DEBUG org.asynchttpclient.netty.handler.HttpHandler -- 

Request DefaultHttpRequest(decodeResult: success, version: HTTP/1.1)
POST /wd/hub/session/6763540db05e812c68aa88d9224e17e6/window/maximize HTTP/1.1
User-Agent: selenium/4.1.3 (java windows)
traceparent: 00-0b4eb92ad0c552a414245f7222b4b193-2c955a8566e12856-01
Content-Length: 3
Content-Type: application/json; charset=utf-8
host: localhost:4444
accept: */*

Response DefaultHttpResponse(decodeResult: success, version: HTTP/1.1)
HTTP/1.1 200 OK
content-type: application/json; charset=utf-8
cache-control: no-cache
content-length: 50

20:36:49.402 [AsyncHttpClient-1-2] DEBUG org.asynchttpclient.netty.channel.ChannelManager -- Adding key: http://localhost:4444 for channel [id: 0x58d5d04d, L:/127.0.0.1:14645 - R:localhost/127.0.0.1:4444]
20:36:49.404 [Forwarding get on session 6763540db05e812c68aa88d9224e17e6 to remote] DEBUG org.asynchttpclient.netty.request.NettyRequestSender -- Using pooled Channel '[id: 0x58d5d04d, L:/127.0.0.1:14645 - R:localhost/127.0.0.1:4444]' for 'POST' to 'http://localhost:4444/wd/hub/session/6763540db05e812c68aa88d9224e17e6/url'
20:36:49.404 [Forwarding get on session 6763540db05e812c68aa88d9224e17e6 to remote] DEBUG org.asynchttpclient.netty.request.NettyRequestSender -- Using open Channel [id: 0x58d5d04d, L:/127.0.0.1:14645 - R:localhost/127.0.0.1:4444] for POST '/wd/hub/session/6763540db05e812c68aa88d9224e17e6/url'
20:36:54.017 [AsyncHttpClient-1-2] DEBUG org.asynchttpclient.netty.handler.HttpHandler -- 

Request DefaultHttpRequest(decodeResult: success, version: HTTP/1.1)
POST /wd/hub/session/6763540db05e812c68aa88d9224e17e6/url HTTP/1.1
User-Agent: selenium/4.1.3 (java windows)
traceparent: 00-460197d9e1d6e6e1a1bb0e1f377e1611-c3e6ba8298b13088-01
Content-Length: 57
Content-Type: application/json; charset=utf-8
host: localhost:4444
accept: */*

Response DefaultHttpResponse(decodeResult: success, version: HTTP/1.1)
HTTP/1.1 200 OK
content-type: application/json; charset=utf-8
cache-control: no-cache
content-length: 14

20:36:54.018 [AsyncHttpClient-1-2] DEBUG org.asynchttpclient.netty.channel.ChannelManager -- Adding key: http://localhost:4444 for channel [id: 0x58d5d04d, L:/127.0.0.1:14645 - R:localhost/127.0.0.1:4444]
20:36:54.019 [Forwarding getCurrentUrl on session 6763540db05e812c68aa88d9224e17e6 to remote] DEBUG org.asynchttpclient.netty.request.NettyRequestSender -- Using pooled Channel '[id: 0x58d5d04d, L:/127.0.0.1:14645 - R:localhost/127.0.0.1:4444]' for 'GET' to 'http://localhost:4444/wd/hub/session/6763540db05e812c68aa88d9224e17e6/url'
20:36:54.020 [Forwarding getCurrentUrl on session 6763540db05e812c68aa88d9224e17e6 to remote] DEBUG org.asynchttpclient.netty.request.NettyRequestSender -- Using open Channel [id: 0x58d5d04d, L:/127.0.0.1:14645 - R:localhost/127.0.0.1:4444] for GET '/wd/hub/session/6763540db05e812c68aa88d9224e17e6/url'
20:36:54.029 [AsyncHttpClient-1-2] DEBUG org.asynchttpclient.netty.handler.HttpHandler -- 

Request DefaultFullHttpRequest(decodeResult: success, version: HTTP/1.1, content: EmptyByteBufBE)
GET /wd/hub/session/6763540db05e812c68aa88d9224e17e6/url HTTP/1.1
User-Agent: selenium/4.1.3 (java windows)
Cache-Control: no-cache
traceparent: 00-2ef98b6e9cce68b36671f9afb061495d-c27ec8ccbcef69aa-01
Content-Type: application/json; charset=utf-8
host: localhost:4444
accept: */*

Response DefaultHttpResponse(decodeResult: success, version: HTTP/1.1)
HTTP/1.1 200 OK
content-type: application/json; charset=utf-8
cache-control: no-cache
content-length: 34

20:36:54.029 [AsyncHttpClient-1-2] DEBUG org.asynchttpclient.netty.channel.ChannelManager -- Adding key: http://localhost:4444 for channel [id: 0x58d5d04d, L:/127.0.0.1:14645 - R:localhost/127.0.0.1:4444]
20:36:54.259 [AsyncHttpClient-1-1] DEBUG org.asynchttpclient.netty.channel.DefaultChannelPool -- Entry count for : http://localhost:4444 : 1
20:36:55.373 [AsyncHttpClient-1-1] DEBUG org.asynchttpclient.netty.channel.DefaultChannelPool -- Entry count for : http://localhost:4444 : 1
20:36:56.040 [Forwarding findElement on session 6763540db05e812c68aa88d9224e17e6 to remote] DEBUG org.asynchttpclient.netty.request.NettyRequestSender -- Using pooled Channel '[id: 0x58d5d04d, L:/127.0.0.1:14645 - R:localhost/127.0.0.1:4444]' for 'POST' to 'http://localhost:4444/wd/hub/session/6763540db05e812c68aa88d9224e17e6/element'
20:36:56.040 [Forwarding findElement on session 6763540db05e812c68aa88d9224e17e6 to remote] DEBUG org.asynchttpclient.netty.request.NettyRequestSender -- Using open Channel [id: 0x58d5d04d, L:/127.0.0.1:14645 - R:localhost/127.0.0.1:4444] for POST '/wd/hub/session/6763540db05e812c68aa88d9224e17e6/element'
20:36:56.054 [AsyncHttpClient-1-2] DEBUG org.asynchttpclient.netty.handler.HttpHandler -- 

Request DefaultHttpRequest(decodeResult: success, version: HTTP/1.1)
POST /wd/hub/session/6763540db05e812c68aa88d9224e17e6/element HTTP/1.1
User-Agent: selenium/4.1.3 (java windows)
traceparent: 00-8a75cd1a5fa99eaf902810de4f89c555-e4a184ad750ce7e0-01
Content-Length: 92
Content-Type: application/json; charset=utf-8
host: localhost:4444
accept: */*

Response DefaultHttpResponse(decodeResult: success, version: HTTP/1.1)
HTTP/1.1 200 OK
content-type: application/json; charset=utf-8
cache-control: no-cache
content-length: 126

20:36:56.054 [AsyncHttpClient-1-2] DEBUG org.asynchttpclient.netty.channel.ChannelManager -- Adding key: http://localhost:4444 for channel [id: 0x58d5d04d, L:/127.0.0.1:14645 - R:localhost/127.0.0.1:4444]
20:36:56.057 [Forwarding isElementDisplayed on session 6763540db05e812c68aa88d9224e17e6 to remote] DEBUG org.asynchttpclient.netty.request.NettyRequestSender -- Using pooled Channel '[id: 0x58d5d04d, L:/127.0.0.1:14645 - R:localhost/127.0.0.1:4444]' for 'POST' to 'http://localhost:4444/wd/hub/session/6763540db05e812c68aa88d9224e17e6/execute/sync'
20:36:56.057 [Forwarding isElementDisplayed on session 6763540db05e812c68aa88d9224e17e6 to remote] DEBUG org.asynchttpclient.netty.request.NettyRequestSender -- Using open Channel [id: 0x58d5d04d, L:/127.0.0.1:14645 - R:localhost/127.0.0.1:4444] for POST '/wd/hub/session/6763540db05e812c68aa88d9224e17e6/execute/sync'
20:36:56.073 [AsyncHttpClient-1-2] DEBUG org.asynchttpclient.netty.handler.HttpHandler -- 

Request DefaultHttpRequest(decodeResult: success, version: HTTP/1.1)
POST /wd/hub/session/6763540db05e812c68aa88d9224e17e6/execute/sync HTTP/1.1
User-Agent: selenium/4.1.3 (java windows)
traceparent: 00-cc4d852e7424ab5ad4a1d76d3826fb06-8cabd2b2b0c7606d-01
Content-Length: 48818
Content-Type: application/json; charset=utf-8
host: localhost:4444
accept: */*

Response DefaultHttpResponse(decodeResult: success, version: HTTP/1.1)
HTTP/1.1 200 OK
content-type: application/json; charset=utf-8
cache-control: no-cache
content-length: 14

20:36:56.073 [AsyncHttpClient-1-2] DEBUG org.asynchttpclient.netty.channel.ChannelManager -- Adding key: http://localhost:4444 for channel [id: 0x58d5d04d, L:/127.0.0.1:14645 - R:localhost/127.0.0.1:4444]
20:36:56.074 [Forwarding findElement on session 6763540db05e812c68aa88d9224e17e6 to remote] DEBUG org.asynchttpclient.netty.request.NettyRequestSender -- Using pooled Channel '[id: 0x58d5d04d, L:/127.0.0.1:14645 - R:localhost/127.0.0.1:4444]' for 'POST' to 'http://localhost:4444/wd/hub/session/6763540db05e812c68aa88d9224e17e6/element'
20:36:56.075 [Forwarding findElement on session 6763540db05e812c68aa88d9224e17e6 to remote] DEBUG org.asynchttpclient.netty.request.NettyRequestSender -- Using open Channel [id: 0x58d5d04d, L:/127.0.0.1:14645 - R:localhost/127.0.0.1:4444] for POST '/wd/hub/session/6763540db05e812c68aa88d9224e17e6/element'
20:36:56.085 [AsyncHttpClient-1-2] DEBUG org.asynchttpclient.netty.handler.HttpHandler -- 

Request DefaultHttpRequest(decodeResult: success, version: HTTP/1.1)
POST /wd/hub/session/6763540db05e812c68aa88d9224e17e6/element HTTP/1.1
User-Agent: selenium/4.1.3 (java windows)
traceparent: 00-153a9e4a52e0e1924d247a1b95ed5853-7495e8c25ba045f1-01
Content-Length: 92
Content-Type: application/json; charset=utf-8
host: localhost:4444
accept: */*

Response DefaultHttpResponse(decodeResult: success, version: HTTP/1.1)
HTTP/1.1 200 OK
content-type: application/json; charset=utf-8
cache-control: no-cache
content-length: 126

20:36:56.085 [AsyncHttpClient-1-2] DEBUG org.asynchttpclient.netty.channel.ChannelManager -- Adding key: http://localhost:4444 for channel [id: 0x58d5d04d, L:/127.0.0.1:14645 - R:localhost/127.0.0.1:4444]
20:36:56.086 [Forwarding clickElement on session 6763540db05e812c68aa88d9224e17e6 to remote] DEBUG org.asynchttpclient.netty.request.NettyRequestSender -- Using pooled Channel '[id: 0x58d5d04d, L:/127.0.0.1:14645 - R:localhost/127.0.0.1:4444]' for 'POST' to 'http://localhost:4444/wd/hub/session/6763540db05e812c68aa88d9224e17e6/element/f.DA0687A2BEF9B46FAB4F1F65ADB70C51.d.FEF206F53F4FD0BE954C8677869F9978.e.84/click'
20:36:56.086 [Forwarding clickElement on session 6763540db05e812c68aa88d9224e17e6 to remote] DEBUG org.asynchttpclient.netty.request.NettyRequestSender -- Using open Channel [id: 0x58d5d04d, L:/127.0.0.1:14645 - R:localhost/127.0.0.1:4444] for POST '/wd/hub/session/6763540db05e812c68aa88d9224e17e6/element/f.DA0687A2BEF9B46FAB4F1F65ADB70C51.d.FEF206F53F4FD0BE954C8677869F9978.e.84/click'
20:36:56.160 [AsyncHttpClient-1-2] DEBUG org.asynchttpclient.netty.handler.HttpHandler -- 

Request DefaultHttpRequest(decodeResult: success, version: HTTP/1.1)
POST /wd/hub/session/6763540db05e812c68aa88d9224e17e6/element/f.DA0687A2BEF9B46FAB4F1F65ADB70C51.d.FEF206F53F4FD0BE954C8677869F9978.e.84/click HTTP/1.1
User-Agent: selenium/4.1.3 (java windows)
traceparent: 00-188a63a1497cbca32a02d3c19318cb0b-d7a8e6a169dfef09-01
Content-Length: 88
Content-Type: application/json; charset=utf-8
host: localhost:4444
accept: */*

Response DefaultHttpResponse(decodeResult: success, version: HTTP/1.1)
HTTP/1.1 200 OK
content-type: application/json; charset=utf-8
cache-control: no-cache
content-length: 14

20:36:56.161 [AsyncHttpClient-1-2] DEBUG org.asynchttpclient.netty.channel.ChannelManager -- Adding key: http://localhost:4444 for channel [id: 0x58d5d04d, L:/127.0.0.1:14645 - R:localhost/127.0.0.1:4444]
]]></system-out>
    <system-err><![CDATA[Aug 29, 2024 8:36:49 PM org.openqa.selenium.remote.ProtocolHandshake createSession
INFO: Detected dialect: W3C
]]></system-err>
  </testcase>
  <testcase name="runScenario[&quot;Verify User and Can login&quot;, &quot;Optional[Verify Daraz works properly]&quot;](11)" classname="TestRunner.TestRunner" time="18.671">
    <failure message="no such element: Unable to locate element: {&quot;method&quot;:&quot;xpath&quot;,&quot;selector&quot;:&quot;//input[@placeholder=&apos;Please enter your Phone Number or Email&apos;]&quot;}&#10;  (Session info: chrome=128.0.6613.85)&#10;For documentation on this error, please visit: https://selenium.dev/exceptions/#no_such_element&#10;Build info: version: &apos;4.1.3&apos;, revision: &apos;7b1ebf28ef&apos;&#10;System info: host: &apos;MDS&apos;, ip: &apos;192.168.0.146&apos;, os.name: &apos;Windows 11&apos;, os.arch: &apos;amd64&apos;, os.version: &apos;10.0&apos;, java.version: &apos;17.0.11&apos;&#10;Driver info: org.openqa.selenium.remote.RemoteWebDriver&#10;Command: [88b929096db2e64a1892ea12e9442533, findElement {using=xpath, value=//input[@placeholder=&apos;Please enter your Phone Number or Email&apos;]}]&#10;Capabilities {acceptInsecureCerts: false, browserName: chrome, browserVersion: 128.0.6613.85, chrome: {chromedriverVersion: 128.0.6613.86 (3045ed680fda..., userDataDir: C:\Users\MDS\AppData\Local\...}, fedcm:accounts: true, goog:chromeOptions: {debuggerAddress: localhost:2142}, javascriptEnabled: true, networkConnectionEnabled: false, pageLoadStrategy: normal, platform: XP, platformName: XP, proxy: Proxy(), se:bidiEnabled: false, se:cdp: ws://localhost:4444/session..., se:cdpVersion: 128.0.6613.85, setWindowRect: true, strictFileInteractability: false, timeouts: {implicit: 0, pageLoad: 300000, script: 30000}, unhandledPromptBehavior: dismiss and notify, webauthn:extension:credBlob: true, webauthn:extension:largeBlob: true, webauthn:extension:minPinLength: true, webauthn:extension:prf: true, webauthn:virtualAuthenticators: true}&#10;Session ID: 88b929096db2e64a1892ea12e9442533" type="org.openqa.selenium.NoSuchElementException"><![CDATA[org.openqa.selenium.NoSuchElementException: 
no such element: Unable to locate element: {"method":"xpath","selector":"//input[@placeholder='Please enter your Phone Number or Email']"}
  (Session info: chrome=128.0.6613.85)
For documentation on this error, please visit: https://selenium.dev/exceptions/#no_such_element
Build info: version: '4.1.3', revision: '7b1ebf28ef'
System info: host: 'MDS', ip: '192.168.0.146', os.name: 'Windows 11', os.arch: 'amd64', os.version: '10.0', java.version: '17.0.11'
Driver info: org.openqa.selenium.remote.RemoteWebDriver
Command: [88b929096db2e64a1892ea12e9442533, findElement {using=xpath, value=//input[@placeholder='Please enter your Phone Number or Email']}]
Capabilities {acceptInsecureCerts: false, browserName: chrome, browserVersion: 128.0.6613.85, chrome: {chromedriverVersion: 128.0.6613.86 (3045ed680fda..., userDataDir: C:\Users\MDS\AppData\Local\...}, fedcm:accounts: true, goog:chromeOptions: {debuggerAddress: localhost:2142}, javascriptEnabled: true, networkConnectionEnabled: false, pageLoadStrategy: normal, platform: XP, platformName: XP, proxy: Proxy(), se:bidiEnabled: false, se:cdp: ws://localhost:4444/session..., se:cdpVersion: 128.0.6613.85, setWindowRect: true, strictFileInteractability: false, timeouts: {implicit: 0, pageLoad: 300000, script: 30000}, unhandledPromptBehavior: dismiss and notify, webauthn:extension:credBlob: true, webauthn:extension:largeBlob: true, webauthn:extension:minPinLength: true, webauthn:extension:prf: true, webauthn:virtualAuthenticators: true}
Session ID: 88b929096db2e64a1892ea12e9442533
]]></failure>
    <system-out><![CDATA[20:36:56.186 [Forwarding newSession on session null to remote] DEBUG org.asynchttpclient.netty.request.NettyRequestSender -- Using pooled Channel '[id: 0x58d5d04d, L:/127.0.0.1:14645 - R:localhost/127.0.0.1:4444]' for 'POST' to 'http://localhost:4444/wd/hub/session'
20:36:56.186 [Forwarding newSession on session null to remote] DEBUG org.asynchttpclient.netty.request.NettyRequestSender -- Using open Channel [id: 0x58d5d04d, L:/127.0.0.1:14645 - R:localhost/127.0.0.1:4444] for POST '/wd/hub/session'
20:36:57.201 [AsyncHttpClient-1-2] DEBUG org.asynchttpclient.netty.handler.HttpHandler -- 

Request DefaultHttpRequest(decodeResult: success, version: HTTP/1.1)
POST /wd/hub/session HTTP/1.1
User-Agent: selenium/4.1.3 (java windows)
traceparent: 00-43b78e2e7eac8ff899bae93b1ca233e4-349f19c84d05fb51-01
Content-Length: 341
Content-Type: application/json; charset=utf-8
host: localhost:4444
accept: */*

Response DefaultHttpResponse(decodeResult: success, version: HTTP/1.1)
HTTP/1.1 200 OK
Cache-Control: no-cache
Content-Type: application/json; charset=utf-8
content-length: 1344

20:36:57.203 [AsyncHttpClient-1-2] DEBUG org.asynchttpclient.netty.channel.ChannelManager -- Adding key: http://localhost:4444 for channel [id: 0x58d5d04d, L:/127.0.0.1:14645 - R:localhost/127.0.0.1:4444]
20:36:57.209 [Forwarding setTimeout on session 88b929096db2e64a1892ea12e9442533 to remote] DEBUG org.asynchttpclient.netty.request.NettyRequestSender -- Using pooled Channel '[id: 0x58d5d04d, L:/127.0.0.1:14645 - R:localhost/127.0.0.1:4444]' for 'POST' to 'http://localhost:4444/wd/hub/session/88b929096db2e64a1892ea12e9442533/timeouts'
20:36:57.209 [Forwarding setTimeout on session 88b929096db2e64a1892ea12e9442533 to remote] DEBUG org.asynchttpclient.netty.request.NettyRequestSender -- Using open Channel [id: 0x58d5d04d, L:/127.0.0.1:14645 - R:localhost/127.0.0.1:4444] for POST '/wd/hub/session/88b929096db2e64a1892ea12e9442533/timeouts'
20:36:57.215 [AsyncHttpClient-1-2] DEBUG org.asynchttpclient.netty.handler.HttpHandler -- 

Request DefaultHttpRequest(decodeResult: success, version: HTTP/1.1)
POST /wd/hub/session/88b929096db2e64a1892ea12e9442533/timeouts HTTP/1.1
User-Agent: selenium/4.1.3 (java windows)
traceparent: 00-f8fc37b73469fb5486244b5d9ec4612c-47364baa6a84cdbd-01
Content-Length: 22
Content-Type: application/json; charset=utf-8
host: localhost:4444
accept: */*

Response DefaultHttpResponse(decodeResult: success, version: HTTP/1.1)
HTTP/1.1 200 OK
content-type: application/json; charset=utf-8
cache-control: no-cache
content-length: 14

20:36:57.215 [AsyncHttpClient-1-2] DEBUG org.asynchttpclient.netty.channel.ChannelManager -- Adding key: http://localhost:4444 for channel [id: 0x58d5d04d, L:/127.0.0.1:14645 - R:localhost/127.0.0.1:4444]
20:36:57.217 [Forwarding maximizeCurrentWindow on session 88b929096db2e64a1892ea12e9442533 to remote] DEBUG org.asynchttpclient.netty.request.NettyRequestSender -- Using pooled Channel '[id: 0x58d5d04d, L:/127.0.0.1:14645 - R:localhost/127.0.0.1:4444]' for 'POST' to 'http://localhost:4444/wd/hub/session/88b929096db2e64a1892ea12e9442533/window/maximize'
20:36:57.217 [Forwarding maximizeCurrentWindow on session 88b929096db2e64a1892ea12e9442533 to remote] DEBUG org.asynchttpclient.netty.request.NettyRequestSender -- Using open Channel [id: 0x58d5d04d, L:/127.0.0.1:14645 - R:localhost/127.0.0.1:4444] for POST '/wd/hub/session/88b929096db2e64a1892ea12e9442533/window/maximize'
20:36:57.246 [AsyncHttpClient-1-2] DEBUG org.asynchttpclient.netty.handler.HttpHandler -- 

Request DefaultHttpRequest(decodeResult: success, version: HTTP/1.1)
POST /wd/hub/session/88b929096db2e64a1892ea12e9442533/window/maximize HTTP/1.1
User-Agent: selenium/4.1.3 (java windows)
traceparent: 00-d854ffda103aa307464470aed78e0bcb-53dc7ef10371ef56-01
Content-Length: 3
Content-Type: application/json; charset=utf-8
host: localhost:4444
accept: */*

Response DefaultHttpResponse(decodeResult: success, version: HTTP/1.1)
HTTP/1.1 200 OK
content-type: application/json; charset=utf-8
cache-control: no-cache
content-length: 50

20:36:57.247 [AsyncHttpClient-1-2] DEBUG org.asynchttpclient.netty.channel.ChannelManager -- Adding key: http://localhost:4444 for channel [id: 0x58d5d04d, L:/127.0.0.1:14645 - R:localhost/127.0.0.1:4444]
20:36:57.249 [Forwarding get on session 88b929096db2e64a1892ea12e9442533 to remote] DEBUG org.asynchttpclient.netty.request.NettyRequestSender -- Using pooled Channel '[id: 0x58d5d04d, L:/127.0.0.1:14645 - R:localhost/127.0.0.1:4444]' for 'POST' to 'http://localhost:4444/wd/hub/session/88b929096db2e64a1892ea12e9442533/url'
20:36:57.249 [Forwarding get on session 88b929096db2e64a1892ea12e9442533 to remote] DEBUG org.asynchttpclient.netty.request.NettyRequestSender -- Using open Channel [id: 0x58d5d04d, L:/127.0.0.1:14645 - R:localhost/127.0.0.1:4444] for POST '/wd/hub/session/88b929096db2e64a1892ea12e9442533/url'
20:37:03.611 [AsyncHttpClient-1-2] DEBUG org.asynchttpclient.netty.handler.HttpHandler -- 

Request DefaultHttpRequest(decodeResult: success, version: HTTP/1.1)
POST /wd/hub/session/88b929096db2e64a1892ea12e9442533/url HTTP/1.1
User-Agent: selenium/4.1.3 (java windows)
traceparent: 00-ebd12451e1a11a07f225b5e5b98e5605-c8ddd93dc804528b-01
Content-Length: 57
Content-Type: application/json; charset=utf-8
host: localhost:4444
accept: */*

Response DefaultHttpResponse(decodeResult: success, version: HTTP/1.1)
HTTP/1.1 200 OK
content-type: application/json; charset=utf-8
cache-control: no-cache
content-length: 14

20:37:03.611 [AsyncHttpClient-1-2] DEBUG org.asynchttpclient.netty.channel.ChannelManager -- Adding key: http://localhost:4444 for channel [id: 0x58d5d04d, L:/127.0.0.1:14645 - R:localhost/127.0.0.1:4444]
20:37:03.612 [Forwarding getCurrentUrl on session 88b929096db2e64a1892ea12e9442533 to remote] DEBUG org.asynchttpclient.netty.request.NettyRequestSender -- Using pooled Channel '[id: 0x58d5d04d, L:/127.0.0.1:14645 - R:localhost/127.0.0.1:4444]' for 'GET' to 'http://localhost:4444/wd/hub/session/88b929096db2e64a1892ea12e9442533/url'
20:37:03.613 [Forwarding getCurrentUrl on session 88b929096db2e64a1892ea12e9442533 to remote] DEBUG org.asynchttpclient.netty.request.NettyRequestSender -- Using open Channel [id: 0x58d5d04d, L:/127.0.0.1:14645 - R:localhost/127.0.0.1:4444] for GET '/wd/hub/session/88b929096db2e64a1892ea12e9442533/url'
20:37:03.637 [AsyncHttpClient-1-2] DEBUG org.asynchttpclient.netty.handler.HttpHandler -- 

Request DefaultFullHttpRequest(decodeResult: success, version: HTTP/1.1, content: EmptyByteBufBE)
GET /wd/hub/session/88b929096db2e64a1892ea12e9442533/url HTTP/1.1
User-Agent: selenium/4.1.3 (java windows)
Cache-Control: no-cache
traceparent: 00-1be9038a19ba8fa03bf40e443cb43f75-1e844c377a850888-01
Content-Type: application/json; charset=utf-8
host: localhost:4444
accept: */*

Response DefaultHttpResponse(decodeResult: success, version: HTTP/1.1)
HTTP/1.1 200 OK
content-type: application/json; charset=utf-8
cache-control: no-cache
content-length: 34

20:37:03.637 [AsyncHttpClient-1-2] DEBUG org.asynchttpclient.netty.channel.ChannelManager -- Adding key: http://localhost:4444 for channel [id: 0x58d5d04d, L:/127.0.0.1:14645 - R:localhost/127.0.0.1:4444]
20:37:03.639 [Forwarding findElement on session 88b929096db2e64a1892ea12e9442533 to remote] DEBUG org.asynchttpclient.netty.request.NettyRequestSender -- Using pooled Channel '[id: 0x58d5d04d, L:/127.0.0.1:14645 - R:localhost/127.0.0.1:4444]' for 'POST' to 'http://localhost:4444/wd/hub/session/88b929096db2e64a1892ea12e9442533/element'
20:37:03.639 [Forwarding findElement on session 88b929096db2e64a1892ea12e9442533 to remote] DEBUG org.asynchttpclient.netty.request.NettyRequestSender -- Using open Channel [id: 0x58d5d04d, L:/127.0.0.1:14645 - R:localhost/127.0.0.1:4444] for POST '/wd/hub/session/88b929096db2e64a1892ea12e9442533/element'
20:37:03.658 [AsyncHttpClient-1-2] DEBUG org.asynchttpclient.netty.handler.HttpHandler -- 

Request DefaultHttpRequest(decodeResult: success, version: HTTP/1.1)
POST /wd/hub/session/88b929096db2e64a1892ea12e9442533/element HTTP/1.1
User-Agent: selenium/4.1.3 (java windows)
traceparent: 00-74d330ab9ef08a07d8c35300ee883c27-7662d689f64ff5a5-01
Content-Length: 77
Content-Type: application/json; charset=utf-8
host: localhost:4444
accept: */*

Response DefaultHttpResponse(decodeResult: success, version: HTTP/1.1)
HTTP/1.1 200 OK
content-type: application/json; charset=utf-8
cache-control: no-cache
content-length: 126

20:37:03.659 [AsyncHttpClient-1-2] DEBUG org.asynchttpclient.netty.channel.ChannelManager -- Adding key: http://localhost:4444 for channel [id: 0x58d5d04d, L:/127.0.0.1:14645 - R:localhost/127.0.0.1:4444]
20:37:03.663 [Forwarding isElementDisplayed on session 88b929096db2e64a1892ea12e9442533 to remote] DEBUG org.asynchttpclient.netty.request.NettyRequestSender -- Using pooled Channel '[id: 0x58d5d04d, L:/127.0.0.1:14645 - R:localhost/127.0.0.1:4444]' for 'POST' to 'http://localhost:4444/wd/hub/session/88b929096db2e64a1892ea12e9442533/execute/sync'
20:37:03.663 [Forwarding isElementDisplayed on session 88b929096db2e64a1892ea12e9442533 to remote] DEBUG org.asynchttpclient.netty.request.NettyRequestSender -- Using open Channel [id: 0x58d5d04d, L:/127.0.0.1:14645 - R:localhost/127.0.0.1:4444] for POST '/wd/hub/session/88b929096db2e64a1892ea12e9442533/execute/sync'
20:37:03.685 [AsyncHttpClient-1-2] DEBUG org.asynchttpclient.netty.handler.HttpHandler -- 

Request DefaultHttpRequest(decodeResult: success, version: HTTP/1.1)
POST /wd/hub/session/88b929096db2e64a1892ea12e9442533/execute/sync HTTP/1.1
User-Agent: selenium/4.1.3 (java windows)
traceparent: 00-24e49a8ac0e4de2503777c8e0eb8c5ed-87b19e6344178176-01
Content-Length: 48818
Content-Type: application/json; charset=utf-8
host: localhost:4444
accept: */*

Response DefaultHttpResponse(decodeResult: success, version: HTTP/1.1)
HTTP/1.1 200 OK
content-type: application/json; charset=utf-8
cache-control: no-cache
content-length: 14

20:37:03.685 [AsyncHttpClient-1-2] DEBUG org.asynchttpclient.netty.channel.ChannelManager -- Adding key: http://localhost:4444 for channel [id: 0x58d5d04d, L:/127.0.0.1:14645 - R:localhost/127.0.0.1:4444]
20:37:04.165 [AsyncHttpClient-1-1] DEBUG org.asynchttpclient.netty.channel.DefaultChannelPool -- Entry count for : http://localhost:4444 : 1
20:37:05.257 [AsyncHttpClient-1-1] DEBUG org.asynchttpclient.netty.channel.DefaultChannelPool -- Entry count for : http://localhost:4444 : 1
20:37:06.363 [AsyncHttpClient-1-1] DEBUG org.asynchttpclient.netty.channel.DefaultChannelPool -- Entry count for : http://localhost:4444 : 1
20:37:06.697 [Forwarding findElement on session 88b929096db2e64a1892ea12e9442533 to remote] DEBUG org.asynchttpclient.netty.request.NettyRequestSender -- Using pooled Channel '[id: 0x58d5d04d, L:/127.0.0.1:14645 - R:localhost/127.0.0.1:4444]' for 'POST' to 'http://localhost:4444/wd/hub/session/88b929096db2e64a1892ea12e9442533/element'
20:37:06.697 [Forwarding findElement on session 88b929096db2e64a1892ea12e9442533 to remote] DEBUG org.asynchttpclient.netty.request.NettyRequestSender -- Using open Channel [id: 0x58d5d04d, L:/127.0.0.1:14645 - R:localhost/127.0.0.1:4444] for POST '/wd/hub/session/88b929096db2e64a1892ea12e9442533/element'
20:37:06.712 [AsyncHttpClient-1-2] DEBUG org.asynchttpclient.netty.handler.HttpHandler -- 

Request DefaultHttpRequest(decodeResult: success, version: HTTP/1.1)
POST /wd/hub/session/88b929096db2e64a1892ea12e9442533/element HTTP/1.1
User-Agent: selenium/4.1.3 (java windows)
traceparent: 00-138f36442a9213bd9c68dc589e7d8938-6832e75fc940b2b7-01
Content-Length: 77
Content-Type: application/json; charset=utf-8
host: localhost:4444
accept: */*

Response DefaultHttpResponse(decodeResult: success, version: HTTP/1.1)
HTTP/1.1 200 OK
content-type: application/json; charset=utf-8
cache-control: no-cache
content-length: 126

20:37:06.712 [AsyncHttpClient-1-2] DEBUG org.asynchttpclient.netty.channel.ChannelManager -- Adding key: http://localhost:4444 for channel [id: 0x58d5d04d, L:/127.0.0.1:14645 - R:localhost/127.0.0.1:4444]
20:37:06.714 [Forwarding clickElement on session 88b929096db2e64a1892ea12e9442533 to remote] DEBUG org.asynchttpclient.netty.request.NettyRequestSender -- Using pooled Channel '[id: 0x58d5d04d, L:/127.0.0.1:14645 - R:localhost/127.0.0.1:4444]' for 'POST' to 'http://localhost:4444/wd/hub/session/88b929096db2e64a1892ea12e9442533/element/f.382B3557D4CC38DB6E37AFB58D2BCAD6.d.531FBE7DEB384BA6D57DB55FFECDEE15.e.84/click'
20:37:06.714 [Forwarding clickElement on session 88b929096db2e64a1892ea12e9442533 to remote] DEBUG org.asynchttpclient.netty.request.NettyRequestSender -- Using open Channel [id: 0x58d5d04d, L:/127.0.0.1:14645 - R:localhost/127.0.0.1:4444] for POST '/wd/hub/session/88b929096db2e64a1892ea12e9442533/element/f.382B3557D4CC38DB6E37AFB58D2BCAD6.d.531FBE7DEB384BA6D57DB55FFECDEE15.e.84/click'
20:37:06.790 [AsyncHttpClient-1-2] DEBUG org.asynchttpclient.netty.handler.HttpHandler -- 

Request DefaultHttpRequest(decodeResult: success, version: HTTP/1.1)
POST /wd/hub/session/88b929096db2e64a1892ea12e9442533/element/f.382B3557D4CC38DB6E37AFB58D2BCAD6.d.531FBE7DEB384BA6D57DB55FFECDEE15.e.84/click HTTP/1.1
User-Agent: selenium/4.1.3 (java windows)
traceparent: 00-565b2b08ac4f0320154ae8172e0423c6-91ffd7e41d0e53b6-01
Content-Length: 88
Content-Type: application/json; charset=utf-8
host: localhost:4444
accept: */*

Response DefaultHttpResponse(decodeResult: success, version: HTTP/1.1)
HTTP/1.1 200 OK
content-type: application/json; charset=utf-8
cache-control: no-cache
content-length: 14

20:37:06.790 [AsyncHttpClient-1-2] DEBUG org.asynchttpclient.netty.channel.ChannelManager -- Adding key: http://localhost:4444 for channel [id: 0x58d5d04d, L:/127.0.0.1:14645 - R:localhost/127.0.0.1:4444]
20:37:07.457 [AsyncHttpClient-1-1] DEBUG org.asynchttpclient.netty.channel.DefaultChannelPool -- Entry count for : http://localhost:4444 : 1
20:37:08.567 [AsyncHttpClient-1-1] DEBUG org.asynchttpclient.netty.channel.DefaultChannelPool -- Entry count for : http://localhost:4444 : 1
20:37:09.662 [AsyncHttpClient-1-1] DEBUG org.asynchttpclient.netty.channel.DefaultChannelPool -- Entry count for : http://localhost:4444 : 1
20:37:09.805 [Forwarding findElement on session 88b929096db2e64a1892ea12e9442533 to remote] DEBUG org.asynchttpclient.netty.request.NettyRequestSender -- Using pooled Channel '[id: 0x58d5d04d, L:/127.0.0.1:14645 - R:localhost/127.0.0.1:4444]' for 'POST' to 'http://localhost:4444/wd/hub/session/88b929096db2e64a1892ea12e9442533/element'
20:37:09.805 [Forwarding findElement on session 88b929096db2e64a1892ea12e9442533 to remote] DEBUG org.asynchttpclient.netty.request.NettyRequestSender -- Using open Channel [id: 0x58d5d04d, L:/127.0.0.1:14645 - R:localhost/127.0.0.1:4444] for POST '/wd/hub/session/88b929096db2e64a1892ea12e9442533/element'
20:37:14.812 [AsyncHttpClient-1-2] DEBUG org.asynchttpclient.netty.handler.HttpHandler -- 

Request DefaultHttpRequest(decodeResult: success, version: HTTP/1.1)
POST /wd/hub/session/88b929096db2e64a1892ea12e9442533/element HTTP/1.1
User-Agent: selenium/4.1.3 (java windows)
traceparent: 00-460cd32d487491d4d987012ce63c9b83-4bb9145d40ba756d-01
Content-Length: 110
Content-Type: application/json; charset=utf-8
host: localhost:4444
accept: */*

Response DefaultHttpResponse(decodeResult: success, version: HTTP/1.1)
HTTP/1.1 404 Not Found
content-type: application/json; charset=utf-8
cache-control: no-cache
content-length: 1096

20:37:14.812 [AsyncHttpClient-1-2] DEBUG org.asynchttpclient.netty.channel.ChannelManager -- Adding key: http://localhost:4444 for channel [id: 0x58d5d04d, L:/127.0.0.1:14645 - R:localhost/127.0.0.1:4444]
]]></system-out>
    <system-err><![CDATA[Aug 29, 2024 8:36:57 PM org.openqa.selenium.remote.ProtocolHandshake createSession
INFO: Detected dialect: W3C
]]></system-err>
  </testcase>
  <testcase name="runScenario[&quot;View With Category Field&quot;, &quot;Optional[Verify Daraz works properly]&quot;](12)" classname="TestRunner.TestRunner" time="11.39">
    <failure message="no such element: Unable to locate element: {&quot;method&quot;:&quot;xpath&quot;,&quot;selector&quot;:&quot;//p[normalize-space()=&apos;Routers&apos;]&quot;}&#10;  (Session info: chrome=128.0.6613.85)&#10;For documentation on this error, please visit: https://selenium.dev/exceptions/#no_such_element&#10;Build info: version: &apos;4.1.3&apos;, revision: &apos;7b1ebf28ef&apos;&#10;System info: host: &apos;MDS&apos;, ip: &apos;192.168.0.146&apos;, os.name: &apos;Windows 11&apos;, os.arch: &apos;amd64&apos;, os.version: &apos;10.0&apos;, java.version: &apos;17.0.11&apos;&#10;Driver info: org.openqa.selenium.remote.RemoteWebDriver&#10;Command: [8c7603a731d01c44587c80d00529a3bc, findElement {using=xpath, value=//p[normalize-space()=&apos;Routers&apos;]}]&#10;Capabilities {acceptInsecureCerts: false, browserName: chrome, browserVersion: 128.0.6613.85, chrome: {chromedriverVersion: 128.0.6613.86 (3045ed680fda..., userDataDir: C:\Users\MDS\AppData\Local\...}, fedcm:accounts: true, goog:chromeOptions: {debuggerAddress: localhost:2272}, javascriptEnabled: true, networkConnectionEnabled: false, pageLoadStrategy: normal, platform: XP, platformName: XP, proxy: Proxy(), se:bidiEnabled: false, se:cdp: ws://localhost:4444/session..., se:cdpVersion: 128.0.6613.85, setWindowRect: true, strictFileInteractability: false, timeouts: {implicit: 0, pageLoad: 300000, script: 30000}, unhandledPromptBehavior: dismiss and notify, webauthn:extension:credBlob: true, webauthn:extension:largeBlob: true, webauthn:extension:minPinLength: true, webauthn:extension:prf: true, webauthn:virtualAuthenticators: true}&#10;Session ID: 8c7603a731d01c44587c80d00529a3bc" type="org.openqa.selenium.NoSuchElementException"><![CDATA[org.openqa.selenium.NoSuchElementException: 
no such element: Unable to locate element: {"method":"xpath","selector":"//p[normalize-space()='Routers']"}
  (Session info: chrome=128.0.6613.85)
For documentation on this error, please visit: https://selenium.dev/exceptions/#no_such_element
Build info: version: '4.1.3', revision: '7b1ebf28ef'
System info: host: 'MDS', ip: '192.168.0.146', os.name: 'Windows 11', os.arch: 'amd64', os.version: '10.0', java.version: '17.0.11'
Driver info: org.openqa.selenium.remote.RemoteWebDriver
Command: [8c7603a731d01c44587c80d00529a3bc, findElement {using=xpath, value=//p[normalize-space()='Routers']}]
Capabilities {acceptInsecureCerts: false, browserName: chrome, browserVersion: 128.0.6613.85, chrome: {chromedriverVersion: 128.0.6613.86 (3045ed680fda..., userDataDir: C:\Users\MDS\AppData\Local\...}, fedcm:accounts: true, goog:chromeOptions: {debuggerAddress: localhost:2272}, javascriptEnabled: true, networkConnectionEnabled: false, pageLoadStrategy: normal, platform: XP, platformName: XP, proxy: Proxy(), se:bidiEnabled: false, se:cdp: ws://localhost:4444/session..., se:cdpVersion: 128.0.6613.85, setWindowRect: true, strictFileInteractability: false, timeouts: {implicit: 0, pageLoad: 300000, script: 30000}, unhandledPromptBehavior: dismiss and notify, webauthn:extension:credBlob: true, webauthn:extension:largeBlob: true, webauthn:extension:minPinLength: true, webauthn:extension:prf: true, webauthn:virtualAuthenticators: true}
Session ID: 8c7603a731d01c44587c80d00529a3bc
]]></failure>
    <system-out><![CDATA[20:37:14.847 [Forwarding newSession on session null to remote] DEBUG org.asynchttpclient.netty.request.NettyRequestSender -- Using pooled Channel '[id: 0x58d5d04d, L:/127.0.0.1:14645 - R:localhost/127.0.0.1:4444]' for 'POST' to 'http://localhost:4444/wd/hub/session'
20:37:14.847 [Forwarding newSession on session null to remote] DEBUG org.asynchttpclient.netty.request.NettyRequestSender -- Using open Channel [id: 0x58d5d04d, L:/127.0.0.1:14645 - R:localhost/127.0.0.1:4444] for POST '/wd/hub/session'
20:37:15.679 [AsyncHttpClient-1-2] DEBUG org.asynchttpclient.netty.handler.HttpHandler -- 

Request DefaultHttpRequest(decodeResult: success, version: HTTP/1.1)
POST /wd/hub/session HTTP/1.1
User-Agent: selenium/4.1.3 (java windows)
traceparent: 00-3749032da907e12c6b6def9c59a0cb6b-1a52a3139c6a5eb8-01
Content-Length: 341
Content-Type: application/json; charset=utf-8
host: localhost:4444
accept: */*

Response DefaultHttpResponse(decodeResult: success, version: HTTP/1.1)
HTTP/1.1 200 OK
Cache-Control: no-cache
Content-Type: application/json; charset=utf-8
content-length: 1344

20:37:15.679 [AsyncHttpClient-1-2] DEBUG org.asynchttpclient.netty.channel.ChannelManager -- Adding key: http://localhost:4444 for channel [id: 0x58d5d04d, L:/127.0.0.1:14645 - R:localhost/127.0.0.1:4444]
20:37:15.699 [Forwarding setTimeout on session 8c7603a731d01c44587c80d00529a3bc to remote] DEBUG org.asynchttpclient.netty.request.NettyRequestSender -- Using pooled Channel '[id: 0x58d5d04d, L:/127.0.0.1:14645 - R:localhost/127.0.0.1:4444]' for 'POST' to 'http://localhost:4444/wd/hub/session/8c7603a731d01c44587c80d00529a3bc/timeouts'
20:37:15.699 [Forwarding setTimeout on session 8c7603a731d01c44587c80d00529a3bc to remote] DEBUG org.asynchttpclient.netty.request.NettyRequestSender -- Using open Channel [id: 0x58d5d04d, L:/127.0.0.1:14645 - R:localhost/127.0.0.1:4444] for POST '/wd/hub/session/8c7603a731d01c44587c80d00529a3bc/timeouts'
20:37:15.704 [AsyncHttpClient-1-2] DEBUG org.asynchttpclient.netty.handler.HttpHandler -- 

Request DefaultHttpRequest(decodeResult: success, version: HTTP/1.1)
POST /wd/hub/session/8c7603a731d01c44587c80d00529a3bc/timeouts HTTP/1.1
User-Agent: selenium/4.1.3 (java windows)
traceparent: 00-36c6d4989cdadd2534c7071afebd9ae0-a0cf1e2f07463f9b-01
Content-Length: 22
Content-Type: application/json; charset=utf-8
host: localhost:4444
accept: */*

Response DefaultHttpResponse(decodeResult: success, version: HTTP/1.1)
HTTP/1.1 200 OK
content-type: application/json; charset=utf-8
cache-control: no-cache
content-length: 14

20:37:15.704 [AsyncHttpClient-1-2] DEBUG org.asynchttpclient.netty.channel.ChannelManager -- Adding key: http://localhost:4444 for channel [id: 0x58d5d04d, L:/127.0.0.1:14645 - R:localhost/127.0.0.1:4444]
20:37:15.705 [Forwarding maximizeCurrentWindow on session 8c7603a731d01c44587c80d00529a3bc to remote] DEBUG org.asynchttpclient.netty.request.NettyRequestSender -- Using pooled Channel '[id: 0x58d5d04d, L:/127.0.0.1:14645 - R:localhost/127.0.0.1:4444]' for 'POST' to 'http://localhost:4444/wd/hub/session/8c7603a731d01c44587c80d00529a3bc/window/maximize'
20:37:15.706 [Forwarding maximizeCurrentWindow on session 8c7603a731d01c44587c80d00529a3bc to remote] DEBUG org.asynchttpclient.netty.request.NettyRequestSender -- Using open Channel [id: 0x58d5d04d, L:/127.0.0.1:14645 - R:localhost/127.0.0.1:4444] for POST '/wd/hub/session/8c7603a731d01c44587c80d00529a3bc/window/maximize'
20:37:15.736 [AsyncHttpClient-1-2] DEBUG org.asynchttpclient.netty.handler.HttpHandler -- 

Request DefaultHttpRequest(decodeResult: success, version: HTTP/1.1)
POST /wd/hub/session/8c7603a731d01c44587c80d00529a3bc/window/maximize HTTP/1.1
User-Agent: selenium/4.1.3 (java windows)
traceparent: 00-a2ca6e967c91085abf35e30af46f57a7-1198f84a99cde9b5-01
Content-Length: 3
Content-Type: application/json; charset=utf-8
host: localhost:4444
accept: */*

Response DefaultHttpResponse(decodeResult: success, version: HTTP/1.1)
HTTP/1.1 200 OK
content-type: application/json; charset=utf-8
cache-control: no-cache
content-length: 50

20:37:15.736 [AsyncHttpClient-1-2] DEBUG org.asynchttpclient.netty.channel.ChannelManager -- Adding key: http://localhost:4444 for channel [id: 0x58d5d04d, L:/127.0.0.1:14645 - R:localhost/127.0.0.1:4444]
20:37:15.738 [Forwarding get on session 8c7603a731d01c44587c80d00529a3bc to remote] DEBUG org.asynchttpclient.netty.request.NettyRequestSender -- Using pooled Channel '[id: 0x58d5d04d, L:/127.0.0.1:14645 - R:localhost/127.0.0.1:4444]' for 'POST' to 'http://localhost:4444/wd/hub/session/8c7603a731d01c44587c80d00529a3bc/url'
20:37:15.738 [Forwarding get on session 8c7603a731d01c44587c80d00529a3bc to remote] DEBUG org.asynchttpclient.netty.request.NettyRequestSender -- Using open Channel [id: 0x58d5d04d, L:/127.0.0.1:14645 - R:localhost/127.0.0.1:4444] for POST '/wd/hub/session/8c7603a731d01c44587c80d00529a3bc/url'
20:37:21.191 [AsyncHttpClient-1-2] DEBUG org.asynchttpclient.netty.handler.HttpHandler -- 

Request DefaultHttpRequest(decodeResult: success, version: HTTP/1.1)
POST /wd/hub/session/8c7603a731d01c44587c80d00529a3bc/url HTTP/1.1
User-Agent: selenium/4.1.3 (java windows)
traceparent: 00-224336a85f0037ccbe3ce5fe84d51060-9b0187026b8ae384-01
Content-Length: 57
Content-Type: application/json; charset=utf-8
host: localhost:4444
accept: */*

Response DefaultHttpResponse(decodeResult: success, version: HTTP/1.1)
HTTP/1.1 200 OK
content-type: application/json; charset=utf-8
cache-control: no-cache
content-length: 14

20:37:21.192 [AsyncHttpClient-1-2] DEBUG org.asynchttpclient.netty.channel.ChannelManager -- Adding key: http://localhost:4444 for channel [id: 0x58d5d04d, L:/127.0.0.1:14645 - R:localhost/127.0.0.1:4444]
20:37:21.194 [Forwarding getCurrentUrl on session 8c7603a731d01c44587c80d00529a3bc to remote] DEBUG org.asynchttpclient.netty.request.NettyRequestSender -- Using pooled Channel '[id: 0x58d5d04d, L:/127.0.0.1:14645 - R:localhost/127.0.0.1:4444]' for 'GET' to 'http://localhost:4444/wd/hub/session/8c7603a731d01c44587c80d00529a3bc/url'
20:37:21.194 [Forwarding getCurrentUrl on session 8c7603a731d01c44587c80d00529a3bc to remote] DEBUG org.asynchttpclient.netty.request.NettyRequestSender -- Using open Channel [id: 0x58d5d04d, L:/127.0.0.1:14645 - R:localhost/127.0.0.1:4444] for GET '/wd/hub/session/8c7603a731d01c44587c80d00529a3bc/url'
20:37:21.203 [AsyncHttpClient-1-2] DEBUG org.asynchttpclient.netty.handler.HttpHandler -- 

Request DefaultFullHttpRequest(decodeResult: success, version: HTTP/1.1, content: EmptyByteBufBE)
GET /wd/hub/session/8c7603a731d01c44587c80d00529a3bc/url HTTP/1.1
User-Agent: selenium/4.1.3 (java windows)
Cache-Control: no-cache
traceparent: 00-fd250f62dfc9752f7969c23f8199b258-0856f031f591da6f-01
Content-Type: application/json; charset=utf-8
host: localhost:4444
accept: */*

Response DefaultHttpResponse(decodeResult: success, version: HTTP/1.1)
HTTP/1.1 200 OK
content-type: application/json; charset=utf-8
cache-control: no-cache
content-length: 34

20:37:21.204 [AsyncHttpClient-1-2] DEBUG org.asynchttpclient.netty.channel.ChannelManager -- Adding key: http://localhost:4444 for channel [id: 0x58d5d04d, L:/127.0.0.1:14645 - R:localhost/127.0.0.1:4444]
20:37:21.205 [Forwarding findElement on session 8c7603a731d01c44587c80d00529a3bc to remote] DEBUG org.asynchttpclient.netty.request.NettyRequestSender -- Using pooled Channel '[id: 0x58d5d04d, L:/127.0.0.1:14645 - R:localhost/127.0.0.1:4444]' for 'POST' to 'http://localhost:4444/wd/hub/session/8c7603a731d01c44587c80d00529a3bc/element'
20:37:21.205 [Forwarding findElement on session 8c7603a731d01c44587c80d00529a3bc to remote] DEBUG org.asynchttpclient.netty.request.NettyRequestSender -- Using open Channel [id: 0x58d5d04d, L:/127.0.0.1:14645 - R:localhost/127.0.0.1:4444] for POST '/wd/hub/session/8c7603a731d01c44587c80d00529a3bc/element'
20:37:26.226 [AsyncHttpClient-1-2] DEBUG org.asynchttpclient.netty.handler.HttpHandler -- 

Request DefaultHttpRequest(decodeResult: success, version: HTTP/1.1)
POST /wd/hub/session/8c7603a731d01c44587c80d00529a3bc/element HTTP/1.1
User-Agent: selenium/4.1.3 (java windows)
traceparent: 00-d0dbda6a79c92928803474d989106221-1c71db7ca87f8f2f-01
Content-Length: 79
Content-Type: application/json; charset=utf-8
host: localhost:4444
accept: */*

Response DefaultHttpResponse(decodeResult: success, version: HTTP/1.1)
HTTP/1.1 404 Not Found
content-type: application/json; charset=utf-8
cache-control: no-cache
content-length: 1065

20:37:26.226 [AsyncHttpClient-1-2] DEBUG org.asynchttpclient.netty.channel.ChannelManager -- Adding key: http://localhost:4444 for channel [id: 0x58d5d04d, L:/127.0.0.1:14645 - R:localhost/127.0.0.1:4444]
]]></system-out>
    <system-err><![CDATA[Aug 29, 2024 8:37:15 PM org.openqa.selenium.remote.ProtocolHandshake createSession
INFO: Detected dialect: W3C
]]></system-err>
  </testcase>
  <testcase name="runScenario[&quot;Search field Check&quot;, &quot;Optional[Verify Daraz works properly]&quot;](13)" classname="TestRunner.TestRunner" time="20.038">
    <failure message="no such element: Unable to locate element: {&quot;method&quot;:&quot;xpath&quot;,&quot;selector&quot;:&quot;//input[@id=&apos;q&apos;]&quot;}&#10;  (Session info: chrome=128.0.6613.85)&#10;For documentation on this error, please visit: https://selenium.dev/exceptions/#no_such_element&#10;Build info: version: &apos;4.1.3&apos;, revision: &apos;7b1ebf28ef&apos;&#10;System info: host: &apos;MDS&apos;, ip: &apos;192.168.0.146&apos;, os.name: &apos;Windows 11&apos;, os.arch: &apos;amd64&apos;, os.version: &apos;10.0&apos;, java.version: &apos;17.0.11&apos;&#10;Driver info: org.openqa.selenium.remote.RemoteWebDriver&#10;Command: [b174523f0d4a46d2baba79ceada04297, findElement {using=xpath, value=//input[@id=&apos;q&apos;]}]&#10;Capabilities {acceptInsecureCerts: false, browserName: chrome, browserVersion: 128.0.6613.85, chrome: {chromedriverVersion: 128.0.6613.86 (3045ed680fda..., userDataDir: C:\Users\MDS\AppData\Local\...}, fedcm:accounts: true, goog:chromeOptions: {debuggerAddress: localhost:2372}, javascriptEnabled: true, networkConnectionEnabled: false, pageLoadStrategy: normal, platform: XP, platformName: XP, proxy: Proxy(), se:bidiEnabled: false, se:cdp: ws://localhost:4444/session..., se:cdpVersion: 128.0.6613.85, setWindowRect: true, strictFileInteractability: false, timeouts: {implicit: 0, pageLoad: 300000, script: 30000}, unhandledPromptBehavior: dismiss and notify, webauthn:extension:credBlob: true, webauthn:extension:largeBlob: true, webauthn:extension:minPinLength: true, webauthn:extension:prf: true, webauthn:virtualAuthenticators: true}&#10;Session ID: b174523f0d4a46d2baba79ceada04297" type="org.openqa.selenium.NoSuchElementException"><![CDATA[org.openqa.selenium.NoSuchElementException: 
no such element: Unable to locate element: {"method":"xpath","selector":"//input[@id='q']"}
  (Session info: chrome=128.0.6613.85)
For documentation on this error, please visit: https://selenium.dev/exceptions/#no_such_element
Build info: version: '4.1.3', revision: '7b1ebf28ef'
System info: host: 'MDS', ip: '192.168.0.146', os.name: 'Windows 11', os.arch: 'amd64', os.version: '10.0', java.version: '17.0.11'
Driver info: org.openqa.selenium.remote.RemoteWebDriver
Command: [b174523f0d4a46d2baba79ceada04297, findElement {using=xpath, value=//input[@id='q']}]
Capabilities {acceptInsecureCerts: false, browserName: chrome, browserVersion: 128.0.6613.85, chrome: {chromedriverVersion: 128.0.6613.86 (3045ed680fda..., userDataDir: C:\Users\MDS\AppData\Local\...}, fedcm:accounts: true, goog:chromeOptions: {debuggerAddress: localhost:2372}, javascriptEnabled: true, networkConnectionEnabled: false, pageLoadStrategy: normal, platform: XP, platformName: XP, proxy: Proxy(), se:bidiEnabled: false, se:cdp: ws://localhost:4444/session..., se:cdpVersion: 128.0.6613.85, setWindowRect: true, strictFileInteractability: false, timeouts: {implicit: 0, pageLoad: 300000, script: 30000}, unhandledPromptBehavior: dismiss and notify, webauthn:extension:credBlob: true, webauthn:extension:largeBlob: true, webauthn:extension:minPinLength: true, webauthn:extension:prf: true, webauthn:virtualAuthenticators: true}
Session ID: b174523f0d4a46d2baba79ceada04297
]]></failure>
    <system-out><![CDATA[20:37:26.248 [Forwarding newSession on session null to remote] DEBUG org.asynchttpclient.netty.request.NettyRequestSender -- Using pooled Channel '[id: 0x58d5d04d, L:/127.0.0.1:14645 - R:localhost/127.0.0.1:4444]' for 'POST' to 'http://localhost:4444/wd/hub/session'
20:37:26.248 [Forwarding newSession on session null to remote] DEBUG org.asynchttpclient.netty.request.NettyRequestSender -- Using open Channel [id: 0x58d5d04d, L:/127.0.0.1:14645 - R:localhost/127.0.0.1:4444] for POST '/wd/hub/session'
20:37:27.103 [AsyncHttpClient-1-2] DEBUG org.asynchttpclient.netty.handler.HttpHandler -- 

Request DefaultHttpRequest(decodeResult: success, version: HTTP/1.1)
POST /wd/hub/session HTTP/1.1
User-Agent: selenium/4.1.3 (java windows)
traceparent: 00-6457d1e2128bf31f98a4304233bb997c-57aa0df27647d937-01
Content-Length: 341
Content-Type: application/json; charset=utf-8
host: localhost:4444
accept: */*

Response DefaultHttpResponse(decodeResult: success, version: HTTP/1.1)
HTTP/1.1 200 OK
Cache-Control: no-cache
Content-Type: application/json; charset=utf-8
content-length: 1344

20:37:27.103 [AsyncHttpClient-1-2] DEBUG org.asynchttpclient.netty.channel.ChannelManager -- Adding key: http://localhost:4444 for channel [id: 0x58d5d04d, L:/127.0.0.1:14645 - R:localhost/127.0.0.1:4444]
20:37:27.106 [Forwarding setTimeout on session b174523f0d4a46d2baba79ceada04297 to remote] DEBUG org.asynchttpclient.netty.request.NettyRequestSender -- Using pooled Channel '[id: 0x58d5d04d, L:/127.0.0.1:14645 - R:localhost/127.0.0.1:4444]' for 'POST' to 'http://localhost:4444/wd/hub/session/b174523f0d4a46d2baba79ceada04297/timeouts'
20:37:27.106 [Forwarding setTimeout on session b174523f0d4a46d2baba79ceada04297 to remote] DEBUG org.asynchttpclient.netty.request.NettyRequestSender -- Using open Channel [id: 0x58d5d04d, L:/127.0.0.1:14645 - R:localhost/127.0.0.1:4444] for POST '/wd/hub/session/b174523f0d4a46d2baba79ceada04297/timeouts'
20:37:27.112 [AsyncHttpClient-1-2] DEBUG org.asynchttpclient.netty.handler.HttpHandler -- 

Request DefaultHttpRequest(decodeResult: success, version: HTTP/1.1)
POST /wd/hub/session/b174523f0d4a46d2baba79ceada04297/timeouts HTTP/1.1
User-Agent: selenium/4.1.3 (java windows)
traceparent: 00-d382eb7fae657bf5a8ee373ddb835fad-b8d45c8bc3788954-01
Content-Length: 22
Content-Type: application/json; charset=utf-8
host: localhost:4444
accept: */*

Response DefaultHttpResponse(decodeResult: success, version: HTTP/1.1)
HTTP/1.1 200 OK
content-type: application/json; charset=utf-8
cache-control: no-cache
content-length: 14

20:37:27.112 [AsyncHttpClient-1-2] DEBUG org.asynchttpclient.netty.channel.ChannelManager -- Adding key: http://localhost:4444 for channel [id: 0x58d5d04d, L:/127.0.0.1:14645 - R:localhost/127.0.0.1:4444]
20:37:27.114 [Forwarding maximizeCurrentWindow on session b174523f0d4a46d2baba79ceada04297 to remote] DEBUG org.asynchttpclient.netty.request.NettyRequestSender -- Using pooled Channel '[id: 0x58d5d04d, L:/127.0.0.1:14645 - R:localhost/127.0.0.1:4444]' for 'POST' to 'http://localhost:4444/wd/hub/session/b174523f0d4a46d2baba79ceada04297/window/maximize'
20:37:27.114 [Forwarding maximizeCurrentWindow on session b174523f0d4a46d2baba79ceada04297 to remote] DEBUG org.asynchttpclient.netty.request.NettyRequestSender -- Using open Channel [id: 0x58d5d04d, L:/127.0.0.1:14645 - R:localhost/127.0.0.1:4444] for POST '/wd/hub/session/b174523f0d4a46d2baba79ceada04297/window/maximize'
20:37:27.151 [AsyncHttpClient-1-2] DEBUG org.asynchttpclient.netty.handler.HttpHandler -- 

Request DefaultHttpRequest(decodeResult: success, version: HTTP/1.1)
POST /wd/hub/session/b174523f0d4a46d2baba79ceada04297/window/maximize HTTP/1.1
User-Agent: selenium/4.1.3 (java windows)
traceparent: 00-c89d3a3114ff6c526c27a3ce84049bf5-5818b6126bd5a0aa-01
Content-Length: 3
Content-Type: application/json; charset=utf-8
host: localhost:4444
accept: */*

Response DefaultHttpResponse(decodeResult: success, version: HTTP/1.1)
HTTP/1.1 200 OK
content-type: application/json; charset=utf-8
cache-control: no-cache
content-length: 50

20:37:27.151 [AsyncHttpClient-1-2] DEBUG org.asynchttpclient.netty.channel.ChannelManager -- Adding key: http://localhost:4444 for channel [id: 0x58d5d04d, L:/127.0.0.1:14645 - R:localhost/127.0.0.1:4444]
20:37:27.152 [Forwarding get on session b174523f0d4a46d2baba79ceada04297 to remote] DEBUG org.asynchttpclient.netty.request.NettyRequestSender -- Using pooled Channel '[id: 0x58d5d04d, L:/127.0.0.1:14645 - R:localhost/127.0.0.1:4444]' for 'POST' to 'http://localhost:4444/wd/hub/session/b174523f0d4a46d2baba79ceada04297/url'
20:37:27.152 [Forwarding get on session b174523f0d4a46d2baba79ceada04297 to remote] DEBUG org.asynchttpclient.netty.request.NettyRequestSender -- Using open Channel [id: 0x58d5d04d, L:/127.0.0.1:14645 - R:localhost/127.0.0.1:4444] for POST '/wd/hub/session/b174523f0d4a46d2baba79ceada04297/url'
20:37:31.169 [AsyncHttpClient-1-2] DEBUG org.asynchttpclient.netty.handler.HttpHandler -- 

Request DefaultHttpRequest(decodeResult: success, version: HTTP/1.1)
POST /wd/hub/session/b174523f0d4a46d2baba79ceada04297/url HTTP/1.1
User-Agent: selenium/4.1.3 (java windows)
traceparent: 00-54399f02f7609e70ae80169dfdeb2665-468e11b789266d86-01
Content-Length: 57
Content-Type: application/json; charset=utf-8
host: localhost:4444
accept: */*

Response DefaultHttpResponse(decodeResult: success, version: HTTP/1.1)
HTTP/1.1 200 OK
content-type: application/json; charset=utf-8
cache-control: no-cache
content-length: 14

20:37:31.170 [AsyncHttpClient-1-2] DEBUG org.asynchttpclient.netty.channel.ChannelManager -- Adding key: http://localhost:4444 for channel [id: 0x58d5d04d, L:/127.0.0.1:14645 - R:localhost/127.0.0.1:4444]
20:37:31.171 [Forwarding getCurrentUrl on session b174523f0d4a46d2baba79ceada04297 to remote] DEBUG org.asynchttpclient.netty.request.NettyRequestSender -- Using pooled Channel '[id: 0x58d5d04d, L:/127.0.0.1:14645 - R:localhost/127.0.0.1:4444]' for 'GET' to 'http://localhost:4444/wd/hub/session/b174523f0d4a46d2baba79ceada04297/url'
20:37:31.171 [Forwarding getCurrentUrl on session b174523f0d4a46d2baba79ceada04297 to remote] DEBUG org.asynchttpclient.netty.request.NettyRequestSender -- Using open Channel [id: 0x58d5d04d, L:/127.0.0.1:14645 - R:localhost/127.0.0.1:4444] for GET '/wd/hub/session/b174523f0d4a46d2baba79ceada04297/url'
20:37:31.180 [AsyncHttpClient-1-2] DEBUG org.asynchttpclient.netty.handler.HttpHandler -- 

Request DefaultFullHttpRequest(decodeResult: success, version: HTTP/1.1, content: EmptyByteBufBE)
GET /wd/hub/session/b174523f0d4a46d2baba79ceada04297/url HTTP/1.1
User-Agent: selenium/4.1.3 (java windows)
Cache-Control: no-cache
traceparent: 00-3f5bd0d5b6052a31bb856a42da2078e6-d885ee8be98699db-01
Content-Type: application/json; charset=utf-8
host: localhost:4444
accept: */*

Response DefaultHttpResponse(decodeResult: success, version: HTTP/1.1)
HTTP/1.1 200 OK
content-type: application/json; charset=utf-8
cache-control: no-cache
content-length: 34

20:37:31.180 [AsyncHttpClient-1-2] DEBUG org.asynchttpclient.netty.channel.ChannelManager -- Adding key: http://localhost:4444 for channel [id: 0x58d5d04d, L:/127.0.0.1:14645 - R:localhost/127.0.0.1:4444]
20:37:31.660 [AsyncHttpClient-1-1] DEBUG org.asynchttpclient.netty.channel.DefaultChannelPool -- Entry count for : http://localhost:4444 : 1
20:37:32.758 [AsyncHttpClient-1-1] DEBUG org.asynchttpclient.netty.channel.DefaultChannelPool -- Entry count for : http://localhost:4444 : 1
20:37:33.857 [AsyncHttpClient-1-1] DEBUG org.asynchttpclient.netty.channel.DefaultChannelPool -- Entry count for : http://localhost:4444 : 1
20:37:34.964 [AsyncHttpClient-1-1] DEBUG org.asynchttpclient.netty.channel.DefaultChannelPool -- Entry count for : http://localhost:4444 : 1
20:37:36.057 [AsyncHttpClient-1-1] DEBUG org.asynchttpclient.netty.channel.DefaultChannelPool -- Entry count for : http://localhost:4444 : 1
20:37:37.159 [AsyncHttpClient-1-1] DEBUG org.asynchttpclient.netty.channel.DefaultChannelPool -- Entry count for : http://localhost:4444 : 1
20:37:38.261 [AsyncHttpClient-1-1] DEBUG org.asynchttpclient.netty.channel.DefaultChannelPool -- Entry count for : http://localhost:4444 : 1
20:37:39.369 [AsyncHttpClient-1-1] DEBUG org.asynchttpclient.netty.channel.DefaultChannelPool -- Entry count for : http://localhost:4444 : 1
20:37:40.466 [AsyncHttpClient-1-1] DEBUG org.asynchttpclient.netty.channel.DefaultChannelPool -- Entry count for : http://localhost:4444 : 1
20:37:41.191 [Forwarding findElement on session b174523f0d4a46d2baba79ceada04297 to remote] DEBUG org.asynchttpclient.netty.request.NettyRequestSender -- Using pooled Channel '[id: 0x58d5d04d, L:/127.0.0.1:14645 - R:localhost/127.0.0.1:4444]' for 'POST' to 'http://localhost:4444/wd/hub/session/b174523f0d4a46d2baba79ceada04297/element'
20:37:41.191 [Forwarding findElement on session b174523f0d4a46d2baba79ceada04297 to remote] DEBUG org.asynchttpclient.netty.request.NettyRequestSender -- Using open Channel [id: 0x58d5d04d, L:/127.0.0.1:14645 - R:localhost/127.0.0.1:4444] for POST '/wd/hub/session/b174523f0d4a46d2baba79ceada04297/element'
20:37:46.262 [AsyncHttpClient-1-2] DEBUG org.asynchttpclient.netty.handler.HttpHandler -- 

Request DefaultHttpRequest(decodeResult: success, version: HTTP/1.1)
POST /wd/hub/session/b174523f0d4a46d2baba79ceada04297/element HTTP/1.1
User-Agent: selenium/4.1.3 (java windows)
traceparent: 00-16828269ee987b1cba97b3add9e63f66-144cce348e0bcafd-01
Content-Length: 63
Content-Type: application/json; charset=utf-8
host: localhost:4444
accept: */*

Response DefaultHttpResponse(decodeResult: success, version: HTTP/1.1)
HTTP/1.1 404 Not Found
content-type: application/json; charset=utf-8
cache-control: no-cache
content-length: 1049

20:37:46.263 [AsyncHttpClient-1-2] DEBUG org.asynchttpclient.netty.channel.ChannelManager -- Adding key: http://localhost:4444 for channel [id: 0x58d5d04d, L:/127.0.0.1:14645 - R:localhost/127.0.0.1:4444]
]]></system-out>
    <system-err><![CDATA[Aug 29, 2024 8:37:27 PM org.openqa.selenium.remote.ProtocolHandshake createSession
INFO: Detected dialect: W3C
]]></system-err>
  </testcase>
  <testcase name="runScenario[&quot;Check User Can Sing UP&quot;, &quot;Optional[Verify Daraz works properly]&quot;](14)" classname="TestRunner.TestRunner" time="21.055">
    <failure message="no such element: Unable to locate element: {&quot;method&quot;:&quot;xpath&quot;,&quot;selector&quot;:&quot;//a[normalize-space()=&apos;Sign Up&apos;]&quot;}&#10;  (Session info: chrome=128.0.6613.85)&#10;For documentation on this error, please visit: https://selenium.dev/exceptions/#no_such_element&#10;Build info: version: &apos;4.1.3&apos;, revision: &apos;7b1ebf28ef&apos;&#10;System info: host: &apos;MDS&apos;, ip: &apos;192.168.0.146&apos;, os.name: &apos;Windows 11&apos;, os.arch: &apos;amd64&apos;, os.version: &apos;10.0&apos;, java.version: &apos;17.0.11&apos;&#10;Driver info: org.openqa.selenium.remote.RemoteWebDriver&#10;Command: [ad1692009b86d4897400ced26d68ce0c, findElement {using=xpath, value=//a[normalize-space()=&apos;Sign Up&apos;]}]&#10;Capabilities {acceptInsecureCerts: false, browserName: chrome, browserVersion: 128.0.6613.85, chrome: {chromedriverVersion: 128.0.6613.86 (3045ed680fda..., userDataDir: C:\Users\MDS\AppData\Local\...}, fedcm:accounts: true, goog:chromeOptions: {debuggerAddress: localhost:2545}, javascriptEnabled: true, networkConnectionEnabled: false, pageLoadStrategy: normal, platform: XP, platformName: XP, proxy: Proxy(), se:bidiEnabled: false, se:cdp: ws://localhost:4444/session..., se:cdpVersion: 128.0.6613.85, setWindowRect: true, strictFileInteractability: false, timeouts: {implicit: 0, pageLoad: 300000, script: 30000}, unhandledPromptBehavior: dismiss and notify, webauthn:extension:credBlob: true, webauthn:extension:largeBlob: true, webauthn:extension:minPinLength: true, webauthn:extension:prf: true, webauthn:virtualAuthenticators: true}&#10;Session ID: ad1692009b86d4897400ced26d68ce0c" type="org.openqa.selenium.NoSuchElementException"><![CDATA[org.openqa.selenium.NoSuchElementException: 
no such element: Unable to locate element: {"method":"xpath","selector":"//a[normalize-space()='Sign Up']"}
  (Session info: chrome=128.0.6613.85)
For documentation on this error, please visit: https://selenium.dev/exceptions/#no_such_element
Build info: version: '4.1.3', revision: '7b1ebf28ef'
System info: host: 'MDS', ip: '192.168.0.146', os.name: 'Windows 11', os.arch: 'amd64', os.version: '10.0', java.version: '17.0.11'
Driver info: org.openqa.selenium.remote.RemoteWebDriver
Command: [ad1692009b86d4897400ced26d68ce0c, findElement {using=xpath, value=//a[normalize-space()='Sign Up']}]
Capabilities {acceptInsecureCerts: false, browserName: chrome, browserVersion: 128.0.6613.85, chrome: {chromedriverVersion: 128.0.6613.86 (3045ed680fda..., userDataDir: C:\Users\MDS\AppData\Local\...}, fedcm:accounts: true, goog:chromeOptions: {debuggerAddress: localhost:2545}, javascriptEnabled: true, networkConnectionEnabled: false, pageLoadStrategy: normal, platform: XP, platformName: XP, proxy: Proxy(), se:bidiEnabled: false, se:cdp: ws://localhost:4444/session..., se:cdpVersion: 128.0.6613.85, setWindowRect: true, strictFileInteractability: false, timeouts: {implicit: 0, pageLoad: 300000, script: 30000}, unhandledPromptBehavior: dismiss and notify, webauthn:extension:credBlob: true, webauthn:extension:largeBlob: true, webauthn:extension:minPinLength: true, webauthn:extension:prf: true, webauthn:virtualAuthenticators: true}
Session ID: ad1692009b86d4897400ced26d68ce0c
]]></failure>
    <system-out><![CDATA[20:37:46.281 [Forwarding newSession on session null to remote] DEBUG org.asynchttpclient.netty.request.NettyRequestSender -- Using pooled Channel '[id: 0x58d5d04d, L:/127.0.0.1:14645 - R:localhost/127.0.0.1:4444]' for 'POST' to 'http://localhost:4444/wd/hub/session'
20:37:46.281 [Forwarding newSession on session null to remote] DEBUG org.asynchttpclient.netty.request.NettyRequestSender -- Using open Channel [id: 0x58d5d04d, L:/127.0.0.1:14645 - R:localhost/127.0.0.1:4444] for POST '/wd/hub/session'
20:37:47.190 [AsyncHttpClient-1-2] DEBUG org.asynchttpclient.netty.handler.HttpHandler -- 

Request DefaultHttpRequest(decodeResult: success, version: HTTP/1.1)
POST /wd/hub/session HTTP/1.1
User-Agent: selenium/4.1.3 (java windows)
traceparent: 00-55df26d0b415fb514e4d299ff8f4d90c-36c7ae265819e402-01
Content-Length: 341
Content-Type: application/json; charset=utf-8
host: localhost:4444
accept: */*

Response DefaultHttpResponse(decodeResult: success, version: HTTP/1.1)
HTTP/1.1 200 OK
Cache-Control: no-cache
Content-Type: application/json; charset=utf-8
content-length: 1345

20:37:47.190 [AsyncHttpClient-1-2] DEBUG org.asynchttpclient.netty.channel.ChannelManager -- Adding key: http://localhost:4444 for channel [id: 0x58d5d04d, L:/127.0.0.1:14645 - R:localhost/127.0.0.1:4444]
20:37:47.193 [Forwarding setTimeout on session ad1692009b86d4897400ced26d68ce0c to remote] DEBUG org.asynchttpclient.netty.request.NettyRequestSender -- Using pooled Channel '[id: 0x58d5d04d, L:/127.0.0.1:14645 - R:localhost/127.0.0.1:4444]' for 'POST' to 'http://localhost:4444/wd/hub/session/ad1692009b86d4897400ced26d68ce0c/timeouts'
20:37:47.194 [Forwarding setTimeout on session ad1692009b86d4897400ced26d68ce0c to remote] DEBUG org.asynchttpclient.netty.request.NettyRequestSender -- Using open Channel [id: 0x58d5d04d, L:/127.0.0.1:14645 - R:localhost/127.0.0.1:4444] for POST '/wd/hub/session/ad1692009b86d4897400ced26d68ce0c/timeouts'
20:37:47.199 [AsyncHttpClient-1-2] DEBUG org.asynchttpclient.netty.handler.HttpHandler -- 

Request DefaultHttpRequest(decodeResult: success, version: HTTP/1.1)
POST /wd/hub/session/ad1692009b86d4897400ced26d68ce0c/timeouts HTTP/1.1
User-Agent: selenium/4.1.3 (java windows)
traceparent: 00-f05b4e3c9b0e535c083435aa2d69fff2-572739f37bd09e54-01
Content-Length: 22
Content-Type: application/json; charset=utf-8
host: localhost:4444
accept: */*

Response DefaultHttpResponse(decodeResult: success, version: HTTP/1.1)
HTTP/1.1 200 OK
content-type: application/json; charset=utf-8
cache-control: no-cache
content-length: 14

20:37:47.200 [AsyncHttpClient-1-2] DEBUG org.asynchttpclient.netty.channel.ChannelManager -- Adding key: http://localhost:4444 for channel [id: 0x58d5d04d, L:/127.0.0.1:14645 - R:localhost/127.0.0.1:4444]
20:37:47.204 [Forwarding maximizeCurrentWindow on session ad1692009b86d4897400ced26d68ce0c to remote] DEBUG org.asynchttpclient.netty.request.NettyRequestSender -- Using pooled Channel '[id: 0x58d5d04d, L:/127.0.0.1:14645 - R:localhost/127.0.0.1:4444]' for 'POST' to 'http://localhost:4444/wd/hub/session/ad1692009b86d4897400ced26d68ce0c/window/maximize'
20:37:47.204 [Forwarding maximizeCurrentWindow on session ad1692009b86d4897400ced26d68ce0c to remote] DEBUG org.asynchttpclient.netty.request.NettyRequestSender -- Using open Channel [id: 0x58d5d04d, L:/127.0.0.1:14645 - R:localhost/127.0.0.1:4444] for POST '/wd/hub/session/ad1692009b86d4897400ced26d68ce0c/window/maximize'
20:37:47.233 [AsyncHttpClient-1-2] DEBUG org.asynchttpclient.netty.handler.HttpHandler -- 

Request DefaultHttpRequest(decodeResult: success, version: HTTP/1.1)
POST /wd/hub/session/ad1692009b86d4897400ced26d68ce0c/window/maximize HTTP/1.1
User-Agent: selenium/4.1.3 (java windows)
traceparent: 00-0f2902308e28043ea922e97fb20011bf-ab77af6f2792d9d8-01
Content-Length: 3
Content-Type: application/json; charset=utf-8
host: localhost:4444
accept: */*

Response DefaultHttpResponse(decodeResult: success, version: HTTP/1.1)
HTTP/1.1 200 OK
content-type: application/json; charset=utf-8
cache-control: no-cache
content-length: 50

20:37:47.234 [AsyncHttpClient-1-2] DEBUG org.asynchttpclient.netty.channel.ChannelManager -- Adding key: http://localhost:4444 for channel [id: 0x58d5d04d, L:/127.0.0.1:14645 - R:localhost/127.0.0.1:4444]
20:37:47.235 [Forwarding get on session ad1692009b86d4897400ced26d68ce0c to remote] DEBUG org.asynchttpclient.netty.request.NettyRequestSender -- Using pooled Channel '[id: 0x58d5d04d, L:/127.0.0.1:14645 - R:localhost/127.0.0.1:4444]' for 'POST' to 'http://localhost:4444/wd/hub/session/ad1692009b86d4897400ced26d68ce0c/url'
20:37:47.235 [Forwarding get on session ad1692009b86d4897400ced26d68ce0c to remote] DEBUG org.asynchttpclient.netty.request.NettyRequestSender -- Using open Channel [id: 0x58d5d04d, L:/127.0.0.1:14645 - R:localhost/127.0.0.1:4444] for POST '/wd/hub/session/ad1692009b86d4897400ced26d68ce0c/url'
20:37:52.278 [AsyncHttpClient-1-2] DEBUG org.asynchttpclient.netty.handler.HttpHandler -- 

Request DefaultHttpRequest(decodeResult: success, version: HTTP/1.1)
POST /wd/hub/session/ad1692009b86d4897400ced26d68ce0c/url HTTP/1.1
User-Agent: selenium/4.1.3 (java windows)
traceparent: 00-39eb0140f00fcab50e61fe41b180535d-fe7874373eee4142-01
Content-Length: 57
Content-Type: application/json; charset=utf-8
host: localhost:4444
accept: */*

Response DefaultHttpResponse(decodeResult: success, version: HTTP/1.1)
HTTP/1.1 200 OK
content-type: application/json; charset=utf-8
cache-control: no-cache
content-length: 14

20:37:52.278 [AsyncHttpClient-1-2] DEBUG org.asynchttpclient.netty.channel.ChannelManager -- Adding key: http://localhost:4444 for channel [id: 0x58d5d04d, L:/127.0.0.1:14645 - R:localhost/127.0.0.1:4444]
20:37:52.279 [Forwarding getCurrentUrl on session ad1692009b86d4897400ced26d68ce0c to remote] DEBUG org.asynchttpclient.netty.request.NettyRequestSender -- Using pooled Channel '[id: 0x58d5d04d, L:/127.0.0.1:14645 - R:localhost/127.0.0.1:4444]' for 'GET' to 'http://localhost:4444/wd/hub/session/ad1692009b86d4897400ced26d68ce0c/url'
20:37:52.279 [Forwarding getCurrentUrl on session ad1692009b86d4897400ced26d68ce0c to remote] DEBUG org.asynchttpclient.netty.request.NettyRequestSender -- Using open Channel [id: 0x58d5d04d, L:/127.0.0.1:14645 - R:localhost/127.0.0.1:4444] for GET '/wd/hub/session/ad1692009b86d4897400ced26d68ce0c/url'
20:37:52.289 [AsyncHttpClient-1-2] DEBUG org.asynchttpclient.netty.handler.HttpHandler -- 

Request DefaultFullHttpRequest(decodeResult: success, version: HTTP/1.1, content: EmptyByteBufBE)
GET /wd/hub/session/ad1692009b86d4897400ced26d68ce0c/url HTTP/1.1
User-Agent: selenium/4.1.3 (java windows)
Cache-Control: no-cache
traceparent: 00-2bd2db53b3bf3cafdffa25835d20dc17-491189c881e28200-01
Content-Type: application/json; charset=utf-8
host: localhost:4444
accept: */*

Response DefaultHttpResponse(decodeResult: success, version: HTTP/1.1)
HTTP/1.1 200 OK
content-type: application/json; charset=utf-8
cache-control: no-cache
content-length: 34

20:37:52.289 [AsyncHttpClient-1-2] DEBUG org.asynchttpclient.netty.channel.ChannelManager -- Adding key: http://localhost:4444 for channel [id: 0x58d5d04d, L:/127.0.0.1:14645 - R:localhost/127.0.0.1:4444]
20:37:52.559 [AsyncHttpClient-1-1] DEBUG org.asynchttpclient.netty.channel.DefaultChannelPool -- Entry count for : http://localhost:4444 : 1
20:37:53.666 [AsyncHttpClient-1-1] DEBUG org.asynchttpclient.netty.channel.DefaultChannelPool -- Entry count for : http://localhost:4444 : 1
20:37:54.763 [AsyncHttpClient-1-1] DEBUG org.asynchttpclient.netty.channel.DefaultChannelPool -- Entry count for : http://localhost:4444 : 1
20:37:55.867 [AsyncHttpClient-1-1] DEBUG org.asynchttpclient.netty.channel.DefaultChannelPool -- Entry count for : http://localhost:4444 : 1
20:37:56.963 [AsyncHttpClient-1-1] DEBUG org.asynchttpclient.netty.channel.DefaultChannelPool -- Entry count for : http://localhost:4444 : 1
20:37:58.061 [AsyncHttpClient-1-1] DEBUG org.asynchttpclient.netty.channel.DefaultChannelPool -- Entry count for : http://localhost:4444 : 1
20:37:59.157 [AsyncHttpClient-1-1] DEBUG org.asynchttpclient.netty.channel.DefaultChannelPool -- Entry count for : http://localhost:4444 : 1
20:38:00.260 [AsyncHttpClient-1-1] DEBUG org.asynchttpclient.netty.channel.DefaultChannelPool -- Entry count for : http://localhost:4444 : 1
20:38:01.358 [AsyncHttpClient-1-1] DEBUG org.asynchttpclient.netty.channel.DefaultChannelPool -- Entry count for : http://localhost:4444 : 1
20:38:02.303 [Forwarding findElement on session ad1692009b86d4897400ced26d68ce0c to remote] DEBUG org.asynchttpclient.netty.request.NettyRequestSender -- Using pooled Channel '[id: 0x58d5d04d, L:/127.0.0.1:14645 - R:localhost/127.0.0.1:4444]' for 'POST' to 'http://localhost:4444/wd/hub/session/ad1692009b86d4897400ced26d68ce0c/element'
20:38:02.303 [Forwarding findElement on session ad1692009b86d4897400ced26d68ce0c to remote] DEBUG org.asynchttpclient.netty.request.NettyRequestSender -- Using open Channel [id: 0x58d5d04d, L:/127.0.0.1:14645 - R:localhost/127.0.0.1:4444] for POST '/wd/hub/session/ad1692009b86d4897400ced26d68ce0c/element'
20:38:07.316 [AsyncHttpClient-1-2] DEBUG org.asynchttpclient.netty.handler.HttpHandler -- 

Request DefaultHttpRequest(decodeResult: success, version: HTTP/1.1)
POST /wd/hub/session/ad1692009b86d4897400ced26d68ce0c/element HTTP/1.1
User-Agent: selenium/4.1.3 (java windows)
traceparent: 00-f014995ded075408c3a00faafe5dc071-a9a8bbe703c361e2-01
Content-Length: 79
Content-Type: application/json; charset=utf-8
host: localhost:4444
accept: */*

Response DefaultHttpResponse(decodeResult: success, version: HTTP/1.1)
HTTP/1.1 404 Not Found
content-type: application/json; charset=utf-8
cache-control: no-cache
content-length: 1065

20:38:07.316 [AsyncHttpClient-1-2] DEBUG org.asynchttpclient.netty.channel.ChannelManager -- Adding key: http://localhost:4444 for channel [id: 0x58d5d04d, L:/127.0.0.1:14645 - R:localhost/127.0.0.1:4444]
]]></system-out>
    <system-err><![CDATA[Aug 29, 2024 8:37:47 PM org.openqa.selenium.remote.ProtocolHandshake createSession
INFO: Detected dialect: W3C
]]></system-err>
  </testcase>
  <testcase name="runScenario[&quot;Verify logo work properly&quot;, &quot;Optional[Verify Google works properly]&quot;](15)" classname="TestRunner.TestRunner" time="10.9">
    <system-out><![CDATA[20:38:07.336 [Forwarding newSession on session null to remote] DEBUG org.asynchttpclient.netty.request.NettyRequestSender -- Using pooled Channel '[id: 0x58d5d04d, L:/127.0.0.1:14645 - R:localhost/127.0.0.1:4444]' for 'POST' to 'http://localhost:4444/wd/hub/session'
20:38:07.336 [Forwarding newSession on session null to remote] DEBUG org.asynchttpclient.netty.request.NettyRequestSender -- Using open Channel [id: 0x58d5d04d, L:/127.0.0.1:14645 - R:localhost/127.0.0.1:4444] for POST '/wd/hub/session'
20:38:08.194 [AsyncHttpClient-1-2] DEBUG org.asynchttpclient.netty.handler.HttpHandler -- 

Request DefaultHttpRequest(decodeResult: success, version: HTTP/1.1)
POST /wd/hub/session HTTP/1.1
User-Agent: selenium/4.1.3 (java windows)
traceparent: 00-8f15ff12e004783903cdbe438b2a1e85-97c71a5a61bd57f1-01
Content-Length: 341
Content-Type: application/json; charset=utf-8
host: localhost:4444
accept: */*

Response DefaultHttpResponse(decodeResult: success, version: HTTP/1.1)
HTTP/1.1 200 OK
Cache-Control: no-cache
Content-Type: application/json; charset=utf-8
content-length: 1345

20:38:08.195 [AsyncHttpClient-1-2] DEBUG org.asynchttpclient.netty.channel.ChannelManager -- Adding key: http://localhost:4444 for channel [id: 0x58d5d04d, L:/127.0.0.1:14645 - R:localhost/127.0.0.1:4444]
20:38:08.198 [Forwarding setTimeout on session 550d587736a8fb3fa8d883079a328f7d to remote] DEBUG org.asynchttpclient.netty.request.NettyRequestSender -- Using pooled Channel '[id: 0x58d5d04d, L:/127.0.0.1:14645 - R:localhost/127.0.0.1:4444]' for 'POST' to 'http://localhost:4444/wd/hub/session/550d587736a8fb3fa8d883079a328f7d/timeouts'
20:38:08.198 [Forwarding setTimeout on session 550d587736a8fb3fa8d883079a328f7d to remote] DEBUG org.asynchttpclient.netty.request.NettyRequestSender -- Using open Channel [id: 0x58d5d04d, L:/127.0.0.1:14645 - R:localhost/127.0.0.1:4444] for POST '/wd/hub/session/550d587736a8fb3fa8d883079a328f7d/timeouts'
20:38:08.203 [AsyncHttpClient-1-2] DEBUG org.asynchttpclient.netty.handler.HttpHandler -- 

Request DefaultHttpRequest(decodeResult: success, version: HTTP/1.1)
POST /wd/hub/session/550d587736a8fb3fa8d883079a328f7d/timeouts HTTP/1.1
User-Agent: selenium/4.1.3 (java windows)
traceparent: 00-ceab800f2d04125e290d3b43beab9669-e0a3802f132ceee5-01
Content-Length: 22
Content-Type: application/json; charset=utf-8
host: localhost:4444
accept: */*

Response DefaultHttpResponse(decodeResult: success, version: HTTP/1.1)
HTTP/1.1 200 OK
content-type: application/json; charset=utf-8
cache-control: no-cache
content-length: 14

20:38:08.204 [AsyncHttpClient-1-2] DEBUG org.asynchttpclient.netty.channel.ChannelManager -- Adding key: http://localhost:4444 for channel [id: 0x58d5d04d, L:/127.0.0.1:14645 - R:localhost/127.0.0.1:4444]
20:38:08.205 [Forwarding maximizeCurrentWindow on session 550d587736a8fb3fa8d883079a328f7d to remote] DEBUG org.asynchttpclient.netty.request.NettyRequestSender -- Using pooled Channel '[id: 0x58d5d04d, L:/127.0.0.1:14645 - R:localhost/127.0.0.1:4444]' for 'POST' to 'http://localhost:4444/wd/hub/session/550d587736a8fb3fa8d883079a328f7d/window/maximize'
20:38:08.205 [Forwarding maximizeCurrentWindow on session 550d587736a8fb3fa8d883079a328f7d to remote] DEBUG org.asynchttpclient.netty.request.NettyRequestSender -- Using open Channel [id: 0x58d5d04d, L:/127.0.0.1:14645 - R:localhost/127.0.0.1:4444] for POST '/wd/hub/session/550d587736a8fb3fa8d883079a328f7d/window/maximize'
20:38:08.233 [AsyncHttpClient-1-2] DEBUG org.asynchttpclient.netty.handler.HttpHandler -- 

Request DefaultHttpRequest(decodeResult: success, version: HTTP/1.1)
POST /wd/hub/session/550d587736a8fb3fa8d883079a328f7d/window/maximize HTTP/1.1
User-Agent: selenium/4.1.3 (java windows)
traceparent: 00-507a1bcbe274226efda67ca5620e17e3-b4abc67d1828c471-01
Content-Length: 3
Content-Type: application/json; charset=utf-8
host: localhost:4444
accept: */*

Response DefaultHttpResponse(decodeResult: success, version: HTTP/1.1)
HTTP/1.1 200 OK
content-type: application/json; charset=utf-8
cache-control: no-cache
content-length: 50

20:38:08.233 [AsyncHttpClient-1-2] DEBUG org.asynchttpclient.netty.channel.ChannelManager -- Adding key: http://localhost:4444 for channel [id: 0x58d5d04d, L:/127.0.0.1:14645 - R:localhost/127.0.0.1:4444]
20:38:08.236 [Forwarding get on session 550d587736a8fb3fa8d883079a328f7d to remote] DEBUG org.asynchttpclient.netty.request.NettyRequestSender -- Using pooled Channel '[id: 0x58d5d04d, L:/127.0.0.1:14645 - R:localhost/127.0.0.1:4444]' for 'POST' to 'http://localhost:4444/wd/hub/session/550d587736a8fb3fa8d883079a328f7d/url'
20:38:08.236 [Forwarding get on session 550d587736a8fb3fa8d883079a328f7d to remote] DEBUG org.asynchttpclient.netty.request.NettyRequestSender -- Using open Channel [id: 0x58d5d04d, L:/127.0.0.1:14645 - R:localhost/127.0.0.1:4444] for POST '/wd/hub/session/550d587736a8fb3fa8d883079a328f7d/url'
20:38:12.412 [AsyncHttpClient-1-2] DEBUG org.asynchttpclient.netty.handler.HttpHandler -- 

Request DefaultHttpRequest(decodeResult: success, version: HTTP/1.1)
POST /wd/hub/session/550d587736a8fb3fa8d883079a328f7d/url HTTP/1.1
User-Agent: selenium/4.1.3 (java windows)
traceparent: 00-6b7a8719c27508fe9bd4c85246b43b39-8d2f2d3c87b81393-01
Content-Length: 57
Content-Type: application/json; charset=utf-8
host: localhost:4444
accept: */*

Response DefaultHttpResponse(decodeResult: success, version: HTTP/1.1)
HTTP/1.1 200 OK
content-type: application/json; charset=utf-8
cache-control: no-cache
content-length: 14

20:38:12.412 [AsyncHttpClient-1-2] DEBUG org.asynchttpclient.netty.channel.ChannelManager -- Adding key: http://localhost:4444 for channel [id: 0x58d5d04d, L:/127.0.0.1:14645 - R:localhost/127.0.0.1:4444]
20:38:12.413 [Forwarding getCurrentUrl on session 550d587736a8fb3fa8d883079a328f7d to remote] DEBUG org.asynchttpclient.netty.request.NettyRequestSender -- Using pooled Channel '[id: 0x58d5d04d, L:/127.0.0.1:14645 - R:localhost/127.0.0.1:4444]' for 'GET' to 'http://localhost:4444/wd/hub/session/550d587736a8fb3fa8d883079a328f7d/url'
20:38:12.413 [Forwarding getCurrentUrl on session 550d587736a8fb3fa8d883079a328f7d to remote] DEBUG org.asynchttpclient.netty.request.NettyRequestSender -- Using open Channel [id: 0x58d5d04d, L:/127.0.0.1:14645 - R:localhost/127.0.0.1:4444] for GET '/wd/hub/session/550d587736a8fb3fa8d883079a328f7d/url'
20:38:12.425 [AsyncHttpClient-1-2] DEBUG org.asynchttpclient.netty.handler.HttpHandler -- 

Request DefaultFullHttpRequest(decodeResult: success, version: HTTP/1.1, content: EmptyByteBufBE)
GET /wd/hub/session/550d587736a8fb3fa8d883079a328f7d/url HTTP/1.1
User-Agent: selenium/4.1.3 (java windows)
Cache-Control: no-cache
traceparent: 00-4ab60db2d22517749d56490612c1dfba-543af693589981e8-01
Content-Type: application/json; charset=utf-8
host: localhost:4444
accept: */*

Response DefaultHttpResponse(decodeResult: success, version: HTTP/1.1)
HTTP/1.1 200 OK
content-type: application/json; charset=utf-8
cache-control: no-cache
content-length: 34

20:38:12.425 [AsyncHttpClient-1-2] DEBUG org.asynchttpclient.netty.channel.ChannelManager -- Adding key: http://localhost:4444 for channel [id: 0x58d5d04d, L:/127.0.0.1:14645 - R:localhost/127.0.0.1:4444]
20:38:13.467 [AsyncHttpClient-1-1] DEBUG org.asynchttpclient.netty.channel.DefaultChannelPool -- Entry count for : http://localhost:4444 : 1
20:38:14.441 [Forwarding findElement on session 550d587736a8fb3fa8d883079a328f7d to remote] DEBUG org.asynchttpclient.netty.request.NettyRequestSender -- Using pooled Channel '[id: 0x58d5d04d, L:/127.0.0.1:14645 - R:localhost/127.0.0.1:4444]' for 'POST' to 'http://localhost:4444/wd/hub/session/550d587736a8fb3fa8d883079a328f7d/element'
20:38:14.441 [Forwarding findElement on session 550d587736a8fb3fa8d883079a328f7d to remote] DEBUG org.asynchttpclient.netty.request.NettyRequestSender -- Using open Channel [id: 0x58d5d04d, L:/127.0.0.1:14645 - R:localhost/127.0.0.1:4444] for POST '/wd/hub/session/550d587736a8fb3fa8d883079a328f7d/element'
20:38:14.458 [AsyncHttpClient-1-2] DEBUG org.asynchttpclient.netty.handler.HttpHandler -- 

Request DefaultHttpRequest(decodeResult: success, version: HTTP/1.1)
POST /wd/hub/session/550d587736a8fb3fa8d883079a328f7d/element HTTP/1.1
User-Agent: selenium/4.1.3 (java windows)
traceparent: 00-f81a1f5eac620fef27c999dd231887d0-a48e7fd45bddafd4-01
Content-Length: 76
Content-Type: application/json; charset=utf-8
host: localhost:4444
accept: */*

Response DefaultHttpResponse(decodeResult: success, version: HTTP/1.1)
HTTP/1.1 200 OK
content-type: application/json; charset=utf-8
cache-control: no-cache
content-length: 126

20:38:14.458 [AsyncHttpClient-1-2] DEBUG org.asynchttpclient.netty.channel.ChannelManager -- Adding key: http://localhost:4444 for channel [id: 0x58d5d04d, L:/127.0.0.1:14645 - R:localhost/127.0.0.1:4444]
20:38:14.458 [Forwarding isElementDisplayed on session 550d587736a8fb3fa8d883079a328f7d to remote] DEBUG org.asynchttpclient.netty.request.NettyRequestSender -- Using pooled Channel '[id: 0x58d5d04d, L:/127.0.0.1:14645 - R:localhost/127.0.0.1:4444]' for 'POST' to 'http://localhost:4444/wd/hub/session/550d587736a8fb3fa8d883079a328f7d/execute/sync'
20:38:14.458 [Forwarding isElementDisplayed on session 550d587736a8fb3fa8d883079a328f7d to remote] DEBUG org.asynchttpclient.netty.request.NettyRequestSender -- Using open Channel [id: 0x58d5d04d, L:/127.0.0.1:14645 - R:localhost/127.0.0.1:4444] for POST '/wd/hub/session/550d587736a8fb3fa8d883079a328f7d/execute/sync'
20:38:14.475 [AsyncHttpClient-1-2] DEBUG org.asynchttpclient.netty.handler.HttpHandler -- 

Request DefaultHttpRequest(decodeResult: success, version: HTTP/1.1)
POST /wd/hub/session/550d587736a8fb3fa8d883079a328f7d/execute/sync HTTP/1.1
User-Agent: selenium/4.1.3 (java windows)
traceparent: 00-9573b54c6bcd18367389744e78ee4c05-73662de0a78cb1ca-01
Content-Length: 48818
Content-Type: application/json; charset=utf-8
host: localhost:4444
accept: */*

Response DefaultHttpResponse(decodeResult: success, version: HTTP/1.1)
HTTP/1.1 200 OK
content-type: application/json; charset=utf-8
cache-control: no-cache
content-length: 14

20:38:14.475 [AsyncHttpClient-1-2] DEBUG org.asynchttpclient.netty.channel.ChannelManager -- Adding key: http://localhost:4444 for channel [id: 0x58d5d04d, L:/127.0.0.1:14645 - R:localhost/127.0.0.1:4444]
20:38:14.475 [Forwarding findElement on session 550d587736a8fb3fa8d883079a328f7d to remote] DEBUG org.asynchttpclient.netty.request.NettyRequestSender -- Using pooled Channel '[id: 0x58d5d04d, L:/127.0.0.1:14645 - R:localhost/127.0.0.1:4444]' for 'POST' to 'http://localhost:4444/wd/hub/session/550d587736a8fb3fa8d883079a328f7d/element'
20:38:14.475 [Forwarding findElement on session 550d587736a8fb3fa8d883079a328f7d to remote] DEBUG org.asynchttpclient.netty.request.NettyRequestSender -- Using open Channel [id: 0x58d5d04d, L:/127.0.0.1:14645 - R:localhost/127.0.0.1:4444] for POST '/wd/hub/session/550d587736a8fb3fa8d883079a328f7d/element'
20:38:14.491 [AsyncHttpClient-1-2] DEBUG org.asynchttpclient.netty.handler.HttpHandler -- 

Request DefaultHttpRequest(decodeResult: success, version: HTTP/1.1)
POST /wd/hub/session/550d587736a8fb3fa8d883079a328f7d/element HTTP/1.1
User-Agent: selenium/4.1.3 (java windows)
traceparent: 00-e0a6a1d53e8ca53bb9c2fd8c07f6f7d9-c86c6ae522744474-01
Content-Length: 76
Content-Type: application/json; charset=utf-8
host: localhost:4444
accept: */*

Response DefaultHttpResponse(decodeResult: success, version: HTTP/1.1)
HTTP/1.1 200 OK
content-type: application/json; charset=utf-8
cache-control: no-cache
content-length: 126

20:38:14.491 [AsyncHttpClient-1-2] DEBUG org.asynchttpclient.netty.channel.ChannelManager -- Adding key: http://localhost:4444 for channel [id: 0x58d5d04d, L:/127.0.0.1:14645 - R:localhost/127.0.0.1:4444]
20:38:14.491 [Forwarding clickElement on session 550d587736a8fb3fa8d883079a328f7d to remote] DEBUG org.asynchttpclient.netty.request.NettyRequestSender -- Using pooled Channel '[id: 0x58d5d04d, L:/127.0.0.1:14645 - R:localhost/127.0.0.1:4444]' for 'POST' to 'http://localhost:4444/wd/hub/session/550d587736a8fb3fa8d883079a328f7d/element/f.D14B3C6EE899F0242DB65CC9D951CFA6.d.A1DA7C2B68B5F91AA14727C09D3963A0.e.79/click'
20:38:14.491 [Forwarding clickElement on session 550d587736a8fb3fa8d883079a328f7d to remote] DEBUG org.asynchttpclient.netty.request.NettyRequestSender -- Using open Channel [id: 0x58d5d04d, L:/127.0.0.1:14645 - R:localhost/127.0.0.1:4444] for POST '/wd/hub/session/550d587736a8fb3fa8d883079a328f7d/element/f.D14B3C6EE899F0242DB65CC9D951CFA6.d.A1DA7C2B68B5F91AA14727C09D3963A0.e.79/click'
20:38:18.213 [AsyncHttpClient-1-2] DEBUG org.asynchttpclient.netty.handler.HttpHandler -- 

Request DefaultHttpRequest(decodeResult: success, version: HTTP/1.1)
POST /wd/hub/session/550d587736a8fb3fa8d883079a328f7d/element/f.D14B3C6EE899F0242DB65CC9D951CFA6.d.A1DA7C2B68B5F91AA14727C09D3963A0.e.79/click HTTP/1.1
User-Agent: selenium/4.1.3 (java windows)
traceparent: 00-a6b20f0a1fd35115680dcc012b98ebc4-bae1f89d2ceeef45-01
Content-Length: 88
Content-Type: application/json; charset=utf-8
host: localhost:4444
accept: */*

Response DefaultHttpResponse(decodeResult: success, version: HTTP/1.1)
HTTP/1.1 200 OK
content-type: application/json; charset=utf-8
cache-control: no-cache
content-length: 14

20:38:18.213 [AsyncHttpClient-1-2] DEBUG org.asynchttpclient.netty.channel.ChannelManager -- Adding key: http://localhost:4444 for channel [id: 0x58d5d04d, L:/127.0.0.1:14645 - R:localhost/127.0.0.1:4444]
]]></system-out>
    <system-err><![CDATA[Aug 29, 2024 8:38:08 PM org.openqa.selenium.remote.ProtocolHandshake createSession
INFO: Detected dialect: W3C
]]></system-err>
  </testcase>
</testsuite>