<?xml version="1.0" encoding="UTF-8"?>
<testsuite xmlns:xsi="http://www.w3.org/2001/XMLSchema-instance" xsi:noNamespaceSchemaLocation="https://maven.apache.org/surefire/maven-surefire-plugin/xsd/surefire-test-report-3.0.xsd" version="3.0" name="TestSuite" time="310.298" tests="15" errors="0" skipped="0" failures="5">
  <properties>
    <property name="sun.desktop" value="windows"/>
    <property name="awt.toolkit" value="sun.awt.windows.WToolkit"/>
    <property name="java.specification.version" value="11"/>
    <property name="sun.cpu.isalist" value="amd64"/>
    <property name="sun.jnu.encoding" value="Cp1252"/>
    <property name="java.class.path" value="C:\Users\TallyKhata\Desktop\3web\Selenium-Grid-Multi-Web\target\test-classes;C:\Users\TallyKhata\Desktop\3web\Selenium-Grid-Multi-Web\target\classes;C:\Users\TallyKhata\.m2\repository\io\cucumber\cucumber-java\7.2.3\cucumber-java-7.2.3.jar;C:\Users\TallyKhata\.m2\repository\io\cucumber\cucumber-core\7.2.3\cucumber-core-7.2.3.jar;C:\Users\TallyKhata\.m2\repository\io\cucumber\cucumber-gherkin\7.2.3\cucumber-gherkin-7.2.3.jar;C:\Users\TallyKhata\.m2\repository\io\cucumber\cucumber-gherkin-messages\7.2.3\cucumber-gherkin-messages-7.2.3.jar;C:\Users\TallyKhata\.m2\repository\io\cucumber\messages\17.1.1\messages-17.1.1.jar;C:\Users\TallyKhata\.m2\repository\io\cucumber\tag-expressions\4.1.0\tag-expressions-4.1.0.jar;C:\Users\TallyKhata\.m2\repository\io\cucumber\cucumber-expressions\15.0.1\cucumber-expressions-15.0.1.jar;C:\Users\TallyKhata\.m2\repository\io\cucumber\datatable\7.2.3\datatable-7.2.3.jar;C:\Users\TallyKhata\.m2\repository\io\cucumber\cucumber-plugin\7.2.3\cucumber-plugin-7.2.3.jar;C:\Users\TallyKhata\.m2\repository\io\cucumber\docstring\7.2.3\docstring-7.2.3.jar;C:\Users\TallyKhata\.m2\repository\io\cucumber\html-formatter\17.0.0\html-formatter-17.0.0.jar;C:\Users\TallyKhata\.m2\repository\io\cucumber\ci-environment\8.1.0\ci-environment-8.1.0.jar;C:\Users\TallyKhata\.m2\repository\org\apiguardian\apiguardian-api\1.1.2\apiguardian-api-1.1.2.jar;C:\Users\TallyKhata\.m2\repository\io\cucumber\cucumber-picocontainer\7.2.3\cucumber-picocontainer-7.2.3.jar;C:\Users\TallyKhata\.m2\repository\org\picocontainer\picocontainer\2.15\picocontainer-2.15.jar;C:\Users\TallyKhata\.m2\repository\io\cucumber\cucumber-testng\7.2.3\cucumber-testng-7.2.3.jar;C:\Users\TallyKhata\.m2\repository\org\seleniumhq\selenium\selenium-java\4.1.3\selenium-java-4.1.3.jar;C:\Users\TallyKhata\.m2\repository\org\seleniumhq\selenium\selenium-api\4.1.3\selenium-api-4.1.3.jar;C:\Users\TallyKhata\.m2\repository\org\seleniumhq\selenium\selenium-chrome-driver\4.1.3\selenium-chrome-driver-4.1.3.jar;C:\Users\TallyKhata\.m2\repository\com\google\auto\service\auto-service-annotations\1.0.1\auto-service-annotations-1.0.1.jar;C:\Users\TallyKhata\.m2\repository\com\google\auto\service\auto-service\1.0.1\auto-service-1.0.1.jar;C:\Users\TallyKhata\.m2\repository\com\google\auto\auto-common\1.2\auto-common-1.2.jar;C:\Users\TallyKhata\.m2\repository\com\google\guava\guava\31.1-jre\guava-31.1-jre.jar;C:\Users\TallyKhata\.m2\repository\com\google\guava\failureaccess\1.0.1\failureaccess-1.0.1.jar;C:\Users\TallyKhata\.m2\repository\com\google\guava\listenablefuture\9999.0-empty-to-avoid-conflict-with-guava\listenablefuture-9999.0-empty-to-avoid-conflict-with-guava.jar;C:\Users\TallyKhata\.m2\repository\com\google\code\findbugs\jsr305\3.0.2\jsr305-3.0.2.jar;C:\Users\TallyKhata\.m2\repository\org\checkerframework\checker-qual\3.12.0\checker-qual-3.12.0.jar;C:\Users\TallyKhata\.m2\repository\com\google\errorprone\error_prone_annotations\2.11.0\error_prone_annotations-2.11.0.jar;C:\Users\TallyKhata\.m2\repository\com\google\j2objc\j2objc-annotations\1.3\j2objc-annotations-1.3.jar;C:\Users\TallyKhata\.m2\repository\org\seleniumhq\selenium\selenium-chromium-driver\4.1.3\selenium-chromium-driver-4.1.3.jar;C:\Users\TallyKhata\.m2\repository\org\seleniumhq\selenium\selenium-json\4.1.3\selenium-json-4.1.3.jar;C:\Users\TallyKhata\.m2\repository\org\seleniumhq\selenium\selenium-devtools-v85\4.1.3\selenium-devtools-v85-4.1.3.jar;C:\Users\TallyKhata\.m2\repository\org\seleniumhq\selenium\selenium-devtools-v97\4.1.3\selenium-devtools-v97-4.1.3.jar;C:\Users\TallyKhata\.m2\repository\org\seleniumhq\selenium\selenium-devtools-v98\4.1.3\selenium-devtools-v98-4.1.3.jar;C:\Users\TallyKhata\.m2\repository\org\seleniumhq\selenium\selenium-devtools-v99\4.1.3\selenium-devtools-v99-4.1.3.jar;C:\Users\TallyKhata\.m2\repository\org\seleniumhq\selenium\selenium-edge-driver\4.1.3\selenium-edge-driver-4.1.3.jar;C:\Users\TallyKhata\.m2\repository\org\seleniumhq\selenium\selenium-firefox-driver\4.1.3\selenium-firefox-driver-4.1.3.jar;C:\Users\TallyKhata\.m2\repository\org\seleniumhq\selenium\selenium-ie-driver\4.1.3\selenium-ie-driver-4.1.3.jar;C:\Users\TallyKhata\.m2\repository\org\seleniumhq\selenium\selenium-opera-driver\4.1.3\selenium-opera-driver-4.1.3.jar;C:\Users\TallyKhata\.m2\repository\org\seleniumhq\selenium\selenium-remote-driver\4.1.3\selenium-remote-driver-4.1.3.jar;C:\Users\TallyKhata\.m2\repository\io\netty\netty-buffer\4.1.75.Final\netty-buffer-4.1.75.Final.jar;C:\Users\TallyKhata\.m2\repository\io\netty\netty-codec-http\4.1.75.Final\netty-codec-http-4.1.75.Final.jar;C:\Users\TallyKhata\.m2\repository\io\netty\netty-codec\4.1.75.Final\netty-codec-4.1.75.Final.jar;C:\Users\TallyKhata\.m2\repository\io\netty\netty-handler\4.1.75.Final\netty-handler-4.1.75.Final.jar;C:\Users\TallyKhata\.m2\repository\io\netty\netty-common\4.1.75.Final\netty-common-4.1.75.Final.jar;C:\Users\TallyKhata\.m2\repository\io\netty\netty-transport-classes-epoll\4.1.75.Final\netty-transport-classes-epoll-4.1.75.Final.jar;C:\Users\TallyKhata\.m2\repository\io\netty\netty-transport-classes-kqueue\4.1.75.Final\netty-transport-classes-kqueue-4.1.75.Final.jar;C:\Users\TallyKhata\.m2\repository\io\netty\netty-transport-native-epoll\4.1.75.Final\netty-transport-native-epoll-4.1.75.Final.jar;C:\Users\TallyKhata\.m2\repository\io\netty\netty-transport-native-kqueue\4.1.75.Final\netty-transport-native-kqueue-4.1.75.Final.jar;C:\Users\TallyKhata\.m2\repository\io\netty\netty-transport-native-unix-common\4.1.75.Final\netty-transport-native-unix-common-4.1.75.Final.jar;C:\Users\TallyKhata\.m2\repository\io\netty\netty-transport\4.1.75.Final\netty-transport-4.1.75.Final.jar;C:\Users\TallyKhata\.m2\repository\io\netty\netty-resolver\4.1.75.Final\netty-resolver-4.1.75.Final.jar;C:\Users\TallyKhata\.m2\repository\io\opentelemetry\opentelemetry-api\1.12.0\opentelemetry-api-1.12.0.jar;C:\Users\TallyKhata\.m2\repository\io\opentelemetry\opentelemetry-context\1.12.0\opentelemetry-context-1.12.0.jar;C:\Users\TallyKhata\.m2\repository\io\opentelemetry\opentelemetry-exporter-logging\1.12.0\opentelemetry-exporter-logging-1.12.0.jar;C:\Users\TallyKhata\.m2\repository\io\opentelemetry\opentelemetry-sdk-metrics\1.12.0-alpha\opentelemetry-sdk-metrics-1.12.0-alpha.jar;C:\Users\TallyKhata\.m2\repository\io\opentelemetry\opentelemetry-sdk-logs\1.12.0-alpha\opentelemetry-sdk-logs-1.12.0-alpha.jar;C:\Users\TallyKhata\.m2\repository\io\opentelemetry\opentelemetry-sdk-common\1.12.0\opentelemetry-sdk-common-1.12.0.jar;C:\Users\TallyKhata\.m2\repository\io\opentelemetry\opentelemetry-sdk-extension-autoconfigure-spi\1.12.0\opentelemetry-sdk-extension-autoconfigure-spi-1.12.0.jar;C:\Users\TallyKhata\.m2\repository\io\opentelemetry\opentelemetry-sdk-extension-autoconfigure\1.12.0-alpha\opentelemetry-sdk-extension-autoconfigure-1.12.0-alpha.jar;C:\Users\TallyKhata\.m2\repository\io\opentelemetry\opentelemetry-sdk-trace\1.12.0\opentelemetry-sdk-trace-1.12.0.jar;C:\Users\TallyKhata\.m2\repository\io\opentelemetry\opentelemetry-sdk\1.12.0\opentelemetry-sdk-1.12.0.jar;C:\Users\TallyKhata\.m2\repository\io\opentelemetry\opentelemetry-semconv\1.12.0-alpha\opentelemetry-semconv-1.12.0-alpha.jar;C:\Users\TallyKhata\.m2\repository\io\ous\jtoml\2.0.0\jtoml-2.0.0.jar;C:\Users\TallyKhata\.m2\repository\net\bytebuddy\byte-buddy\1.12.8\byte-buddy-1.12.8.jar;C:\Users\TallyKhata\.m2\repository\org\apache\commons\commons-exec\1.3\commons-exec-1.3.jar;C:\Users\TallyKhata\.m2\repository\org\asynchttpclient\async-http-client\2.12.3\async-http-client-2.12.3.jar;C:\Users\TallyKhata\.m2\repository\org\asynchttpclient\async-http-client-netty-utils\2.12.3\async-http-client-netty-utils-2.12.3.jar;C:\Users\TallyKhata\.m2\repository\io\netty\netty-codec-socks\4.1.60.Final\netty-codec-socks-4.1.60.Final.jar;C:\Users\TallyKhata\.m2\repository\io\netty\netty-handler-proxy\4.1.60.Final\netty-handler-proxy-4.1.60.Final.jar;C:\Users\TallyKhata\.m2\repository\io\netty\netty-transport-native-epoll\4.1.60.Final\netty-transport-native-epoll-4.1.60.Final-linux-x86_64.jar;C:\Users\TallyKhata\.m2\repository\io\netty\netty-transport-native-kqueue\4.1.60.Final\netty-transport-native-kqueue-4.1.60.Final-osx-x86_64.jar;C:\Users\TallyKhata\.m2\repository\com\typesafe\netty\netty-reactive-streams\2.0.4\netty-reactive-streams-2.0.4.jar;C:\Users\TallyKhata\.m2\repository\com\sun\activation\jakarta.activation\1.2.2\jakarta.activation-1.2.2.jar;C:\Users\TallyKhata\.m2\repository\org\seleniumhq\selenium\selenium-http\4.1.3\selenium-http-4.1.3.jar;C:\Users\TallyKhata\.m2\repository\dev\failsafe\failsafe\3.2.3\failsafe-3.2.3.jar;C:\Users\TallyKhata\.m2\repository\org\seleniumhq\selenium\selenium-safari-driver\4.1.3\selenium-safari-driver-4.1.3.jar;C:\Users\TallyKhata\.m2\repository\org\seleniumhq\selenium\selenium-support\4.1.3\selenium-support-4.1.3.jar;C:\Users\TallyKhata\.m2\repository\org\testng\testng\7.4.0\testng-7.4.0.jar;C:\Users\TallyKhata\.m2\repository\com\beust\jcommander\1.78\jcommander-1.78.jar;C:\Users\TallyKhata\.m2\repository\org\webjars\jquery\3.5.1\jquery-3.5.1.jar;C:\Users\TallyKhata\.m2\repository\io\qameta\allure\allure-cucumber7-jvm\2.17.2\allure-cucumber7-jvm-2.17.2.jar;C:\Users\TallyKhata\.m2\repository\io\qameta\allure\allure-java-commons\2.17.2\allure-java-commons-2.17.2.jar;C:\Users\TallyKhata\.m2\repository\io\qameta\allure\allure-model\2.17.2\allure-model-2.17.2.jar;C:\Users\TallyKhata\.m2\repository\io\cucumber\gherkin\22.0.0\gherkin-22.0.0.jar;C:\Users\TallyKhata\.m2\repository\commons-io\commons-io\2.11.0\commons-io-2.11.0.jar;C:\Users\TallyKhata\.m2\repository\com\aventstack\extentreports\5.0.9\extentreports-5.0.9.jar;C:\Users\TallyKhata\.m2\repository\io\reactivex\rxjava3\rxjava\3.0.4\rxjava-3.0.4.jar;C:\Users\TallyKhata\.m2\repository\org\reactivestreams\reactive-streams\1.0.3\reactive-streams-1.0.3.jar;C:\Users\TallyKhata\.m2\repository\org\freemarker\freemarker\2.3.30\freemarker-2.3.30.jar;C:\Users\TallyKhata\.m2\repository\com\google\code\gson\gson\2.8.6\gson-2.8.6.jar;C:\Users\TallyKhata\.m2\repository\tech\grasshopper\extentreports-cucumber7-adapter\1.3.0\extentreports-cucumber7-adapter-1.3.0.jar;C:\Users\TallyKhata\.m2\repository\tech\grasshopper\extent-pdf-report\2.1.0\extent-pdf-report-2.1.0.jar;C:\Users\TallyKhata\.m2\repository\tech\grasshopper\cucumber-pdf-report\2.5.0\cucumber-pdf-report-2.5.0.jar;C:\Users\TallyKhata\.m2\repository\org\apache\pdfbox\pdfbox\2.0.25\pdfbox-2.0.25.jar;C:\Users\TallyKhata\.m2\repository\org\apache\pdfbox\fontbox\2.0.25\fontbox-2.0.25.jar;C:\Users\TallyKhata\.m2\repository\org\knowm\xchart\xchart\3.8.0\xchart-3.8.0.jar;C:\Users\TallyKhata\.m2\repository\de\erichseifert\vectorgraphics2d\VectorGraphics2D\0.13\VectorGraphics2D-0.13.jar;C:\Users\TallyKhata\.m2\repository\de\rototor\pdfbox\graphics2d\0.30\graphics2d-0.30.jar;C:\Users\TallyKhata\.m2\repository\com\madgag\animated-gif-lib\1.4\animated-gif-lib-1.4.jar;C:\Users\TallyKhata\.m2\repository\org\yaml\snakeyaml\1.28\snakeyaml-1.28.jar;C:\Users\TallyKhata\.m2\repository\tech\grasshopper\table-layout\1.4.0\table-layout-1.4.0.jar;C:\Users\TallyKhata\.m2\repository\tech\grasshopper\rest-assured-cucumber-pdf-report\1.1.0\rest-assured-cucumber-pdf-report-1.1.0.jar;C:\Users\TallyKhata\.m2\repository\org\jsoup\jsoup\1.13.1\jsoup-1.13.1.jar;C:\Users\TallyKhata\.m2\repository\com\aventstack\klov-reporter\5.0.9\klov-reporter-5.0.9.jar;C:\Users\TallyKhata\.m2\repository\org\mongodb\mongodb-driver\3.6.4\mongodb-driver-3.6.4.jar;C:\Users\TallyKhata\.m2\repository\org\mongodb\mongodb-driver-core\3.6.4\mongodb-driver-core-3.6.4.jar;C:\Users\TallyKhata\.m2\repository\org\mongodb\bson\3.6.4\bson-3.6.4.jar;C:\Users\TallyKhata\.m2\repository\org\apache\httpcomponents\httpclient\4.5.13\httpclient-4.5.13.jar;C:\Users\TallyKhata\.m2\repository\org\apache\httpcomponents\httpcore\4.4.13\httpcore-4.4.13.jar;C:\Users\TallyKhata\.m2\repository\commons-logging\commons-logging\1.2\commons-logging-1.2.jar;C:\Users\TallyKhata\.m2\repository\commons-codec\commons-codec\1.11\commons-codec-1.11.jar;C:\Users\TallyKhata\.m2\repository\org\apache\httpcomponents\httpmime\4.5.13\httpmime-4.5.13.jar;C:\Users\TallyKhata\.m2\repository\tech\grasshopper\htmlextentreporter\1.0.0\htmlextentreporter-1.0.0.jar;C:\Users\TallyKhata\.m2\repository\org\hamcrest\hamcrest\2.2\hamcrest-2.2.jar;C:\Users\TallyKhata\.m2\repository\ch\qos\logback\logback-classic\1.5.6\logback-classic-1.5.6.jar;C:\Users\TallyKhata\.m2\repository\ch\qos\logback\logback-core\1.5.6\logback-core-1.5.6.jar;C:\Users\TallyKhata\.m2\repository\org\slf4j\slf4j-api\2.0.13\slf4j-api-2.0.13.jar;C:\Users\TallyKhata\.m2\repository\org\projectlombok\lombok\1.18.22\lombok-1.18.22.jar;C:\Users\TallyKhata\.m2\repository\junit\junit\4.13.2\junit-4.13.2.jar;C:\Users\TallyKhata\.m2\repository\org\hamcrest\hamcrest-core\1.3\hamcrest-core-1.3.jar;"/>
    <property name="java.vm.vendor" value="Oracle Corporation"/>
    <property name="sun.arch.data.model" value="64"/>
    <property name="user.variant" value=""/>
    <property name="java.vendor.url" value="https://openjdk.java.net/"/>
    <property name="user.timezone" value="Asia/Dhaka"/>
    <property name="java.vm.specification.version" value="11"/>
    <property name="os.name" value="Windows 11"/>
    <property name="sun.java.launcher" value="SUN_STANDARD"/>
    <property name="user.country" value="US"/>
    <property name="allure.link.issue.pattern" value="https://example.org/browse/{}"/>
    <property name="sun.boot.library.path" value="C:\Program Files\Java\jdk-11\bin"/>
    <property name="sun.java.command" value="C:\Users\TallyKhata\AppData\Local\Temp\surefire9640450896341435108\surefirebooter9747358020187509796.jar C:\Users\TallyKhata\AppData\Local\Temp\surefire9640450896341435108 2024-08-29T10-27-33_844-jvmRun1 surefire1642339321105677378tmp surefire_016637118889297800713tmp"/>
    <property name="jdk.debug" value="release"/>
    <property name="surefire.test.class.path" value="C:\Users\TallyKhata\Desktop\3web\Selenium-Grid-Multi-Web\target\test-classes;C:\Users\TallyKhata\Desktop\3web\Selenium-Grid-Multi-Web\target\classes;C:\Users\TallyKhata\.m2\repository\io\cucumber\cucumber-java\7.2.3\cucumber-java-7.2.3.jar;C:\Users\TallyKhata\.m2\repository\io\cucumber\cucumber-core\7.2.3\cucumber-core-7.2.3.jar;C:\Users\TallyKhata\.m2\repository\io\cucumber\cucumber-gherkin\7.2.3\cucumber-gherkin-7.2.3.jar;C:\Users\TallyKhata\.m2\repository\io\cucumber\cucumber-gherkin-messages\7.2.3\cucumber-gherkin-messages-7.2.3.jar;C:\Users\TallyKhata\.m2\repository\io\cucumber\messages\17.1.1\messages-17.1.1.jar;C:\Users\TallyKhata\.m2\repository\io\cucumber\tag-expressions\4.1.0\tag-expressions-4.1.0.jar;C:\Users\TallyKhata\.m2\repository\io\cucumber\cucumber-expressions\15.0.1\cucumber-expressions-15.0.1.jar;C:\Users\TallyKhata\.m2\repository\io\cucumber\datatable\7.2.3\datatable-7.2.3.jar;C:\Users\TallyKhata\.m2\repository\io\cucumber\cucumber-plugin\7.2.3\cucumber-plugin-7.2.3.jar;C:\Users\TallyKhata\.m2\repository\io\cucumber\docstring\7.2.3\docstring-7.2.3.jar;C:\Users\TallyKhata\.m2\repository\io\cucumber\html-formatter\17.0.0\html-formatter-17.0.0.jar;C:\Users\TallyKhata\.m2\repository\io\cucumber\ci-environment\8.1.0\ci-environment-8.1.0.jar;C:\Users\TallyKhata\.m2\repository\org\apiguardian\apiguardian-api\1.1.2\apiguardian-api-1.1.2.jar;C:\Users\TallyKhata\.m2\repository\io\cucumber\cucumber-picocontainer\7.2.3\cucumber-picocontainer-7.2.3.jar;C:\Users\TallyKhata\.m2\repository\org\picocontainer\picocontainer\2.15\picocontainer-2.15.jar;C:\Users\TallyKhata\.m2\repository\io\cucumber\cucumber-testng\7.2.3\cucumber-testng-7.2.3.jar;C:\Users\TallyKhata\.m2\repository\org\seleniumhq\selenium\selenium-java\4.1.3\selenium-java-4.1.3.jar;C:\Users\TallyKhata\.m2\repository\org\seleniumhq\selenium\selenium-api\4.1.3\selenium-api-4.1.3.jar;C:\Users\TallyKhata\.m2\repository\org\seleniumhq\selenium\selenium-chrome-driver\4.1.3\selenium-chrome-driver-4.1.3.jar;C:\Users\TallyKhata\.m2\repository\com\google\auto\service\auto-service-annotations\1.0.1\auto-service-annotations-1.0.1.jar;C:\Users\TallyKhata\.m2\repository\com\google\auto\service\auto-service\1.0.1\auto-service-1.0.1.jar;C:\Users\TallyKhata\.m2\repository\com\google\auto\auto-common\1.2\auto-common-1.2.jar;C:\Users\TallyKhata\.m2\repository\com\google\guava\guava\31.1-jre\guava-31.1-jre.jar;C:\Users\TallyKhata\.m2\repository\com\google\guava\failureaccess\1.0.1\failureaccess-1.0.1.jar;C:\Users\TallyKhata\.m2\repository\com\google\guava\listenablefuture\9999.0-empty-to-avoid-conflict-with-guava\listenablefuture-9999.0-empty-to-avoid-conflict-with-guava.jar;C:\Users\TallyKhata\.m2\repository\com\google\code\findbugs\jsr305\3.0.2\jsr305-3.0.2.jar;C:\Users\TallyKhata\.m2\repository\org\checkerframework\checker-qual\3.12.0\checker-qual-3.12.0.jar;C:\Users\TallyKhata\.m2\repository\com\google\errorprone\error_prone_annotations\2.11.0\error_prone_annotations-2.11.0.jar;C:\Users\TallyKhata\.m2\repository\com\google\j2objc\j2objc-annotations\1.3\j2objc-annotations-1.3.jar;C:\Users\TallyKhata\.m2\repository\org\seleniumhq\selenium\selenium-chromium-driver\4.1.3\selenium-chromium-driver-4.1.3.jar;C:\Users\TallyKhata\.m2\repository\org\seleniumhq\selenium\selenium-json\4.1.3\selenium-json-4.1.3.jar;C:\Users\TallyKhata\.m2\repository\org\seleniumhq\selenium\selenium-devtools-v85\4.1.3\selenium-devtools-v85-4.1.3.jar;C:\Users\TallyKhata\.m2\repository\org\seleniumhq\selenium\selenium-devtools-v97\4.1.3\selenium-devtools-v97-4.1.3.jar;C:\Users\TallyKhata\.m2\repository\org\seleniumhq\selenium\selenium-devtools-v98\4.1.3\selenium-devtools-v98-4.1.3.jar;C:\Users\TallyKhata\.m2\repository\org\seleniumhq\selenium\selenium-devtools-v99\4.1.3\selenium-devtools-v99-4.1.3.jar;C:\Users\TallyKhata\.m2\repository\org\seleniumhq\selenium\selenium-edge-driver\4.1.3\selenium-edge-driver-4.1.3.jar;C:\Users\TallyKhata\.m2\repository\org\seleniumhq\selenium\selenium-firefox-driver\4.1.3\selenium-firefox-driver-4.1.3.jar;C:\Users\TallyKhata\.m2\repository\org\seleniumhq\selenium\selenium-ie-driver\4.1.3\selenium-ie-driver-4.1.3.jar;C:\Users\TallyKhata\.m2\repository\org\seleniumhq\selenium\selenium-opera-driver\4.1.3\selenium-opera-driver-4.1.3.jar;C:\Users\TallyKhata\.m2\repository\org\seleniumhq\selenium\selenium-remote-driver\4.1.3\selenium-remote-driver-4.1.3.jar;C:\Users\TallyKhata\.m2\repository\io\netty\netty-buffer\4.1.75.Final\netty-buffer-4.1.75.Final.jar;C:\Users\TallyKhata\.m2\repository\io\netty\netty-codec-http\4.1.75.Final\netty-codec-http-4.1.75.Final.jar;C:\Users\TallyKhata\.m2\repository\io\netty\netty-codec\4.1.75.Final\netty-codec-4.1.75.Final.jar;C:\Users\TallyKhata\.m2\repository\io\netty\netty-handler\4.1.75.Final\netty-handler-4.1.75.Final.jar;C:\Users\TallyKhata\.m2\repository\io\netty\netty-common\4.1.75.Final\netty-common-4.1.75.Final.jar;C:\Users\TallyKhata\.m2\repository\io\netty\netty-transport-classes-epoll\4.1.75.Final\netty-transport-classes-epoll-4.1.75.Final.jar;C:\Users\TallyKhata\.m2\repository\io\netty\netty-transport-classes-kqueue\4.1.75.Final\netty-transport-classes-kqueue-4.1.75.Final.jar;C:\Users\TallyKhata\.m2\repository\io\netty\netty-transport-native-epoll\4.1.75.Final\netty-transport-native-epoll-4.1.75.Final.jar;C:\Users\TallyKhata\.m2\repository\io\netty\netty-transport-native-kqueue\4.1.75.Final\netty-transport-native-kqueue-4.1.75.Final.jar;C:\Users\TallyKhata\.m2\repository\io\netty\netty-transport-native-unix-common\4.1.75.Final\netty-transport-native-unix-common-4.1.75.Final.jar;C:\Users\TallyKhata\.m2\repository\io\netty\netty-transport\4.1.75.Final\netty-transport-4.1.75.Final.jar;C:\Users\TallyKhata\.m2\repository\io\netty\netty-resolver\4.1.75.Final\netty-resolver-4.1.75.Final.jar;C:\Users\TallyKhata\.m2\repository\io\opentelemetry\opentelemetry-api\1.12.0\opentelemetry-api-1.12.0.jar;C:\Users\TallyKhata\.m2\repository\io\opentelemetry\opentelemetry-context\1.12.0\opentelemetry-context-1.12.0.jar;C:\Users\TallyKhata\.m2\repository\io\opentelemetry\opentelemetry-exporter-logging\1.12.0\opentelemetry-exporter-logging-1.12.0.jar;C:\Users\TallyKhata\.m2\repository\io\opentelemetry\opentelemetry-sdk-metrics\1.12.0-alpha\opentelemetry-sdk-metrics-1.12.0-alpha.jar;C:\Users\TallyKhata\.m2\repository\io\opentelemetry\opentelemetry-sdk-logs\1.12.0-alpha\opentelemetry-sdk-logs-1.12.0-alpha.jar;C:\Users\TallyKhata\.m2\repository\io\opentelemetry\opentelemetry-sdk-common\1.12.0\opentelemetry-sdk-common-1.12.0.jar;C:\Users\TallyKhata\.m2\repository\io\opentelemetry\opentelemetry-sdk-extension-autoconfigure-spi\1.12.0\opentelemetry-sdk-extension-autoconfigure-spi-1.12.0.jar;C:\Users\TallyKhata\.m2\repository\io\opentelemetry\opentelemetry-sdk-extension-autoconfigure\1.12.0-alpha\opentelemetry-sdk-extension-autoconfigure-1.12.0-alpha.jar;C:\Users\TallyKhata\.m2\repository\io\opentelemetry\opentelemetry-sdk-trace\1.12.0\opentelemetry-sdk-trace-1.12.0.jar;C:\Users\TallyKhata\.m2\repository\io\opentelemetry\opentelemetry-sdk\1.12.0\opentelemetry-sdk-1.12.0.jar;C:\Users\TallyKhata\.m2\repository\io\opentelemetry\opentelemetry-semconv\1.12.0-alpha\opentelemetry-semconv-1.12.0-alpha.jar;C:\Users\TallyKhata\.m2\repository\io\ous\jtoml\2.0.0\jtoml-2.0.0.jar;C:\Users\TallyKhata\.m2\repository\net\bytebuddy\byte-buddy\1.12.8\byte-buddy-1.12.8.jar;C:\Users\TallyKhata\.m2\repository\org\apache\commons\commons-exec\1.3\commons-exec-1.3.jar;C:\Users\TallyKhata\.m2\repository\org\asynchttpclient\async-http-client\2.12.3\async-http-client-2.12.3.jar;C:\Users\TallyKhata\.m2\repository\org\asynchttpclient\async-http-client-netty-utils\2.12.3\async-http-client-netty-utils-2.12.3.jar;C:\Users\TallyKhata\.m2\repository\io\netty\netty-codec-socks\4.1.60.Final\netty-codec-socks-4.1.60.Final.jar;C:\Users\TallyKhata\.m2\repository\io\netty\netty-handler-proxy\4.1.60.Final\netty-handler-proxy-4.1.60.Final.jar;C:\Users\TallyKhata\.m2\repository\io\netty\netty-transport-native-epoll\4.1.60.Final\netty-transport-native-epoll-4.1.60.Final-linux-x86_64.jar;C:\Users\TallyKhata\.m2\repository\io\netty\netty-transport-native-kqueue\4.1.60.Final\netty-transport-native-kqueue-4.1.60.Final-osx-x86_64.jar;C:\Users\TallyKhata\.m2\repository\com\typesafe\netty\netty-reactive-streams\2.0.4\netty-reactive-streams-2.0.4.jar;C:\Users\TallyKhata\.m2\repository\com\sun\activation\jakarta.activation\1.2.2\jakarta.activation-1.2.2.jar;C:\Users\TallyKhata\.m2\repository\org\seleniumhq\selenium\selenium-http\4.1.3\selenium-http-4.1.3.jar;C:\Users\TallyKhata\.m2\repository\dev\failsafe\failsafe\3.2.3\failsafe-3.2.3.jar;C:\Users\TallyKhata\.m2\repository\org\seleniumhq\selenium\selenium-safari-driver\4.1.3\selenium-safari-driver-4.1.3.jar;C:\Users\TallyKhata\.m2\repository\org\seleniumhq\selenium\selenium-support\4.1.3\selenium-support-4.1.3.jar;C:\Users\TallyKhata\.m2\repository\org\testng\testng\7.4.0\testng-7.4.0.jar;C:\Users\TallyKhata\.m2\repository\com\beust\jcommander\1.78\jcommander-1.78.jar;C:\Users\TallyKhata\.m2\repository\org\webjars\jquery\3.5.1\jquery-3.5.1.jar;C:\Users\TallyKhata\.m2\repository\io\qameta\allure\allure-cucumber7-jvm\2.17.2\allure-cucumber7-jvm-2.17.2.jar;C:\Users\TallyKhata\.m2\repository\io\qameta\allure\allure-java-commons\2.17.2\allure-java-commons-2.17.2.jar;C:\Users\TallyKhata\.m2\repository\io\qameta\allure\allure-model\2.17.2\allure-model-2.17.2.jar;C:\Users\TallyKhata\.m2\repository\io\cucumber\gherkin\22.0.0\gherkin-22.0.0.jar;C:\Users\TallyKhata\.m2\repository\commons-io\commons-io\2.11.0\commons-io-2.11.0.jar;C:\Users\TallyKhata\.m2\repository\com\aventstack\extentreports\5.0.9\extentreports-5.0.9.jar;C:\Users\TallyKhata\.m2\repository\io\reactivex\rxjava3\rxjava\3.0.4\rxjava-3.0.4.jar;C:\Users\TallyKhata\.m2\repository\org\reactivestreams\reactive-streams\1.0.3\reactive-streams-1.0.3.jar;C:\Users\TallyKhata\.m2\repository\org\freemarker\freemarker\2.3.30\freemarker-2.3.30.jar;C:\Users\TallyKhata\.m2\repository\com\google\code\gson\gson\2.8.6\gson-2.8.6.jar;C:\Users\TallyKhata\.m2\repository\tech\grasshopper\extentreports-cucumber7-adapter\1.3.0\extentreports-cucumber7-adapter-1.3.0.jar;C:\Users\TallyKhata\.m2\repository\tech\grasshopper\extent-pdf-report\2.1.0\extent-pdf-report-2.1.0.jar;C:\Users\TallyKhata\.m2\repository\tech\grasshopper\cucumber-pdf-report\2.5.0\cucumber-pdf-report-2.5.0.jar;C:\Users\TallyKhata\.m2\repository\org\apache\pdfbox\pdfbox\2.0.25\pdfbox-2.0.25.jar;C:\Users\TallyKhata\.m2\repository\org\apache\pdfbox\fontbox\2.0.25\fontbox-2.0.25.jar;C:\Users\TallyKhata\.m2\repository\org\knowm\xchart\xchart\3.8.0\xchart-3.8.0.jar;C:\Users\TallyKhata\.m2\repository\de\erichseifert\vectorgraphics2d\VectorGraphics2D\0.13\VectorGraphics2D-0.13.jar;C:\Users\TallyKhata\.m2\repository\de\rototor\pdfbox\graphics2d\0.30\graphics2d-0.30.jar;C:\Users\TallyKhata\.m2\repository\com\madgag\animated-gif-lib\1.4\animated-gif-lib-1.4.jar;C:\Users\TallyKhata\.m2\repository\org\yaml\snakeyaml\1.28\snakeyaml-1.28.jar;C:\Users\TallyKhata\.m2\repository\tech\grasshopper\table-layout\1.4.0\table-layout-1.4.0.jar;C:\Users\TallyKhata\.m2\repository\tech\grasshopper\rest-assured-cucumber-pdf-report\1.1.0\rest-assured-cucumber-pdf-report-1.1.0.jar;C:\Users\TallyKhata\.m2\repository\org\jsoup\jsoup\1.13.1\jsoup-1.13.1.jar;C:\Users\TallyKhata\.m2\repository\com\aventstack\klov-reporter\5.0.9\klov-reporter-5.0.9.jar;C:\Users\TallyKhata\.m2\repository\org\mongodb\mongodb-driver\3.6.4\mongodb-driver-3.6.4.jar;C:\Users\TallyKhata\.m2\repository\org\mongodb\mongodb-driver-core\3.6.4\mongodb-driver-core-3.6.4.jar;C:\Users\TallyKhata\.m2\repository\org\mongodb\bson\3.6.4\bson-3.6.4.jar;C:\Users\TallyKhata\.m2\repository\org\apache\httpcomponents\httpclient\4.5.13\httpclient-4.5.13.jar;C:\Users\TallyKhata\.m2\repository\org\apache\httpcomponents\httpcore\4.4.13\httpcore-4.4.13.jar;C:\Users\TallyKhata\.m2\repository\commons-logging\commons-logging\1.2\commons-logging-1.2.jar;C:\Users\TallyKhata\.m2\repository\commons-codec\commons-codec\1.11\commons-codec-1.11.jar;C:\Users\TallyKhata\.m2\repository\org\apache\httpcomponents\httpmime\4.5.13\httpmime-4.5.13.jar;C:\Users\TallyKhata\.m2\repository\tech\grasshopper\htmlextentreporter\1.0.0\htmlextentreporter-1.0.0.jar;C:\Users\TallyKhata\.m2\repository\org\hamcrest\hamcrest\2.2\hamcrest-2.2.jar;C:\Users\TallyKhata\.m2\repository\ch\qos\logback\logback-classic\1.5.6\logback-classic-1.5.6.jar;C:\Users\TallyKhata\.m2\repository\ch\qos\logback\logback-core\1.5.6\logback-core-1.5.6.jar;C:\Users\TallyKhata\.m2\repository\org\slf4j\slf4j-api\2.0.13\slf4j-api-2.0.13.jar;C:\Users\TallyKhata\.m2\repository\org\projectlombok\lombok\1.18.22\lombok-1.18.22.jar;C:\Users\TallyKhata\.m2\repository\junit\junit\4.13.2\junit-4.13.2.jar;C:\Users\TallyKhata\.m2\repository\org\hamcrest\hamcrest-core\1.3\hamcrest-core-1.3.jar;"/>
    <property name="sun.cpu.endian" value="little"/>
    <property name="allure.results.directory" value="allure-results"/>
    <property name="user.home" value="C:\Users\TallyKhata"/>
    <property name="user.language" value="en"/>
    <property name="java.specification.vendor" value="Oracle Corporation"/>
    <property name="java.version.date" value="2024-01-16"/>
    <property name="java.home" value="C:\Program Files\Java\jdk-11"/>
    <property name="file.separator" value="\"/>
    <property name="allure.link.tms.pattern" value="https://example.org/browse/{}"/>
    <property name="basedir" value="C:\Users\TallyKhata\Desktop\3web\Selenium-Grid-Multi-Web"/>
    <property name="java.vm.compressedOopsMode" value="Zero based"/>
    <property name="line.separator" value="&#10;"/>
    <property name="java.specification.name" value="Java Platform API Specification"/>
    <property name="java.vm.specification.vendor" value="Oracle Corporation"/>
    <property name="java.awt.graphicsenv" value="sun.awt.Win32GraphicsEnvironment"/>
    <property name="surefire.real.class.path" value="C:\Users\TallyKhata\AppData\Local\Temp\surefire9640450896341435108\surefirebooter9747358020187509796.jar"/>
    <property name="user.script" value=""/>
    <property name="sun.management.compiler" value="HotSpot 64-Bit Tiered Compilers"/>
    <property name="java.runtime.version" value="11.0.22+9-LTS-219"/>
    <property name="user.name" value="TallyKhata"/>
    <property name="path.separator" value=";"/>
    <property name="otel.metrics.exporter" value="none"/>
    <property name="os.version" value="10.0"/>
    <property name="java.runtime.name" value="Java(TM) SE Runtime Environment"/>
    <property name="otel.traces.exporter" value="none"/>
    <property name="file.encoding" value="Cp1252"/>
    <property name="java.vm.name" value="Java HotSpot(TM) 64-Bit Server VM"/>
    <property name="java.vendor.version" value="18.9"/>
    <property name="localRepository" value="C:\Users\TallyKhata\.m2\repository"/>
    <property name="cucumber.options" value="--plugin io.qameta.allure.cucumber7jvm.AllureCucumber7Jvm"/>
    <property name="java.vendor.url.bug" value="https://bugreport.java.com/bugreport/"/>
    <property name="java.io.tmpdir" value="C:\Users\TALLYK~1\AppData\Local\Temp\"/>
    <property name="java.version" value="11.0.22"/>
    <property name="user.dir" value="C:\Users\TallyKhata\Desktop\3web\Selenium-Grid-Multi-Web"/>
    <property name="os.arch" value="amd64"/>
    <property name="webdriver.gecko.driver" value="src/test/resources/geckodriver.exe"/>
    <property name="java.vm.specification.name" value="Java Virtual Machine Specification"/>
    <property name="java.awt.printerjob" value="sun.awt.windows.WPrinterJob"/>
    <property name="sun.os.patch.level" value=""/>
    <property name="java.library.path" value="C:\Program Files\Java\jdk-11\bin;C:\WINDOWS\Sun\Java\bin;C:\WINDOWS\system32;C:\WINDOWS;C:\Users\Hishabee\AppData\Local\Programs\Python\Python312\Scripts\;C:\Program Files\Python39\Scripts\;C:\Program Files\Python39\;C:\Program Files\Common Files\Oracle\Java\javapath;C:\Program Files (x86)\Common Files\Oracle\Java\java8path;C:\Program Files (x86)\Common Files\Oracle\Java\javapath;F:\VMware\bin\;C:\WINDOWS\system32;C:\WINDOWS;C:\WINDOWS\System32\Wbem;C:\WINDOWS\System32\WindowsPowerShell\v1.0\;C:\WINDOWS\System32\OpenSSH\;C:\apache-maven-3.8.4\bin;C:\allure-2.17.1\bin;C:\Users\QUPS\Desktop\Atique Jmeter Testing\apache-jmeter-5.4.1\apache-jmeter-5.4.1\bin;C:\ProgramData\chocolatey\bin;C:\Program Files\dotnet\;C:\Program Files\Microsoft SQL Server\Client SDK\ODBC\170\Tools\Binn\;C:\Program Files (x86)\Microsoft SQL Server\150\Tools\Binn\;C:\Program Files\Microsoft SQL Server\150\Tools\Binn\;C:\Program Files\Microsoft SQL Server\150\DTS\Binn\;C:\Program Files (x86)\Microsoft SQL Server\150\DTS\Binn\;C:\Android\platform-tools;C:\Users\CRS\AppData\Roaming\nvm;C:\Program Files\nodejs;C:\Program Files\JetBrains\PyCharm Community Edition 2022.3\bin;C:\Users\QUPS\AppData\Local\Python\Scripts;C:\Users\QUPS\AppData\Local\Programs\Python\Python39\Scripts;C:\Program Files\k6\;C:\Users\QUPS\AppData\Local\Python\Scripts\pip.exe;C:\WINDOWS\system32;C:\WINDOWS;C:\WINDOWS\System32\Wbem;C:\WINDOWS\System32\WindowsPowerShell\v1.0\;C:\WINDOWS\System32\OpenSSH\;C:\allure-2.24.1\bin;C:\Android\platform-tools;C:\Program Files (x86)\Java\jre-1.8\binC:\Program Files\Java\jdk-11\bin;C:\Program Files\Git\cmd;C:\apache-maven-3.8.4\bin;C:\Program Files\Java\jdk-11\bin;C:\Program Files\nodejs\;C:\Program Files\Docker\Docker\resources\bin;C:\apache-maven-3.9.9-bin\apache-maven-3.9.9\bin;C:\Users\TallyKhata\scoop\shims;C:\Users\TallyKhata\AppData\Local\Programs\Python\Python311\Scripts\;C:\Users\TallyKhata\AppData\Local\Programs\Python\Python311\;C:\Users\TallyKhata\AppData\Local\Microsoft\WindowsApps;C:\Program Files\Java\jdk-18.0.2.1\bin;C:\Android\platform-tools;C:\Users\TallyKhata\AppData\Local\Microsoft\WindowsApps;C:\Users\TallyKhata\AppData\Local\GitHubDesktop\bin;C:\Users\TallyKhata\AppData\Local\Microsoft\WinGet\Packages\Schniz.fnm_Microsoft.Winget.Source_8wekyb3d8bbwe;C:\Users\TallyKhata\AppData\Local\Programs\Microsoft VS Code\bin;C:\Users\TallyKhata\AppData\Roaming\npm;."/>
    <property name="java.vendor" value="Oracle Corporation"/>
    <property name="java.vm.info" value="mixed mode"/>
    <property name="java.vm.version" value="11.0.22+9-LTS-219"/>
    <property name="java.specification.maintenance.version" value="2"/>
    <property name="sun.io.unicode.encoding" value="UnicodeLittle"/>
    <property name="java.class.version" value="55.0"/>
  </properties>
  <testcase name="runScenario[&quot;Product Display&quot;, &quot;Optional[Verify Product Display properly]&quot;](1)" classname="TestRunner.TestRunner" time="149.646">
    <system-out><![CDATA[10:27:35.378 [TestNG-tests-1] DEBUG io.netty.util.internal.logging.InternalLoggerFactory -- Using SLF4J as the default logging framework
10:27:35.382 [TestNG-tests-1] DEBUG io.netty.util.ResourceLeakDetector -- -Dio.netty.leakDetection.level: simple
10:27:35.382 [TestNG-tests-1] DEBUG io.netty.util.ResourceLeakDetector -- -Dio.netty.leakDetection.targetRecords: 4
10:27:35.385 [TestNG-tests-1] DEBUG io.netty.util.ResourceLeakDetectorFactory -- Loaded default ResourceLeakDetector: io.netty.util.ResourceLeakDetector@737b22a7
10:27:35.397 [TestNG-tests-1] DEBUG io.netty.util.internal.PlatformDependent0 -- -Dio.netty.noUnsafe: false
10:27:35.397 [TestNG-tests-1] DEBUG io.netty.util.internal.PlatformDependent0 -- Java version: 11
10:27:35.399 [TestNG-tests-1] DEBUG io.netty.util.internal.PlatformDependent0 -- sun.misc.Unsafe.theUnsafe: available
10:27:35.399 [TestNG-tests-1] DEBUG io.netty.util.internal.PlatformDependent0 -- sun.misc.Unsafe.copyMemory: available
10:27:35.399 [TestNG-tests-1] DEBUG io.netty.util.internal.PlatformDependent0 -- java.nio.Buffer.address: available
10:27:35.400 [TestNG-tests-1] DEBUG io.netty.util.internal.PlatformDependent0 -- direct buffer constructor: unavailable: Reflective setAccessible(true) disabled
10:27:35.400 [TestNG-tests-1] DEBUG io.netty.util.internal.PlatformDependent0 -- java.nio.Bits.unaligned: available, true
10:27:35.401 [TestNG-tests-1] DEBUG io.netty.util.internal.PlatformDependent0 -- jdk.internal.misc.Unsafe.allocateUninitializedArray(int): unavailable: class io.netty.util.internal.PlatformDependent0$6 cannot access class jdk.internal.misc.Unsafe (in module java.base) because module java.base does not export jdk.internal.misc to unnamed module @3dfc5fb8
10:27:35.401 [TestNG-tests-1] DEBUG io.netty.util.internal.PlatformDependent0 -- java.nio.DirectByteBuffer.<init>(long, int): unavailable
10:27:35.401 [TestNG-tests-1] DEBUG io.netty.util.internal.PlatformDependent -- sun.misc.Unsafe: available
10:27:35.403 [TestNG-tests-1] DEBUG io.netty.util.internal.PlatformDependent -- maxDirectMemory: 17146314752 bytes (maybe)
10:27:35.403 [TestNG-tests-1] DEBUG io.netty.util.internal.PlatformDependent -- -Dio.netty.tmpdir: C:\Users\TALLYK~1\AppData\Local\Temp (java.io.tmpdir)
10:27:35.403 [TestNG-tests-1] DEBUG io.netty.util.internal.PlatformDependent -- -Dio.netty.bitMode: 64 (sun.arch.data.model)
10:27:35.403 [TestNG-tests-1] DEBUG io.netty.util.internal.PlatformDependent -- Platform: Windows
10:27:35.404 [TestNG-tests-1] DEBUG io.netty.util.internal.PlatformDependent -- -Dio.netty.maxDirectMemory: -1 bytes
10:27:35.404 [TestNG-tests-1] DEBUG io.netty.util.internal.PlatformDependent -- -Dio.netty.uninitializedArrayAllocationThreshold: -1
10:27:35.404 [TestNG-tests-1] DEBUG io.netty.util.internal.CleanerJava9 -- java.nio.ByteBuffer.cleaner(): available
10:27:35.404 [TestNG-tests-1] DEBUG io.netty.util.internal.PlatformDependent -- -Dio.netty.noPreferDirect: false
10:27:35.409 [TestNG-tests-1] DEBUG io.netty.util.internal.PlatformDependent -- org.jctools-core.MpscChunkedArrayQueue: available
10:27:35.421 [TestNG-tests-1] DEBUG io.netty.util.internal.InternalThreadLocalMap -- -Dio.netty.threadLocalMap.stringBuilder.initialSize: 1024
10:27:35.421 [TestNG-tests-1] DEBUG io.netty.util.internal.InternalThreadLocalMap -- -Dio.netty.threadLocalMap.stringBuilder.maxSize: 4096
10:27:35.503 [TestNG-tests-1] DEBUG io.netty.handler.ssl.JdkSslContext -- Default protocols (JDK): [TLSv1.3, TLSv1.2] 
10:27:35.503 [TestNG-tests-1] DEBUG io.netty.handler.ssl.JdkSslContext -- Default cipher suites (JDK): [TLS_ECDHE_ECDSA_WITH_AES_256_GCM_SHA384, TLS_ECDHE_ECDSA_WITH_AES_128_GCM_SHA256, TLS_ECDHE_RSA_WITH_AES_128_GCM_SHA256, TLS_ECDHE_RSA_WITH_AES_256_GCM_SHA384, TLS_ECDHE_RSA_WITH_AES_128_CBC_SHA, TLS_ECDHE_RSA_WITH_AES_256_CBC_SHA, TLS_RSA_WITH_AES_128_GCM_SHA256, TLS_RSA_WITH_AES_128_CBC_SHA, TLS_RSA_WITH_AES_256_CBC_SHA, TLS_AES_128_GCM_SHA256, TLS_AES_256_GCM_SHA384]
10:27:35.524 [TestNG-tests-1] DEBUG io.netty.channel.MultithreadEventLoopGroup -- -Dio.netty.eventLoopThreads: 32
10:27:35.529 [TestNG-tests-1] DEBUG io.netty.channel.nio.NioEventLoop -- -Dio.netty.noKeySetOptimization: false
10:27:35.529 [TestNG-tests-1] DEBUG io.netty.channel.nio.NioEventLoop -- -Dio.netty.selectorAutoRebuildThreshold: 512
10:27:35.562 [TestNG-tests-1] DEBUG io.netty.buffer.PooledByteBufAllocator -- -Dio.netty.allocator.numHeapArenas: 32
10:27:35.562 [TestNG-tests-1] DEBUG io.netty.buffer.PooledByteBufAllocator -- -Dio.netty.allocator.numDirectArenas: 32
10:27:35.562 [TestNG-tests-1] DEBUG io.netty.buffer.PooledByteBufAllocator -- -Dio.netty.allocator.pageSize: 8192
10:27:35.562 [TestNG-tests-1] DEBUG io.netty.buffer.PooledByteBufAllocator -- -Dio.netty.allocator.maxOrder: 9
10:27:35.562 [TestNG-tests-1] DEBUG io.netty.buffer.PooledByteBufAllocator -- -Dio.netty.allocator.chunkSize: 4194304
10:27:35.563 [TestNG-tests-1] DEBUG io.netty.buffer.PooledByteBufAllocator -- -Dio.netty.allocator.smallCacheSize: 256
10:27:35.563 [TestNG-tests-1] DEBUG io.netty.buffer.PooledByteBufAllocator -- -Dio.netty.allocator.normalCacheSize: 64
10:27:35.563 [TestNG-tests-1] DEBUG io.netty.buffer.PooledByteBufAllocator -- -Dio.netty.allocator.maxCachedBufferCapacity: 32768
10:27:35.563 [TestNG-tests-1] DEBUG io.netty.buffer.PooledByteBufAllocator -- -Dio.netty.allocator.cacheTrimInterval: 8192
10:27:35.563 [TestNG-tests-1] DEBUG io.netty.buffer.PooledByteBufAllocator -- -Dio.netty.allocator.cacheTrimIntervalMillis: 0
10:27:35.563 [TestNG-tests-1] DEBUG io.netty.buffer.PooledByteBufAllocator -- -Dio.netty.allocator.useCacheForAllThreads: false
10:27:35.563 [TestNG-tests-1] DEBUG io.netty.buffer.PooledByteBufAllocator -- -Dio.netty.allocator.maxCachedByteBuffersPerChunk: 1023
10:27:35.570 [TestNG-tests-1] DEBUG io.netty.buffer.ByteBufUtil -- -Dio.netty.allocator.type: pooled
10:27:35.570 [TestNG-tests-1] DEBUG io.netty.buffer.ByteBufUtil -- -Dio.netty.threadLocalDirectBufferSize: 0
10:27:35.570 [TestNG-tests-1] DEBUG io.netty.buffer.ByteBufUtil -- -Dio.netty.maxThreadLocalCharBufferSize: 16384
10:27:35.734 [Forwarding newSession on session null to remote] DEBUG io.netty.channel.DefaultChannelId -- -Dio.netty.processId: 6992 (auto-detected)
10:27:35.735 [Forwarding newSession on session null to remote] DEBUG io.netty.util.NetUtil -- -Djava.net.preferIPv4Stack: false
10:27:35.735 [Forwarding newSession on session null to remote] DEBUG io.netty.util.NetUtil -- -Djava.net.preferIPv6Addresses: false
10:27:35.803 [Forwarding newSession on session null to remote] DEBUG io.netty.util.NetUtilInitializations -- Loopback interface: lo (Software Loopback Interface 1, 127.0.0.1)
10:27:35.804 [Forwarding newSession on session null to remote] DEBUG io.netty.util.NetUtil -- Failed to get SOMAXCONN from sysctl and file \proc\sys\net\core\somaxconn. Default: 200
10:27:35.877 [Forwarding newSession on session null to remote] DEBUG io.netty.channel.DefaultChannelId -- -Dio.netty.machineId: d8:5e:d3:ff:fe:2a:e4:93 (auto-detected)
10:27:35.911 [AsyncHttpClient-1-2] DEBUG io.netty.buffer.AbstractByteBuf -- -Dio.netty.buffer.checkAccessible: true
10:27:35.911 [AsyncHttpClient-1-2] DEBUG io.netty.buffer.AbstractByteBuf -- -Dio.netty.buffer.checkBounds: true
10:27:35.911 [AsyncHttpClient-1-2] DEBUG io.netty.util.ResourceLeakDetectorFactory -- Loaded default ResourceLeakDetector: io.netty.util.ResourceLeakDetector@3828886a
10:27:35.919 [AsyncHttpClient-1-2] DEBUG org.asynchttpclient.netty.channel.NettyConnectListener -- Using new Channel '[id: 0x981c4e6c, L:/127.0.0.1:6581 - R:localhost/127.0.0.1:4444]' for 'POST' to '/wd/hub/session'
10:27:35.930 [AsyncHttpClient-1-2] DEBUG io.netty.util.Recycler -- -Dio.netty.recycler.maxCapacityPerThread: 4096
10:27:35.931 [AsyncHttpClient-1-2] DEBUG io.netty.util.Recycler -- -Dio.netty.recycler.ratio: 8
10:27:35.931 [AsyncHttpClient-1-2] DEBUG io.netty.util.Recycler -- -Dio.netty.recycler.chunkSize: 32
10:27:35.931 [AsyncHttpClient-1-2] DEBUG io.netty.util.Recycler -- -Dio.netty.recycler.blocking: false
10:27:36.697 [AsyncHttpClient-1-2] DEBUG io.netty.handler.codec.compression.Brotli -- brotli4j not in the classpath; Brotli support will be unavailable.
10:27:36.698 [AsyncHttpClient-1-2] DEBUG org.asynchttpclient.netty.handler.HttpHandler -- 

Request DefaultHttpRequest(decodeResult: success, version: HTTP/1.1)
POST /wd/hub/session HTTP/1.1
User-Agent: selenium/4.1.3 (java windows)
traceparent: 00-3f45aea414edd142d9372f03fb89e336-6e3563f3871528e5-01
Content-Length: 341
Content-Type: application/json; charset=utf-8
host: localhost:4444
accept: */*

Response DefaultHttpResponse(decodeResult: success, version: HTTP/1.1)
HTTP/1.1 200 OK
Cache-Control: no-cache
Content-Type: application/json; charset=utf-8
content-length: 1348

10:27:36.703 [AsyncHttpClient-1-2] DEBUG org.asynchttpclient.netty.channel.ChannelManager -- Adding key: http://localhost:4444 for channel [id: 0x981c4e6c, L:/127.0.0.1:6581 - R:localhost/127.0.0.1:4444]
10:27:36.757 [Forwarding setTimeout on session 4023dcc3bc83a500e0f9ab4bc534ea6a to remote] DEBUG org.asynchttpclient.netty.request.NettyRequestSender -- Using pooled Channel '[id: 0x981c4e6c, L:/127.0.0.1:6581 - R:localhost/127.0.0.1:4444]' for 'POST' to 'http://localhost:4444/wd/hub/session/4023dcc3bc83a500e0f9ab4bc534ea6a/timeouts'
10:27:36.758 [Forwarding setTimeout on session 4023dcc3bc83a500e0f9ab4bc534ea6a to remote] DEBUG org.asynchttpclient.netty.request.NettyRequestSender -- Using open Channel [id: 0x981c4e6c, L:/127.0.0.1:6581 - R:localhost/127.0.0.1:4444] for POST '/wd/hub/session/4023dcc3bc83a500e0f9ab4bc534ea6a/timeouts'
10:27:36.767 [AsyncHttpClient-1-2] DEBUG org.asynchttpclient.netty.handler.HttpHandler -- 

Request DefaultHttpRequest(decodeResult: success, version: HTTP/1.1)
POST /wd/hub/session/4023dcc3bc83a500e0f9ab4bc534ea6a/timeouts HTTP/1.1
User-Agent: selenium/4.1.3 (java windows)
traceparent: 00-d6d5ba4aee60540ec6b879877209af5e-54bce181329b6405-01
Content-Length: 22
Content-Type: application/json; charset=utf-8
host: localhost:4444
accept: */*

Response DefaultHttpResponse(decodeResult: success, version: HTTP/1.1)
HTTP/1.1 200 OK
content-type: application/json; charset=utf-8
cache-control: no-cache
content-length: 14

10:27:36.767 [AsyncHttpClient-1-2] DEBUG org.asynchttpclient.netty.channel.ChannelManager -- Adding key: http://localhost:4444 for channel [id: 0x981c4e6c, L:/127.0.0.1:6581 - R:localhost/127.0.0.1:4444]
10:27:36.769 [Forwarding maximizeCurrentWindow on session 4023dcc3bc83a500e0f9ab4bc534ea6a to remote] DEBUG org.asynchttpclient.netty.request.NettyRequestSender -- Using pooled Channel '[id: 0x981c4e6c, L:/127.0.0.1:6581 - R:localhost/127.0.0.1:4444]' for 'POST' to 'http://localhost:4444/wd/hub/session/4023dcc3bc83a500e0f9ab4bc534ea6a/window/maximize'
10:27:36.769 [Forwarding maximizeCurrentWindow on session 4023dcc3bc83a500e0f9ab4bc534ea6a to remote] DEBUG org.asynchttpclient.netty.request.NettyRequestSender -- Using open Channel [id: 0x981c4e6c, L:/127.0.0.1:6581 - R:localhost/127.0.0.1:4444] for POST '/wd/hub/session/4023dcc3bc83a500e0f9ab4bc534ea6a/window/maximize'
10:27:36.808 [AsyncHttpClient-1-2] DEBUG org.asynchttpclient.netty.handler.HttpHandler -- 

Request DefaultHttpRequest(decodeResult: success, version: HTTP/1.1)
POST /wd/hub/session/4023dcc3bc83a500e0f9ab4bc534ea6a/window/maximize HTTP/1.1
User-Agent: selenium/4.1.3 (java windows)
traceparent: 00-ae62910aa37a3d86b84f8e563f0be65b-db19be94cd659ad8-01
Content-Length: 3
Content-Type: application/json; charset=utf-8
host: localhost:4444
accept: */*

Response DefaultHttpResponse(decodeResult: success, version: HTTP/1.1)
HTTP/1.1 200 OK
content-type: application/json; charset=utf-8
cache-control: no-cache
content-length: 52

10:27:36.808 [AsyncHttpClient-1-2] DEBUG org.asynchttpclient.netty.channel.ChannelManager -- Adding key: http://localhost:4444 for channel [id: 0x981c4e6c, L:/127.0.0.1:6581 - R:localhost/127.0.0.1:4444]
10:27:36.810 [Forwarding get on session 4023dcc3bc83a500e0f9ab4bc534ea6a to remote] DEBUG org.asynchttpclient.netty.request.NettyRequestSender -- Using pooled Channel '[id: 0x981c4e6c, L:/127.0.0.1:6581 - R:localhost/127.0.0.1:4444]' for 'POST' to 'http://localhost:4444/wd/hub/session/4023dcc3bc83a500e0f9ab4bc534ea6a/url'
10:27:36.810 [Forwarding get on session 4023dcc3bc83a500e0f9ab4bc534ea6a to remote] DEBUG org.asynchttpclient.netty.request.NettyRequestSender -- Using open Channel [id: 0x981c4e6c, L:/127.0.0.1:6581 - R:localhost/127.0.0.1:4444] for POST '/wd/hub/session/4023dcc3bc83a500e0f9ab4bc534ea6a/url'
10:27:58.764 [AsyncHttpClient-1-2] DEBUG org.asynchttpclient.netty.handler.HttpHandler -- 

Request DefaultHttpRequest(decodeResult: success, version: HTTP/1.1)
POST /wd/hub/session/4023dcc3bc83a500e0f9ab4bc534ea6a/url HTTP/1.1
User-Agent: selenium/4.1.3 (java windows)
traceparent: 00-2f3d05ea89bf6e4056269f1a43dda806-87bac8680daf124e-01
Content-Length: 57
Content-Type: application/json; charset=utf-8
host: localhost:4444
accept: */*

Response DefaultHttpResponse(decodeResult: success, version: HTTP/1.1)
HTTP/1.1 200 OK
content-type: application/json; charset=utf-8
cache-control: no-cache
content-length: 14

10:27:58.765 [AsyncHttpClient-1-2] DEBUG org.asynchttpclient.netty.channel.ChannelManager -- Adding key: http://localhost:4444 for channel [id: 0x981c4e6c, L:/127.0.0.1:6581 - R:localhost/127.0.0.1:4444]
10:27:58.768 [Forwarding getCurrentUrl on session 4023dcc3bc83a500e0f9ab4bc534ea6a to remote] DEBUG org.asynchttpclient.netty.request.NettyRequestSender -- Using pooled Channel '[id: 0x981c4e6c, L:/127.0.0.1:6581 - R:localhost/127.0.0.1:4444]' for 'GET' to 'http://localhost:4444/wd/hub/session/4023dcc3bc83a500e0f9ab4bc534ea6a/url'
10:27:58.768 [Forwarding getCurrentUrl on session 4023dcc3bc83a500e0f9ab4bc534ea6a to remote] DEBUG org.asynchttpclient.netty.request.NettyRequestSender -- Using open Channel [id: 0x981c4e6c, L:/127.0.0.1:6581 - R:localhost/127.0.0.1:4444] for GET '/wd/hub/session/4023dcc3bc83a500e0f9ab4bc534ea6a/url'
10:27:58.777 [AsyncHttpClient-1-2] DEBUG org.asynchttpclient.netty.handler.HttpHandler -- 

Request DefaultFullHttpRequest(decodeResult: success, version: HTTP/1.1, content: EmptyByteBufBE)
GET /wd/hub/session/4023dcc3bc83a500e0f9ab4bc534ea6a/url HTTP/1.1
User-Agent: selenium/4.1.3 (java windows)
Cache-Control: no-cache
traceparent: 00-0aa52762a929da10f79bbbb040868335-739a472b57f00e1f-01
Content-Type: application/json; charset=utf-8
host: localhost:4444
accept: */*

Response DefaultHttpResponse(decodeResult: success, version: HTTP/1.1)
HTTP/1.1 200 OK
content-type: application/json; charset=utf-8
cache-control: no-cache
content-length: 34

10:27:58.777 [AsyncHttpClient-1-2] DEBUG org.asynchttpclient.netty.channel.ChannelManager -- Adding key: http://localhost:4444 for channel [id: 0x981c4e6c, L:/127.0.0.1:6581 - R:localhost/127.0.0.1:4444]
10:27:58.779 [Forwarding findElement on session 4023dcc3bc83a500e0f9ab4bc534ea6a to remote] DEBUG org.asynchttpclient.netty.request.NettyRequestSender -- Using pooled Channel '[id: 0x981c4e6c, L:/127.0.0.1:6581 - R:localhost/127.0.0.1:4444]' for 'POST' to 'http://localhost:4444/wd/hub/session/4023dcc3bc83a500e0f9ab4bc534ea6a/element'
10:27:58.779 [Forwarding findElement on session 4023dcc3bc83a500e0f9ab4bc534ea6a to remote] DEBUG org.asynchttpclient.netty.request.NettyRequestSender -- Using open Channel [id: 0x981c4e6c, L:/127.0.0.1:6581 - R:localhost/127.0.0.1:4444] for POST '/wd/hub/session/4023dcc3bc83a500e0f9ab4bc534ea6a/element'
10:27:58.792 [AsyncHttpClient-1-2] DEBUG org.asynchttpclient.netty.handler.HttpHandler -- 

Request DefaultHttpRequest(decodeResult: success, version: HTTP/1.1)
POST /wd/hub/session/4023dcc3bc83a500e0f9ab4bc534ea6a/element HTTP/1.1
User-Agent: selenium/4.1.3 (java windows)
traceparent: 00-59945cc3050371bab26231ed3000c42f-c3216b32495775a0-01
Content-Length: 79
Content-Type: application/json; charset=utf-8
host: localhost:4444
accept: */*

Response DefaultHttpResponse(decodeResult: success, version: HTTP/1.1)
HTTP/1.1 200 OK
content-type: application/json; charset=utf-8
cache-control: no-cache
content-length: 126

10:27:58.792 [AsyncHttpClient-1-2] DEBUG org.asynchttpclient.netty.channel.ChannelManager -- Adding key: http://localhost:4444 for channel [id: 0x981c4e6c, L:/127.0.0.1:6581 - R:localhost/127.0.0.1:4444]
10:27:58.800 [Forwarding isElementDisplayed on session 4023dcc3bc83a500e0f9ab4bc534ea6a to remote] DEBUG org.asynchttpclient.netty.request.NettyRequestSender -- Using pooled Channel '[id: 0x981c4e6c, L:/127.0.0.1:6581 - R:localhost/127.0.0.1:4444]' for 'POST' to 'http://localhost:4444/wd/hub/session/4023dcc3bc83a500e0f9ab4bc534ea6a/execute/sync'
10:27:58.800 [Forwarding isElementDisplayed on session 4023dcc3bc83a500e0f9ab4bc534ea6a to remote] DEBUG org.asynchttpclient.netty.request.NettyRequestSender -- Using open Channel [id: 0x981c4e6c, L:/127.0.0.1:6581 - R:localhost/127.0.0.1:4444] for POST '/wd/hub/session/4023dcc3bc83a500e0f9ab4bc534ea6a/execute/sync'
10:27:58.818 [AsyncHttpClient-1-2] DEBUG org.asynchttpclient.netty.handler.HttpHandler -- 

Request DefaultHttpRequest(decodeResult: success, version: HTTP/1.1)
POST /wd/hub/session/4023dcc3bc83a500e0f9ab4bc534ea6a/execute/sync HTTP/1.1
User-Agent: selenium/4.1.3 (java windows)
traceparent: 00-fd60ae24d37ace608deccfd6c515aeac-6c8078dbc4ef963c-01
Content-Length: 48818
Content-Type: application/json; charset=utf-8
host: localhost:4444
accept: */*

Response DefaultHttpResponse(decodeResult: success, version: HTTP/1.1)
HTTP/1.1 200 OK
content-type: application/json; charset=utf-8
cache-control: no-cache
content-length: 14

10:27:58.818 [AsyncHttpClient-1-2] DEBUG org.asynchttpclient.netty.channel.ChannelManager -- Adding key: http://localhost:4444 for channel [id: 0x981c4e6c, L:/127.0.0.1:6581 - R:localhost/127.0.0.1:4444]
10:27:59.613 [AsyncHttpClient-1-1] DEBUG org.asynchttpclient.netty.channel.DefaultChannelPool -- Entry count for : http://localhost:4444 : 1
10:27:59.838 [Forwarding findElement on session 4023dcc3bc83a500e0f9ab4bc534ea6a to remote] DEBUG org.asynchttpclient.netty.request.NettyRequestSender -- Using pooled Channel '[id: 0x981c4e6c, L:/127.0.0.1:6581 - R:localhost/127.0.0.1:4444]' for 'POST' to 'http://localhost:4444/wd/hub/session/4023dcc3bc83a500e0f9ab4bc534ea6a/element'
10:27:59.838 [Forwarding findElement on session 4023dcc3bc83a500e0f9ab4bc534ea6a to remote] DEBUG org.asynchttpclient.netty.request.NettyRequestSender -- Using open Channel [id: 0x981c4e6c, L:/127.0.0.1:6581 - R:localhost/127.0.0.1:4444] for POST '/wd/hub/session/4023dcc3bc83a500e0f9ab4bc534ea6a/element'
10:27:59.852 [AsyncHttpClient-1-2] DEBUG org.asynchttpclient.netty.handler.HttpHandler -- 

Request DefaultHttpRequest(decodeResult: success, version: HTTP/1.1)
POST /wd/hub/session/4023dcc3bc83a500e0f9ab4bc534ea6a/element HTTP/1.1
User-Agent: selenium/4.1.3 (java windows)
traceparent: 00-2a658d4d4e32cccdbb9c1a530d13433c-23c9cf3d2f5db99d-01
Content-Length: 79
Content-Type: application/json; charset=utf-8
host: localhost:4444
accept: */*

Response DefaultHttpResponse(decodeResult: success, version: HTTP/1.1)
HTTP/1.1 200 OK
content-type: application/json; charset=utf-8
cache-control: no-cache
content-length: 126

10:27:59.853 [AsyncHttpClient-1-2] DEBUG org.asynchttpclient.netty.channel.ChannelManager -- Adding key: http://localhost:4444 for channel [id: 0x981c4e6c, L:/127.0.0.1:6581 - R:localhost/127.0.0.1:4444]
10:27:59.855 [Forwarding clickElement on session 4023dcc3bc83a500e0f9ab4bc534ea6a to remote] DEBUG org.asynchttpclient.netty.request.NettyRequestSender -- Using pooled Channel '[id: 0x981c4e6c, L:/127.0.0.1:6581 - R:localhost/127.0.0.1:4444]' for 'POST' to 'http://localhost:4444/wd/hub/session/4023dcc3bc83a500e0f9ab4bc534ea6a/element/f.62BF1F8E714C36694CBBDD8FD36F7626.d.C700E3B05D906862BD3FC419BB471943.e.53/click'
10:27:59.855 [Forwarding clickElement on session 4023dcc3bc83a500e0f9ab4bc534ea6a to remote] DEBUG org.asynchttpclient.netty.request.NettyRequestSender -- Using open Channel [id: 0x981c4e6c, L:/127.0.0.1:6581 - R:localhost/127.0.0.1:4444] for POST '/wd/hub/session/4023dcc3bc83a500e0f9ab4bc534ea6a/element/f.62BF1F8E714C36694CBBDD8FD36F7626.d.C700E3B05D906862BD3FC419BB471943.e.53/click'
10:29:53.565 [AsyncHttpClient-1-2] DEBUG org.asynchttpclient.netty.handler.HttpHandler -- 

Request DefaultHttpRequest(decodeResult: success, version: HTTP/1.1)
POST /wd/hub/session/4023dcc3bc83a500e0f9ab4bc534ea6a/element/f.62BF1F8E714C36694CBBDD8FD36F7626.d.C700E3B05D906862BD3FC419BB471943.e.53/click HTTP/1.1
User-Agent: selenium/4.1.3 (java windows)
traceparent: 00-a0463cf9183f617dbf54d61af39749a8-bd6f34717da1ba35-01
Content-Length: 88
Content-Type: application/json; charset=utf-8
host: localhost:4444
accept: */*

Response DefaultHttpResponse(decodeResult: success, version: HTTP/1.1)
HTTP/1.1 200 OK
content-type: application/json; charset=utf-8
cache-control: no-cache
content-length: 14

10:29:53.565 [AsyncHttpClient-1-2] DEBUG org.asynchttpclient.netty.channel.ChannelManager -- Adding key: http://localhost:4444 for channel [id: 0x981c4e6c, L:/127.0.0.1:6581 - R:localhost/127.0.0.1:4444]
10:29:54.013 [AsyncHttpClient-1-1] DEBUG org.asynchttpclient.netty.channel.DefaultChannelPool -- Entry count for : http://localhost:4444 : 1
10:29:54.578 [Forwarding findElement on session 4023dcc3bc83a500e0f9ab4bc534ea6a to remote] DEBUG org.asynchttpclient.netty.request.NettyRequestSender -- Using pooled Channel '[id: 0x981c4e6c, L:/127.0.0.1:6581 - R:localhost/127.0.0.1:4444]' for 'POST' to 'http://localhost:4444/wd/hub/session/4023dcc3bc83a500e0f9ab4bc534ea6a/element'
10:29:54.578 [Forwarding findElement on session 4023dcc3bc83a500e0f9ab4bc534ea6a to remote] DEBUG org.asynchttpclient.netty.request.NettyRequestSender -- Using open Channel [id: 0x981c4e6c, L:/127.0.0.1:6581 - R:localhost/127.0.0.1:4444] for POST '/wd/hub/session/4023dcc3bc83a500e0f9ab4bc534ea6a/element'
10:29:54.590 [AsyncHttpClient-1-2] DEBUG org.asynchttpclient.netty.handler.HttpHandler -- 

Request DefaultHttpRequest(decodeResult: success, version: HTTP/1.1)
POST /wd/hub/session/4023dcc3bc83a500e0f9ab4bc534ea6a/element HTTP/1.1
User-Agent: selenium/4.1.3 (java windows)
traceparent: 00-1c245053178499b4009d1f383dad21cf-7f3b72bed2a1d051-01
Content-Length: 92
Content-Type: application/json; charset=utf-8
host: localhost:4444
accept: */*

Response DefaultHttpResponse(decodeResult: success, version: HTTP/1.1)
HTTP/1.1 200 OK
content-type: application/json; charset=utf-8
cache-control: no-cache
content-length: 127

10:29:54.591 [AsyncHttpClient-1-2] DEBUG org.asynchttpclient.netty.channel.ChannelManager -- Adding key: http://localhost:4444 for channel [id: 0x981c4e6c, L:/127.0.0.1:6581 - R:localhost/127.0.0.1:4444]
10:29:54.593 [Forwarding isElementDisplayed on session 4023dcc3bc83a500e0f9ab4bc534ea6a to remote] DEBUG org.asynchttpclient.netty.request.NettyRequestSender -- Using pooled Channel '[id: 0x981c4e6c, L:/127.0.0.1:6581 - R:localhost/127.0.0.1:4444]' for 'POST' to 'http://localhost:4444/wd/hub/session/4023dcc3bc83a500e0f9ab4bc534ea6a/execute/sync'
10:29:54.593 [Forwarding isElementDisplayed on session 4023dcc3bc83a500e0f9ab4bc534ea6a to remote] DEBUG org.asynchttpclient.netty.request.NettyRequestSender -- Using open Channel [id: 0x981c4e6c, L:/127.0.0.1:6581 - R:localhost/127.0.0.1:4444] for POST '/wd/hub/session/4023dcc3bc83a500e0f9ab4bc534ea6a/execute/sync'
10:29:54.613 [AsyncHttpClient-1-2] DEBUG org.asynchttpclient.netty.handler.HttpHandler -- 

Request DefaultHttpRequest(decodeResult: success, version: HTTP/1.1)
POST /wd/hub/session/4023dcc3bc83a500e0f9ab4bc534ea6a/execute/sync HTTP/1.1
User-Agent: selenium/4.1.3 (java windows)
traceparent: 00-15f7e25b5038576a8da0f4598d5828b9-f03e36ac72f16784-01
Content-Length: 48819
Content-Type: application/json; charset=utf-8
host: localhost:4444
accept: */*

Response DefaultHttpResponse(decodeResult: success, version: HTTP/1.1)
HTTP/1.1 200 OK
content-type: application/json; charset=utf-8
cache-control: no-cache
content-length: 14

10:29:54.614 [AsyncHttpClient-1-2] DEBUG org.asynchttpclient.netty.channel.ChannelManager -- Adding key: http://localhost:4444 for channel [id: 0x981c4e6c, L:/127.0.0.1:6581 - R:localhost/127.0.0.1:4444]
10:29:55.124 [AsyncHttpClient-1-1] DEBUG org.asynchttpclient.netty.channel.DefaultChannelPool -- Entry count for : http://localhost:4444 : 1
10:29:55.624 [Forwarding findElement on session 4023dcc3bc83a500e0f9ab4bc534ea6a to remote] DEBUG org.asynchttpclient.netty.request.NettyRequestSender -- Using pooled Channel '[id: 0x981c4e6c, L:/127.0.0.1:6581 - R:localhost/127.0.0.1:4444]' for 'POST' to 'http://localhost:4444/wd/hub/session/4023dcc3bc83a500e0f9ab4bc534ea6a/element'
10:29:55.624 [Forwarding findElement on session 4023dcc3bc83a500e0f9ab4bc534ea6a to remote] DEBUG org.asynchttpclient.netty.request.NettyRequestSender -- Using open Channel [id: 0x981c4e6c, L:/127.0.0.1:6581 - R:localhost/127.0.0.1:4444] for POST '/wd/hub/session/4023dcc3bc83a500e0f9ab4bc534ea6a/element'
10:29:55.638 [AsyncHttpClient-1-2] DEBUG org.asynchttpclient.netty.handler.HttpHandler -- 

Request DefaultHttpRequest(decodeResult: success, version: HTTP/1.1)
POST /wd/hub/session/4023dcc3bc83a500e0f9ab4bc534ea6a/element HTTP/1.1
User-Agent: selenium/4.1.3 (java windows)
traceparent: 00-950d0173c6707739d3b1a10180b6c785-5a0a20798d5585d1-01
Content-Length: 92
Content-Type: application/json; charset=utf-8
host: localhost:4444
accept: */*

Response DefaultHttpResponse(decodeResult: success, version: HTTP/1.1)
HTTP/1.1 200 OK
content-type: application/json; charset=utf-8
cache-control: no-cache
content-length: 127

10:29:55.638 [AsyncHttpClient-1-2] DEBUG org.asynchttpclient.netty.channel.ChannelManager -- Adding key: http://localhost:4444 for channel [id: 0x981c4e6c, L:/127.0.0.1:6581 - R:localhost/127.0.0.1:4444]
10:29:55.641 [Forwarding isElementDisplayed on session 4023dcc3bc83a500e0f9ab4bc534ea6a to remote] DEBUG org.asynchttpclient.netty.request.NettyRequestSender -- Using pooled Channel '[id: 0x981c4e6c, L:/127.0.0.1:6581 - R:localhost/127.0.0.1:4444]' for 'POST' to 'http://localhost:4444/wd/hub/session/4023dcc3bc83a500e0f9ab4bc534ea6a/execute/sync'
10:29:55.641 [Forwarding isElementDisplayed on session 4023dcc3bc83a500e0f9ab4bc534ea6a to remote] DEBUG org.asynchttpclient.netty.request.NettyRequestSender -- Using open Channel [id: 0x981c4e6c, L:/127.0.0.1:6581 - R:localhost/127.0.0.1:4444] for POST '/wd/hub/session/4023dcc3bc83a500e0f9ab4bc534ea6a/execute/sync'
10:29:55.655 [AsyncHttpClient-1-2] DEBUG org.asynchttpclient.netty.handler.HttpHandler -- 

Request DefaultHttpRequest(decodeResult: success, version: HTTP/1.1)
POST /wd/hub/session/4023dcc3bc83a500e0f9ab4bc534ea6a/execute/sync HTTP/1.1
User-Agent: selenium/4.1.3 (java windows)
traceparent: 00-e3d7cb08ebeed532f06a2d7291a529e9-762ef3001cb3c30a-01
Content-Length: 48819
Content-Type: application/json; charset=utf-8
host: localhost:4444
accept: */*

Response DefaultHttpResponse(decodeResult: success, version: HTTP/1.1)
HTTP/1.1 200 OK
content-type: application/json; charset=utf-8
cache-control: no-cache
content-length: 14

10:29:55.655 [AsyncHttpClient-1-2] DEBUG org.asynchttpclient.netty.channel.ChannelManager -- Adding key: http://localhost:4444 for channel [id: 0x981c4e6c, L:/127.0.0.1:6581 - R:localhost/127.0.0.1:4444]
10:29:55.657 [Forwarding findElement on session 4023dcc3bc83a500e0f9ab4bc534ea6a to remote] DEBUG org.asynchttpclient.netty.request.NettyRequestSender -- Using pooled Channel '[id: 0x981c4e6c, L:/127.0.0.1:6581 - R:localhost/127.0.0.1:4444]' for 'POST' to 'http://localhost:4444/wd/hub/session/4023dcc3bc83a500e0f9ab4bc534ea6a/element'
10:29:55.657 [Forwarding findElement on session 4023dcc3bc83a500e0f9ab4bc534ea6a to remote] DEBUG org.asynchttpclient.netty.request.NettyRequestSender -- Using open Channel [id: 0x981c4e6c, L:/127.0.0.1:6581 - R:localhost/127.0.0.1:4444] for POST '/wd/hub/session/4023dcc3bc83a500e0f9ab4bc534ea6a/element'
10:29:55.666 [AsyncHttpClient-1-2] DEBUG org.asynchttpclient.netty.handler.HttpHandler -- 

Request DefaultHttpRequest(decodeResult: success, version: HTTP/1.1)
POST /wd/hub/session/4023dcc3bc83a500e0f9ab4bc534ea6a/element HTTP/1.1
User-Agent: selenium/4.1.3 (java windows)
traceparent: 00-9d4dda6328370b161a6d5c3a4f1b89b2-2348ebac932129f6-01
Content-Length: 92
Content-Type: application/json; charset=utf-8
host: localhost:4444
accept: */*

Response DefaultHttpResponse(decodeResult: success, version: HTTP/1.1)
HTTP/1.1 200 OK
content-type: application/json; charset=utf-8
cache-control: no-cache
content-length: 127

10:29:55.666 [AsyncHttpClient-1-2] DEBUG org.asynchttpclient.netty.channel.ChannelManager -- Adding key: http://localhost:4444 for channel [id: 0x981c4e6c, L:/127.0.0.1:6581 - R:localhost/127.0.0.1:4444]
10:29:55.667 [Forwarding clickElement on session 4023dcc3bc83a500e0f9ab4bc534ea6a to remote] DEBUG org.asynchttpclient.netty.request.NettyRequestSender -- Using pooled Channel '[id: 0x981c4e6c, L:/127.0.0.1:6581 - R:localhost/127.0.0.1:4444]' for 'POST' to 'http://localhost:4444/wd/hub/session/4023dcc3bc83a500e0f9ab4bc534ea6a/element/f.62BF1F8E714C36694CBBDD8FD36F7626.d.B8F0253C104F394F6071342F35CB4D5F.e.243/click'
10:29:55.667 [Forwarding clickElement on session 4023dcc3bc83a500e0f9ab4bc534ea6a to remote] DEBUG org.asynchttpclient.netty.request.NettyRequestSender -- Using open Channel [id: 0x981c4e6c, L:/127.0.0.1:6581 - R:localhost/127.0.0.1:4444] for POST '/wd/hub/session/4023dcc3bc83a500e0f9ab4bc534ea6a/element/f.62BF1F8E714C36694CBBDD8FD36F7626.d.B8F0253C104F394F6071342F35CB4D5F.e.243/click'
10:29:55.745 [AsyncHttpClient-1-2] DEBUG org.asynchttpclient.netty.handler.HttpHandler -- 

Request DefaultHttpRequest(decodeResult: success, version: HTTP/1.1)
POST /wd/hub/session/4023dcc3bc83a500e0f9ab4bc534ea6a/element/f.62BF1F8E714C36694CBBDD8FD36F7626.d.B8F0253C104F394F6071342F35CB4D5F.e.243/click HTTP/1.1
User-Agent: selenium/4.1.3 (java windows)
traceparent: 00-8edb2733787215499c98c1d5bc47b842-751cc10f3887bab5-01
Content-Length: 89
Content-Type: application/json; charset=utf-8
host: localhost:4444
accept: */*

Response DefaultHttpResponse(decodeResult: success, version: HTTP/1.1)
HTTP/1.1 200 OK
content-type: application/json; charset=utf-8
cache-control: no-cache
content-length: 14

10:29:55.745 [AsyncHttpClient-1-2] DEBUG org.asynchttpclient.netty.channel.ChannelManager -- Adding key: http://localhost:4444 for channel [id: 0x981c4e6c, L:/127.0.0.1:6581 - R:localhost/127.0.0.1:4444]
10:29:56.215 [AsyncHttpClient-1-1] DEBUG org.asynchttpclient.netty.channel.DefaultChannelPool -- Entry count for : http://localhost:4444 : 1
10:29:56.751 [Forwarding findElement on session 4023dcc3bc83a500e0f9ab4bc534ea6a to remote] DEBUG org.asynchttpclient.netty.request.NettyRequestSender -- Using pooled Channel '[id: 0x981c4e6c, L:/127.0.0.1:6581 - R:localhost/127.0.0.1:4444]' for 'POST' to 'http://localhost:4444/wd/hub/session/4023dcc3bc83a500e0f9ab4bc534ea6a/element'
10:29:56.751 [Forwarding findElement on session 4023dcc3bc83a500e0f9ab4bc534ea6a to remote] DEBUG org.asynchttpclient.netty.request.NettyRequestSender -- Using open Channel [id: 0x981c4e6c, L:/127.0.0.1:6581 - R:localhost/127.0.0.1:4444] for POST '/wd/hub/session/4023dcc3bc83a500e0f9ab4bc534ea6a/element'
10:29:56.765 [AsyncHttpClient-1-2] DEBUG org.asynchttpclient.netty.handler.HttpHandler -- 

Request DefaultHttpRequest(decodeResult: success, version: HTTP/1.1)
POST /wd/hub/session/4023dcc3bc83a500e0f9ab4bc534ea6a/element HTTP/1.1
User-Agent: selenium/4.1.3 (java windows)
traceparent: 00-89d3ed52e7b0faf2b47f9c34a38df541-f07204ec45fb4b13-01
Content-Length: 82
Content-Type: application/json; charset=utf-8
host: localhost:4444
accept: */*

Response DefaultHttpResponse(decodeResult: success, version: HTTP/1.1)
HTTP/1.1 200 OK
content-type: application/json; charset=utf-8
cache-control: no-cache
content-length: 127

10:29:56.765 [AsyncHttpClient-1-2] DEBUG org.asynchttpclient.netty.channel.ChannelManager -- Adding key: http://localhost:4444 for channel [id: 0x981c4e6c, L:/127.0.0.1:6581 - R:localhost/127.0.0.1:4444]
10:29:56.768 [Forwarding isElementDisplayed on session 4023dcc3bc83a500e0f9ab4bc534ea6a to remote] DEBUG org.asynchttpclient.netty.request.NettyRequestSender -- Using pooled Channel '[id: 0x981c4e6c, L:/127.0.0.1:6581 - R:localhost/127.0.0.1:4444]' for 'POST' to 'http://localhost:4444/wd/hub/session/4023dcc3bc83a500e0f9ab4bc534ea6a/execute/sync'
10:29:56.768 [Forwarding isElementDisplayed on session 4023dcc3bc83a500e0f9ab4bc534ea6a to remote] DEBUG org.asynchttpclient.netty.request.NettyRequestSender -- Using open Channel [id: 0x981c4e6c, L:/127.0.0.1:6581 - R:localhost/127.0.0.1:4444] for POST '/wd/hub/session/4023dcc3bc83a500e0f9ab4bc534ea6a/execute/sync'
10:29:56.795 [AsyncHttpClient-1-2] DEBUG org.asynchttpclient.netty.handler.HttpHandler -- 

Request DefaultHttpRequest(decodeResult: success, version: HTTP/1.1)
POST /wd/hub/session/4023dcc3bc83a500e0f9ab4bc534ea6a/execute/sync HTTP/1.1
User-Agent: selenium/4.1.3 (java windows)
traceparent: 00-7b670e36153f31ec92b484e926216a82-1f3f93a351aa36e3-01
Content-Length: 48819
Content-Type: application/json; charset=utf-8
host: localhost:4444
accept: */*

Response DefaultHttpResponse(decodeResult: success, version: HTTP/1.1)
HTTP/1.1 200 OK
content-type: application/json; charset=utf-8
cache-control: no-cache
content-length: 14

10:29:56.796 [AsyncHttpClient-1-2] DEBUG org.asynchttpclient.netty.channel.ChannelManager -- Adding key: http://localhost:4444 for channel [id: 0x981c4e6c, L:/127.0.0.1:6581 - R:localhost/127.0.0.1:4444]
10:29:57.316 [AsyncHttpClient-1-1] DEBUG org.asynchttpclient.netty.channel.DefaultChannelPool -- Entry count for : http://localhost:4444 : 1
10:29:57.805 [Forwarding findElement on session 4023dcc3bc83a500e0f9ab4bc534ea6a to remote] DEBUG org.asynchttpclient.netty.request.NettyRequestSender -- Using pooled Channel '[id: 0x981c4e6c, L:/127.0.0.1:6581 - R:localhost/127.0.0.1:4444]' for 'POST' to 'http://localhost:4444/wd/hub/session/4023dcc3bc83a500e0f9ab4bc534ea6a/element'
10:29:57.805 [Forwarding findElement on session 4023dcc3bc83a500e0f9ab4bc534ea6a to remote] DEBUG org.asynchttpclient.netty.request.NettyRequestSender -- Using open Channel [id: 0x981c4e6c, L:/127.0.0.1:6581 - R:localhost/127.0.0.1:4444] for POST '/wd/hub/session/4023dcc3bc83a500e0f9ab4bc534ea6a/element'
10:29:57.813 [AsyncHttpClient-1-2] DEBUG org.asynchttpclient.netty.handler.HttpHandler -- 

Request DefaultHttpRequest(decodeResult: success, version: HTTP/1.1)
POST /wd/hub/session/4023dcc3bc83a500e0f9ab4bc534ea6a/element HTTP/1.1
User-Agent: selenium/4.1.3 (java windows)
traceparent: 00-8afa636009398c01667f32be5110d080-f1a60f220f0d8cbf-01
Content-Length: 82
Content-Type: application/json; charset=utf-8
host: localhost:4444
accept: */*

Response DefaultHttpResponse(decodeResult: success, version: HTTP/1.1)
HTTP/1.1 200 OK
content-type: application/json; charset=utf-8
cache-control: no-cache
content-length: 127

10:29:57.814 [AsyncHttpClient-1-2] DEBUG org.asynchttpclient.netty.channel.ChannelManager -- Adding key: http://localhost:4444 for channel [id: 0x981c4e6c, L:/127.0.0.1:6581 - R:localhost/127.0.0.1:4444]
10:29:57.816 [Forwarding isElementDisplayed on session 4023dcc3bc83a500e0f9ab4bc534ea6a to remote] DEBUG org.asynchttpclient.netty.request.NettyRequestSender -- Using pooled Channel '[id: 0x981c4e6c, L:/127.0.0.1:6581 - R:localhost/127.0.0.1:4444]' for 'POST' to 'http://localhost:4444/wd/hub/session/4023dcc3bc83a500e0f9ab4bc534ea6a/execute/sync'
10:29:57.816 [Forwarding isElementDisplayed on session 4023dcc3bc83a500e0f9ab4bc534ea6a to remote] DEBUG org.asynchttpclient.netty.request.NettyRequestSender -- Using open Channel [id: 0x981c4e6c, L:/127.0.0.1:6581 - R:localhost/127.0.0.1:4444] for POST '/wd/hub/session/4023dcc3bc83a500e0f9ab4bc534ea6a/execute/sync'
10:29:57.828 [AsyncHttpClient-1-2] DEBUG org.asynchttpclient.netty.handler.HttpHandler -- 

Request DefaultHttpRequest(decodeResult: success, version: HTTP/1.1)
POST /wd/hub/session/4023dcc3bc83a500e0f9ab4bc534ea6a/execute/sync HTTP/1.1
User-Agent: selenium/4.1.3 (java windows)
traceparent: 00-217d9e6eca1d4bc6b703bd77f84b0c8b-bb6dedc3987d0a9d-01
Content-Length: 48819
Content-Type: application/json; charset=utf-8
host: localhost:4444
accept: */*

Response DefaultHttpResponse(decodeResult: success, version: HTTP/1.1)
HTTP/1.1 200 OK
content-type: application/json; charset=utf-8
cache-control: no-cache
content-length: 14

10:29:57.828 [AsyncHttpClient-1-2] DEBUG org.asynchttpclient.netty.channel.ChannelManager -- Adding key: http://localhost:4444 for channel [id: 0x981c4e6c, L:/127.0.0.1:6581 - R:localhost/127.0.0.1:4444]
10:29:57.830 [Forwarding findElement on session 4023dcc3bc83a500e0f9ab4bc534ea6a to remote] DEBUG org.asynchttpclient.netty.request.NettyRequestSender -- Using pooled Channel '[id: 0x981c4e6c, L:/127.0.0.1:6581 - R:localhost/127.0.0.1:4444]' for 'POST' to 'http://localhost:4444/wd/hub/session/4023dcc3bc83a500e0f9ab4bc534ea6a/element'
10:29:57.830 [Forwarding findElement on session 4023dcc3bc83a500e0f9ab4bc534ea6a to remote] DEBUG org.asynchttpclient.netty.request.NettyRequestSender -- Using open Channel [id: 0x981c4e6c, L:/127.0.0.1:6581 - R:localhost/127.0.0.1:4444] for POST '/wd/hub/session/4023dcc3bc83a500e0f9ab4bc534ea6a/element'
10:29:57.839 [AsyncHttpClient-1-2] DEBUG org.asynchttpclient.netty.handler.HttpHandler -- 

Request DefaultHttpRequest(decodeResult: success, version: HTTP/1.1)
POST /wd/hub/session/4023dcc3bc83a500e0f9ab4bc534ea6a/element HTTP/1.1
User-Agent: selenium/4.1.3 (java windows)
traceparent: 00-7d4202663f1a55e45463e6027ec245c6-69ba971c7af0ff47-01
Content-Length: 82
Content-Type: application/json; charset=utf-8
host: localhost:4444
accept: */*

Response DefaultHttpResponse(decodeResult: success, version: HTTP/1.1)
HTTP/1.1 200 OK
content-type: application/json; charset=utf-8
cache-control: no-cache
content-length: 127

10:29:57.840 [AsyncHttpClient-1-2] DEBUG org.asynchttpclient.netty.channel.ChannelManager -- Adding key: http://localhost:4444 for channel [id: 0x981c4e6c, L:/127.0.0.1:6581 - R:localhost/127.0.0.1:4444]
10:29:57.841 [Forwarding clickElement on session 4023dcc3bc83a500e0f9ab4bc534ea6a to remote] DEBUG org.asynchttpclient.netty.request.NettyRequestSender -- Using pooled Channel '[id: 0x981c4e6c, L:/127.0.0.1:6581 - R:localhost/127.0.0.1:4444]' for 'POST' to 'http://localhost:4444/wd/hub/session/4023dcc3bc83a500e0f9ab4bc534ea6a/element/f.62BF1F8E714C36694CBBDD8FD36F7626.d.B8F0253C104F394F6071342F35CB4D5F.e.269/click'
10:29:57.841 [Forwarding clickElement on session 4023dcc3bc83a500e0f9ab4bc534ea6a to remote] DEBUG org.asynchttpclient.netty.request.NettyRequestSender -- Using open Channel [id: 0x981c4e6c, L:/127.0.0.1:6581 - R:localhost/127.0.0.1:4444] for POST '/wd/hub/session/4023dcc3bc83a500e0f9ab4bc534ea6a/element/f.62BF1F8E714C36694CBBDD8FD36F7626.d.B8F0253C104F394F6071342F35CB4D5F.e.269/click'
10:29:57.879 [AsyncHttpClient-1-2] DEBUG org.asynchttpclient.netty.handler.HttpHandler -- 

Request DefaultHttpRequest(decodeResult: success, version: HTTP/1.1)
POST /wd/hub/session/4023dcc3bc83a500e0f9ab4bc534ea6a/element/f.62BF1F8E714C36694CBBDD8FD36F7626.d.B8F0253C104F394F6071342F35CB4D5F.e.269/click HTTP/1.1
User-Agent: selenium/4.1.3 (java windows)
traceparent: 00-a9fd24c0562f2935252ff473aaa82919-b1786d4884f3792e-01
Content-Length: 89
Content-Type: application/json; charset=utf-8
host: localhost:4444
accept: */*

Response DefaultHttpResponse(decodeResult: success, version: HTTP/1.1)
HTTP/1.1 200 OK
content-type: application/json; charset=utf-8
cache-control: no-cache
content-length: 14

10:29:57.879 [AsyncHttpClient-1-2] DEBUG org.asynchttpclient.netty.channel.ChannelManager -- Adding key: http://localhost:4444 for channel [id: 0x981c4e6c, L:/127.0.0.1:6581 - R:localhost/127.0.0.1:4444]
10:29:58.413 [AsyncHttpClient-1-1] DEBUG org.asynchttpclient.netty.channel.DefaultChannelPool -- Entry count for : http://localhost:4444 : 1
10:29:58.884 [Forwarding findElement on session 4023dcc3bc83a500e0f9ab4bc534ea6a to remote] DEBUG org.asynchttpclient.netty.request.NettyRequestSender -- Using pooled Channel '[id: 0x981c4e6c, L:/127.0.0.1:6581 - R:localhost/127.0.0.1:4444]' for 'POST' to 'http://localhost:4444/wd/hub/session/4023dcc3bc83a500e0f9ab4bc534ea6a/element'
10:29:58.884 [Forwarding findElement on session 4023dcc3bc83a500e0f9ab4bc534ea6a to remote] DEBUG org.asynchttpclient.netty.request.NettyRequestSender -- Using open Channel [id: 0x981c4e6c, L:/127.0.0.1:6581 - R:localhost/127.0.0.1:4444] for POST '/wd/hub/session/4023dcc3bc83a500e0f9ab4bc534ea6a/element'
10:29:58.897 [AsyncHttpClient-1-2] DEBUG org.asynchttpclient.netty.handler.HttpHandler -- 

Request DefaultHttpRequest(decodeResult: success, version: HTTP/1.1)
POST /wd/hub/session/4023dcc3bc83a500e0f9ab4bc534ea6a/element HTTP/1.1
User-Agent: selenium/4.1.3 (java windows)
traceparent: 00-342b26132437da1453b7e07f7836ad33-a2cf60693289ae53-01
Content-Length: 83
Content-Type: application/json; charset=utf-8
host: localhost:4444
accept: */*

Response DefaultHttpResponse(decodeResult: success, version: HTTP/1.1)
HTTP/1.1 200 OK
content-type: application/json; charset=utf-8
cache-control: no-cache
content-length: 127

10:29:58.897 [AsyncHttpClient-1-2] DEBUG org.asynchttpclient.netty.channel.ChannelManager -- Adding key: http://localhost:4444 for channel [id: 0x981c4e6c, L:/127.0.0.1:6581 - R:localhost/127.0.0.1:4444]
10:29:58.900 [Forwarding isElementDisplayed on session 4023dcc3bc83a500e0f9ab4bc534ea6a to remote] DEBUG org.asynchttpclient.netty.request.NettyRequestSender -- Using pooled Channel '[id: 0x981c4e6c, L:/127.0.0.1:6581 - R:localhost/127.0.0.1:4444]' for 'POST' to 'http://localhost:4444/wd/hub/session/4023dcc3bc83a500e0f9ab4bc534ea6a/execute/sync'
10:29:58.900 [Forwarding isElementDisplayed on session 4023dcc3bc83a500e0f9ab4bc534ea6a to remote] DEBUG org.asynchttpclient.netty.request.NettyRequestSender -- Using open Channel [id: 0x981c4e6c, L:/127.0.0.1:6581 - R:localhost/127.0.0.1:4444] for POST '/wd/hub/session/4023dcc3bc83a500e0f9ab4bc534ea6a/execute/sync'
10:29:58.912 [AsyncHttpClient-1-2] DEBUG org.asynchttpclient.netty.handler.HttpHandler -- 

Request DefaultHttpRequest(decodeResult: success, version: HTTP/1.1)
POST /wd/hub/session/4023dcc3bc83a500e0f9ab4bc534ea6a/execute/sync HTTP/1.1
User-Agent: selenium/4.1.3 (java windows)
traceparent: 00-815e711b3e12b62e38bdb3ff41d2bc66-d2585992adf33709-01
Content-Length: 48819
Content-Type: application/json; charset=utf-8
host: localhost:4444
accept: */*

Response DefaultHttpResponse(decodeResult: success, version: HTTP/1.1)
HTTP/1.1 200 OK
content-type: application/json; charset=utf-8
cache-control: no-cache
content-length: 14

10:29:58.913 [AsyncHttpClient-1-2] DEBUG org.asynchttpclient.netty.channel.ChannelManager -- Adding key: http://localhost:4444 for channel [id: 0x981c4e6c, L:/127.0.0.1:6581 - R:localhost/127.0.0.1:4444]
10:29:59.513 [AsyncHttpClient-1-1] DEBUG org.asynchttpclient.netty.channel.DefaultChannelPool -- Entry count for : http://localhost:4444 : 1
10:29:59.914 [Forwarding findElement on session 4023dcc3bc83a500e0f9ab4bc534ea6a to remote] DEBUG org.asynchttpclient.netty.request.NettyRequestSender -- Using pooled Channel '[id: 0x981c4e6c, L:/127.0.0.1:6581 - R:localhost/127.0.0.1:4444]' for 'POST' to 'http://localhost:4444/wd/hub/session/4023dcc3bc83a500e0f9ab4bc534ea6a/element'
10:29:59.914 [Forwarding findElement on session 4023dcc3bc83a500e0f9ab4bc534ea6a to remote] DEBUG org.asynchttpclient.netty.request.NettyRequestSender -- Using open Channel [id: 0x981c4e6c, L:/127.0.0.1:6581 - R:localhost/127.0.0.1:4444] for POST '/wd/hub/session/4023dcc3bc83a500e0f9ab4bc534ea6a/element'
10:29:59.924 [AsyncHttpClient-1-2] DEBUG org.asynchttpclient.netty.handler.HttpHandler -- 

Request DefaultHttpRequest(decodeResult: success, version: HTTP/1.1)
POST /wd/hub/session/4023dcc3bc83a500e0f9ab4bc534ea6a/element HTTP/1.1
User-Agent: selenium/4.1.3 (java windows)
traceparent: 00-2bdb0487ac4e4874dad5dc441f71e2dd-f388a39bc55e1eac-01
Content-Length: 83
Content-Type: application/json; charset=utf-8
host: localhost:4444
accept: */*

Response DefaultHttpResponse(decodeResult: success, version: HTTP/1.1)
HTTP/1.1 200 OK
content-type: application/json; charset=utf-8
cache-control: no-cache
content-length: 127

10:29:59.924 [AsyncHttpClient-1-2] DEBUG org.asynchttpclient.netty.channel.ChannelManager -- Adding key: http://localhost:4444 for channel [id: 0x981c4e6c, L:/127.0.0.1:6581 - R:localhost/127.0.0.1:4444]
10:29:59.925 [Forwarding clickElement on session 4023dcc3bc83a500e0f9ab4bc534ea6a to remote] DEBUG org.asynchttpclient.netty.request.NettyRequestSender -- Using pooled Channel '[id: 0x981c4e6c, L:/127.0.0.1:6581 - R:localhost/127.0.0.1:4444]' for 'POST' to 'http://localhost:4444/wd/hub/session/4023dcc3bc83a500e0f9ab4bc534ea6a/element/f.62BF1F8E714C36694CBBDD8FD36F7626.d.B8F0253C104F394F6071342F35CB4D5F.e.272/click'
10:29:59.925 [Forwarding clickElement on session 4023dcc3bc83a500e0f9ab4bc534ea6a to remote] DEBUG org.asynchttpclient.netty.request.NettyRequestSender -- Using open Channel [id: 0x981c4e6c, L:/127.0.0.1:6581 - R:localhost/127.0.0.1:4444] for POST '/wd/hub/session/4023dcc3bc83a500e0f9ab4bc534ea6a/element/f.62BF1F8E714C36694CBBDD8FD36F7626.d.B8F0253C104F394F6071342F35CB4D5F.e.272/click'
10:30:00.040 [AsyncHttpClient-1-2] DEBUG org.asynchttpclient.netty.handler.HttpHandler -- 

Request DefaultHttpRequest(decodeResult: success, version: HTTP/1.1)
POST /wd/hub/session/4023dcc3bc83a500e0f9ab4bc534ea6a/element/f.62BF1F8E714C36694CBBDD8FD36F7626.d.B8F0253C104F394F6071342F35CB4D5F.e.272/click HTTP/1.1
User-Agent: selenium/4.1.3 (java windows)
traceparent: 00-a6a4b05f33ed9de7bd8030335c692fff-9f9ab478e69b94fb-01
Content-Length: 89
Content-Type: application/json; charset=utf-8
host: localhost:4444
accept: */*

Response DefaultHttpResponse(decodeResult: success, version: HTTP/1.1)
HTTP/1.1 200 OK
content-type: application/json; charset=utf-8
cache-control: no-cache
content-length: 14

10:30:00.041 [AsyncHttpClient-1-2] DEBUG org.asynchttpclient.netty.channel.ChannelManager -- Adding key: http://localhost:4444 for channel [id: 0x981c4e6c, L:/127.0.0.1:6581 - R:localhost/127.0.0.1:4444]
10:30:00.043 [Forwarding findElement on session 4023dcc3bc83a500e0f9ab4bc534ea6a to remote] DEBUG org.asynchttpclient.netty.request.NettyRequestSender -- Using pooled Channel '[id: 0x981c4e6c, L:/127.0.0.1:6581 - R:localhost/127.0.0.1:4444]' for 'POST' to 'http://localhost:4444/wd/hub/session/4023dcc3bc83a500e0f9ab4bc534ea6a/element'
10:30:00.043 [Forwarding findElement on session 4023dcc3bc83a500e0f9ab4bc534ea6a to remote] DEBUG org.asynchttpclient.netty.request.NettyRequestSender -- Using open Channel [id: 0x981c4e6c, L:/127.0.0.1:6581 - R:localhost/127.0.0.1:4444] for POST '/wd/hub/session/4023dcc3bc83a500e0f9ab4bc534ea6a/element'
10:30:00.814 [AsyncHttpClient-1-2] DEBUG org.asynchttpclient.netty.handler.HttpHandler -- 

Request DefaultHttpRequest(decodeResult: success, version: HTTP/1.1)
POST /wd/hub/session/4023dcc3bc83a500e0f9ab4bc534ea6a/element HTTP/1.1
User-Agent: selenium/4.1.3 (java windows)
traceparent: 00-51cbd0d6a19f175acd5cdfad8283aded-e8f927d641168be3-01
Content-Length: 102
Content-Type: application/json; charset=utf-8
host: localhost:4444
accept: */*

Response DefaultHttpResponse(decodeResult: success, version: HTTP/1.1)
HTTP/1.1 200 OK
content-type: application/json; charset=utf-8
cache-control: no-cache
content-length: 127

10:30:00.814 [AsyncHttpClient-1-2] DEBUG org.asynchttpclient.netty.channel.ChannelManager -- Adding key: http://localhost:4444 for channel [id: 0x981c4e6c, L:/127.0.0.1:6581 - R:localhost/127.0.0.1:4444]
10:30:00.818 [Forwarding isElementDisplayed on session 4023dcc3bc83a500e0f9ab4bc534ea6a to remote] DEBUG org.asynchttpclient.netty.request.NettyRequestSender -- Using pooled Channel '[id: 0x981c4e6c, L:/127.0.0.1:6581 - R:localhost/127.0.0.1:4444]' for 'POST' to 'http://localhost:4444/wd/hub/session/4023dcc3bc83a500e0f9ab4bc534ea6a/execute/sync'
10:30:00.818 [Forwarding isElementDisplayed on session 4023dcc3bc83a500e0f9ab4bc534ea6a to remote] DEBUG org.asynchttpclient.netty.request.NettyRequestSender -- Using open Channel [id: 0x981c4e6c, L:/127.0.0.1:6581 - R:localhost/127.0.0.1:4444] for POST '/wd/hub/session/4023dcc3bc83a500e0f9ab4bc534ea6a/execute/sync'
10:30:00.830 [AsyncHttpClient-1-2] DEBUG org.asynchttpclient.netty.handler.HttpHandler -- 

Request DefaultHttpRequest(decodeResult: success, version: HTTP/1.1)
POST /wd/hub/session/4023dcc3bc83a500e0f9ab4bc534ea6a/execute/sync HTTP/1.1
User-Agent: selenium/4.1.3 (java windows)
traceparent: 00-16c27b41c422ba005dd43c302c0711ac-416d5231f2e87af4-01
Content-Length: 48819
Content-Type: application/json; charset=utf-8
host: localhost:4444
accept: */*

Response DefaultHttpResponse(decodeResult: success, version: HTTP/1.1)
HTTP/1.1 200 OK
content-type: application/json; charset=utf-8
cache-control: no-cache
content-length: 14

10:30:00.830 [AsyncHttpClient-1-2] DEBUG org.asynchttpclient.netty.channel.ChannelManager -- Adding key: http://localhost:4444 for channel [id: 0x981c4e6c, L:/127.0.0.1:6581 - R:localhost/127.0.0.1:4444]
10:30:01.716 [AsyncHttpClient-1-1] DEBUG org.asynchttpclient.netty.channel.DefaultChannelPool -- Entry count for : http://localhost:4444 : 1
10:30:01.844 [Forwarding findElement on session 4023dcc3bc83a500e0f9ab4bc534ea6a to remote] DEBUG org.asynchttpclient.netty.request.NettyRequestSender -- Using pooled Channel '[id: 0x981c4e6c, L:/127.0.0.1:6581 - R:localhost/127.0.0.1:4444]' for 'POST' to 'http://localhost:4444/wd/hub/session/4023dcc3bc83a500e0f9ab4bc534ea6a/element'
10:30:01.844 [Forwarding findElement on session 4023dcc3bc83a500e0f9ab4bc534ea6a to remote] DEBUG org.asynchttpclient.netty.request.NettyRequestSender -- Using open Channel [id: 0x981c4e6c, L:/127.0.0.1:6581 - R:localhost/127.0.0.1:4444] for POST '/wd/hub/session/4023dcc3bc83a500e0f9ab4bc534ea6a/element'
10:30:01.856 [AsyncHttpClient-1-2] DEBUG org.asynchttpclient.netty.handler.HttpHandler -- 

Request DefaultHttpRequest(decodeResult: success, version: HTTP/1.1)
POST /wd/hub/session/4023dcc3bc83a500e0f9ab4bc534ea6a/element HTTP/1.1
User-Agent: selenium/4.1.3 (java windows)
traceparent: 00-87674cf5be5a2eb00bbee3af5a450253-23e1ea482dddf170-01
Content-Length: 102
Content-Type: application/json; charset=utf-8
host: localhost:4444
accept: */*

Response DefaultHttpResponse(decodeResult: success, version: HTTP/1.1)
HTTP/1.1 200 OK
content-type: application/json; charset=utf-8
cache-control: no-cache
content-length: 127

10:30:01.856 [AsyncHttpClient-1-2] DEBUG org.asynchttpclient.netty.channel.ChannelManager -- Adding key: http://localhost:4444 for channel [id: 0x981c4e6c, L:/127.0.0.1:6581 - R:localhost/127.0.0.1:4444]
10:30:01.858 [Forwarding clickElement on session 4023dcc3bc83a500e0f9ab4bc534ea6a to remote] DEBUG org.asynchttpclient.netty.request.NettyRequestSender -- Using pooled Channel '[id: 0x981c4e6c, L:/127.0.0.1:6581 - R:localhost/127.0.0.1:4444]' for 'POST' to 'http://localhost:4444/wd/hub/session/4023dcc3bc83a500e0f9ab4bc534ea6a/element/f.62BF1F8E714C36694CBBDD8FD36F7626.d.B8F0253C104F394F6071342F35CB4D5F.e.345/click'
10:30:01.858 [Forwarding clickElement on session 4023dcc3bc83a500e0f9ab4bc534ea6a to remote] DEBUG org.asynchttpclient.netty.request.NettyRequestSender -- Using open Channel [id: 0x981c4e6c, L:/127.0.0.1:6581 - R:localhost/127.0.0.1:4444] for POST '/wd/hub/session/4023dcc3bc83a500e0f9ab4bc534ea6a/element/f.62BF1F8E714C36694CBBDD8FD36F7626.d.B8F0253C104F394F6071342F35CB4D5F.e.345/click'
10:30:04.748 [AsyncHttpClient-1-2] DEBUG org.asynchttpclient.netty.handler.HttpHandler -- 

Request DefaultHttpRequest(decodeResult: success, version: HTTP/1.1)
POST /wd/hub/session/4023dcc3bc83a500e0f9ab4bc534ea6a/element/f.62BF1F8E714C36694CBBDD8FD36F7626.d.B8F0253C104F394F6071342F35CB4D5F.e.345/click HTTP/1.1
User-Agent: selenium/4.1.3 (java windows)
traceparent: 00-e73f71ad62cfff01ad3fd9f71d49d787-0808f9992491f22f-01
Content-Length: 89
Content-Type: application/json; charset=utf-8
host: localhost:4444
accept: */*

Response DefaultHttpResponse(decodeResult: success, version: HTTP/1.1)
HTTP/1.1 200 OK
content-type: application/json; charset=utf-8
cache-control: no-cache
content-length: 14

10:30:04.748 [AsyncHttpClient-1-2] DEBUG org.asynchttpclient.netty.channel.ChannelManager -- Adding key: http://localhost:4444 for channel [id: 0x981c4e6c, L:/127.0.0.1:6581 - R:localhost/127.0.0.1:4444]
]]></system-out>
    <system-err><![CDATA[Aug 29, 2024 10:27:35 AM org.openqa.selenium.remote.tracing.opentelemetry.OpenTelemetryTracer createTracer
INFO: Using OpenTelemetry for tracing
Aug 29, 2024 10:27:36 AM org.openqa.selenium.remote.ProtocolHandshake createSession
INFO: Detected dialect: W3C
]]></system-err>
  </testcase>
  <testcase name="runScenario[&quot;Verify Bikroy logo work properly&quot;, &quot;Optional[Verify Brikroy.com Website work properly]&quot;](2)" classname="TestRunner.TestRunner" time="8.49">
    <system-out><![CDATA[10:30:04.803 [Forwarding newSession on session null to remote] DEBUG org.asynchttpclient.netty.request.NettyRequestSender -- Using pooled Channel '[id: 0x981c4e6c, L:/127.0.0.1:6581 - R:localhost/127.0.0.1:4444]' for 'POST' to 'http://localhost:4444/wd/hub/session'
10:30:04.803 [Forwarding newSession on session null to remote] DEBUG org.asynchttpclient.netty.request.NettyRequestSender -- Using open Channel [id: 0x981c4e6c, L:/127.0.0.1:6581 - R:localhost/127.0.0.1:4444] for POST '/wd/hub/session'
10:30:05.541 [AsyncHttpClient-1-2] DEBUG org.asynchttpclient.netty.handler.HttpHandler -- 

Request DefaultHttpRequest(decodeResult: success, version: HTTP/1.1)
POST /wd/hub/session HTTP/1.1
User-Agent: selenium/4.1.3 (java windows)
traceparent: 00-bf646caf14bb141bd6964eab52d63fa3-7e37575d981cbb66-01
Content-Length: 341
Content-Type: application/json; charset=utf-8
host: localhost:4444
accept: */*

Response DefaultHttpResponse(decodeResult: success, version: HTTP/1.1)
HTTP/1.1 200 OK
Cache-Control: no-cache
Content-Type: application/json; charset=utf-8
content-length: 1350

10:30:05.541 [AsyncHttpClient-1-2] DEBUG org.asynchttpclient.netty.channel.ChannelManager -- Adding key: http://localhost:4444 for channel [id: 0x981c4e6c, L:/127.0.0.1:6581 - R:localhost/127.0.0.1:4444]
10:30:05.545 [Forwarding setTimeout on session f3258399b9621882700ddc4cc9aa2361 to remote] DEBUG org.asynchttpclient.netty.request.NettyRequestSender -- Using pooled Channel '[id: 0x981c4e6c, L:/127.0.0.1:6581 - R:localhost/127.0.0.1:4444]' for 'POST' to 'http://localhost:4444/wd/hub/session/f3258399b9621882700ddc4cc9aa2361/timeouts'
10:30:05.545 [Forwarding setTimeout on session f3258399b9621882700ddc4cc9aa2361 to remote] DEBUG org.asynchttpclient.netty.request.NettyRequestSender -- Using open Channel [id: 0x981c4e6c, L:/127.0.0.1:6581 - R:localhost/127.0.0.1:4444] for POST '/wd/hub/session/f3258399b9621882700ddc4cc9aa2361/timeouts'
10:30:05.555 [AsyncHttpClient-1-2] DEBUG org.asynchttpclient.netty.handler.HttpHandler -- 

Request DefaultHttpRequest(decodeResult: success, version: HTTP/1.1)
POST /wd/hub/session/f3258399b9621882700ddc4cc9aa2361/timeouts HTTP/1.1
User-Agent: selenium/4.1.3 (java windows)
traceparent: 00-d4908510e9588542f4c7c33c90c28ed8-3ff986083fb3d71e-01
Content-Length: 22
Content-Type: application/json; charset=utf-8
host: localhost:4444
accept: */*

Response DefaultHttpResponse(decodeResult: success, version: HTTP/1.1)
HTTP/1.1 200 OK
content-type: application/json; charset=utf-8
cache-control: no-cache
content-length: 14

10:30:05.555 [AsyncHttpClient-1-2] DEBUG org.asynchttpclient.netty.channel.ChannelManager -- Adding key: http://localhost:4444 for channel [id: 0x981c4e6c, L:/127.0.0.1:6581 - R:localhost/127.0.0.1:4444]
10:30:05.556 [Forwarding maximizeCurrentWindow on session f3258399b9621882700ddc4cc9aa2361 to remote] DEBUG org.asynchttpclient.netty.request.NettyRequestSender -- Using pooled Channel '[id: 0x981c4e6c, L:/127.0.0.1:6581 - R:localhost/127.0.0.1:4444]' for 'POST' to 'http://localhost:4444/wd/hub/session/f3258399b9621882700ddc4cc9aa2361/window/maximize'
10:30:05.556 [Forwarding maximizeCurrentWindow on session f3258399b9621882700ddc4cc9aa2361 to remote] DEBUG org.asynchttpclient.netty.request.NettyRequestSender -- Using open Channel [id: 0x981c4e6c, L:/127.0.0.1:6581 - R:localhost/127.0.0.1:4444] for POST '/wd/hub/session/f3258399b9621882700ddc4cc9aa2361/window/maximize'
10:30:05.579 [AsyncHttpClient-1-2] DEBUG org.asynchttpclient.netty.handler.HttpHandler -- 

Request DefaultHttpRequest(decodeResult: success, version: HTTP/1.1)
POST /wd/hub/session/f3258399b9621882700ddc4cc9aa2361/window/maximize HTTP/1.1
User-Agent: selenium/4.1.3 (java windows)
traceparent: 00-0493890cc10a60978efeba80ca82958f-b4566893dc911d61-01
Content-Length: 3
Content-Type: application/json; charset=utf-8
host: localhost:4444
accept: */*

Response DefaultHttpResponse(decodeResult: success, version: HTTP/1.1)
HTTP/1.1 200 OK
content-type: application/json; charset=utf-8
cache-control: no-cache
content-length: 52

10:30:05.579 [AsyncHttpClient-1-2] DEBUG org.asynchttpclient.netty.channel.ChannelManager -- Adding key: http://localhost:4444 for channel [id: 0x981c4e6c, L:/127.0.0.1:6581 - R:localhost/127.0.0.1:4444]
10:30:05.581 [Forwarding get on session f3258399b9621882700ddc4cc9aa2361 to remote] DEBUG org.asynchttpclient.netty.request.NettyRequestSender -- Using pooled Channel '[id: 0x981c4e6c, L:/127.0.0.1:6581 - R:localhost/127.0.0.1:4444]' for 'POST' to 'http://localhost:4444/wd/hub/session/f3258399b9621882700ddc4cc9aa2361/url'
10:30:05.581 [Forwarding get on session f3258399b9621882700ddc4cc9aa2361 to remote] DEBUG org.asynchttpclient.netty.request.NettyRequestSender -- Using open Channel [id: 0x981c4e6c, L:/127.0.0.1:6581 - R:localhost/127.0.0.1:4444] for POST '/wd/hub/session/f3258399b9621882700ddc4cc9aa2361/url'
10:30:09.942 [AsyncHttpClient-1-2] DEBUG org.asynchttpclient.netty.handler.HttpHandler -- 

Request DefaultHttpRequest(decodeResult: success, version: HTTP/1.1)
POST /wd/hub/session/f3258399b9621882700ddc4cc9aa2361/url HTTP/1.1
User-Agent: selenium/4.1.3 (java windows)
traceparent: 00-3b0402535da9a9ec356f865f7df6bc3d-dda6b5aa7c26874e-01
Content-Length: 57
Content-Type: application/json; charset=utf-8
host: localhost:4444
accept: */*

Response DefaultHttpResponse(decodeResult: success, version: HTTP/1.1)
HTTP/1.1 200 OK
content-type: application/json; charset=utf-8
cache-control: no-cache
content-length: 14

10:30:09.943 [AsyncHttpClient-1-2] DEBUG org.asynchttpclient.netty.channel.ChannelManager -- Adding key: http://localhost:4444 for channel [id: 0x981c4e6c, L:/127.0.0.1:6581 - R:localhost/127.0.0.1:4444]
10:30:09.943 [Forwarding getCurrentUrl on session f3258399b9621882700ddc4cc9aa2361 to remote] DEBUG org.asynchttpclient.netty.request.NettyRequestSender -- Using pooled Channel '[id: 0x981c4e6c, L:/127.0.0.1:6581 - R:localhost/127.0.0.1:4444]' for 'GET' to 'http://localhost:4444/wd/hub/session/f3258399b9621882700ddc4cc9aa2361/url'
10:30:09.944 [Forwarding getCurrentUrl on session f3258399b9621882700ddc4cc9aa2361 to remote] DEBUG org.asynchttpclient.netty.request.NettyRequestSender -- Using open Channel [id: 0x981c4e6c, L:/127.0.0.1:6581 - R:localhost/127.0.0.1:4444] for GET '/wd/hub/session/f3258399b9621882700ddc4cc9aa2361/url'
10:30:09.951 [AsyncHttpClient-1-2] DEBUG org.asynchttpclient.netty.handler.HttpHandler -- 

Request DefaultFullHttpRequest(decodeResult: success, version: HTTP/1.1, content: EmptyByteBufBE)
GET /wd/hub/session/f3258399b9621882700ddc4cc9aa2361/url HTTP/1.1
User-Agent: selenium/4.1.3 (java windows)
Cache-Control: no-cache
traceparent: 00-1baa718f7aa5aed40d2ca75ddfc5c0c2-fb19c94254ce23fc-01
Content-Type: application/json; charset=utf-8
host: localhost:4444
accept: */*

Response DefaultHttpResponse(decodeResult: success, version: HTTP/1.1)
HTTP/1.1 200 OK
content-type: application/json; charset=utf-8
cache-control: no-cache
content-length: 34

10:30:09.951 [AsyncHttpClient-1-2] DEBUG org.asynchttpclient.netty.channel.ChannelManager -- Adding key: http://localhost:4444 for channel [id: 0x981c4e6c, L:/127.0.0.1:6581 - R:localhost/127.0.0.1:4444]
10:30:10.514 [AsyncHttpClient-1-1] DEBUG org.asynchttpclient.netty.channel.DefaultChannelPool -- Entry count for : http://localhost:4444 : 1
10:30:11.613 [AsyncHttpClient-1-1] DEBUG org.asynchttpclient.netty.channel.DefaultChannelPool -- Entry count for : http://localhost:4444 : 1
10:30:11.959 [Forwarding findElement on session f3258399b9621882700ddc4cc9aa2361 to remote] DEBUG org.asynchttpclient.netty.request.NettyRequestSender -- Using pooled Channel '[id: 0x981c4e6c, L:/127.0.0.1:6581 - R:localhost/127.0.0.1:4444]' for 'POST' to 'http://localhost:4444/wd/hub/session/f3258399b9621882700ddc4cc9aa2361/element'
10:30:11.960 [Forwarding findElement on session f3258399b9621882700ddc4cc9aa2361 to remote] DEBUG org.asynchttpclient.netty.request.NettyRequestSender -- Using open Channel [id: 0x981c4e6c, L:/127.0.0.1:6581 - R:localhost/127.0.0.1:4444] for POST '/wd/hub/session/f3258399b9621882700ddc4cc9aa2361/element'
10:30:11.986 [AsyncHttpClient-1-2] DEBUG org.asynchttpclient.netty.handler.HttpHandler -- 

Request DefaultHttpRequest(decodeResult: success, version: HTTP/1.1)
POST /wd/hub/session/f3258399b9621882700ddc4cc9aa2361/element HTTP/1.1
User-Agent: selenium/4.1.3 (java windows)
traceparent: 00-1f61d91e66d86f3087d616b46b85435f-991cb769330f45f7-01
Content-Length: 76
Content-Type: application/json; charset=utf-8
host: localhost:4444
accept: */*

Response DefaultHttpResponse(decodeResult: success, version: HTTP/1.1)
HTTP/1.1 200 OK
content-type: application/json; charset=utf-8
cache-control: no-cache
content-length: 127

10:30:11.987 [AsyncHttpClient-1-2] DEBUG org.asynchttpclient.netty.channel.ChannelManager -- Adding key: http://localhost:4444 for channel [id: 0x981c4e6c, L:/127.0.0.1:6581 - R:localhost/127.0.0.1:4444]
10:30:11.989 [Forwarding isElementDisplayed on session f3258399b9621882700ddc4cc9aa2361 to remote] DEBUG org.asynchttpclient.netty.request.NettyRequestSender -- Using pooled Channel '[id: 0x981c4e6c, L:/127.0.0.1:6581 - R:localhost/127.0.0.1:4444]' for 'POST' to 'http://localhost:4444/wd/hub/session/f3258399b9621882700ddc4cc9aa2361/execute/sync'
10:30:11.989 [Forwarding isElementDisplayed on session f3258399b9621882700ddc4cc9aa2361 to remote] DEBUG org.asynchttpclient.netty.request.NettyRequestSender -- Using open Channel [id: 0x981c4e6c, L:/127.0.0.1:6581 - R:localhost/127.0.0.1:4444] for POST '/wd/hub/session/f3258399b9621882700ddc4cc9aa2361/execute/sync'
10:30:12.006 [AsyncHttpClient-1-2] DEBUG org.asynchttpclient.netty.handler.HttpHandler -- 

Request DefaultHttpRequest(decodeResult: success, version: HTTP/1.1)
POST /wd/hub/session/f3258399b9621882700ddc4cc9aa2361/execute/sync HTTP/1.1
User-Agent: selenium/4.1.3 (java windows)
traceparent: 00-f3f7d9c4d28195e519a41047e02f3226-763f8213aa90ce26-01
Content-Length: 48819
Content-Type: application/json; charset=utf-8
host: localhost:4444
accept: */*

Response DefaultHttpResponse(decodeResult: success, version: HTTP/1.1)
HTTP/1.1 200 OK
content-type: application/json; charset=utf-8
cache-control: no-cache
content-length: 14

10:30:12.006 [AsyncHttpClient-1-2] DEBUG org.asynchttpclient.netty.channel.ChannelManager -- Adding key: http://localhost:4444 for channel [id: 0x981c4e6c, L:/127.0.0.1:6581 - R:localhost/127.0.0.1:4444]
10:30:12.008 [Forwarding findElement on session f3258399b9621882700ddc4cc9aa2361 to remote] DEBUG org.asynchttpclient.netty.request.NettyRequestSender -- Using pooled Channel '[id: 0x981c4e6c, L:/127.0.0.1:6581 - R:localhost/127.0.0.1:4444]' for 'POST' to 'http://localhost:4444/wd/hub/session/f3258399b9621882700ddc4cc9aa2361/element'
10:30:12.008 [Forwarding findElement on session f3258399b9621882700ddc4cc9aa2361 to remote] DEBUG org.asynchttpclient.netty.request.NettyRequestSender -- Using open Channel [id: 0x981c4e6c, L:/127.0.0.1:6581 - R:localhost/127.0.0.1:4444] for POST '/wd/hub/session/f3258399b9621882700ddc4cc9aa2361/element'
10:30:12.017 [AsyncHttpClient-1-2] DEBUG org.asynchttpclient.netty.handler.HttpHandler -- 

Request DefaultHttpRequest(decodeResult: success, version: HTTP/1.1)
POST /wd/hub/session/f3258399b9621882700ddc4cc9aa2361/element HTTP/1.1
User-Agent: selenium/4.1.3 (java windows)
traceparent: 00-4e7cbddc8ba76c1875cf9ececfaea18a-3ef329cbae1f1d6f-01
Content-Length: 76
Content-Type: application/json; charset=utf-8
host: localhost:4444
accept: */*

Response DefaultHttpResponse(decodeResult: success, version: HTTP/1.1)
HTTP/1.1 200 OK
content-type: application/json; charset=utf-8
cache-control: no-cache
content-length: 127

10:30:12.018 [AsyncHttpClient-1-2] DEBUG org.asynchttpclient.netty.channel.ChannelManager -- Adding key: http://localhost:4444 for channel [id: 0x981c4e6c, L:/127.0.0.1:6581 - R:localhost/127.0.0.1:4444]
10:30:12.019 [Forwarding clickElement on session f3258399b9621882700ddc4cc9aa2361 to remote] DEBUG org.asynchttpclient.netty.request.NettyRequestSender -- Using pooled Channel '[id: 0x981c4e6c, L:/127.0.0.1:6581 - R:localhost/127.0.0.1:4444]' for 'POST' to 'http://localhost:4444/wd/hub/session/f3258399b9621882700ddc4cc9aa2361/element/f.9CD81368133981EBB7650FB5D1B87462.d.D47A566A23AFAC0C3D2EF60393ED4451.e.107/click'
10:30:12.019 [Forwarding clickElement on session f3258399b9621882700ddc4cc9aa2361 to remote] DEBUG org.asynchttpclient.netty.request.NettyRequestSender -- Using open Channel [id: 0x981c4e6c, L:/127.0.0.1:6581 - R:localhost/127.0.0.1:4444] for POST '/wd/hub/session/f3258399b9621882700ddc4cc9aa2361/element/f.9CD81368133981EBB7650FB5D1B87462.d.D47A566A23AFAC0C3D2EF60393ED4451.e.107/click'
10:30:13.270 [AsyncHttpClient-1-2] DEBUG org.asynchttpclient.netty.handler.HttpHandler -- 

Request DefaultHttpRequest(decodeResult: success, version: HTTP/1.1)
POST /wd/hub/session/f3258399b9621882700ddc4cc9aa2361/element/f.9CD81368133981EBB7650FB5D1B87462.d.D47A566A23AFAC0C3D2EF60393ED4451.e.107/click HTTP/1.1
User-Agent: selenium/4.1.3 (java windows)
traceparent: 00-e74519487adab6dffdb6b4395dacf20b-54109e0ef321996b-01
Content-Length: 89
Content-Type: application/json; charset=utf-8
host: localhost:4444
accept: */*

Response DefaultHttpResponse(decodeResult: success, version: HTTP/1.1)
HTTP/1.1 200 OK
content-type: application/json; charset=utf-8
cache-control: no-cache
content-length: 14

10:30:13.270 [AsyncHttpClient-1-2] DEBUG org.asynchttpclient.netty.channel.ChannelManager -- Adding key: http://localhost:4444 for channel [id: 0x981c4e6c, L:/127.0.0.1:6581 - R:localhost/127.0.0.1:4444]
]]></system-out>
    <system-err><![CDATA[Aug 29, 2024 10:30:05 AM org.openqa.selenium.remote.ProtocolHandshake createSession
INFO: Detected dialect: W3C
]]></system-err>
  </testcase>
  <testcase name="runScenario[&quot;Verify that All Ads Option show Properly&quot;, &quot;Optional[Verify Brikroy.com Website work properly]&quot;](3)" classname="TestRunner.TestRunner" time="6.043">
    <system-out><![CDATA[10:30:13.290 [Forwarding newSession on session null to remote] DEBUG org.asynchttpclient.netty.request.NettyRequestSender -- Using pooled Channel '[id: 0x981c4e6c, L:/127.0.0.1:6581 - R:localhost/127.0.0.1:4444]' for 'POST' to 'http://localhost:4444/wd/hub/session'
10:30:13.290 [Forwarding newSession on session null to remote] DEBUG org.asynchttpclient.netty.request.NettyRequestSender -- Using open Channel [id: 0x981c4e6c, L:/127.0.0.1:6581 - R:localhost/127.0.0.1:4444] for POST '/wd/hub/session'
10:30:14.017 [AsyncHttpClient-1-2] DEBUG org.asynchttpclient.netty.handler.HttpHandler -- 

Request DefaultHttpRequest(decodeResult: success, version: HTTP/1.1)
POST /wd/hub/session HTTP/1.1
User-Agent: selenium/4.1.3 (java windows)
traceparent: 00-70e8b769673d4876fd297c547ada0fa7-6c1ad147ab8e5947-01
Content-Length: 341
Content-Type: application/json; charset=utf-8
host: localhost:4444
accept: */*

Response DefaultHttpResponse(decodeResult: success, version: HTTP/1.1)
HTTP/1.1 200 OK
Cache-Control: no-cache
Content-Type: application/json; charset=utf-8
content-length: 1350

10:30:14.018 [AsyncHttpClient-1-2] DEBUG org.asynchttpclient.netty.channel.ChannelManager -- Adding key: http://localhost:4444 for channel [id: 0x981c4e6c, L:/127.0.0.1:6581 - R:localhost/127.0.0.1:4444]
10:30:14.021 [Forwarding setTimeout on session 74c098b9d25b920bfff2bf1aea86b669 to remote] DEBUG org.asynchttpclient.netty.request.NettyRequestSender -- Using pooled Channel '[id: 0x981c4e6c, L:/127.0.0.1:6581 - R:localhost/127.0.0.1:4444]' for 'POST' to 'http://localhost:4444/wd/hub/session/74c098b9d25b920bfff2bf1aea86b669/timeouts'
10:30:14.021 [Forwarding setTimeout on session 74c098b9d25b920bfff2bf1aea86b669 to remote] DEBUG org.asynchttpclient.netty.request.NettyRequestSender -- Using open Channel [id: 0x981c4e6c, L:/127.0.0.1:6581 - R:localhost/127.0.0.1:4444] for POST '/wd/hub/session/74c098b9d25b920bfff2bf1aea86b669/timeouts'
10:30:14.027 [AsyncHttpClient-1-2] DEBUG org.asynchttpclient.netty.handler.HttpHandler -- 

Request DefaultHttpRequest(decodeResult: success, version: HTTP/1.1)
POST /wd/hub/session/74c098b9d25b920bfff2bf1aea86b669/timeouts HTTP/1.1
User-Agent: selenium/4.1.3 (java windows)
traceparent: 00-28ab3e3192ce1c662be6d8f0a692c66a-c81e40d71c53fdb1-01
Content-Length: 22
Content-Type: application/json; charset=utf-8
host: localhost:4444
accept: */*

Response DefaultHttpResponse(decodeResult: success, version: HTTP/1.1)
HTTP/1.1 200 OK
content-type: application/json; charset=utf-8
cache-control: no-cache
content-length: 14

10:30:14.027 [AsyncHttpClient-1-2] DEBUG org.asynchttpclient.netty.channel.ChannelManager -- Adding key: http://localhost:4444 for channel [id: 0x981c4e6c, L:/127.0.0.1:6581 - R:localhost/127.0.0.1:4444]
10:30:14.028 [Forwarding maximizeCurrentWindow on session 74c098b9d25b920bfff2bf1aea86b669 to remote] DEBUG org.asynchttpclient.netty.request.NettyRequestSender -- Using pooled Channel '[id: 0x981c4e6c, L:/127.0.0.1:6581 - R:localhost/127.0.0.1:4444]' for 'POST' to 'http://localhost:4444/wd/hub/session/74c098b9d25b920bfff2bf1aea86b669/window/maximize'
10:30:14.028 [Forwarding maximizeCurrentWindow on session 74c098b9d25b920bfff2bf1aea86b669 to remote] DEBUG org.asynchttpclient.netty.request.NettyRequestSender -- Using open Channel [id: 0x981c4e6c, L:/127.0.0.1:6581 - R:localhost/127.0.0.1:4444] for POST '/wd/hub/session/74c098b9d25b920bfff2bf1aea86b669/window/maximize'
10:30:14.057 [AsyncHttpClient-1-2] DEBUG org.asynchttpclient.netty.handler.HttpHandler -- 

Request DefaultHttpRequest(decodeResult: success, version: HTTP/1.1)
POST /wd/hub/session/74c098b9d25b920bfff2bf1aea86b669/window/maximize HTTP/1.1
User-Agent: selenium/4.1.3 (java windows)
traceparent: 00-c30112ecffa32e3308a28bc1012e1c2e-6891d9c5a83b5d88-01
Content-Length: 3
Content-Type: application/json; charset=utf-8
host: localhost:4444
accept: */*

Response DefaultHttpResponse(decodeResult: success, version: HTTP/1.1)
HTTP/1.1 200 OK
content-type: application/json; charset=utf-8
cache-control: no-cache
content-length: 52

10:30:14.057 [AsyncHttpClient-1-2] DEBUG org.asynchttpclient.netty.channel.ChannelManager -- Adding key: http://localhost:4444 for channel [id: 0x981c4e6c, L:/127.0.0.1:6581 - R:localhost/127.0.0.1:4444]
10:30:14.059 [Forwarding get on session 74c098b9d25b920bfff2bf1aea86b669 to remote] DEBUG org.asynchttpclient.netty.request.NettyRequestSender -- Using pooled Channel '[id: 0x981c4e6c, L:/127.0.0.1:6581 - R:localhost/127.0.0.1:4444]' for 'POST' to 'http://localhost:4444/wd/hub/session/74c098b9d25b920bfff2bf1aea86b669/url'
10:30:14.059 [Forwarding get on session 74c098b9d25b920bfff2bf1aea86b669 to remote] DEBUG org.asynchttpclient.netty.request.NettyRequestSender -- Using open Channel [id: 0x981c4e6c, L:/127.0.0.1:6581 - R:localhost/127.0.0.1:4444] for POST '/wd/hub/session/74c098b9d25b920bfff2bf1aea86b669/url'
10:30:17.211 [AsyncHttpClient-1-2] DEBUG org.asynchttpclient.netty.handler.HttpHandler -- 

Request DefaultHttpRequest(decodeResult: success, version: HTTP/1.1)
POST /wd/hub/session/74c098b9d25b920bfff2bf1aea86b669/url HTTP/1.1
User-Agent: selenium/4.1.3 (java windows)
traceparent: 00-58ce0b367cd4a2d6f2976e99afb7f22f-f1d58021837e22ab-01
Content-Length: 57
Content-Type: application/json; charset=utf-8
host: localhost:4444
accept: */*

Response DefaultHttpResponse(decodeResult: success, version: HTTP/1.1)
HTTP/1.1 200 OK
content-type: application/json; charset=utf-8
cache-control: no-cache
content-length: 14

10:30:17.211 [AsyncHttpClient-1-2] DEBUG org.asynchttpclient.netty.channel.ChannelManager -- Adding key: http://localhost:4444 for channel [id: 0x981c4e6c, L:/127.0.0.1:6581 - R:localhost/127.0.0.1:4444]
10:30:17.212 [Forwarding getCurrentUrl on session 74c098b9d25b920bfff2bf1aea86b669 to remote] DEBUG org.asynchttpclient.netty.request.NettyRequestSender -- Using pooled Channel '[id: 0x981c4e6c, L:/127.0.0.1:6581 - R:localhost/127.0.0.1:4444]' for 'GET' to 'http://localhost:4444/wd/hub/session/74c098b9d25b920bfff2bf1aea86b669/url'
10:30:17.212 [Forwarding getCurrentUrl on session 74c098b9d25b920bfff2bf1aea86b669 to remote] DEBUG org.asynchttpclient.netty.request.NettyRequestSender -- Using open Channel [id: 0x981c4e6c, L:/127.0.0.1:6581 - R:localhost/127.0.0.1:4444] for GET '/wd/hub/session/74c098b9d25b920bfff2bf1aea86b669/url'
10:30:17.221 [AsyncHttpClient-1-2] DEBUG org.asynchttpclient.netty.handler.HttpHandler -- 

Request DefaultFullHttpRequest(decodeResult: success, version: HTTP/1.1, content: EmptyByteBufBE)
GET /wd/hub/session/74c098b9d25b920bfff2bf1aea86b669/url HTTP/1.1
User-Agent: selenium/4.1.3 (java windows)
Cache-Control: no-cache
traceparent: 00-300072fbf1dc7ad941ddddfa68f5457e-da410abc9cbd1953-01
Content-Type: application/json; charset=utf-8
host: localhost:4444
accept: */*

Response DefaultHttpResponse(decodeResult: success, version: HTTP/1.1)
HTTP/1.1 200 OK
content-type: application/json; charset=utf-8
cache-control: no-cache
content-length: 34

10:30:17.221 [AsyncHttpClient-1-2] DEBUG org.asynchttpclient.netty.channel.ChannelManager -- Adding key: http://localhost:4444 for channel [id: 0x981c4e6c, L:/127.0.0.1:6581 - R:localhost/127.0.0.1:4444]
10:30:17.222 [Forwarding findElement on session 74c098b9d25b920bfff2bf1aea86b669 to remote] DEBUG org.asynchttpclient.netty.request.NettyRequestSender -- Using pooled Channel '[id: 0x981c4e6c, L:/127.0.0.1:6581 - R:localhost/127.0.0.1:4444]' for 'POST' to 'http://localhost:4444/wd/hub/session/74c098b9d25b920bfff2bf1aea86b669/element'
10:30:17.222 [Forwarding findElement on session 74c098b9d25b920bfff2bf1aea86b669 to remote] DEBUG org.asynchttpclient.netty.request.NettyRequestSender -- Using open Channel [id: 0x981c4e6c, L:/127.0.0.1:6581 - R:localhost/127.0.0.1:4444] for POST '/wd/hub/session/74c098b9d25b920bfff2bf1aea86b669/element'
10:30:17.234 [AsyncHttpClient-1-2] DEBUG org.asynchttpclient.netty.handler.HttpHandler -- 

Request DefaultHttpRequest(decodeResult: success, version: HTTP/1.1)
POST /wd/hub/session/74c098b9d25b920bfff2bf1aea86b669/element HTTP/1.1
User-Agent: selenium/4.1.3 (java windows)
traceparent: 00-074f43c604403fd4586abbe4e8010efc-b5215bae5d59892e-01
Content-Length: 79
Content-Type: application/json; charset=utf-8
host: localhost:4444
accept: */*

Response DefaultHttpResponse(decodeResult: success, version: HTTP/1.1)
HTTP/1.1 200 OK
content-type: application/json; charset=utf-8
cache-control: no-cache
content-length: 127

10:30:17.234 [AsyncHttpClient-1-2] DEBUG org.asynchttpclient.netty.channel.ChannelManager -- Adding key: http://localhost:4444 for channel [id: 0x981c4e6c, L:/127.0.0.1:6581 - R:localhost/127.0.0.1:4444]
10:30:17.236 [Forwarding isElementDisplayed on session 74c098b9d25b920bfff2bf1aea86b669 to remote] DEBUG org.asynchttpclient.netty.request.NettyRequestSender -- Using pooled Channel '[id: 0x981c4e6c, L:/127.0.0.1:6581 - R:localhost/127.0.0.1:4444]' for 'POST' to 'http://localhost:4444/wd/hub/session/74c098b9d25b920bfff2bf1aea86b669/execute/sync'
10:30:17.236 [Forwarding isElementDisplayed on session 74c098b9d25b920bfff2bf1aea86b669 to remote] DEBUG org.asynchttpclient.netty.request.NettyRequestSender -- Using open Channel [id: 0x981c4e6c, L:/127.0.0.1:6581 - R:localhost/127.0.0.1:4444] for POST '/wd/hub/session/74c098b9d25b920bfff2bf1aea86b669/execute/sync'
10:30:17.251 [AsyncHttpClient-1-2] DEBUG org.asynchttpclient.netty.handler.HttpHandler -- 

Request DefaultHttpRequest(decodeResult: success, version: HTTP/1.1)
POST /wd/hub/session/74c098b9d25b920bfff2bf1aea86b669/execute/sync HTTP/1.1
User-Agent: selenium/4.1.3 (java windows)
traceparent: 00-5483b87f17f15725a60fb8c9ceb20388-9b96f50556bef46c-01
Content-Length: 48819
Content-Type: application/json; charset=utf-8
host: localhost:4444
accept: */*

Response DefaultHttpResponse(decodeResult: success, version: HTTP/1.1)
HTTP/1.1 200 OK
content-type: application/json; charset=utf-8
cache-control: no-cache
content-length: 14

10:30:17.251 [AsyncHttpClient-1-2] DEBUG org.asynchttpclient.netty.channel.ChannelManager -- Adding key: http://localhost:4444 for channel [id: 0x981c4e6c, L:/127.0.0.1:6581 - R:localhost/127.0.0.1:4444]
10:30:18.215 [AsyncHttpClient-1-1] DEBUG org.asynchttpclient.netty.channel.DefaultChannelPool -- Entry count for : http://localhost:4444 : 1
10:30:19.258 [Forwarding findElement on session 74c098b9d25b920bfff2bf1aea86b669 to remote] DEBUG org.asynchttpclient.netty.request.NettyRequestSender -- Using pooled Channel '[id: 0x981c4e6c, L:/127.0.0.1:6581 - R:localhost/127.0.0.1:4444]' for 'POST' to 'http://localhost:4444/wd/hub/session/74c098b9d25b920bfff2bf1aea86b669/element'
10:30:19.258 [Forwarding findElement on session 74c098b9d25b920bfff2bf1aea86b669 to remote] DEBUG org.asynchttpclient.netty.request.NettyRequestSender -- Using open Channel [id: 0x981c4e6c, L:/127.0.0.1:6581 - R:localhost/127.0.0.1:4444] for POST '/wd/hub/session/74c098b9d25b920bfff2bf1aea86b669/element'
10:30:19.271 [AsyncHttpClient-1-2] DEBUG org.asynchttpclient.netty.handler.HttpHandler -- 

Request DefaultHttpRequest(decodeResult: success, version: HTTP/1.1)
POST /wd/hub/session/74c098b9d25b920bfff2bf1aea86b669/element HTTP/1.1
User-Agent: selenium/4.1.3 (java windows)
traceparent: 00-bd355ca5e17b4f611087402e89849a2d-dc084f35bdb723c0-01
Content-Length: 79
Content-Type: application/json; charset=utf-8
host: localhost:4444
accept: */*

Response DefaultHttpResponse(decodeResult: success, version: HTTP/1.1)
HTTP/1.1 200 OK
content-type: application/json; charset=utf-8
cache-control: no-cache
content-length: 127

10:30:19.271 [AsyncHttpClient-1-2] DEBUG org.asynchttpclient.netty.channel.ChannelManager -- Adding key: http://localhost:4444 for channel [id: 0x981c4e6c, L:/127.0.0.1:6581 - R:localhost/127.0.0.1:4444]
10:30:19.272 [Forwarding clickElement on session 74c098b9d25b920bfff2bf1aea86b669 to remote] DEBUG org.asynchttpclient.netty.request.NettyRequestSender -- Using pooled Channel '[id: 0x981c4e6c, L:/127.0.0.1:6581 - R:localhost/127.0.0.1:4444]' for 'POST' to 'http://localhost:4444/wd/hub/session/74c098b9d25b920bfff2bf1aea86b669/element/f.D5DD499912BB9821830EED4D91F47218.d.88F83B3784F82FBBDC4591A74CA0CCD2.e.105/click'
10:30:19.272 [Forwarding clickElement on session 74c098b9d25b920bfff2bf1aea86b669 to remote] DEBUG org.asynchttpclient.netty.request.NettyRequestSender -- Using open Channel [id: 0x981c4e6c, L:/127.0.0.1:6581 - R:localhost/127.0.0.1:4444] for POST '/wd/hub/session/74c098b9d25b920bfff2bf1aea86b669/element/f.D5DD499912BB9821830EED4D91F47218.d.88F83B3784F82FBBDC4591A74CA0CCD2.e.105/click'
10:30:19.322 [AsyncHttpClient-1-2] DEBUG org.asynchttpclient.netty.handler.HttpHandler -- 

Request DefaultHttpRequest(decodeResult: success, version: HTTP/1.1)
POST /wd/hub/session/74c098b9d25b920bfff2bf1aea86b669/element/f.D5DD499912BB9821830EED4D91F47218.d.88F83B3784F82FBBDC4591A74CA0CCD2.e.105/click HTTP/1.1
User-Agent: selenium/4.1.3 (java windows)
traceparent: 00-bae75426a9f8da799dfa97f4179846b0-9100e9423e0cb573-01
Content-Length: 89
Content-Type: application/json; charset=utf-8
host: localhost:4444
accept: */*

Response DefaultHttpResponse(decodeResult: success, version: HTTP/1.1)
HTTP/1.1 200 OK
content-type: application/json; charset=utf-8
cache-control: no-cache
content-length: 14

10:30:19.322 [AsyncHttpClient-1-2] DEBUG org.asynchttpclient.netty.channel.ChannelManager -- Adding key: http://localhost:4444 for channel [id: 0x981c4e6c, L:/127.0.0.1:6581 - R:localhost/127.0.0.1:4444]
]]></system-out>
    <system-err><![CDATA[Aug 29, 2024 10:30:14 AM org.openqa.selenium.remote.ProtocolHandshake createSession
INFO: Detected dialect: W3C
]]></system-err>
  </testcase>
  <testcase name="runScenario[&quot;Verify that Chat button show Properly&quot;, &quot;Optional[Verify Brikroy.com Website work properly]&quot;](4)" classname="TestRunner.TestRunner" time="4.377">
    <system-out><![CDATA[10:30:19.336 [Forwarding newSession on session null to remote] DEBUG org.asynchttpclient.netty.request.NettyRequestSender -- Using pooled Channel '[id: 0x981c4e6c, L:/127.0.0.1:6581 - R:localhost/127.0.0.1:4444]' for 'POST' to 'http://localhost:4444/wd/hub/session'
10:30:19.337 [Forwarding newSession on session null to remote] DEBUG org.asynchttpclient.netty.request.NettyRequestSender -- Using open Channel [id: 0x981c4e6c, L:/127.0.0.1:6581 - R:localhost/127.0.0.1:4444] for POST '/wd/hub/session'
10:30:20.060 [AsyncHttpClient-1-2] DEBUG org.asynchttpclient.netty.handler.HttpHandler -- 

Request DefaultHttpRequest(decodeResult: success, version: HTTP/1.1)
POST /wd/hub/session HTTP/1.1
User-Agent: selenium/4.1.3 (java windows)
traceparent: 00-c35e7274b23ec2575f3875001dd1d0ef-479c4561283feb13-01
Content-Length: 341
Content-Type: application/json; charset=utf-8
host: localhost:4444
accept: */*

Response DefaultHttpResponse(decodeResult: success, version: HTTP/1.1)
HTTP/1.1 200 OK
Cache-Control: no-cache
Content-Type: application/json; charset=utf-8
content-length: 1349

10:30:20.061 [AsyncHttpClient-1-2] DEBUG org.asynchttpclient.netty.channel.ChannelManager -- Adding key: http://localhost:4444 for channel [id: 0x981c4e6c, L:/127.0.0.1:6581 - R:localhost/127.0.0.1:4444]
10:30:20.065 [Forwarding setTimeout on session 695adbcfed60105e9cd9f74831d1ba5f to remote] DEBUG org.asynchttpclient.netty.request.NettyRequestSender -- Using pooled Channel '[id: 0x981c4e6c, L:/127.0.0.1:6581 - R:localhost/127.0.0.1:4444]' for 'POST' to 'http://localhost:4444/wd/hub/session/695adbcfed60105e9cd9f74831d1ba5f/timeouts'
10:30:20.065 [Forwarding setTimeout on session 695adbcfed60105e9cd9f74831d1ba5f to remote] DEBUG org.asynchttpclient.netty.request.NettyRequestSender -- Using open Channel [id: 0x981c4e6c, L:/127.0.0.1:6581 - R:localhost/127.0.0.1:4444] for POST '/wd/hub/session/695adbcfed60105e9cd9f74831d1ba5f/timeouts'
10:30:20.071 [AsyncHttpClient-1-2] DEBUG org.asynchttpclient.netty.handler.HttpHandler -- 

Request DefaultHttpRequest(decodeResult: success, version: HTTP/1.1)
POST /wd/hub/session/695adbcfed60105e9cd9f74831d1ba5f/timeouts HTTP/1.1
User-Agent: selenium/4.1.3 (java windows)
traceparent: 00-6aaaaa3e7eff8198b1b3d80428623320-fc94ea8a33e23e5b-01
Content-Length: 22
Content-Type: application/json; charset=utf-8
host: localhost:4444
accept: */*

Response DefaultHttpResponse(decodeResult: success, version: HTTP/1.1)
HTTP/1.1 200 OK
content-type: application/json; charset=utf-8
cache-control: no-cache
content-length: 14

10:30:20.071 [AsyncHttpClient-1-2] DEBUG org.asynchttpclient.netty.channel.ChannelManager -- Adding key: http://localhost:4444 for channel [id: 0x981c4e6c, L:/127.0.0.1:6581 - R:localhost/127.0.0.1:4444]
10:30:20.072 [Forwarding maximizeCurrentWindow on session 695adbcfed60105e9cd9f74831d1ba5f to remote] DEBUG org.asynchttpclient.netty.request.NettyRequestSender -- Using pooled Channel '[id: 0x981c4e6c, L:/127.0.0.1:6581 - R:localhost/127.0.0.1:4444]' for 'POST' to 'http://localhost:4444/wd/hub/session/695adbcfed60105e9cd9f74831d1ba5f/window/maximize'
10:30:20.072 [Forwarding maximizeCurrentWindow on session 695adbcfed60105e9cd9f74831d1ba5f to remote] DEBUG org.asynchttpclient.netty.request.NettyRequestSender -- Using open Channel [id: 0x981c4e6c, L:/127.0.0.1:6581 - R:localhost/127.0.0.1:4444] for POST '/wd/hub/session/695adbcfed60105e9cd9f74831d1ba5f/window/maximize'
10:30:20.099 [AsyncHttpClient-1-2] DEBUG org.asynchttpclient.netty.handler.HttpHandler -- 

Request DefaultHttpRequest(decodeResult: success, version: HTTP/1.1)
POST /wd/hub/session/695adbcfed60105e9cd9f74831d1ba5f/window/maximize HTTP/1.1
User-Agent: selenium/4.1.3 (java windows)
traceparent: 00-49d61190f22dee6d94a5a06627c77e98-ae222205a5f69f87-01
Content-Length: 3
Content-Type: application/json; charset=utf-8
host: localhost:4444
accept: */*

Response DefaultHttpResponse(decodeResult: success, version: HTTP/1.1)
HTTP/1.1 200 OK
content-type: application/json; charset=utf-8
cache-control: no-cache
content-length: 52

10:30:20.099 [AsyncHttpClient-1-2] DEBUG org.asynchttpclient.netty.channel.ChannelManager -- Adding key: http://localhost:4444 for channel [id: 0x981c4e6c, L:/127.0.0.1:6581 - R:localhost/127.0.0.1:4444]
10:30:20.100 [Forwarding get on session 695adbcfed60105e9cd9f74831d1ba5f to remote] DEBUG org.asynchttpclient.netty.request.NettyRequestSender -- Using pooled Channel '[id: 0x981c4e6c, L:/127.0.0.1:6581 - R:localhost/127.0.0.1:4444]' for 'POST' to 'http://localhost:4444/wd/hub/session/695adbcfed60105e9cd9f74831d1ba5f/url'
10:30:20.100 [Forwarding get on session 695adbcfed60105e9cd9f74831d1ba5f to remote] DEBUG org.asynchttpclient.netty.request.NettyRequestSender -- Using open Channel [id: 0x981c4e6c, L:/127.0.0.1:6581 - R:localhost/127.0.0.1:4444] for POST '/wd/hub/session/695adbcfed60105e9cd9f74831d1ba5f/url'
10:30:23.586 [AsyncHttpClient-1-2] DEBUG org.asynchttpclient.netty.handler.HttpHandler -- 

Request DefaultHttpRequest(decodeResult: success, version: HTTP/1.1)
POST /wd/hub/session/695adbcfed60105e9cd9f74831d1ba5f/url HTTP/1.1
User-Agent: selenium/4.1.3 (java windows)
traceparent: 00-157ce9b571b420f9409426ea3cb495f6-a6b96b9bf69bf6ac-01
Content-Length: 57
Content-Type: application/json; charset=utf-8
host: localhost:4444
accept: */*

Response DefaultHttpResponse(decodeResult: success, version: HTTP/1.1)
HTTP/1.1 200 OK
content-type: application/json; charset=utf-8
cache-control: no-cache
content-length: 14

10:30:23.586 [AsyncHttpClient-1-2] DEBUG org.asynchttpclient.netty.channel.ChannelManager -- Adding key: http://localhost:4444 for channel [id: 0x981c4e6c, L:/127.0.0.1:6581 - R:localhost/127.0.0.1:4444]
10:30:23.587 [Forwarding getCurrentUrl on session 695adbcfed60105e9cd9f74831d1ba5f to remote] DEBUG org.asynchttpclient.netty.request.NettyRequestSender -- Using pooled Channel '[id: 0x981c4e6c, L:/127.0.0.1:6581 - R:localhost/127.0.0.1:4444]' for 'GET' to 'http://localhost:4444/wd/hub/session/695adbcfed60105e9cd9f74831d1ba5f/url'
10:30:23.587 [Forwarding getCurrentUrl on session 695adbcfed60105e9cd9f74831d1ba5f to remote] DEBUG org.asynchttpclient.netty.request.NettyRequestSender -- Using open Channel [id: 0x981c4e6c, L:/127.0.0.1:6581 - R:localhost/127.0.0.1:4444] for GET '/wd/hub/session/695adbcfed60105e9cd9f74831d1ba5f/url'
10:30:23.594 [AsyncHttpClient-1-2] DEBUG org.asynchttpclient.netty.handler.HttpHandler -- 

Request DefaultFullHttpRequest(decodeResult: success, version: HTTP/1.1, content: EmptyByteBufBE)
GET /wd/hub/session/695adbcfed60105e9cd9f74831d1ba5f/url HTTP/1.1
User-Agent: selenium/4.1.3 (java windows)
Cache-Control: no-cache
traceparent: 00-8974a3b78351ad8c184c6c471f2e5062-13be08cc922ffdae-01
Content-Type: application/json; charset=utf-8
host: localhost:4444
accept: */*

Response DefaultHttpResponse(decodeResult: success, version: HTTP/1.1)
HTTP/1.1 200 OK
content-type: application/json; charset=utf-8
cache-control: no-cache
content-length: 34

10:30:23.594 [AsyncHttpClient-1-2] DEBUG org.asynchttpclient.netty.channel.ChannelManager -- Adding key: http://localhost:4444 for channel [id: 0x981c4e6c, L:/127.0.0.1:6581 - R:localhost/127.0.0.1:4444]
10:30:23.595 [Forwarding findElement on session 695adbcfed60105e9cd9f74831d1ba5f to remote] DEBUG org.asynchttpclient.netty.request.NettyRequestSender -- Using pooled Channel '[id: 0x981c4e6c, L:/127.0.0.1:6581 - R:localhost/127.0.0.1:4444]' for 'POST' to 'http://localhost:4444/wd/hub/session/695adbcfed60105e9cd9f74831d1ba5f/element'
10:30:23.596 [Forwarding findElement on session 695adbcfed60105e9cd9f74831d1ba5f to remote] DEBUG org.asynchttpclient.netty.request.NettyRequestSender -- Using open Channel [id: 0x981c4e6c, L:/127.0.0.1:6581 - R:localhost/127.0.0.1:4444] for POST '/wd/hub/session/695adbcfed60105e9cd9f74831d1ba5f/element'
10:30:23.606 [AsyncHttpClient-1-2] DEBUG org.asynchttpclient.netty.handler.HttpHandler -- 

Request DefaultHttpRequest(decodeResult: success, version: HTTP/1.1)
POST /wd/hub/session/695adbcfed60105e9cd9f74831d1ba5f/element HTTP/1.1
User-Agent: selenium/4.1.3 (java windows)
traceparent: 00-ca60bbf6779cc09837b7f2b25e937dc5-2044d63f09cc849e-01
Content-Length: 70
Content-Type: application/json; charset=utf-8
host: localhost:4444
accept: */*

Response DefaultHttpResponse(decodeResult: success, version: HTTP/1.1)
HTTP/1.1 200 OK
content-type: application/json; charset=utf-8
cache-control: no-cache
content-length: 127

10:30:23.606 [AsyncHttpClient-1-2] DEBUG org.asynchttpclient.netty.channel.ChannelManager -- Adding key: http://localhost:4444 for channel [id: 0x981c4e6c, L:/127.0.0.1:6581 - R:localhost/127.0.0.1:4444]
10:30:23.608 [Forwarding isElementDisplayed on session 695adbcfed60105e9cd9f74831d1ba5f to remote] DEBUG org.asynchttpclient.netty.request.NettyRequestSender -- Using pooled Channel '[id: 0x981c4e6c, L:/127.0.0.1:6581 - R:localhost/127.0.0.1:4444]' for 'POST' to 'http://localhost:4444/wd/hub/session/695adbcfed60105e9cd9f74831d1ba5f/execute/sync'
10:30:23.609 [Forwarding isElementDisplayed on session 695adbcfed60105e9cd9f74831d1ba5f to remote] DEBUG org.asynchttpclient.netty.request.NettyRequestSender -- Using open Channel [id: 0x981c4e6c, L:/127.0.0.1:6581 - R:localhost/127.0.0.1:4444] for POST '/wd/hub/session/695adbcfed60105e9cd9f74831d1ba5f/execute/sync'
10:30:23.620 [AsyncHttpClient-1-2] DEBUG org.asynchttpclient.netty.handler.HttpHandler -- 

Request DefaultHttpRequest(decodeResult: success, version: HTTP/1.1)
POST /wd/hub/session/695adbcfed60105e9cd9f74831d1ba5f/execute/sync HTTP/1.1
User-Agent: selenium/4.1.3 (java windows)
traceparent: 00-853ae8deb57044d205be8b848f597fbe-180450f0dfe3c841-01
Content-Length: 48819
Content-Type: application/json; charset=utf-8
host: localhost:4444
accept: */*

Response DefaultHttpResponse(decodeResult: success, version: HTTP/1.1)
HTTP/1.1 200 OK
content-type: application/json; charset=utf-8
cache-control: no-cache
content-length: 14

10:30:23.621 [AsyncHttpClient-1-2] DEBUG org.asynchttpclient.netty.channel.ChannelManager -- Adding key: http://localhost:4444 for channel [id: 0x981c4e6c, L:/127.0.0.1:6581 - R:localhost/127.0.0.1:4444]
10:30:23.622 [Forwarding findElement on session 695adbcfed60105e9cd9f74831d1ba5f to remote] DEBUG org.asynchttpclient.netty.request.NettyRequestSender -- Using pooled Channel '[id: 0x981c4e6c, L:/127.0.0.1:6581 - R:localhost/127.0.0.1:4444]' for 'POST' to 'http://localhost:4444/wd/hub/session/695adbcfed60105e9cd9f74831d1ba5f/element'
10:30:23.622 [Forwarding findElement on session 695adbcfed60105e9cd9f74831d1ba5f to remote] DEBUG org.asynchttpclient.netty.request.NettyRequestSender -- Using open Channel [id: 0x981c4e6c, L:/127.0.0.1:6581 - R:localhost/127.0.0.1:4444] for POST '/wd/hub/session/695adbcfed60105e9cd9f74831d1ba5f/element'
10:30:23.631 [AsyncHttpClient-1-2] DEBUG org.asynchttpclient.netty.handler.HttpHandler -- 

Request DefaultHttpRequest(decodeResult: success, version: HTTP/1.1)
POST /wd/hub/session/695adbcfed60105e9cd9f74831d1ba5f/element HTTP/1.1
User-Agent: selenium/4.1.3 (java windows)
traceparent: 00-e700c361855525d866aef173e92883c4-f95043d13f1259ca-01
Content-Length: 70
Content-Type: application/json; charset=utf-8
host: localhost:4444
accept: */*

Response DefaultHttpResponse(decodeResult: success, version: HTTP/1.1)
HTTP/1.1 200 OK
content-type: application/json; charset=utf-8
cache-control: no-cache
content-length: 127

10:30:23.631 [AsyncHttpClient-1-2] DEBUG org.asynchttpclient.netty.channel.ChannelManager -- Adding key: http://localhost:4444 for channel [id: 0x981c4e6c, L:/127.0.0.1:6581 - R:localhost/127.0.0.1:4444]
10:30:23.632 [Forwarding clickElement on session 695adbcfed60105e9cd9f74831d1ba5f to remote] DEBUG org.asynchttpclient.netty.request.NettyRequestSender -- Using pooled Channel '[id: 0x981c4e6c, L:/127.0.0.1:6581 - R:localhost/127.0.0.1:4444]' for 'POST' to 'http://localhost:4444/wd/hub/session/695adbcfed60105e9cd9f74831d1ba5f/element/f.D32A876CD9BC84D071307B02306F74E5.d.07EBB8246264C750240BEE632B2566D9.e.105/click'
10:30:23.632 [Forwarding clickElement on session 695adbcfed60105e9cd9f74831d1ba5f to remote] DEBUG org.asynchttpclient.netty.request.NettyRequestSender -- Using open Channel [id: 0x981c4e6c, L:/127.0.0.1:6581 - R:localhost/127.0.0.1:4444] for POST '/wd/hub/session/695adbcfed60105e9cd9f74831d1ba5f/element/f.D32A876CD9BC84D071307B02306F74E5.d.07EBB8246264C750240BEE632B2566D9.e.105/click'
10:30:23.691 [AsyncHttpClient-1-2] DEBUG org.asynchttpclient.netty.handler.HttpHandler -- 

Request DefaultHttpRequest(decodeResult: success, version: HTTP/1.1)
POST /wd/hub/session/695adbcfed60105e9cd9f74831d1ba5f/element/f.D32A876CD9BC84D071307B02306F74E5.d.07EBB8246264C750240BEE632B2566D9.e.105/click HTTP/1.1
User-Agent: selenium/4.1.3 (java windows)
traceparent: 00-863ba8b2f197b6acdc18f8086dd24a76-6aff2e2f0a698dd4-01
Content-Length: 89
Content-Type: application/json; charset=utf-8
host: localhost:4444
accept: */*

Response DefaultHttpResponse(decodeResult: success, version: HTTP/1.1)
HTTP/1.1 200 OK
content-type: application/json; charset=utf-8
cache-control: no-cache
content-length: 14

10:30:23.691 [AsyncHttpClient-1-2] DEBUG org.asynchttpclient.netty.channel.ChannelManager -- Adding key: http://localhost:4444 for channel [id: 0x981c4e6c, L:/127.0.0.1:6581 - R:localhost/127.0.0.1:4444]
]]></system-out>
    <system-err><![CDATA[Aug 29, 2024 10:30:20 AM org.openqa.selenium.remote.ProtocolHandshake createSession
INFO: Detected dialect: W3C
]]></system-err>
  </testcase>
  <testcase name="runScenario[&quot;Verify that Login button show Properly&quot;, &quot;Optional[Verify Brikroy.com Website work properly]&quot;](5)" classname="TestRunner.TestRunner" time="5.785">
    <system-out><![CDATA[10:30:23.707 [Forwarding newSession on session null to remote] DEBUG org.asynchttpclient.netty.request.NettyRequestSender -- Using pooled Channel '[id: 0x981c4e6c, L:/127.0.0.1:6581 - R:localhost/127.0.0.1:4444]' for 'POST' to 'http://localhost:4444/wd/hub/session'
10:30:23.707 [Forwarding newSession on session null to remote] DEBUG org.asynchttpclient.netty.request.NettyRequestSender -- Using open Channel [id: 0x981c4e6c, L:/127.0.0.1:6581 - R:localhost/127.0.0.1:4444] for POST '/wd/hub/session'
10:30:24.436 [AsyncHttpClient-1-2] DEBUG org.asynchttpclient.netty.handler.HttpHandler -- 

Request DefaultHttpRequest(decodeResult: success, version: HTTP/1.1)
POST /wd/hub/session HTTP/1.1
User-Agent: selenium/4.1.3 (java windows)
traceparent: 00-60d2b7ca71fc7ed9d3ebfa47f6215759-b8745b79f54b9578-01
Content-Length: 341
Content-Type: application/json; charset=utf-8
host: localhost:4444
accept: */*

Response DefaultHttpResponse(decodeResult: success, version: HTTP/1.1)
HTTP/1.1 200 OK
Cache-Control: no-cache
Content-Type: application/json; charset=utf-8
content-length: 1349

10:30:24.436 [AsyncHttpClient-1-2] DEBUG org.asynchttpclient.netty.channel.ChannelManager -- Adding key: http://localhost:4444 for channel [id: 0x981c4e6c, L:/127.0.0.1:6581 - R:localhost/127.0.0.1:4444]
10:30:24.441 [Forwarding setTimeout on session eada1020eef77b566214bd0afa7f71ef to remote] DEBUG org.asynchttpclient.netty.request.NettyRequestSender -- Using pooled Channel '[id: 0x981c4e6c, L:/127.0.0.1:6581 - R:localhost/127.0.0.1:4444]' for 'POST' to 'http://localhost:4444/wd/hub/session/eada1020eef77b566214bd0afa7f71ef/timeouts'
10:30:24.441 [Forwarding setTimeout on session eada1020eef77b566214bd0afa7f71ef to remote] DEBUG org.asynchttpclient.netty.request.NettyRequestSender -- Using open Channel [id: 0x981c4e6c, L:/127.0.0.1:6581 - R:localhost/127.0.0.1:4444] for POST '/wd/hub/session/eada1020eef77b566214bd0afa7f71ef/timeouts'
10:30:24.447 [AsyncHttpClient-1-2] DEBUG org.asynchttpclient.netty.handler.HttpHandler -- 

Request DefaultHttpRequest(decodeResult: success, version: HTTP/1.1)
POST /wd/hub/session/eada1020eef77b566214bd0afa7f71ef/timeouts HTTP/1.1
User-Agent: selenium/4.1.3 (java windows)
traceparent: 00-94f53409c62272036f7c2ce2bf6fc5b3-40c48fe69a32d86f-01
Content-Length: 22
Content-Type: application/json; charset=utf-8
host: localhost:4444
accept: */*

Response DefaultHttpResponse(decodeResult: success, version: HTTP/1.1)
HTTP/1.1 200 OK
content-type: application/json; charset=utf-8
cache-control: no-cache
content-length: 14

10:30:24.447 [AsyncHttpClient-1-2] DEBUG org.asynchttpclient.netty.channel.ChannelManager -- Adding key: http://localhost:4444 for channel [id: 0x981c4e6c, L:/127.0.0.1:6581 - R:localhost/127.0.0.1:4444]
10:30:24.448 [Forwarding maximizeCurrentWindow on session eada1020eef77b566214bd0afa7f71ef to remote] DEBUG org.asynchttpclient.netty.request.NettyRequestSender -- Using pooled Channel '[id: 0x981c4e6c, L:/127.0.0.1:6581 - R:localhost/127.0.0.1:4444]' for 'POST' to 'http://localhost:4444/wd/hub/session/eada1020eef77b566214bd0afa7f71ef/window/maximize'
10:30:24.449 [Forwarding maximizeCurrentWindow on session eada1020eef77b566214bd0afa7f71ef to remote] DEBUG org.asynchttpclient.netty.request.NettyRequestSender -- Using open Channel [id: 0x981c4e6c, L:/127.0.0.1:6581 - R:localhost/127.0.0.1:4444] for POST '/wd/hub/session/eada1020eef77b566214bd0afa7f71ef/window/maximize'
10:30:24.472 [AsyncHttpClient-1-2] DEBUG org.asynchttpclient.netty.handler.HttpHandler -- 

Request DefaultHttpRequest(decodeResult: success, version: HTTP/1.1)
POST /wd/hub/session/eada1020eef77b566214bd0afa7f71ef/window/maximize HTTP/1.1
User-Agent: selenium/4.1.3 (java windows)
traceparent: 00-3db0acb533c0819bb10540e4aa759602-14431e9008f0af58-01
Content-Length: 3
Content-Type: application/json; charset=utf-8
host: localhost:4444
accept: */*

Response DefaultHttpResponse(decodeResult: success, version: HTTP/1.1)
HTTP/1.1 200 OK
content-type: application/json; charset=utf-8
cache-control: no-cache
content-length: 52

10:30:24.472 [AsyncHttpClient-1-2] DEBUG org.asynchttpclient.netty.channel.ChannelManager -- Adding key: http://localhost:4444 for channel [id: 0x981c4e6c, L:/127.0.0.1:6581 - R:localhost/127.0.0.1:4444]
10:30:24.474 [Forwarding get on session eada1020eef77b566214bd0afa7f71ef to remote] DEBUG org.asynchttpclient.netty.request.NettyRequestSender -- Using pooled Channel '[id: 0x981c4e6c, L:/127.0.0.1:6581 - R:localhost/127.0.0.1:4444]' for 'POST' to 'http://localhost:4444/wd/hub/session/eada1020eef77b566214bd0afa7f71ef/url'
10:30:24.474 [Forwarding get on session eada1020eef77b566214bd0afa7f71ef to remote] DEBUG org.asynchttpclient.netty.request.NettyRequestSender -- Using open Channel [id: 0x981c4e6c, L:/127.0.0.1:6581 - R:localhost/127.0.0.1:4444] for POST '/wd/hub/session/eada1020eef77b566214bd0afa7f71ef/url'
10:30:27.376 [AsyncHttpClient-1-2] DEBUG org.asynchttpclient.netty.handler.HttpHandler -- 

Request DefaultHttpRequest(decodeResult: success, version: HTTP/1.1)
POST /wd/hub/session/eada1020eef77b566214bd0afa7f71ef/url HTTP/1.1
User-Agent: selenium/4.1.3 (java windows)
traceparent: 00-8f1aa1c19fef030d0a1cfb38743cab45-057a90cefdcead8a-01
Content-Length: 57
Content-Type: application/json; charset=utf-8
host: localhost:4444
accept: */*

Response DefaultHttpResponse(decodeResult: success, version: HTTP/1.1)
HTTP/1.1 200 OK
content-type: application/json; charset=utf-8
cache-control: no-cache
content-length: 14

10:30:27.376 [AsyncHttpClient-1-2] DEBUG org.asynchttpclient.netty.channel.ChannelManager -- Adding key: http://localhost:4444 for channel [id: 0x981c4e6c, L:/127.0.0.1:6581 - R:localhost/127.0.0.1:4444]
10:30:27.377 [Forwarding getCurrentUrl on session eada1020eef77b566214bd0afa7f71ef to remote] DEBUG org.asynchttpclient.netty.request.NettyRequestSender -- Using pooled Channel '[id: 0x981c4e6c, L:/127.0.0.1:6581 - R:localhost/127.0.0.1:4444]' for 'GET' to 'http://localhost:4444/wd/hub/session/eada1020eef77b566214bd0afa7f71ef/url'
10:30:27.377 [Forwarding getCurrentUrl on session eada1020eef77b566214bd0afa7f71ef to remote] DEBUG org.asynchttpclient.netty.request.NettyRequestSender -- Using open Channel [id: 0x981c4e6c, L:/127.0.0.1:6581 - R:localhost/127.0.0.1:4444] for GET '/wd/hub/session/eada1020eef77b566214bd0afa7f71ef/url'
10:30:27.386 [AsyncHttpClient-1-2] DEBUG org.asynchttpclient.netty.handler.HttpHandler -- 

Request DefaultFullHttpRequest(decodeResult: success, version: HTTP/1.1, content: EmptyByteBufBE)
GET /wd/hub/session/eada1020eef77b566214bd0afa7f71ef/url HTTP/1.1
User-Agent: selenium/4.1.3 (java windows)
Cache-Control: no-cache
traceparent: 00-98065e92fe5498792cac484d23d0af89-174570bc74d30820-01
Content-Type: application/json; charset=utf-8
host: localhost:4444
accept: */*

Response DefaultHttpResponse(decodeResult: success, version: HTTP/1.1)
HTTP/1.1 200 OK
content-type: application/json; charset=utf-8
cache-control: no-cache
content-length: 34

10:30:27.386 [AsyncHttpClient-1-2] DEBUG org.asynchttpclient.netty.channel.ChannelManager -- Adding key: http://localhost:4444 for channel [id: 0x981c4e6c, L:/127.0.0.1:6581 - R:localhost/127.0.0.1:4444]
10:30:28.115 [AsyncHttpClient-1-1] DEBUG org.asynchttpclient.netty.channel.DefaultChannelPool -- Entry count for : http://localhost:4444 : 1
10:30:29.214 [AsyncHttpClient-1-1] DEBUG org.asynchttpclient.netty.channel.DefaultChannelPool -- Entry count for : http://localhost:4444 : 1
10:30:29.387 [Forwarding findElement on session eada1020eef77b566214bd0afa7f71ef to remote] DEBUG org.asynchttpclient.netty.request.NettyRequestSender -- Using pooled Channel '[id: 0x981c4e6c, L:/127.0.0.1:6581 - R:localhost/127.0.0.1:4444]' for 'POST' to 'http://localhost:4444/wd/hub/session/eada1020eef77b566214bd0afa7f71ef/element'
10:30:29.387 [Forwarding findElement on session eada1020eef77b566214bd0afa7f71ef to remote] DEBUG org.asynchttpclient.netty.request.NettyRequestSender -- Using open Channel [id: 0x981c4e6c, L:/127.0.0.1:6581 - R:localhost/127.0.0.1:4444] for POST '/wd/hub/session/eada1020eef77b566214bd0afa7f71ef/element'
10:30:29.401 [AsyncHttpClient-1-2] DEBUG org.asynchttpclient.netty.handler.HttpHandler -- 

Request DefaultHttpRequest(decodeResult: success, version: HTTP/1.1)
POST /wd/hub/session/eada1020eef77b566214bd0afa7f71ef/element HTTP/1.1
User-Agent: selenium/4.1.3 (java windows)
traceparent: 00-6d414d27022f0158b32bcc746e5a032a-371da577dc24259e-01
Content-Length: 71
Content-Type: application/json; charset=utf-8
host: localhost:4444
accept: */*

Response DefaultHttpResponse(decodeResult: success, version: HTTP/1.1)
HTTP/1.1 200 OK
content-type: application/json; charset=utf-8
cache-control: no-cache
content-length: 126

10:30:29.401 [AsyncHttpClient-1-2] DEBUG org.asynchttpclient.netty.channel.ChannelManager -- Adding key: http://localhost:4444 for channel [id: 0x981c4e6c, L:/127.0.0.1:6581 - R:localhost/127.0.0.1:4444]
10:30:29.404 [Forwarding isElementDisplayed on session eada1020eef77b566214bd0afa7f71ef to remote] DEBUG org.asynchttpclient.netty.request.NettyRequestSender -- Using pooled Channel '[id: 0x981c4e6c, L:/127.0.0.1:6581 - R:localhost/127.0.0.1:4444]' for 'POST' to 'http://localhost:4444/wd/hub/session/eada1020eef77b566214bd0afa7f71ef/execute/sync'
10:30:29.404 [Forwarding isElementDisplayed on session eada1020eef77b566214bd0afa7f71ef to remote] DEBUG org.asynchttpclient.netty.request.NettyRequestSender -- Using open Channel [id: 0x981c4e6c, L:/127.0.0.1:6581 - R:localhost/127.0.0.1:4444] for POST '/wd/hub/session/eada1020eef77b566214bd0afa7f71ef/execute/sync'
10:30:29.417 [AsyncHttpClient-1-2] DEBUG org.asynchttpclient.netty.handler.HttpHandler -- 

Request DefaultHttpRequest(decodeResult: success, version: HTTP/1.1)
POST /wd/hub/session/eada1020eef77b566214bd0afa7f71ef/execute/sync HTTP/1.1
User-Agent: selenium/4.1.3 (java windows)
traceparent: 00-14582170a4e9b5198afcf60b9fe50a14-404011765bae210c-01
Content-Length: 48818
Content-Type: application/json; charset=utf-8
host: localhost:4444
accept: */*

Response DefaultHttpResponse(decodeResult: success, version: HTTP/1.1)
HTTP/1.1 200 OK
content-type: application/json; charset=utf-8
cache-control: no-cache
content-length: 14

10:30:29.417 [AsyncHttpClient-1-2] DEBUG org.asynchttpclient.netty.channel.ChannelManager -- Adding key: http://localhost:4444 for channel [id: 0x981c4e6c, L:/127.0.0.1:6581 - R:localhost/127.0.0.1:4444]
10:30:29.419 [Forwarding findElement on session eada1020eef77b566214bd0afa7f71ef to remote] DEBUG org.asynchttpclient.netty.request.NettyRequestSender -- Using pooled Channel '[id: 0x981c4e6c, L:/127.0.0.1:6581 - R:localhost/127.0.0.1:4444]' for 'POST' to 'http://localhost:4444/wd/hub/session/eada1020eef77b566214bd0afa7f71ef/element'
10:30:29.419 [Forwarding findElement on session eada1020eef77b566214bd0afa7f71ef to remote] DEBUG org.asynchttpclient.netty.request.NettyRequestSender -- Using open Channel [id: 0x981c4e6c, L:/127.0.0.1:6581 - R:localhost/127.0.0.1:4444] for POST '/wd/hub/session/eada1020eef77b566214bd0afa7f71ef/element'
10:30:29.427 [AsyncHttpClient-1-2] DEBUG org.asynchttpclient.netty.handler.HttpHandler -- 

Request DefaultHttpRequest(decodeResult: success, version: HTTP/1.1)
POST /wd/hub/session/eada1020eef77b566214bd0afa7f71ef/element HTTP/1.1
User-Agent: selenium/4.1.3 (java windows)
traceparent: 00-7d0b04306b48a2e60e4368d816a96a43-9dc6c6c86c2ef073-01
Content-Length: 71
Content-Type: application/json; charset=utf-8
host: localhost:4444
accept: */*

Response DefaultHttpResponse(decodeResult: success, version: HTTP/1.1)
HTTP/1.1 200 OK
content-type: application/json; charset=utf-8
cache-control: no-cache
content-length: 126

10:30:29.427 [AsyncHttpClient-1-2] DEBUG org.asynchttpclient.netty.channel.ChannelManager -- Adding key: http://localhost:4444 for channel [id: 0x981c4e6c, L:/127.0.0.1:6581 - R:localhost/127.0.0.1:4444]
10:30:29.428 [Forwarding clickElement on session eada1020eef77b566214bd0afa7f71ef to remote] DEBUG org.asynchttpclient.netty.request.NettyRequestSender -- Using pooled Channel '[id: 0x981c4e6c, L:/127.0.0.1:6581 - R:localhost/127.0.0.1:4444]' for 'POST' to 'http://localhost:4444/wd/hub/session/eada1020eef77b566214bd0afa7f71ef/element/f.A49E577597425A6E4253CE9918516077.d.30B2897B4A051C0BDAA0EEEA3A30D29D.e.95/click'
10:30:29.428 [Forwarding clickElement on session eada1020eef77b566214bd0afa7f71ef to remote] DEBUG org.asynchttpclient.netty.request.NettyRequestSender -- Using open Channel [id: 0x981c4e6c, L:/127.0.0.1:6581 - R:localhost/127.0.0.1:4444] for POST '/wd/hub/session/eada1020eef77b566214bd0afa7f71ef/element/f.A49E577597425A6E4253CE9918516077.d.30B2897B4A051C0BDAA0EEEA3A30D29D.e.95/click'
10:30:29.478 [AsyncHttpClient-1-2] DEBUG org.asynchttpclient.netty.handler.HttpHandler -- 

Request DefaultHttpRequest(decodeResult: success, version: HTTP/1.1)
POST /wd/hub/session/eada1020eef77b566214bd0afa7f71ef/element/f.A49E577597425A6E4253CE9918516077.d.30B2897B4A051C0BDAA0EEEA3A30D29D.e.95/click HTTP/1.1
User-Agent: selenium/4.1.3 (java windows)
traceparent: 00-db37c915b84170b6917f41aed5701e6a-d53c4a1f0c906ac0-01
Content-Length: 88
Content-Type: application/json; charset=utf-8
host: localhost:4444
accept: */*

Response DefaultHttpResponse(decodeResult: success, version: HTTP/1.1)
HTTP/1.1 200 OK
content-type: application/json; charset=utf-8
cache-control: no-cache
content-length: 14

10:30:29.479 [AsyncHttpClient-1-2] DEBUG org.asynchttpclient.netty.channel.ChannelManager -- Adding key: http://localhost:4444 for channel [id: 0x981c4e6c, L:/127.0.0.1:6581 - R:localhost/127.0.0.1:4444]
]]></system-out>
    <system-err><![CDATA[Aug 29, 2024 10:30:24 AM org.openqa.selenium.remote.ProtocolHandshake createSession
INFO: Detected dialect: W3C
]]></system-err>
  </testcase>
  <testcase name="runScenario[&quot;Verify that POST YOUR AD button show Properly&quot;, &quot;Optional[Verify Brikroy.com Website work properly]&quot;](6)" classname="TestRunner.TestRunner" time="6.906">
    <system-out><![CDATA[10:30:29.495 [Forwarding newSession on session null to remote] DEBUG org.asynchttpclient.netty.request.NettyRequestSender -- Using pooled Channel '[id: 0x981c4e6c, L:/127.0.0.1:6581 - R:localhost/127.0.0.1:4444]' for 'POST' to 'http://localhost:4444/wd/hub/session'
10:30:29.495 [Forwarding newSession on session null to remote] DEBUG org.asynchttpclient.netty.request.NettyRequestSender -- Using open Channel [id: 0x981c4e6c, L:/127.0.0.1:6581 - R:localhost/127.0.0.1:4444] for POST '/wd/hub/session'
10:30:30.395 [AsyncHttpClient-1-2] DEBUG org.asynchttpclient.netty.handler.HttpHandler -- 

Request DefaultHttpRequest(decodeResult: success, version: HTTP/1.1)
POST /wd/hub/session HTTP/1.1
User-Agent: selenium/4.1.3 (java windows)
traceparent: 00-4c1d868d26f79031556fb66438c625ad-a31af121b9213063-01
Content-Length: 341
Content-Type: application/json; charset=utf-8
host: localhost:4444
accept: */*

Response DefaultHttpResponse(decodeResult: success, version: HTTP/1.1)
HTTP/1.1 200 OK
Cache-Control: no-cache
Content-Type: application/json; charset=utf-8
content-length: 1349

10:30:30.395 [AsyncHttpClient-1-2] DEBUG org.asynchttpclient.netty.channel.ChannelManager -- Adding key: http://localhost:4444 for channel [id: 0x981c4e6c, L:/127.0.0.1:6581 - R:localhost/127.0.0.1:4444]
10:30:30.399 [Forwarding setTimeout on session a8e1b38a37bb6b99eca173a7e34dff0d to remote] DEBUG org.asynchttpclient.netty.request.NettyRequestSender -- Using pooled Channel '[id: 0x981c4e6c, L:/127.0.0.1:6581 - R:localhost/127.0.0.1:4444]' for 'POST' to 'http://localhost:4444/wd/hub/session/a8e1b38a37bb6b99eca173a7e34dff0d/timeouts'
10:30:30.399 [Forwarding setTimeout on session a8e1b38a37bb6b99eca173a7e34dff0d to remote] DEBUG org.asynchttpclient.netty.request.NettyRequestSender -- Using open Channel [id: 0x981c4e6c, L:/127.0.0.1:6581 - R:localhost/127.0.0.1:4444] for POST '/wd/hub/session/a8e1b38a37bb6b99eca173a7e34dff0d/timeouts'
10:30:30.406 [AsyncHttpClient-1-2] DEBUG org.asynchttpclient.netty.handler.HttpHandler -- 

Request DefaultHttpRequest(decodeResult: success, version: HTTP/1.1)
POST /wd/hub/session/a8e1b38a37bb6b99eca173a7e34dff0d/timeouts HTTP/1.1
User-Agent: selenium/4.1.3 (java windows)
traceparent: 00-ca1ad9733364641fe170d9dcfe9c3a45-a19f032eb83928cb-01
Content-Length: 22
Content-Type: application/json; charset=utf-8
host: localhost:4444
accept: */*

Response DefaultHttpResponse(decodeResult: success, version: HTTP/1.1)
HTTP/1.1 200 OK
content-type: application/json; charset=utf-8
cache-control: no-cache
content-length: 14

10:30:30.406 [AsyncHttpClient-1-2] DEBUG org.asynchttpclient.netty.channel.ChannelManager -- Adding key: http://localhost:4444 for channel [id: 0x981c4e6c, L:/127.0.0.1:6581 - R:localhost/127.0.0.1:4444]
10:30:30.407 [Forwarding maximizeCurrentWindow on session a8e1b38a37bb6b99eca173a7e34dff0d to remote] DEBUG org.asynchttpclient.netty.request.NettyRequestSender -- Using pooled Channel '[id: 0x981c4e6c, L:/127.0.0.1:6581 - R:localhost/127.0.0.1:4444]' for 'POST' to 'http://localhost:4444/wd/hub/session/a8e1b38a37bb6b99eca173a7e34dff0d/window/maximize'
10:30:30.407 [Forwarding maximizeCurrentWindow on session a8e1b38a37bb6b99eca173a7e34dff0d to remote] DEBUG org.asynchttpclient.netty.request.NettyRequestSender -- Using open Channel [id: 0x981c4e6c, L:/127.0.0.1:6581 - R:localhost/127.0.0.1:4444] for POST '/wd/hub/session/a8e1b38a37bb6b99eca173a7e34dff0d/window/maximize'
10:30:30.438 [AsyncHttpClient-1-2] DEBUG org.asynchttpclient.netty.handler.HttpHandler -- 

Request DefaultHttpRequest(decodeResult: success, version: HTTP/1.1)
POST /wd/hub/session/a8e1b38a37bb6b99eca173a7e34dff0d/window/maximize HTTP/1.1
User-Agent: selenium/4.1.3 (java windows)
traceparent: 00-8e8baa852aae50c86aa669771d01dd4b-9fb71950a2921fc3-01
Content-Length: 3
Content-Type: application/json; charset=utf-8
host: localhost:4444
accept: */*

Response DefaultHttpResponse(decodeResult: success, version: HTTP/1.1)
HTTP/1.1 200 OK
content-type: application/json; charset=utf-8
cache-control: no-cache
content-length: 52

10:30:30.438 [AsyncHttpClient-1-2] DEBUG org.asynchttpclient.netty.channel.ChannelManager -- Adding key: http://localhost:4444 for channel [id: 0x981c4e6c, L:/127.0.0.1:6581 - R:localhost/127.0.0.1:4444]
10:30:30.439 [Forwarding get on session a8e1b38a37bb6b99eca173a7e34dff0d to remote] DEBUG org.asynchttpclient.netty.request.NettyRequestSender -- Using pooled Channel '[id: 0x981c4e6c, L:/127.0.0.1:6581 - R:localhost/127.0.0.1:4444]' for 'POST' to 'http://localhost:4444/wd/hub/session/a8e1b38a37bb6b99eca173a7e34dff0d/url'
10:30:30.439 [Forwarding get on session a8e1b38a37bb6b99eca173a7e34dff0d to remote] DEBUG org.asynchttpclient.netty.request.NettyRequestSender -- Using open Channel [id: 0x981c4e6c, L:/127.0.0.1:6581 - R:localhost/127.0.0.1:4444] for POST '/wd/hub/session/a8e1b38a37bb6b99eca173a7e34dff0d/url'
10:30:34.274 [AsyncHttpClient-1-2] DEBUG org.asynchttpclient.netty.handler.HttpHandler -- 

Request DefaultHttpRequest(decodeResult: success, version: HTTP/1.1)
POST /wd/hub/session/a8e1b38a37bb6b99eca173a7e34dff0d/url HTTP/1.1
User-Agent: selenium/4.1.3 (java windows)
traceparent: 00-aa880182af350730929db7ffa9ff8d82-1dcd849b873eccb7-01
Content-Length: 57
Content-Type: application/json; charset=utf-8
host: localhost:4444
accept: */*

Response DefaultHttpResponse(decodeResult: success, version: HTTP/1.1)
HTTP/1.1 200 OK
content-type: application/json; charset=utf-8
cache-control: no-cache
content-length: 14

10:30:34.274 [AsyncHttpClient-1-2] DEBUG org.asynchttpclient.netty.channel.ChannelManager -- Adding key: http://localhost:4444 for channel [id: 0x981c4e6c, L:/127.0.0.1:6581 - R:localhost/127.0.0.1:4444]
10:30:34.275 [Forwarding getCurrentUrl on session a8e1b38a37bb6b99eca173a7e34dff0d to remote] DEBUG org.asynchttpclient.netty.request.NettyRequestSender -- Using pooled Channel '[id: 0x981c4e6c, L:/127.0.0.1:6581 - R:localhost/127.0.0.1:4444]' for 'GET' to 'http://localhost:4444/wd/hub/session/a8e1b38a37bb6b99eca173a7e34dff0d/url'
10:30:34.275 [Forwarding getCurrentUrl on session a8e1b38a37bb6b99eca173a7e34dff0d to remote] DEBUG org.asynchttpclient.netty.request.NettyRequestSender -- Using open Channel [id: 0x981c4e6c, L:/127.0.0.1:6581 - R:localhost/127.0.0.1:4444] for GET '/wd/hub/session/a8e1b38a37bb6b99eca173a7e34dff0d/url'
10:30:34.284 [AsyncHttpClient-1-2] DEBUG org.asynchttpclient.netty.handler.HttpHandler -- 

Request DefaultFullHttpRequest(decodeResult: success, version: HTTP/1.1, content: EmptyByteBufBE)
GET /wd/hub/session/a8e1b38a37bb6b99eca173a7e34dff0d/url HTTP/1.1
User-Agent: selenium/4.1.3 (java windows)
Cache-Control: no-cache
traceparent: 00-87efaa00f432e227c984880bb6d1b6a0-26a7db253e5b7193-01
Content-Type: application/json; charset=utf-8
host: localhost:4444
accept: */*

Response DefaultHttpResponse(decodeResult: success, version: HTTP/1.1)
HTTP/1.1 200 OK
content-type: application/json; charset=utf-8
cache-control: no-cache
content-length: 34

10:30:34.284 [AsyncHttpClient-1-2] DEBUG org.asynchttpclient.netty.channel.ChannelManager -- Adding key: http://localhost:4444 for channel [id: 0x981c4e6c, L:/127.0.0.1:6581 - R:localhost/127.0.0.1:4444]
10:30:34.717 [AsyncHttpClient-1-1] DEBUG org.asynchttpclient.netty.channel.DefaultChannelPool -- Entry count for : http://localhost:4444 : 1
10:30:35.819 [AsyncHttpClient-1-1] DEBUG org.asynchttpclient.netty.channel.DefaultChannelPool -- Entry count for : http://localhost:4444 : 1
10:30:36.286 [Forwarding findElement on session a8e1b38a37bb6b99eca173a7e34dff0d to remote] DEBUG org.asynchttpclient.netty.request.NettyRequestSender -- Using pooled Channel '[id: 0x981c4e6c, L:/127.0.0.1:6581 - R:localhost/127.0.0.1:4444]' for 'POST' to 'http://localhost:4444/wd/hub/session/a8e1b38a37bb6b99eca173a7e34dff0d/element'
10:30:36.286 [Forwarding findElement on session a8e1b38a37bb6b99eca173a7e34dff0d to remote] DEBUG org.asynchttpclient.netty.request.NettyRequestSender -- Using open Channel [id: 0x981c4e6c, L:/127.0.0.1:6581 - R:localhost/127.0.0.1:4444] for POST '/wd/hub/session/a8e1b38a37bb6b99eca173a7e34dff0d/element'
10:30:36.300 [AsyncHttpClient-1-2] DEBUG org.asynchttpclient.netty.handler.HttpHandler -- 

Request DefaultHttpRequest(decodeResult: success, version: HTTP/1.1)
POST /wd/hub/session/a8e1b38a37bb6b99eca173a7e34dff0d/element HTTP/1.1
User-Agent: selenium/4.1.3 (java windows)
traceparent: 00-3bd5cb54e57c011eaef52918c67e55a3-43006998c84d310e-01
Content-Length: 89
Content-Type: application/json; charset=utf-8
host: localhost:4444
accept: */*

Response DefaultHttpResponse(decodeResult: success, version: HTTP/1.1)
HTTP/1.1 200 OK
content-type: application/json; charset=utf-8
cache-control: no-cache
content-length: 127

10:30:36.300 [AsyncHttpClient-1-2] DEBUG org.asynchttpclient.netty.channel.ChannelManager -- Adding key: http://localhost:4444 for channel [id: 0x981c4e6c, L:/127.0.0.1:6581 - R:localhost/127.0.0.1:4444]
10:30:36.302 [Forwarding isElementDisplayed on session a8e1b38a37bb6b99eca173a7e34dff0d to remote] DEBUG org.asynchttpclient.netty.request.NettyRequestSender -- Using pooled Channel '[id: 0x981c4e6c, L:/127.0.0.1:6581 - R:localhost/127.0.0.1:4444]' for 'POST' to 'http://localhost:4444/wd/hub/session/a8e1b38a37bb6b99eca173a7e34dff0d/execute/sync'
10:30:36.302 [Forwarding isElementDisplayed on session a8e1b38a37bb6b99eca173a7e34dff0d to remote] DEBUG org.asynchttpclient.netty.request.NettyRequestSender -- Using open Channel [id: 0x981c4e6c, L:/127.0.0.1:6581 - R:localhost/127.0.0.1:4444] for POST '/wd/hub/session/a8e1b38a37bb6b99eca173a7e34dff0d/execute/sync'
10:30:36.314 [AsyncHttpClient-1-2] DEBUG org.asynchttpclient.netty.handler.HttpHandler -- 

Request DefaultHttpRequest(decodeResult: success, version: HTTP/1.1)
POST /wd/hub/session/a8e1b38a37bb6b99eca173a7e34dff0d/execute/sync HTTP/1.1
User-Agent: selenium/4.1.3 (java windows)
traceparent: 00-a896fccd7bbca914af32e8d92d30af0e-bc8b9d32fdfd3ed5-01
Content-Length: 48819
Content-Type: application/json; charset=utf-8
host: localhost:4444
accept: */*

Response DefaultHttpResponse(decodeResult: success, version: HTTP/1.1)
HTTP/1.1 200 OK
content-type: application/json; charset=utf-8
cache-control: no-cache
content-length: 14

10:30:36.314 [AsyncHttpClient-1-2] DEBUG org.asynchttpclient.netty.channel.ChannelManager -- Adding key: http://localhost:4444 for channel [id: 0x981c4e6c, L:/127.0.0.1:6581 - R:localhost/127.0.0.1:4444]
10:30:36.315 [Forwarding findElement on session a8e1b38a37bb6b99eca173a7e34dff0d to remote] DEBUG org.asynchttpclient.netty.request.NettyRequestSender -- Using pooled Channel '[id: 0x981c4e6c, L:/127.0.0.1:6581 - R:localhost/127.0.0.1:4444]' for 'POST' to 'http://localhost:4444/wd/hub/session/a8e1b38a37bb6b99eca173a7e34dff0d/element'
10:30:36.315 [Forwarding findElement on session a8e1b38a37bb6b99eca173a7e34dff0d to remote] DEBUG org.asynchttpclient.netty.request.NettyRequestSender -- Using open Channel [id: 0x981c4e6c, L:/127.0.0.1:6581 - R:localhost/127.0.0.1:4444] for POST '/wd/hub/session/a8e1b38a37bb6b99eca173a7e34dff0d/element'
10:30:36.323 [AsyncHttpClient-1-2] DEBUG org.asynchttpclient.netty.handler.HttpHandler -- 

Request DefaultHttpRequest(decodeResult: success, version: HTTP/1.1)
POST /wd/hub/session/a8e1b38a37bb6b99eca173a7e34dff0d/element HTTP/1.1
User-Agent: selenium/4.1.3 (java windows)
traceparent: 00-8e711da784663db89e55e4eaf78774cf-2f355de1748cf659-01
Content-Length: 89
Content-Type: application/json; charset=utf-8
host: localhost:4444
accept: */*

Response DefaultHttpResponse(decodeResult: success, version: HTTP/1.1)
HTTP/1.1 200 OK
content-type: application/json; charset=utf-8
cache-control: no-cache
content-length: 127

10:30:36.323 [AsyncHttpClient-1-2] DEBUG org.asynchttpclient.netty.channel.ChannelManager -- Adding key: http://localhost:4444 for channel [id: 0x981c4e6c, L:/127.0.0.1:6581 - R:localhost/127.0.0.1:4444]
10:30:36.324 [Forwarding clickElement on session a8e1b38a37bb6b99eca173a7e34dff0d to remote] DEBUG org.asynchttpclient.netty.request.NettyRequestSender -- Using pooled Channel '[id: 0x981c4e6c, L:/127.0.0.1:6581 - R:localhost/127.0.0.1:4444]' for 'POST' to 'http://localhost:4444/wd/hub/session/a8e1b38a37bb6b99eca173a7e34dff0d/element/f.C848ABEA62BC8E9F8CF56E12795929B1.d.745A66B1A6CF1B78DD1530D852A83CF6.e.105/click'
10:30:36.324 [Forwarding clickElement on session a8e1b38a37bb6b99eca173a7e34dff0d to remote] DEBUG org.asynchttpclient.netty.request.NettyRequestSender -- Using open Channel [id: 0x981c4e6c, L:/127.0.0.1:6581 - R:localhost/127.0.0.1:4444] for POST '/wd/hub/session/a8e1b38a37bb6b99eca173a7e34dff0d/element/f.C848ABEA62BC8E9F8CF56E12795929B1.d.745A66B1A6CF1B78DD1530D852A83CF6.e.105/click'
10:30:36.388 [AsyncHttpClient-1-2] DEBUG org.asynchttpclient.netty.handler.HttpHandler -- 

Request DefaultHttpRequest(decodeResult: success, version: HTTP/1.1)
POST /wd/hub/session/a8e1b38a37bb6b99eca173a7e34dff0d/element/f.C848ABEA62BC8E9F8CF56E12795929B1.d.745A66B1A6CF1B78DD1530D852A83CF6.e.105/click HTTP/1.1
User-Agent: selenium/4.1.3 (java windows)
traceparent: 00-23e1902e5479659936fe595c3de7d8e4-12e37f44348b2590-01
Content-Length: 89
Content-Type: application/json; charset=utf-8
host: localhost:4444
accept: */*

Response DefaultHttpResponse(decodeResult: success, version: HTTP/1.1)
HTTP/1.1 200 OK
content-type: application/json; charset=utf-8
cache-control: no-cache
content-length: 14

10:30:36.388 [AsyncHttpClient-1-2] DEBUG org.asynchttpclient.netty.channel.ChannelManager -- Adding key: http://localhost:4444 for channel [id: 0x981c4e6c, L:/127.0.0.1:6581 - R:localhost/127.0.0.1:4444]
]]></system-out>
    <system-err><![CDATA[Aug 29, 2024 10:30:30 AM org.openqa.selenium.remote.ProtocolHandshake createSession
INFO: Detected dialect: W3C
]]></system-err>
  </testcase>
  <testcase name="runScenario[&quot;Verify that Search bar show Properly&quot;, &quot;Optional[Verify Brikroy icon work properly_2]&quot;](7)" classname="TestRunner.TestRunner" time="24.98">
    <system-out><![CDATA[10:30:36.405 [Forwarding newSession on session null to remote] DEBUG org.asynchttpclient.netty.request.NettyRequestSender -- Using pooled Channel '[id: 0x981c4e6c, L:/127.0.0.1:6581 - R:localhost/127.0.0.1:4444]' for 'POST' to 'http://localhost:4444/wd/hub/session'
10:30:36.405 [Forwarding newSession on session null to remote] DEBUG org.asynchttpclient.netty.request.NettyRequestSender -- Using open Channel [id: 0x981c4e6c, L:/127.0.0.1:6581 - R:localhost/127.0.0.1:4444] for POST '/wd/hub/session'
10:30:37.159 [AsyncHttpClient-1-2] DEBUG org.asynchttpclient.netty.handler.HttpHandler -- 

Request DefaultHttpRequest(decodeResult: success, version: HTTP/1.1)
POST /wd/hub/session HTTP/1.1
User-Agent: selenium/4.1.3 (java windows)
traceparent: 00-c676f600585248c0de2a4b27f310ba4f-eceb7b7b47863395-01
Content-Length: 341
Content-Type: application/json; charset=utf-8
host: localhost:4444
accept: */*

Response DefaultHttpResponse(decodeResult: success, version: HTTP/1.1)
HTTP/1.1 200 OK
Cache-Control: no-cache
Content-Type: application/json; charset=utf-8
content-length: 1349

10:30:37.159 [AsyncHttpClient-1-2] DEBUG org.asynchttpclient.netty.channel.ChannelManager -- Adding key: http://localhost:4444 for channel [id: 0x981c4e6c, L:/127.0.0.1:6581 - R:localhost/127.0.0.1:4444]
10:30:37.163 [Forwarding setTimeout on session 1e5424a4fc93186701084389dfeb7fae to remote] DEBUG org.asynchttpclient.netty.request.NettyRequestSender -- Using pooled Channel '[id: 0x981c4e6c, L:/127.0.0.1:6581 - R:localhost/127.0.0.1:4444]' for 'POST' to 'http://localhost:4444/wd/hub/session/1e5424a4fc93186701084389dfeb7fae/timeouts'
10:30:37.163 [Forwarding setTimeout on session 1e5424a4fc93186701084389dfeb7fae to remote] DEBUG org.asynchttpclient.netty.request.NettyRequestSender -- Using open Channel [id: 0x981c4e6c, L:/127.0.0.1:6581 - R:localhost/127.0.0.1:4444] for POST '/wd/hub/session/1e5424a4fc93186701084389dfeb7fae/timeouts'
10:30:37.169 [AsyncHttpClient-1-2] DEBUG org.asynchttpclient.netty.handler.HttpHandler -- 

Request DefaultHttpRequest(decodeResult: success, version: HTTP/1.1)
POST /wd/hub/session/1e5424a4fc93186701084389dfeb7fae/timeouts HTTP/1.1
User-Agent: selenium/4.1.3 (java windows)
traceparent: 00-0f5f398d385b6c7f2fd3dfe304c8542d-dd9b1373ea8fb07f-01
Content-Length: 22
Content-Type: application/json; charset=utf-8
host: localhost:4444
accept: */*

Response DefaultHttpResponse(decodeResult: success, version: HTTP/1.1)
HTTP/1.1 200 OK
content-type: application/json; charset=utf-8
cache-control: no-cache
content-length: 14

10:30:37.169 [AsyncHttpClient-1-2] DEBUG org.asynchttpclient.netty.channel.ChannelManager -- Adding key: http://localhost:4444 for channel [id: 0x981c4e6c, L:/127.0.0.1:6581 - R:localhost/127.0.0.1:4444]
10:30:37.170 [Forwarding maximizeCurrentWindow on session 1e5424a4fc93186701084389dfeb7fae to remote] DEBUG org.asynchttpclient.netty.request.NettyRequestSender -- Using pooled Channel '[id: 0x981c4e6c, L:/127.0.0.1:6581 - R:localhost/127.0.0.1:4444]' for 'POST' to 'http://localhost:4444/wd/hub/session/1e5424a4fc93186701084389dfeb7fae/window/maximize'
10:30:37.170 [Forwarding maximizeCurrentWindow on session 1e5424a4fc93186701084389dfeb7fae to remote] DEBUG org.asynchttpclient.netty.request.NettyRequestSender -- Using open Channel [id: 0x981c4e6c, L:/127.0.0.1:6581 - R:localhost/127.0.0.1:4444] for POST '/wd/hub/session/1e5424a4fc93186701084389dfeb7fae/window/maximize'
10:30:37.196 [AsyncHttpClient-1-2] DEBUG org.asynchttpclient.netty.handler.HttpHandler -- 

Request DefaultHttpRequest(decodeResult: success, version: HTTP/1.1)
POST /wd/hub/session/1e5424a4fc93186701084389dfeb7fae/window/maximize HTTP/1.1
User-Agent: selenium/4.1.3 (java windows)
traceparent: 00-668125aca19a6c1bef2250cedf03e046-a4d6464a0c25d177-01
Content-Length: 3
Content-Type: application/json; charset=utf-8
host: localhost:4444
accept: */*

Response DefaultHttpResponse(decodeResult: success, version: HTTP/1.1)
HTTP/1.1 200 OK
content-type: application/json; charset=utf-8
cache-control: no-cache
content-length: 52

10:30:37.197 [AsyncHttpClient-1-2] DEBUG org.asynchttpclient.netty.channel.ChannelManager -- Adding key: http://localhost:4444 for channel [id: 0x981c4e6c, L:/127.0.0.1:6581 - R:localhost/127.0.0.1:4444]
10:30:37.198 [Forwarding get on session 1e5424a4fc93186701084389dfeb7fae to remote] DEBUG org.asynchttpclient.netty.request.NettyRequestSender -- Using pooled Channel '[id: 0x981c4e6c, L:/127.0.0.1:6581 - R:localhost/127.0.0.1:4444]' for 'POST' to 'http://localhost:4444/wd/hub/session/1e5424a4fc93186701084389dfeb7fae/url'
10:30:37.198 [Forwarding get on session 1e5424a4fc93186701084389dfeb7fae to remote] DEBUG org.asynchttpclient.netty.request.NettyRequestSender -- Using open Channel [id: 0x981c4e6c, L:/127.0.0.1:6581 - R:localhost/127.0.0.1:4444] for POST '/wd/hub/session/1e5424a4fc93186701084389dfeb7fae/url'
10:30:59.273 [AsyncHttpClient-1-2] DEBUG org.asynchttpclient.netty.handler.HttpHandler -- 

Request DefaultHttpRequest(decodeResult: success, version: HTTP/1.1)
POST /wd/hub/session/1e5424a4fc93186701084389dfeb7fae/url HTTP/1.1
User-Agent: selenium/4.1.3 (java windows)
traceparent: 00-83af9efe7ff4a06978fb6551f9deec15-cd382072818b8fd2-01
Content-Length: 57
Content-Type: application/json; charset=utf-8
host: localhost:4444
accept: */*

Response DefaultHttpResponse(decodeResult: success, version: HTTP/1.1)
HTTP/1.1 200 OK
content-type: application/json; charset=utf-8
cache-control: no-cache
content-length: 14

10:30:59.273 [AsyncHttpClient-1-2] DEBUG org.asynchttpclient.netty.channel.ChannelManager -- Adding key: http://localhost:4444 for channel [id: 0x981c4e6c, L:/127.0.0.1:6581 - R:localhost/127.0.0.1:4444]
10:30:59.274 [Forwarding getCurrentUrl on session 1e5424a4fc93186701084389dfeb7fae to remote] DEBUG org.asynchttpclient.netty.request.NettyRequestSender -- Using pooled Channel '[id: 0x981c4e6c, L:/127.0.0.1:6581 - R:localhost/127.0.0.1:4444]' for 'GET' to 'http://localhost:4444/wd/hub/session/1e5424a4fc93186701084389dfeb7fae/url'
10:30:59.274 [Forwarding getCurrentUrl on session 1e5424a4fc93186701084389dfeb7fae to remote] DEBUG org.asynchttpclient.netty.request.NettyRequestSender -- Using open Channel [id: 0x981c4e6c, L:/127.0.0.1:6581 - R:localhost/127.0.0.1:4444] for GET '/wd/hub/session/1e5424a4fc93186701084389dfeb7fae/url'
10:30:59.283 [AsyncHttpClient-1-2] DEBUG org.asynchttpclient.netty.handler.HttpHandler -- 

Request DefaultFullHttpRequest(decodeResult: success, version: HTTP/1.1, content: EmptyByteBufBE)
GET /wd/hub/session/1e5424a4fc93186701084389dfeb7fae/url HTTP/1.1
User-Agent: selenium/4.1.3 (java windows)
Cache-Control: no-cache
traceparent: 00-17395646bb797a4b15eaef166586293d-bddd79bb99a6e577-01
Content-Type: application/json; charset=utf-8
host: localhost:4444
accept: */*

Response DefaultHttpResponse(decodeResult: success, version: HTTP/1.1)
HTTP/1.1 200 OK
content-type: application/json; charset=utf-8
cache-control: no-cache
content-length: 34

10:30:59.283 [AsyncHttpClient-1-2] DEBUG org.asynchttpclient.netty.channel.ChannelManager -- Adding key: http://localhost:4444 for channel [id: 0x981c4e6c, L:/127.0.0.1:6581 - R:localhost/127.0.0.1:4444]
10:31:00.020 [AsyncHttpClient-1-1] DEBUG org.asynchttpclient.netty.channel.DefaultChannelPool -- Entry count for : http://localhost:4444 : 1
10:31:01.119 [AsyncHttpClient-1-1] DEBUG org.asynchttpclient.netty.channel.DefaultChannelPool -- Entry count for : http://localhost:4444 : 1
10:31:01.291 [Forwarding findElement on session 1e5424a4fc93186701084389dfeb7fae to remote] DEBUG org.asynchttpclient.netty.request.NettyRequestSender -- Using pooled Channel '[id: 0x981c4e6c, L:/127.0.0.1:6581 - R:localhost/127.0.0.1:4444]' for 'POST' to 'http://localhost:4444/wd/hub/session/1e5424a4fc93186701084389dfeb7fae/element'
10:31:01.291 [Forwarding findElement on session 1e5424a4fc93186701084389dfeb7fae to remote] DEBUG org.asynchttpclient.netty.request.NettyRequestSender -- Using open Channel [id: 0x981c4e6c, L:/127.0.0.1:6581 - R:localhost/127.0.0.1:4444] for POST '/wd/hub/session/1e5424a4fc93186701084389dfeb7fae/element'
10:31:01.310 [AsyncHttpClient-1-2] DEBUG org.asynchttpclient.netty.handler.HttpHandler -- 

Request DefaultHttpRequest(decodeResult: success, version: HTTP/1.1)
POST /wd/hub/session/1e5424a4fc93186701084389dfeb7fae/element HTTP/1.1
User-Agent: selenium/4.1.3 (java windows)
traceparent: 00-5c3f6b5822aa586e9188e7bcc5a48801-0d557586b1676e85-01
Content-Length: 70
Content-Type: application/json; charset=utf-8
host: localhost:4444
accept: */*

Response DefaultHttpResponse(decodeResult: success, version: HTTP/1.1)
HTTP/1.1 200 OK
content-type: application/json; charset=utf-8
cache-control: no-cache
content-length: 126

10:31:01.310 [AsyncHttpClient-1-2] DEBUG org.asynchttpclient.netty.channel.ChannelManager -- Adding key: http://localhost:4444 for channel [id: 0x981c4e6c, L:/127.0.0.1:6581 - R:localhost/127.0.0.1:4444]
10:31:01.312 [Forwarding isElementDisplayed on session 1e5424a4fc93186701084389dfeb7fae to remote] DEBUG org.asynchttpclient.netty.request.NettyRequestSender -- Using pooled Channel '[id: 0x981c4e6c, L:/127.0.0.1:6581 - R:localhost/127.0.0.1:4444]' for 'POST' to 'http://localhost:4444/wd/hub/session/1e5424a4fc93186701084389dfeb7fae/execute/sync'
10:31:01.312 [Forwarding isElementDisplayed on session 1e5424a4fc93186701084389dfeb7fae to remote] DEBUG org.asynchttpclient.netty.request.NettyRequestSender -- Using open Channel [id: 0x981c4e6c, L:/127.0.0.1:6581 - R:localhost/127.0.0.1:4444] for POST '/wd/hub/session/1e5424a4fc93186701084389dfeb7fae/execute/sync'
10:31:01.326 [AsyncHttpClient-1-2] DEBUG org.asynchttpclient.netty.handler.HttpHandler -- 

Request DefaultHttpRequest(decodeResult: success, version: HTTP/1.1)
POST /wd/hub/session/1e5424a4fc93186701084389dfeb7fae/execute/sync HTTP/1.1
User-Agent: selenium/4.1.3 (java windows)
traceparent: 00-0bade9cfb3896c4a02ed9a29c7b8527a-56d29f8cca13741f-01
Content-Length: 48818
Content-Type: application/json; charset=utf-8
host: localhost:4444
accept: */*

Response DefaultHttpResponse(decodeResult: success, version: HTTP/1.1)
HTTP/1.1 200 OK
content-type: application/json; charset=utf-8
cache-control: no-cache
content-length: 14

10:31:01.327 [AsyncHttpClient-1-2] DEBUG org.asynchttpclient.netty.channel.ChannelManager -- Adding key: http://localhost:4444 for channel [id: 0x981c4e6c, L:/127.0.0.1:6581 - R:localhost/127.0.0.1:4444]
10:31:01.328 [Forwarding findElement on session 1e5424a4fc93186701084389dfeb7fae to remote] DEBUG org.asynchttpclient.netty.request.NettyRequestSender -- Using pooled Channel '[id: 0x981c4e6c, L:/127.0.0.1:6581 - R:localhost/127.0.0.1:4444]' for 'POST' to 'http://localhost:4444/wd/hub/session/1e5424a4fc93186701084389dfeb7fae/element'
10:31:01.328 [Forwarding findElement on session 1e5424a4fc93186701084389dfeb7fae to remote] DEBUG org.asynchttpclient.netty.request.NettyRequestSender -- Using open Channel [id: 0x981c4e6c, L:/127.0.0.1:6581 - R:localhost/127.0.0.1:4444] for POST '/wd/hub/session/1e5424a4fc93186701084389dfeb7fae/element'
10:31:01.337 [AsyncHttpClient-1-2] DEBUG org.asynchttpclient.netty.handler.HttpHandler -- 

Request DefaultHttpRequest(decodeResult: success, version: HTTP/1.1)
POST /wd/hub/session/1e5424a4fc93186701084389dfeb7fae/element HTTP/1.1
User-Agent: selenium/4.1.3 (java windows)
traceparent: 00-21c7fe17f623e71ff9c6aac14b1a6f69-0cca78b23f915697-01
Content-Length: 70
Content-Type: application/json; charset=utf-8
host: localhost:4444
accept: */*

Response DefaultHttpResponse(decodeResult: success, version: HTTP/1.1)
HTTP/1.1 200 OK
content-type: application/json; charset=utf-8
cache-control: no-cache
content-length: 126

10:31:01.338 [AsyncHttpClient-1-2] DEBUG org.asynchttpclient.netty.channel.ChannelManager -- Adding key: http://localhost:4444 for channel [id: 0x981c4e6c, L:/127.0.0.1:6581 - R:localhost/127.0.0.1:4444]
10:31:01.339 [Forwarding clickElement on session 1e5424a4fc93186701084389dfeb7fae to remote] DEBUG org.asynchttpclient.netty.request.NettyRequestSender -- Using pooled Channel '[id: 0x981c4e6c, L:/127.0.0.1:6581 - R:localhost/127.0.0.1:4444]' for 'POST' to 'http://localhost:4444/wd/hub/session/1e5424a4fc93186701084389dfeb7fae/element/f.DEAC903337A95D2BEFF7D6545B2063AF.d.968EA27AAEDDCECB67A4E8F8A4754D02.e.47/click'
10:31:01.339 [Forwarding clickElement on session 1e5424a4fc93186701084389dfeb7fae to remote] DEBUG org.asynchttpclient.netty.request.NettyRequestSender -- Using open Channel [id: 0x981c4e6c, L:/127.0.0.1:6581 - R:localhost/127.0.0.1:4444] for POST '/wd/hub/session/1e5424a4fc93186701084389dfeb7fae/element/f.DEAC903337A95D2BEFF7D6545B2063AF.d.968EA27AAEDDCECB67A4E8F8A4754D02.e.47/click'
10:31:01.367 [AsyncHttpClient-1-2] DEBUG org.asynchttpclient.netty.handler.HttpHandler -- 

Request DefaultHttpRequest(decodeResult: success, version: HTTP/1.1)
POST /wd/hub/session/1e5424a4fc93186701084389dfeb7fae/element/f.DEAC903337A95D2BEFF7D6545B2063AF.d.968EA27AAEDDCECB67A4E8F8A4754D02.e.47/click HTTP/1.1
User-Agent: selenium/4.1.3 (java windows)
traceparent: 00-70b2a1468004439510e35761b4982d1e-77245cc1f3924786-01
Content-Length: 88
Content-Type: application/json; charset=utf-8
host: localhost:4444
accept: */*

Response DefaultHttpResponse(decodeResult: success, version: HTTP/1.1)
HTTP/1.1 200 OK
content-type: application/json; charset=utf-8
cache-control: no-cache
content-length: 14

10:31:01.367 [AsyncHttpClient-1-2] DEBUG org.asynchttpclient.netty.channel.ChannelManager -- Adding key: http://localhost:4444 for channel [id: 0x981c4e6c, L:/127.0.0.1:6581 - R:localhost/127.0.0.1:4444]
]]></system-out>
    <system-err><![CDATA[Aug 29, 2024 10:30:37 AM org.openqa.selenium.remote.ProtocolHandshake createSession
INFO: Detected dialect: W3C
]]></system-err>
  </testcase>
  <testcase name="runScenario[&quot;Verify that Search option work Properly&quot;, &quot;Optional[Verify Brikroy icon work properly_2]&quot;](8)" classname="TestRunner.TestRunner" time="10.649">
    <system-out><![CDATA[10:31:01.380 [Forwarding newSession on session null to remote] DEBUG org.asynchttpclient.netty.request.NettyRequestSender -- Using pooled Channel '[id: 0x981c4e6c, L:/127.0.0.1:6581 - R:localhost/127.0.0.1:4444]' for 'POST' to 'http://localhost:4444/wd/hub/session'
10:31:01.380 [Forwarding newSession on session null to remote] DEBUG org.asynchttpclient.netty.request.NettyRequestSender -- Using open Channel [id: 0x981c4e6c, L:/127.0.0.1:6581 - R:localhost/127.0.0.1:4444] for POST '/wd/hub/session'
10:31:02.177 [AsyncHttpClient-1-2] DEBUG org.asynchttpclient.netty.handler.HttpHandler -- 

Request DefaultHttpRequest(decodeResult: success, version: HTTP/1.1)
POST /wd/hub/session HTTP/1.1
User-Agent: selenium/4.1.3 (java windows)
traceparent: 00-c8a571863d00529a06434b44613c8d17-43cdf071709af512-01
Content-Length: 341
Content-Type: application/json; charset=utf-8
host: localhost:4444
accept: */*

Response DefaultHttpResponse(decodeResult: success, version: HTTP/1.1)
HTTP/1.1 200 OK
Cache-Control: no-cache
Content-Type: application/json; charset=utf-8
content-length: 1350

10:31:02.177 [AsyncHttpClient-1-2] DEBUG org.asynchttpclient.netty.channel.ChannelManager -- Adding key: http://localhost:4444 for channel [id: 0x981c4e6c, L:/127.0.0.1:6581 - R:localhost/127.0.0.1:4444]
10:31:02.180 [Forwarding setTimeout on session bce9c39a6f12e8ec62672660d68d0a6c to remote] DEBUG org.asynchttpclient.netty.request.NettyRequestSender -- Using pooled Channel '[id: 0x981c4e6c, L:/127.0.0.1:6581 - R:localhost/127.0.0.1:4444]' for 'POST' to 'http://localhost:4444/wd/hub/session/bce9c39a6f12e8ec62672660d68d0a6c/timeouts'
10:31:02.181 [Forwarding setTimeout on session bce9c39a6f12e8ec62672660d68d0a6c to remote] DEBUG org.asynchttpclient.netty.request.NettyRequestSender -- Using open Channel [id: 0x981c4e6c, L:/127.0.0.1:6581 - R:localhost/127.0.0.1:4444] for POST '/wd/hub/session/bce9c39a6f12e8ec62672660d68d0a6c/timeouts'
10:31:02.187 [AsyncHttpClient-1-2] DEBUG org.asynchttpclient.netty.handler.HttpHandler -- 

Request DefaultHttpRequest(decodeResult: success, version: HTTP/1.1)
POST /wd/hub/session/bce9c39a6f12e8ec62672660d68d0a6c/timeouts HTTP/1.1
User-Agent: selenium/4.1.3 (java windows)
traceparent: 00-772b9a80ce7eef41de20164f2cec08d1-6b1bffee651bda0e-01
Content-Length: 22
Content-Type: application/json; charset=utf-8
host: localhost:4444
accept: */*

Response DefaultHttpResponse(decodeResult: success, version: HTTP/1.1)
HTTP/1.1 200 OK
content-type: application/json; charset=utf-8
cache-control: no-cache
content-length: 14

10:31:02.187 [AsyncHttpClient-1-2] DEBUG org.asynchttpclient.netty.channel.ChannelManager -- Adding key: http://localhost:4444 for channel [id: 0x981c4e6c, L:/127.0.0.1:6581 - R:localhost/127.0.0.1:4444]
10:31:02.188 [Forwarding maximizeCurrentWindow on session bce9c39a6f12e8ec62672660d68d0a6c to remote] DEBUG org.asynchttpclient.netty.request.NettyRequestSender -- Using pooled Channel '[id: 0x981c4e6c, L:/127.0.0.1:6581 - R:localhost/127.0.0.1:4444]' for 'POST' to 'http://localhost:4444/wd/hub/session/bce9c39a6f12e8ec62672660d68d0a6c/window/maximize'
10:31:02.188 [Forwarding maximizeCurrentWindow on session bce9c39a6f12e8ec62672660d68d0a6c to remote] DEBUG org.asynchttpclient.netty.request.NettyRequestSender -- Using open Channel [id: 0x981c4e6c, L:/127.0.0.1:6581 - R:localhost/127.0.0.1:4444] for POST '/wd/hub/session/bce9c39a6f12e8ec62672660d68d0a6c/window/maximize'
10:31:02.213 [AsyncHttpClient-1-2] DEBUG org.asynchttpclient.netty.handler.HttpHandler -- 

Request DefaultHttpRequest(decodeResult: success, version: HTTP/1.1)
POST /wd/hub/session/bce9c39a6f12e8ec62672660d68d0a6c/window/maximize HTTP/1.1
User-Agent: selenium/4.1.3 (java windows)
traceparent: 00-75c760a6bb0a6a62c69f85ad0404ae96-350722f0843b5db1-01
Content-Length: 3
Content-Type: application/json; charset=utf-8
host: localhost:4444
accept: */*

Response DefaultHttpResponse(decodeResult: success, version: HTTP/1.1)
HTTP/1.1 200 OK
content-type: application/json; charset=utf-8
cache-control: no-cache
content-length: 52

10:31:02.213 [AsyncHttpClient-1-2] DEBUG org.asynchttpclient.netty.channel.ChannelManager -- Adding key: http://localhost:4444 for channel [id: 0x981c4e6c, L:/127.0.0.1:6581 - R:localhost/127.0.0.1:4444]
10:31:02.214 [Forwarding get on session bce9c39a6f12e8ec62672660d68d0a6c to remote] DEBUG org.asynchttpclient.netty.request.NettyRequestSender -- Using pooled Channel '[id: 0x981c4e6c, L:/127.0.0.1:6581 - R:localhost/127.0.0.1:4444]' for 'POST' to 'http://localhost:4444/wd/hub/session/bce9c39a6f12e8ec62672660d68d0a6c/url'
10:31:02.214 [Forwarding get on session bce9c39a6f12e8ec62672660d68d0a6c to remote] DEBUG org.asynchttpclient.netty.request.NettyRequestSender -- Using open Channel [id: 0x981c4e6c, L:/127.0.0.1:6581 - R:localhost/127.0.0.1:4444] for POST '/wd/hub/session/bce9c39a6f12e8ec62672660d68d0a6c/url'
10:31:05.770 [AsyncHttpClient-1-2] DEBUG org.asynchttpclient.netty.handler.HttpHandler -- 

Request DefaultHttpRequest(decodeResult: success, version: HTTP/1.1)
POST /wd/hub/session/bce9c39a6f12e8ec62672660d68d0a6c/url HTTP/1.1
User-Agent: selenium/4.1.3 (java windows)
traceparent: 00-1ad72594cfcb49101ef4d3ca98c51e1b-3c566dd4f7e858c4-01
Content-Length: 57
Content-Type: application/json; charset=utf-8
host: localhost:4444
accept: */*

Response DefaultHttpResponse(decodeResult: success, version: HTTP/1.1)
HTTP/1.1 200 OK
content-type: application/json; charset=utf-8
cache-control: no-cache
content-length: 14

10:31:05.770 [AsyncHttpClient-1-2] DEBUG org.asynchttpclient.netty.channel.ChannelManager -- Adding key: http://localhost:4444 for channel [id: 0x981c4e6c, L:/127.0.0.1:6581 - R:localhost/127.0.0.1:4444]
10:31:05.772 [Forwarding getCurrentUrl on session bce9c39a6f12e8ec62672660d68d0a6c to remote] DEBUG org.asynchttpclient.netty.request.NettyRequestSender -- Using pooled Channel '[id: 0x981c4e6c, L:/127.0.0.1:6581 - R:localhost/127.0.0.1:4444]' for 'GET' to 'http://localhost:4444/wd/hub/session/bce9c39a6f12e8ec62672660d68d0a6c/url'
10:31:05.772 [Forwarding getCurrentUrl on session bce9c39a6f12e8ec62672660d68d0a6c to remote] DEBUG org.asynchttpclient.netty.request.NettyRequestSender -- Using open Channel [id: 0x981c4e6c, L:/127.0.0.1:6581 - R:localhost/127.0.0.1:4444] for GET '/wd/hub/session/bce9c39a6f12e8ec62672660d68d0a6c/url'
10:31:05.780 [AsyncHttpClient-1-2] DEBUG org.asynchttpclient.netty.handler.HttpHandler -- 

Request DefaultFullHttpRequest(decodeResult: success, version: HTTP/1.1, content: EmptyByteBufBE)
GET /wd/hub/session/bce9c39a6f12e8ec62672660d68d0a6c/url HTTP/1.1
User-Agent: selenium/4.1.3 (java windows)
Cache-Control: no-cache
traceparent: 00-501222f9a761dba656927f14148c1039-75e0aa0728de9ea8-01
Content-Type: application/json; charset=utf-8
host: localhost:4444
accept: */*

Response DefaultHttpResponse(decodeResult: success, version: HTTP/1.1)
HTTP/1.1 200 OK
content-type: application/json; charset=utf-8
cache-control: no-cache
content-length: 34

10:31:05.780 [AsyncHttpClient-1-2] DEBUG org.asynchttpclient.netty.channel.ChannelManager -- Adding key: http://localhost:4444 for channel [id: 0x981c4e6c, L:/127.0.0.1:6581 - R:localhost/127.0.0.1:4444]
10:31:06.614 [AsyncHttpClient-1-1] DEBUG org.asynchttpclient.netty.channel.DefaultChannelPool -- Entry count for : http://localhost:4444 : 1
10:31:07.714 [AsyncHttpClient-1-1] DEBUG org.asynchttpclient.netty.channel.DefaultChannelPool -- Entry count for : http://localhost:4444 : 1
10:31:07.790 [Forwarding findElement on session bce9c39a6f12e8ec62672660d68d0a6c to remote] DEBUG org.asynchttpclient.netty.request.NettyRequestSender -- Using pooled Channel '[id: 0x981c4e6c, L:/127.0.0.1:6581 - R:localhost/127.0.0.1:4444]' for 'POST' to 'http://localhost:4444/wd/hub/session/bce9c39a6f12e8ec62672660d68d0a6c/element'
10:31:07.790 [Forwarding findElement on session bce9c39a6f12e8ec62672660d68d0a6c to remote] DEBUG org.asynchttpclient.netty.request.NettyRequestSender -- Using open Channel [id: 0x981c4e6c, L:/127.0.0.1:6581 - R:localhost/127.0.0.1:4444] for POST '/wd/hub/session/bce9c39a6f12e8ec62672660d68d0a6c/element'
10:31:07.807 [AsyncHttpClient-1-2] DEBUG org.asynchttpclient.netty.handler.HttpHandler -- 

Request DefaultHttpRequest(decodeResult: success, version: HTTP/1.1)
POST /wd/hub/session/bce9c39a6f12e8ec62672660d68d0a6c/element HTTP/1.1
User-Agent: selenium/4.1.3 (java windows)
traceparent: 00-a26eb55e54ab9b5e66b213a4d6c2c184-db13eef5317b424b-01
Content-Length: 70
Content-Type: application/json; charset=utf-8
host: localhost:4444
accept: */*

Response DefaultHttpResponse(decodeResult: success, version: HTTP/1.1)
HTTP/1.1 200 OK
content-type: application/json; charset=utf-8
cache-control: no-cache
content-length: 126

10:31:07.807 [AsyncHttpClient-1-2] DEBUG org.asynchttpclient.netty.channel.ChannelManager -- Adding key: http://localhost:4444 for channel [id: 0x981c4e6c, L:/127.0.0.1:6581 - R:localhost/127.0.0.1:4444]
10:31:07.810 [Forwarding isElementDisplayed on session bce9c39a6f12e8ec62672660d68d0a6c to remote] DEBUG org.asynchttpclient.netty.request.NettyRequestSender -- Using pooled Channel '[id: 0x981c4e6c, L:/127.0.0.1:6581 - R:localhost/127.0.0.1:4444]' for 'POST' to 'http://localhost:4444/wd/hub/session/bce9c39a6f12e8ec62672660d68d0a6c/execute/sync'
10:31:07.810 [Forwarding isElementDisplayed on session bce9c39a6f12e8ec62672660d68d0a6c to remote] DEBUG org.asynchttpclient.netty.request.NettyRequestSender -- Using open Channel [id: 0x981c4e6c, L:/127.0.0.1:6581 - R:localhost/127.0.0.1:4444] for POST '/wd/hub/session/bce9c39a6f12e8ec62672660d68d0a6c/execute/sync'
10:31:07.822 [AsyncHttpClient-1-2] DEBUG org.asynchttpclient.netty.handler.HttpHandler -- 

Request DefaultHttpRequest(decodeResult: success, version: HTTP/1.1)
POST /wd/hub/session/bce9c39a6f12e8ec62672660d68d0a6c/execute/sync HTTP/1.1
User-Agent: selenium/4.1.3 (java windows)
traceparent: 00-8c82dbf9bc4e8d545e6caff93a793dea-44d2907555c2cf83-01
Content-Length: 48818
Content-Type: application/json; charset=utf-8
host: localhost:4444
accept: */*

Response DefaultHttpResponse(decodeResult: success, version: HTTP/1.1)
HTTP/1.1 200 OK
content-type: application/json; charset=utf-8
cache-control: no-cache
content-length: 14

10:31:07.823 [AsyncHttpClient-1-2] DEBUG org.asynchttpclient.netty.channel.ChannelManager -- Adding key: http://localhost:4444 for channel [id: 0x981c4e6c, L:/127.0.0.1:6581 - R:localhost/127.0.0.1:4444]
10:31:07.824 [Forwarding findElement on session bce9c39a6f12e8ec62672660d68d0a6c to remote] DEBUG org.asynchttpclient.netty.request.NettyRequestSender -- Using pooled Channel '[id: 0x981c4e6c, L:/127.0.0.1:6581 - R:localhost/127.0.0.1:4444]' for 'POST' to 'http://localhost:4444/wd/hub/session/bce9c39a6f12e8ec62672660d68d0a6c/element'
10:31:07.824 [Forwarding findElement on session bce9c39a6f12e8ec62672660d68d0a6c to remote] DEBUG org.asynchttpclient.netty.request.NettyRequestSender -- Using open Channel [id: 0x981c4e6c, L:/127.0.0.1:6581 - R:localhost/127.0.0.1:4444] for POST '/wd/hub/session/bce9c39a6f12e8ec62672660d68d0a6c/element'
10:31:07.833 [AsyncHttpClient-1-2] DEBUG org.asynchttpclient.netty.handler.HttpHandler -- 

Request DefaultHttpRequest(decodeResult: success, version: HTTP/1.1)
POST /wd/hub/session/bce9c39a6f12e8ec62672660d68d0a6c/element HTTP/1.1
User-Agent: selenium/4.1.3 (java windows)
traceparent: 00-30b88f03c8e80fd4ead5d2edfb28c573-0122821e6ab02a28-01
Content-Length: 70
Content-Type: application/json; charset=utf-8
host: localhost:4444
accept: */*

Response DefaultHttpResponse(decodeResult: success, version: HTTP/1.1)
HTTP/1.1 200 OK
content-type: application/json; charset=utf-8
cache-control: no-cache
content-length: 126

10:31:07.834 [AsyncHttpClient-1-2] DEBUG org.asynchttpclient.netty.channel.ChannelManager -- Adding key: http://localhost:4444 for channel [id: 0x981c4e6c, L:/127.0.0.1:6581 - R:localhost/127.0.0.1:4444]
10:31:07.834 [Forwarding clickElement on session bce9c39a6f12e8ec62672660d68d0a6c to remote] DEBUG org.asynchttpclient.netty.request.NettyRequestSender -- Using pooled Channel '[id: 0x981c4e6c, L:/127.0.0.1:6581 - R:localhost/127.0.0.1:4444]' for 'POST' to 'http://localhost:4444/wd/hub/session/bce9c39a6f12e8ec62672660d68d0a6c/element/f.8B7566862AC8908295985E797607F103.d.93D25EBDD95DDDD582BF3791015C0672.e.70/click'
10:31:07.835 [Forwarding clickElement on session bce9c39a6f12e8ec62672660d68d0a6c to remote] DEBUG org.asynchttpclient.netty.request.NettyRequestSender -- Using open Channel [id: 0x981c4e6c, L:/127.0.0.1:6581 - R:localhost/127.0.0.1:4444] for POST '/wd/hub/session/bce9c39a6f12e8ec62672660d68d0a6c/element/f.8B7566862AC8908295985E797607F103.d.93D25EBDD95DDDD582BF3791015C0672.e.70/click'
10:31:07.871 [AsyncHttpClient-1-2] DEBUG org.asynchttpclient.netty.handler.HttpHandler -- 

Request DefaultHttpRequest(decodeResult: success, version: HTTP/1.1)
POST /wd/hub/session/bce9c39a6f12e8ec62672660d68d0a6c/element/f.8B7566862AC8908295985E797607F103.d.93D25EBDD95DDDD582BF3791015C0672.e.70/click HTTP/1.1
User-Agent: selenium/4.1.3 (java windows)
traceparent: 00-006ca86f2106082b3cd22c4c3f98f6c2-4af4ca03ddbeb15a-01
Content-Length: 88
Content-Type: application/json; charset=utf-8
host: localhost:4444
accept: */*

Response DefaultHttpResponse(decodeResult: success, version: HTTP/1.1)
HTTP/1.1 200 OK
content-type: application/json; charset=utf-8
cache-control: no-cache
content-length: 14

10:31:07.871 [AsyncHttpClient-1-2] DEBUG org.asynchttpclient.netty.channel.ChannelManager -- Adding key: http://localhost:4444 for channel [id: 0x981c4e6c, L:/127.0.0.1:6581 - R:localhost/127.0.0.1:4444]
10:31:08.813 [AsyncHttpClient-1-1] DEBUG org.asynchttpclient.netty.channel.DefaultChannelPool -- Entry count for : http://localhost:4444 : 1
10:31:08.872 [Forwarding findElement on session bce9c39a6f12e8ec62672660d68d0a6c to remote] DEBUG org.asynchttpclient.netty.request.NettyRequestSender -- Using pooled Channel '[id: 0x981c4e6c, L:/127.0.0.1:6581 - R:localhost/127.0.0.1:4444]' for 'POST' to 'http://localhost:4444/wd/hub/session/bce9c39a6f12e8ec62672660d68d0a6c/element'
10:31:08.872 [Forwarding findElement on session bce9c39a6f12e8ec62672660d68d0a6c to remote] DEBUG org.asynchttpclient.netty.request.NettyRequestSender -- Using open Channel [id: 0x981c4e6c, L:/127.0.0.1:6581 - R:localhost/127.0.0.1:4444] for POST '/wd/hub/session/bce9c39a6f12e8ec62672660d68d0a6c/element'
10:31:08.884 [AsyncHttpClient-1-2] DEBUG org.asynchttpclient.netty.handler.HttpHandler -- 

Request DefaultHttpRequest(decodeResult: success, version: HTTP/1.1)
POST /wd/hub/session/bce9c39a6f12e8ec62672660d68d0a6c/element HTTP/1.1
User-Agent: selenium/4.1.3 (java windows)
traceparent: 00-a3379f107dd224d5f5a1c8784d31f3c7-25e8540da6b3670c-01
Content-Length: 70
Content-Type: application/json; charset=utf-8
host: localhost:4444
accept: */*

Response DefaultHttpResponse(decodeResult: success, version: HTTP/1.1)
HTTP/1.1 200 OK
content-type: application/json; charset=utf-8
cache-control: no-cache
content-length: 126

10:31:08.885 [AsyncHttpClient-1-2] DEBUG org.asynchttpclient.netty.channel.ChannelManager -- Adding key: http://localhost:4444 for channel [id: 0x981c4e6c, L:/127.0.0.1:6581 - R:localhost/127.0.0.1:4444]
10:31:08.886 [Forwarding sendKeysToElement on session bce9c39a6f12e8ec62672660d68d0a6c to remote] DEBUG org.asynchttpclient.netty.request.NettyRequestSender -- Using pooled Channel '[id: 0x981c4e6c, L:/127.0.0.1:6581 - R:localhost/127.0.0.1:4444]' for 'POST' to 'http://localhost:4444/wd/hub/session/bce9c39a6f12e8ec62672660d68d0a6c/element/f.8B7566862AC8908295985E797607F103.d.93D25EBDD95DDDD582BF3791015C0672.e.70/value'
10:31:08.886 [Forwarding sendKeysToElement on session bce9c39a6f12e8ec62672660d68d0a6c to remote] DEBUG org.asynchttpclient.netty.request.NettyRequestSender -- Using open Channel [id: 0x981c4e6c, L:/127.0.0.1:6581 - R:localhost/127.0.0.1:4444] for POST '/wd/hub/session/bce9c39a6f12e8ec62672660d68d0a6c/element/f.8B7566862AC8908295985E797607F103.d.93D25EBDD95DDDD582BF3791015C0672.e.70/value'
10:31:08.915 [AsyncHttpClient-1-2] DEBUG org.asynchttpclient.netty.handler.HttpHandler -- 

Request DefaultHttpRequest(decodeResult: success, version: HTTP/1.1)
POST /wd/hub/session/bce9c39a6f12e8ec62672660d68d0a6c/element/f.8B7566862AC8908295985E797607F103.d.93D25EBDD95DDDD582BF3791015C0672.e.70/value HTTP/1.1
User-Agent: selenium/4.1.3 (java windows)
traceparent: 00-2681f8a395d25cbfa3ad5eb4a8ed2ce6-a6266cefe4c635a5-01
Content-Length: 179
Content-Type: application/json; charset=utf-8
host: localhost:4444
accept: */*

Response DefaultHttpResponse(decodeResult: success, version: HTTP/1.1)
HTTP/1.1 200 OK
content-type: application/json; charset=utf-8
cache-control: no-cache
content-length: 14

10:31:08.916 [AsyncHttpClient-1-2] DEBUG org.asynchttpclient.netty.channel.ChannelManager -- Adding key: http://localhost:4444 for channel [id: 0x981c4e6c, L:/127.0.0.1:6581 - R:localhost/127.0.0.1:4444]
10:31:09.919 [AsyncHttpClient-1-1] DEBUG org.asynchttpclient.netty.channel.DefaultChannelPool -- Entry count for : http://localhost:4444 : 1
10:31:09.920 [Forwarding findElement on session bce9c39a6f12e8ec62672660d68d0a6c to remote] DEBUG org.asynchttpclient.netty.request.NettyRequestSender -- Using pooled Channel '[id: 0x981c4e6c, L:/127.0.0.1:6581 - R:localhost/127.0.0.1:4444]' for 'POST' to 'http://localhost:4444/wd/hub/session/bce9c39a6f12e8ec62672660d68d0a6c/element'
10:31:09.920 [Forwarding findElement on session bce9c39a6f12e8ec62672660d68d0a6c to remote] DEBUG org.asynchttpclient.netty.request.NettyRequestSender -- Using open Channel [id: 0x981c4e6c, L:/127.0.0.1:6581 - R:localhost/127.0.0.1:4444] for POST '/wd/hub/session/bce9c39a6f12e8ec62672660d68d0a6c/element'
10:31:09.935 [AsyncHttpClient-1-2] DEBUG org.asynchttpclient.netty.handler.HttpHandler -- 

Request DefaultHttpRequest(decodeResult: success, version: HTTP/1.1)
POST /wd/hub/session/bce9c39a6f12e8ec62672660d68d0a6c/element HTTP/1.1
User-Agent: selenium/4.1.3 (java windows)
traceparent: 00-b3f3ba10c4601ac5752896f014f8cbde-1398defa04eae2a9-01
Content-Length: 71
Content-Type: application/json; charset=utf-8
host: localhost:4444
accept: */*

Response DefaultHttpResponse(decodeResult: success, version: HTTP/1.1)
HTTP/1.1 200 OK
content-type: application/json; charset=utf-8
cache-control: no-cache
content-length: 127

10:31:09.935 [AsyncHttpClient-1-2] DEBUG org.asynchttpclient.netty.channel.ChannelManager -- Adding key: http://localhost:4444 for channel [id: 0x981c4e6c, L:/127.0.0.1:6581 - R:localhost/127.0.0.1:4444]
10:31:09.936 [Forwarding clickElement on session bce9c39a6f12e8ec62672660d68d0a6c to remote] DEBUG org.asynchttpclient.netty.request.NettyRequestSender -- Using pooled Channel '[id: 0x981c4e6c, L:/127.0.0.1:6581 - R:localhost/127.0.0.1:4444]' for 'POST' to 'http://localhost:4444/wd/hub/session/bce9c39a6f12e8ec62672660d68d0a6c/element/f.8B7566862AC8908295985E797607F103.d.93D25EBDD95DDDD582BF3791015C0672.e.130/click'
10:31:09.936 [Forwarding clickElement on session bce9c39a6f12e8ec62672660d68d0a6c to remote] DEBUG org.asynchttpclient.netty.request.NettyRequestSender -- Using open Channel [id: 0x981c4e6c, L:/127.0.0.1:6581 - R:localhost/127.0.0.1:4444] for POST '/wd/hub/session/bce9c39a6f12e8ec62672660d68d0a6c/element/f.8B7566862AC8908295985E797607F103.d.93D25EBDD95DDDD582BF3791015C0672.e.130/click'
10:31:12.012 [AsyncHttpClient-1-2] DEBUG org.asynchttpclient.netty.handler.HttpHandler -- 

Request DefaultHttpRequest(decodeResult: success, version: HTTP/1.1)
POST /wd/hub/session/bce9c39a6f12e8ec62672660d68d0a6c/element/f.8B7566862AC8908295985E797607F103.d.93D25EBDD95DDDD582BF3791015C0672.e.130/click HTTP/1.1
User-Agent: selenium/4.1.3 (java windows)
traceparent: 00-dcfa8270e58e42790b546a9b90603bc2-a021b1e89c0c3ee8-01
Content-Length: 89
Content-Type: application/json; charset=utf-8
host: localhost:4444
accept: */*

Response DefaultHttpResponse(decodeResult: success, version: HTTP/1.1)
HTTP/1.1 200 OK
content-type: application/json; charset=utf-8
cache-control: no-cache
content-length: 14

10:31:12.012 [AsyncHttpClient-1-2] DEBUG org.asynchttpclient.netty.channel.ChannelManager -- Adding key: http://localhost:4444 for channel [id: 0x981c4e6c, L:/127.0.0.1:6581 - R:localhost/127.0.0.1:4444]
]]></system-out>
    <system-err><![CDATA[Aug 29, 2024 10:31:02 AM org.openqa.selenium.remote.ProtocolHandshake createSession
INFO: Detected dialect: W3C
]]></system-err>
  </testcase>
  <testcase name="runScenario[&quot;Verify that Language button show Properly&quot;, &quot;Optional[Verify Brikroy icon work properly_2]&quot;](9)" classname="TestRunner.TestRunner" time="5.836">
    <system-out><![CDATA[10:31:12.025 [Forwarding newSession on session null to remote] DEBUG org.asynchttpclient.netty.request.NettyRequestSender -- Using pooled Channel '[id: 0x981c4e6c, L:/127.0.0.1:6581 - R:localhost/127.0.0.1:4444]' for 'POST' to 'http://localhost:4444/wd/hub/session'
10:31:12.025 [Forwarding newSession on session null to remote] DEBUG org.asynchttpclient.netty.request.NettyRequestSender -- Using open Channel [id: 0x981c4e6c, L:/127.0.0.1:6581 - R:localhost/127.0.0.1:4444] for POST '/wd/hub/session'
10:31:12.813 [AsyncHttpClient-1-2] DEBUG org.asynchttpclient.netty.handler.HttpHandler -- 

Request DefaultHttpRequest(decodeResult: success, version: HTTP/1.1)
POST /wd/hub/session HTTP/1.1
User-Agent: selenium/4.1.3 (java windows)
traceparent: 00-1e0346f425ea200dd6e78256cd67f22d-0bf404bc7d47d9e6-01
Content-Length: 341
Content-Type: application/json; charset=utf-8
host: localhost:4444
accept: */*

Response DefaultHttpResponse(decodeResult: success, version: HTTP/1.1)
HTTP/1.1 200 OK
Cache-Control: no-cache
Content-Type: application/json; charset=utf-8
content-length: 1349

10:31:12.813 [AsyncHttpClient-1-2] DEBUG org.asynchttpclient.netty.channel.ChannelManager -- Adding key: http://localhost:4444 for channel [id: 0x981c4e6c, L:/127.0.0.1:6581 - R:localhost/127.0.0.1:4444]
10:31:12.817 [Forwarding setTimeout on session 56c906a9ce8ec3e8625fa7e454ecc232 to remote] DEBUG org.asynchttpclient.netty.request.NettyRequestSender -- Using pooled Channel '[id: 0x981c4e6c, L:/127.0.0.1:6581 - R:localhost/127.0.0.1:4444]' for 'POST' to 'http://localhost:4444/wd/hub/session/56c906a9ce8ec3e8625fa7e454ecc232/timeouts'
10:31:12.817 [Forwarding setTimeout on session 56c906a9ce8ec3e8625fa7e454ecc232 to remote] DEBUG org.asynchttpclient.netty.request.NettyRequestSender -- Using open Channel [id: 0x981c4e6c, L:/127.0.0.1:6581 - R:localhost/127.0.0.1:4444] for POST '/wd/hub/session/56c906a9ce8ec3e8625fa7e454ecc232/timeouts'
10:31:12.823 [AsyncHttpClient-1-2] DEBUG org.asynchttpclient.netty.handler.HttpHandler -- 

Request DefaultHttpRequest(decodeResult: success, version: HTTP/1.1)
POST /wd/hub/session/56c906a9ce8ec3e8625fa7e454ecc232/timeouts HTTP/1.1
User-Agent: selenium/4.1.3 (java windows)
traceparent: 00-6ec39adf37f0edcb0d8f88d7aad34237-d6d9f3dfd15bcd17-01
Content-Length: 22
Content-Type: application/json; charset=utf-8
host: localhost:4444
accept: */*

Response DefaultHttpResponse(decodeResult: success, version: HTTP/1.1)
HTTP/1.1 200 OK
content-type: application/json; charset=utf-8
cache-control: no-cache
content-length: 14

10:31:12.823 [AsyncHttpClient-1-2] DEBUG org.asynchttpclient.netty.channel.ChannelManager -- Adding key: http://localhost:4444 for channel [id: 0x981c4e6c, L:/127.0.0.1:6581 - R:localhost/127.0.0.1:4444]
10:31:12.824 [Forwarding maximizeCurrentWindow on session 56c906a9ce8ec3e8625fa7e454ecc232 to remote] DEBUG org.asynchttpclient.netty.request.NettyRequestSender -- Using pooled Channel '[id: 0x981c4e6c, L:/127.0.0.1:6581 - R:localhost/127.0.0.1:4444]' for 'POST' to 'http://localhost:4444/wd/hub/session/56c906a9ce8ec3e8625fa7e454ecc232/window/maximize'
10:31:12.824 [Forwarding maximizeCurrentWindow on session 56c906a9ce8ec3e8625fa7e454ecc232 to remote] DEBUG org.asynchttpclient.netty.request.NettyRequestSender -- Using open Channel [id: 0x981c4e6c, L:/127.0.0.1:6581 - R:localhost/127.0.0.1:4444] for POST '/wd/hub/session/56c906a9ce8ec3e8625fa7e454ecc232/window/maximize'
10:31:12.851 [AsyncHttpClient-1-2] DEBUG org.asynchttpclient.netty.handler.HttpHandler -- 

Request DefaultHttpRequest(decodeResult: success, version: HTTP/1.1)
POST /wd/hub/session/56c906a9ce8ec3e8625fa7e454ecc232/window/maximize HTTP/1.1
User-Agent: selenium/4.1.3 (java windows)
traceparent: 00-0bda0a9b87ce57d02ebf77cb7b5ba3dc-53d4f2e67d943295-01
Content-Length: 3
Content-Type: application/json; charset=utf-8
host: localhost:4444
accept: */*

Response DefaultHttpResponse(decodeResult: success, version: HTTP/1.1)
HTTP/1.1 200 OK
content-type: application/json; charset=utf-8
cache-control: no-cache
content-length: 52

10:31:12.851 [AsyncHttpClient-1-2] DEBUG org.asynchttpclient.netty.channel.ChannelManager -- Adding key: http://localhost:4444 for channel [id: 0x981c4e6c, L:/127.0.0.1:6581 - R:localhost/127.0.0.1:4444]
10:31:12.852 [Forwarding get on session 56c906a9ce8ec3e8625fa7e454ecc232 to remote] DEBUG org.asynchttpclient.netty.request.NettyRequestSender -- Using pooled Channel '[id: 0x981c4e6c, L:/127.0.0.1:6581 - R:localhost/127.0.0.1:4444]' for 'POST' to 'http://localhost:4444/wd/hub/session/56c906a9ce8ec3e8625fa7e454ecc232/url'
10:31:12.852 [Forwarding get on session 56c906a9ce8ec3e8625fa7e454ecc232 to remote] DEBUG org.asynchttpclient.netty.request.NettyRequestSender -- Using open Channel [id: 0x981c4e6c, L:/127.0.0.1:6581 - R:localhost/127.0.0.1:4444] for POST '/wd/hub/session/56c906a9ce8ec3e8625fa7e454ecc232/url'
10:31:15.761 [AsyncHttpClient-1-2] DEBUG org.asynchttpclient.netty.handler.HttpHandler -- 

Request DefaultHttpRequest(decodeResult: success, version: HTTP/1.1)
POST /wd/hub/session/56c906a9ce8ec3e8625fa7e454ecc232/url HTTP/1.1
User-Agent: selenium/4.1.3 (java windows)
traceparent: 00-08af8b4163cef681f3d207fad63274b7-5524a714cb799a13-01
Content-Length: 57
Content-Type: application/json; charset=utf-8
host: localhost:4444
accept: */*

Response DefaultHttpResponse(decodeResult: success, version: HTTP/1.1)
HTTP/1.1 200 OK
content-type: application/json; charset=utf-8
cache-control: no-cache
content-length: 14

10:31:15.761 [AsyncHttpClient-1-2] DEBUG org.asynchttpclient.netty.channel.ChannelManager -- Adding key: http://localhost:4444 for channel [id: 0x981c4e6c, L:/127.0.0.1:6581 - R:localhost/127.0.0.1:4444]
10:31:15.762 [Forwarding getCurrentUrl on session 56c906a9ce8ec3e8625fa7e454ecc232 to remote] DEBUG org.asynchttpclient.netty.request.NettyRequestSender -- Using pooled Channel '[id: 0x981c4e6c, L:/127.0.0.1:6581 - R:localhost/127.0.0.1:4444]' for 'GET' to 'http://localhost:4444/wd/hub/session/56c906a9ce8ec3e8625fa7e454ecc232/url'
10:31:15.762 [Forwarding getCurrentUrl on session 56c906a9ce8ec3e8625fa7e454ecc232 to remote] DEBUG org.asynchttpclient.netty.request.NettyRequestSender -- Using open Channel [id: 0x981c4e6c, L:/127.0.0.1:6581 - R:localhost/127.0.0.1:4444] for GET '/wd/hub/session/56c906a9ce8ec3e8625fa7e454ecc232/url'
10:31:15.769 [AsyncHttpClient-1-2] DEBUG org.asynchttpclient.netty.handler.HttpHandler -- 

Request DefaultFullHttpRequest(decodeResult: success, version: HTTP/1.1, content: EmptyByteBufBE)
GET /wd/hub/session/56c906a9ce8ec3e8625fa7e454ecc232/url HTTP/1.1
User-Agent: selenium/4.1.3 (java windows)
Cache-Control: no-cache
traceparent: 00-d4dfc27f6d80af95613eb18b582339f0-3f3185c8d969d75f-01
Content-Type: application/json; charset=utf-8
host: localhost:4444
accept: */*

Response DefaultHttpResponse(decodeResult: success, version: HTTP/1.1)
HTTP/1.1 200 OK
content-type: application/json; charset=utf-8
cache-control: no-cache
content-length: 34

10:31:15.769 [AsyncHttpClient-1-2] DEBUG org.asynchttpclient.netty.channel.ChannelManager -- Adding key: http://localhost:4444 for channel [id: 0x981c4e6c, L:/127.0.0.1:6581 - R:localhost/127.0.0.1:4444]
10:31:16.520 [AsyncHttpClient-1-1] DEBUG org.asynchttpclient.netty.channel.DefaultChannelPool -- Entry count for : http://localhost:4444 : 1
10:31:17.614 [AsyncHttpClient-1-1] DEBUG org.asynchttpclient.netty.channel.DefaultChannelPool -- Entry count for : http://localhost:4444 : 1
10:31:17.779 [Forwarding findElement on session 56c906a9ce8ec3e8625fa7e454ecc232 to remote] DEBUG org.asynchttpclient.netty.request.NettyRequestSender -- Using pooled Channel '[id: 0x981c4e6c, L:/127.0.0.1:6581 - R:localhost/127.0.0.1:4444]' for 'POST' to 'http://localhost:4444/wd/hub/session/56c906a9ce8ec3e8625fa7e454ecc232/element'
10:31:17.780 [Forwarding findElement on session 56c906a9ce8ec3e8625fa7e454ecc232 to remote] DEBUG org.asynchttpclient.netty.request.NettyRequestSender -- Using open Channel [id: 0x981c4e6c, L:/127.0.0.1:6581 - R:localhost/127.0.0.1:4444] for POST '/wd/hub/session/56c906a9ce8ec3e8625fa7e454ecc232/element'
10:31:17.792 [AsyncHttpClient-1-2] DEBUG org.asynchttpclient.netty.handler.HttpHandler -- 

Request DefaultHttpRequest(decodeResult: success, version: HTTP/1.1)
POST /wd/hub/session/56c906a9ce8ec3e8625fa7e454ecc232/element HTTP/1.1
User-Agent: selenium/4.1.3 (java windows)
traceparent: 00-78e8c3388d885ec5f63dd492753d3928-c3233dfa9332b640-01
Content-Length: 91
Content-Type: application/json; charset=utf-8
host: localhost:4444
accept: */*

Response DefaultHttpResponse(decodeResult: success, version: HTTP/1.1)
HTTP/1.1 200 OK
content-type: application/json; charset=utf-8
cache-control: no-cache
content-length: 127

10:31:17.792 [AsyncHttpClient-1-2] DEBUG org.asynchttpclient.netty.channel.ChannelManager -- Adding key: http://localhost:4444 for channel [id: 0x981c4e6c, L:/127.0.0.1:6581 - R:localhost/127.0.0.1:4444]
10:31:17.795 [Forwarding isElementDisplayed on session 56c906a9ce8ec3e8625fa7e454ecc232 to remote] DEBUG org.asynchttpclient.netty.request.NettyRequestSender -- Using pooled Channel '[id: 0x981c4e6c, L:/127.0.0.1:6581 - R:localhost/127.0.0.1:4444]' for 'POST' to 'http://localhost:4444/wd/hub/session/56c906a9ce8ec3e8625fa7e454ecc232/execute/sync'
10:31:17.795 [Forwarding isElementDisplayed on session 56c906a9ce8ec3e8625fa7e454ecc232 to remote] DEBUG org.asynchttpclient.netty.request.NettyRequestSender -- Using open Channel [id: 0x981c4e6c, L:/127.0.0.1:6581 - R:localhost/127.0.0.1:4444] for POST '/wd/hub/session/56c906a9ce8ec3e8625fa7e454ecc232/execute/sync'
10:31:17.807 [AsyncHttpClient-1-2] DEBUG org.asynchttpclient.netty.handler.HttpHandler -- 

Request DefaultHttpRequest(decodeResult: success, version: HTTP/1.1)
POST /wd/hub/session/56c906a9ce8ec3e8625fa7e454ecc232/execute/sync HTTP/1.1
User-Agent: selenium/4.1.3 (java windows)
traceparent: 00-810a52c076aaf5d40a028fa8dc9dda94-20d2a6ae61973cf5-01
Content-Length: 48819
Content-Type: application/json; charset=utf-8
host: localhost:4444
accept: */*

Response DefaultHttpResponse(decodeResult: success, version: HTTP/1.1)
HTTP/1.1 200 OK
content-type: application/json; charset=utf-8
cache-control: no-cache
content-length: 14

10:31:17.807 [AsyncHttpClient-1-2] DEBUG org.asynchttpclient.netty.channel.ChannelManager -- Adding key: http://localhost:4444 for channel [id: 0x981c4e6c, L:/127.0.0.1:6581 - R:localhost/127.0.0.1:4444]
10:31:17.808 [Forwarding findElement on session 56c906a9ce8ec3e8625fa7e454ecc232 to remote] DEBUG org.asynchttpclient.netty.request.NettyRequestSender -- Using pooled Channel '[id: 0x981c4e6c, L:/127.0.0.1:6581 - R:localhost/127.0.0.1:4444]' for 'POST' to 'http://localhost:4444/wd/hub/session/56c906a9ce8ec3e8625fa7e454ecc232/element'
10:31:17.808 [Forwarding findElement on session 56c906a9ce8ec3e8625fa7e454ecc232 to remote] DEBUG org.asynchttpclient.netty.request.NettyRequestSender -- Using open Channel [id: 0x981c4e6c, L:/127.0.0.1:6581 - R:localhost/127.0.0.1:4444] for POST '/wd/hub/session/56c906a9ce8ec3e8625fa7e454ecc232/element'
10:31:17.817 [AsyncHttpClient-1-2] DEBUG org.asynchttpclient.netty.handler.HttpHandler -- 

Request DefaultHttpRequest(decodeResult: success, version: HTTP/1.1)
POST /wd/hub/session/56c906a9ce8ec3e8625fa7e454ecc232/element HTTP/1.1
User-Agent: selenium/4.1.3 (java windows)
traceparent: 00-f90c2fc44c0c78791b43b7e5f960e044-38385079269d9e34-01
Content-Length: 91
Content-Type: application/json; charset=utf-8
host: localhost:4444
accept: */*

Response DefaultHttpResponse(decodeResult: success, version: HTTP/1.1)
HTTP/1.1 200 OK
content-type: application/json; charset=utf-8
cache-control: no-cache
content-length: 127

10:31:17.817 [AsyncHttpClient-1-2] DEBUG org.asynchttpclient.netty.channel.ChannelManager -- Adding key: http://localhost:4444 for channel [id: 0x981c4e6c, L:/127.0.0.1:6581 - R:localhost/127.0.0.1:4444]
10:31:17.818 [Forwarding clickElement on session 56c906a9ce8ec3e8625fa7e454ecc232 to remote] DEBUG org.asynchttpclient.netty.request.NettyRequestSender -- Using pooled Channel '[id: 0x981c4e6c, L:/127.0.0.1:6581 - R:localhost/127.0.0.1:4444]' for 'POST' to 'http://localhost:4444/wd/hub/session/56c906a9ce8ec3e8625fa7e454ecc232/element/f.A7277244021EC5FE19776D7113344282.d.0622A01B1D506E567C513466E230096F.e.105/click'
10:31:17.818 [Forwarding clickElement on session 56c906a9ce8ec3e8625fa7e454ecc232 to remote] DEBUG org.asynchttpclient.netty.request.NettyRequestSender -- Using open Channel [id: 0x981c4e6c, L:/127.0.0.1:6581 - R:localhost/127.0.0.1:4444] for POST '/wd/hub/session/56c906a9ce8ec3e8625fa7e454ecc232/element/f.A7277244021EC5FE19776D7113344282.d.0622A01B1D506E567C513466E230096F.e.105/click'
10:31:17.854 [AsyncHttpClient-1-2] DEBUG org.asynchttpclient.netty.handler.HttpHandler -- 

Request DefaultHttpRequest(decodeResult: success, version: HTTP/1.1)
POST /wd/hub/session/56c906a9ce8ec3e8625fa7e454ecc232/element/f.A7277244021EC5FE19776D7113344282.d.0622A01B1D506E567C513466E230096F.e.105/click HTTP/1.1
User-Agent: selenium/4.1.3 (java windows)
traceparent: 00-fa793ba297a93364d7eedeac69b58abc-b27e66e3c63bc3c1-01
Content-Length: 89
Content-Type: application/json; charset=utf-8
host: localhost:4444
accept: */*

Response DefaultHttpResponse(decodeResult: success, version: HTTP/1.1)
HTTP/1.1 200 OK
content-type: application/json; charset=utf-8
cache-control: no-cache
content-length: 14

10:31:17.854 [AsyncHttpClient-1-2] DEBUG org.asynchttpclient.netty.channel.ChannelManager -- Adding key: http://localhost:4444 for channel [id: 0x981c4e6c, L:/127.0.0.1:6581 - R:localhost/127.0.0.1:4444]
]]></system-out>
    <system-err><![CDATA[Aug 29, 2024 10:31:12 AM org.openqa.selenium.remote.ProtocolHandshake createSession
INFO: Detected dialect: W3C
]]></system-err>
  </testcase>
  <testcase name="runScenario[&quot;Verify that Location button show Properly&quot;, &quot;Optional[Verify Brikroy icon work properly_2]&quot;](10)" classname="TestRunner.TestRunner" time="6.206">
    <system-out><![CDATA[10:31:17.863 [Forwarding newSession on session null to remote] DEBUG org.asynchttpclient.netty.request.NettyRequestSender -- Using pooled Channel '[id: 0x981c4e6c, L:/127.0.0.1:6581 - R:localhost/127.0.0.1:4444]' for 'POST' to 'http://localhost:4444/wd/hub/session'
10:31:17.863 [Forwarding newSession on session null to remote] DEBUG org.asynchttpclient.netty.request.NettyRequestSender -- Using open Channel [id: 0x981c4e6c, L:/127.0.0.1:6581 - R:localhost/127.0.0.1:4444] for POST '/wd/hub/session'
10:31:18.703 [AsyncHttpClient-1-2] DEBUG org.asynchttpclient.netty.handler.HttpHandler -- 

Request DefaultHttpRequest(decodeResult: success, version: HTTP/1.1)
POST /wd/hub/session HTTP/1.1
User-Agent: selenium/4.1.3 (java windows)
traceparent: 00-38f75351e7566644e425589911431033-d6d760eebe048ee7-01
Content-Length: 341
Content-Type: application/json; charset=utf-8
host: localhost:4444
accept: */*

Response DefaultHttpResponse(decodeResult: success, version: HTTP/1.1)
HTTP/1.1 200 OK
Cache-Control: no-cache
Content-Type: application/json; charset=utf-8
content-length: 1350

10:31:18.704 [AsyncHttpClient-1-2] DEBUG org.asynchttpclient.netty.channel.ChannelManager -- Adding key: http://localhost:4444 for channel [id: 0x981c4e6c, L:/127.0.0.1:6581 - R:localhost/127.0.0.1:4444]
10:31:18.707 [Forwarding setTimeout on session 3bbd75318bc1f12432d01c5ec0e5f5f9 to remote] DEBUG org.asynchttpclient.netty.request.NettyRequestSender -- Using pooled Channel '[id: 0x981c4e6c, L:/127.0.0.1:6581 - R:localhost/127.0.0.1:4444]' for 'POST' to 'http://localhost:4444/wd/hub/session/3bbd75318bc1f12432d01c5ec0e5f5f9/timeouts'
10:31:18.707 [Forwarding setTimeout on session 3bbd75318bc1f12432d01c5ec0e5f5f9 to remote] DEBUG org.asynchttpclient.netty.request.NettyRequestSender -- Using open Channel [id: 0x981c4e6c, L:/127.0.0.1:6581 - R:localhost/127.0.0.1:4444] for POST '/wd/hub/session/3bbd75318bc1f12432d01c5ec0e5f5f9/timeouts'
10:31:18.713 [AsyncHttpClient-1-2] DEBUG org.asynchttpclient.netty.handler.HttpHandler -- 

Request DefaultHttpRequest(decodeResult: success, version: HTTP/1.1)
POST /wd/hub/session/3bbd75318bc1f12432d01c5ec0e5f5f9/timeouts HTTP/1.1
User-Agent: selenium/4.1.3 (java windows)
traceparent: 00-cf1991b9fd870d00dce0b9bfa0a773d8-bea53a4752dbef53-01
Content-Length: 22
Content-Type: application/json; charset=utf-8
host: localhost:4444
accept: */*

Response DefaultHttpResponse(decodeResult: success, version: HTTP/1.1)
HTTP/1.1 200 OK
content-type: application/json; charset=utf-8
cache-control: no-cache
content-length: 14

10:31:18.713 [AsyncHttpClient-1-2] DEBUG org.asynchttpclient.netty.channel.ChannelManager -- Adding key: http://localhost:4444 for channel [id: 0x981c4e6c, L:/127.0.0.1:6581 - R:localhost/127.0.0.1:4444]
10:31:18.714 [Forwarding maximizeCurrentWindow on session 3bbd75318bc1f12432d01c5ec0e5f5f9 to remote] DEBUG org.asynchttpclient.netty.request.NettyRequestSender -- Using pooled Channel '[id: 0x981c4e6c, L:/127.0.0.1:6581 - R:localhost/127.0.0.1:4444]' for 'POST' to 'http://localhost:4444/wd/hub/session/3bbd75318bc1f12432d01c5ec0e5f5f9/window/maximize'
10:31:18.714 [Forwarding maximizeCurrentWindow on session 3bbd75318bc1f12432d01c5ec0e5f5f9 to remote] DEBUG org.asynchttpclient.netty.request.NettyRequestSender -- Using open Channel [id: 0x981c4e6c, L:/127.0.0.1:6581 - R:localhost/127.0.0.1:4444] for POST '/wd/hub/session/3bbd75318bc1f12432d01c5ec0e5f5f9/window/maximize'
10:31:18.742 [AsyncHttpClient-1-2] DEBUG org.asynchttpclient.netty.handler.HttpHandler -- 

Request DefaultHttpRequest(decodeResult: success, version: HTTP/1.1)
POST /wd/hub/session/3bbd75318bc1f12432d01c5ec0e5f5f9/window/maximize HTTP/1.1
User-Agent: selenium/4.1.3 (java windows)
traceparent: 00-0536c98183e7846ed3e6994d372fdaae-dbc51cd07d42e860-01
Content-Length: 3
Content-Type: application/json; charset=utf-8
host: localhost:4444
accept: */*

Response DefaultHttpResponse(decodeResult: success, version: HTTP/1.1)
HTTP/1.1 200 OK
content-type: application/json; charset=utf-8
cache-control: no-cache
content-length: 52

10:31:18.742 [AsyncHttpClient-1-2] DEBUG org.asynchttpclient.netty.channel.ChannelManager -- Adding key: http://localhost:4444 for channel [id: 0x981c4e6c, L:/127.0.0.1:6581 - R:localhost/127.0.0.1:4444]
10:31:18.743 [Forwarding get on session 3bbd75318bc1f12432d01c5ec0e5f5f9 to remote] DEBUG org.asynchttpclient.netty.request.NettyRequestSender -- Using pooled Channel '[id: 0x981c4e6c, L:/127.0.0.1:6581 - R:localhost/127.0.0.1:4444]' for 'POST' to 'http://localhost:4444/wd/hub/session/3bbd75318bc1f12432d01c5ec0e5f5f9/url'
10:31:18.743 [Forwarding get on session 3bbd75318bc1f12432d01c5ec0e5f5f9 to remote] DEBUG org.asynchttpclient.netty.request.NettyRequestSender -- Using open Channel [id: 0x981c4e6c, L:/127.0.0.1:6581 - R:localhost/127.0.0.1:4444] for POST '/wd/hub/session/3bbd75318bc1f12432d01c5ec0e5f5f9/url'
10:31:21.952 [AsyncHttpClient-1-2] DEBUG org.asynchttpclient.netty.handler.HttpHandler -- 

Request DefaultHttpRequest(decodeResult: success, version: HTTP/1.1)
POST /wd/hub/session/3bbd75318bc1f12432d01c5ec0e5f5f9/url HTTP/1.1
User-Agent: selenium/4.1.3 (java windows)
traceparent: 00-57bf7943a9e57d572a30d99b2cb0016e-3bb95d7643fb7f4b-01
Content-Length: 57
Content-Type: application/json; charset=utf-8
host: localhost:4444
accept: */*

Response DefaultHttpResponse(decodeResult: success, version: HTTP/1.1)
HTTP/1.1 200 OK
content-type: application/json; charset=utf-8
cache-control: no-cache
content-length: 14

10:31:21.952 [AsyncHttpClient-1-2] DEBUG org.asynchttpclient.netty.channel.ChannelManager -- Adding key: http://localhost:4444 for channel [id: 0x981c4e6c, L:/127.0.0.1:6581 - R:localhost/127.0.0.1:4444]
10:31:21.953 [Forwarding getCurrentUrl on session 3bbd75318bc1f12432d01c5ec0e5f5f9 to remote] DEBUG org.asynchttpclient.netty.request.NettyRequestSender -- Using pooled Channel '[id: 0x981c4e6c, L:/127.0.0.1:6581 - R:localhost/127.0.0.1:4444]' for 'GET' to 'http://localhost:4444/wd/hub/session/3bbd75318bc1f12432d01c5ec0e5f5f9/url'
10:31:21.953 [Forwarding getCurrentUrl on session 3bbd75318bc1f12432d01c5ec0e5f5f9 to remote] DEBUG org.asynchttpclient.netty.request.NettyRequestSender -- Using open Channel [id: 0x981c4e6c, L:/127.0.0.1:6581 - R:localhost/127.0.0.1:4444] for GET '/wd/hub/session/3bbd75318bc1f12432d01c5ec0e5f5f9/url'
10:31:21.960 [AsyncHttpClient-1-2] DEBUG org.asynchttpclient.netty.handler.HttpHandler -- 

Request DefaultFullHttpRequest(decodeResult: success, version: HTTP/1.1, content: EmptyByteBufBE)
GET /wd/hub/session/3bbd75318bc1f12432d01c5ec0e5f5f9/url HTTP/1.1
User-Agent: selenium/4.1.3 (java windows)
Cache-Control: no-cache
traceparent: 00-979459a11dbd349e97024ac7d51d7aa0-198961c1f6386281-01
Content-Type: application/json; charset=utf-8
host: localhost:4444
accept: */*

Response DefaultHttpResponse(decodeResult: success, version: HTTP/1.1)
HTTP/1.1 200 OK
content-type: application/json; charset=utf-8
cache-control: no-cache
content-length: 34

10:31:21.960 [AsyncHttpClient-1-2] DEBUG org.asynchttpclient.netty.channel.ChannelManager -- Adding key: http://localhost:4444 for channel [id: 0x981c4e6c, L:/127.0.0.1:6581 - R:localhost/127.0.0.1:4444]
10:31:22.014 [AsyncHttpClient-1-1] DEBUG org.asynchttpclient.netty.channel.DefaultChannelPool -- Entry count for : http://localhost:4444 : 1
10:31:23.114 [AsyncHttpClient-1-1] DEBUG org.asynchttpclient.netty.channel.DefaultChannelPool -- Entry count for : http://localhost:4444 : 1
10:31:23.965 [Forwarding findElement on session 3bbd75318bc1f12432d01c5ec0e5f5f9 to remote] DEBUG org.asynchttpclient.netty.request.NettyRequestSender -- Using pooled Channel '[id: 0x981c4e6c, L:/127.0.0.1:6581 - R:localhost/127.0.0.1:4444]' for 'POST' to 'http://localhost:4444/wd/hub/session/3bbd75318bc1f12432d01c5ec0e5f5f9/element'
10:31:23.965 [Forwarding findElement on session 3bbd75318bc1f12432d01c5ec0e5f5f9 to remote] DEBUG org.asynchttpclient.netty.request.NettyRequestSender -- Using open Channel [id: 0x981c4e6c, L:/127.0.0.1:6581 - R:localhost/127.0.0.1:4444] for POST '/wd/hub/session/3bbd75318bc1f12432d01c5ec0e5f5f9/element'
10:31:23.979 [AsyncHttpClient-1-2] DEBUG org.asynchttpclient.netty.handler.HttpHandler -- 

Request DefaultHttpRequest(decodeResult: success, version: HTTP/1.1)
POST /wd/hub/session/3bbd75318bc1f12432d01c5ec0e5f5f9/element HTTP/1.1
User-Agent: selenium/4.1.3 (java windows)
traceparent: 00-6eb3531ee98895a01af7d4ebbe8a8623-d045df265d85c4a2-01
Content-Length: 92
Content-Type: application/json; charset=utf-8
host: localhost:4444
accept: */*

Response DefaultHttpResponse(decodeResult: success, version: HTTP/1.1)
HTTP/1.1 200 OK
content-type: application/json; charset=utf-8
cache-control: no-cache
content-length: 127

10:31:23.979 [AsyncHttpClient-1-2] DEBUG org.asynchttpclient.netty.channel.ChannelManager -- Adding key: http://localhost:4444 for channel [id: 0x981c4e6c, L:/127.0.0.1:6581 - R:localhost/127.0.0.1:4444]
10:31:23.981 [Forwarding isElementDisplayed on session 3bbd75318bc1f12432d01c5ec0e5f5f9 to remote] DEBUG org.asynchttpclient.netty.request.NettyRequestSender -- Using pooled Channel '[id: 0x981c4e6c, L:/127.0.0.1:6581 - R:localhost/127.0.0.1:4444]' for 'POST' to 'http://localhost:4444/wd/hub/session/3bbd75318bc1f12432d01c5ec0e5f5f9/execute/sync'
10:31:23.981 [Forwarding isElementDisplayed on session 3bbd75318bc1f12432d01c5ec0e5f5f9 to remote] DEBUG org.asynchttpclient.netty.request.NettyRequestSender -- Using open Channel [id: 0x981c4e6c, L:/127.0.0.1:6581 - R:localhost/127.0.0.1:4444] for POST '/wd/hub/session/3bbd75318bc1f12432d01c5ec0e5f5f9/execute/sync'
10:31:23.994 [AsyncHttpClient-1-2] DEBUG org.asynchttpclient.netty.handler.HttpHandler -- 

Request DefaultHttpRequest(decodeResult: success, version: HTTP/1.1)
POST /wd/hub/session/3bbd75318bc1f12432d01c5ec0e5f5f9/execute/sync HTTP/1.1
User-Agent: selenium/4.1.3 (java windows)
traceparent: 00-3d394a8c7a573a77efe49f12a8c1595d-8f6062f5995dfc17-01
Content-Length: 48819
Content-Type: application/json; charset=utf-8
host: localhost:4444
accept: */*

Response DefaultHttpResponse(decodeResult: success, version: HTTP/1.1)
HTTP/1.1 200 OK
content-type: application/json; charset=utf-8
cache-control: no-cache
content-length: 14

10:31:23.994 [AsyncHttpClient-1-2] DEBUG org.asynchttpclient.netty.channel.ChannelManager -- Adding key: http://localhost:4444 for channel [id: 0x981c4e6c, L:/127.0.0.1:6581 - R:localhost/127.0.0.1:4444]
10:31:23.995 [Forwarding findElement on session 3bbd75318bc1f12432d01c5ec0e5f5f9 to remote] DEBUG org.asynchttpclient.netty.request.NettyRequestSender -- Using pooled Channel '[id: 0x981c4e6c, L:/127.0.0.1:6581 - R:localhost/127.0.0.1:4444]' for 'POST' to 'http://localhost:4444/wd/hub/session/3bbd75318bc1f12432d01c5ec0e5f5f9/element'
10:31:23.995 [Forwarding findElement on session 3bbd75318bc1f12432d01c5ec0e5f5f9 to remote] DEBUG org.asynchttpclient.netty.request.NettyRequestSender -- Using open Channel [id: 0x981c4e6c, L:/127.0.0.1:6581 - R:localhost/127.0.0.1:4444] for POST '/wd/hub/session/3bbd75318bc1f12432d01c5ec0e5f5f9/element'
10:31:24.005 [AsyncHttpClient-1-2] DEBUG org.asynchttpclient.netty.handler.HttpHandler -- 

Request DefaultHttpRequest(decodeResult: success, version: HTTP/1.1)
POST /wd/hub/session/3bbd75318bc1f12432d01c5ec0e5f5f9/element HTTP/1.1
User-Agent: selenium/4.1.3 (java windows)
traceparent: 00-62e1c2d1edf33cffba23acdb7e88aa20-b41ac87857a13b28-01
Content-Length: 92
Content-Type: application/json; charset=utf-8
host: localhost:4444
accept: */*

Response DefaultHttpResponse(decodeResult: success, version: HTTP/1.1)
HTTP/1.1 200 OK
content-type: application/json; charset=utf-8
cache-control: no-cache
content-length: 127

10:31:24.006 [AsyncHttpClient-1-2] DEBUG org.asynchttpclient.netty.channel.ChannelManager -- Adding key: http://localhost:4444 for channel [id: 0x981c4e6c, L:/127.0.0.1:6581 - R:localhost/127.0.0.1:4444]
10:31:24.007 [Forwarding clickElement on session 3bbd75318bc1f12432d01c5ec0e5f5f9 to remote] DEBUG org.asynchttpclient.netty.request.NettyRequestSender -- Using pooled Channel '[id: 0x981c4e6c, L:/127.0.0.1:6581 - R:localhost/127.0.0.1:4444]' for 'POST' to 'http://localhost:4444/wd/hub/session/3bbd75318bc1f12432d01c5ec0e5f5f9/element/f.E3BA5BB53048119A2815AF5858633D2E.d.4F97C4383A057525E457377DA0250018.e.111/click'
10:31:24.007 [Forwarding clickElement on session 3bbd75318bc1f12432d01c5ec0e5f5f9 to remote] DEBUG org.asynchttpclient.netty.request.NettyRequestSender -- Using open Channel [id: 0x981c4e6c, L:/127.0.0.1:6581 - R:localhost/127.0.0.1:4444] for POST '/wd/hub/session/3bbd75318bc1f12432d01c5ec0e5f5f9/element/f.E3BA5BB53048119A2815AF5858633D2E.d.4F97C4383A057525E457377DA0250018.e.111/click'
10:31:24.057 [AsyncHttpClient-1-2] DEBUG org.asynchttpclient.netty.handler.HttpHandler -- 

Request DefaultHttpRequest(decodeResult: success, version: HTTP/1.1)
POST /wd/hub/session/3bbd75318bc1f12432d01c5ec0e5f5f9/element/f.E3BA5BB53048119A2815AF5858633D2E.d.4F97C4383A057525E457377DA0250018.e.111/click HTTP/1.1
User-Agent: selenium/4.1.3 (java windows)
traceparent: 00-dcbba07ee6418e90690bce6dbeaa149c-f0e44e041726d0d8-01
Content-Length: 89
Content-Type: application/json; charset=utf-8
host: localhost:4444
accept: */*

Response DefaultHttpResponse(decodeResult: success, version: HTTP/1.1)
HTTP/1.1 200 OK
content-type: application/json; charset=utf-8
cache-control: no-cache
content-length: 14

10:31:24.057 [AsyncHttpClient-1-2] DEBUG org.asynchttpclient.netty.channel.ChannelManager -- Adding key: http://localhost:4444 for channel [id: 0x981c4e6c, L:/127.0.0.1:6581 - R:localhost/127.0.0.1:4444]
]]></system-out>
    <system-err><![CDATA[Aug 29, 2024 10:31:18 AM org.openqa.selenium.remote.ProtocolHandshake createSession
INFO: Detected dialect: W3C
]]></system-err>
  </testcase>
  <testcase name="runScenario[&quot;Verify User and Can login&quot;, &quot;Optional[Verify Daraz works properly]&quot;](11)" classname="TestRunner.TestRunner" time="15.742">
    <failure message="no such element: Unable to locate element: {&quot;method&quot;:&quot;xpath&quot;,&quot;selector&quot;:&quot;//input[@placeholder=&apos;Please enter your Phone Number or Email&apos;]&quot;}&#10;  (Session info: chrome=128.0.6613.85)&#10;For documentation on this error, please visit: https://selenium.dev/exceptions/#no_such_element&#10;Build info: version: &apos;4.1.3&apos;, revision: &apos;7b1ebf28ef&apos;&#10;System info: host: &apos;QUPS-DESKTOP&apos;, ip: &apos;192.168.0.130&apos;, os.name: &apos;Windows 11&apos;, os.arch: &apos;amd64&apos;, os.version: &apos;10.0&apos;, java.version: &apos;11.0.22&apos;&#10;Driver info: org.openqa.selenium.remote.RemoteWebDriver&#10;Command: [fd4ee871d0ebdc2a324b97338a38646f, findElement {using=xpath, value=//input[@placeholder=&apos;Please enter your Phone Number or Email&apos;]}]&#10;Capabilities {acceptInsecureCerts: false, browserName: chrome, browserVersion: 128.0.6613.85, chrome: {chromedriverVersion: 128.0.6613.86 (3045ed680fda..., userDataDir: C:\Users\TALLYK~1\AppData\L...}, fedcm:accounts: true, goog:chromeOptions: {debuggerAddress: localhost:7917}, javascriptEnabled: true, networkConnectionEnabled: false, pageLoadStrategy: normal, platform: XP, platformName: XP, proxy: Proxy(), se:bidiEnabled: false, se:cdp: ws://localhost:4444/session..., se:cdpVersion: 128.0.6613.85, setWindowRect: true, strictFileInteractability: false, timeouts: {implicit: 0, pageLoad: 300000, script: 30000}, unhandledPromptBehavior: dismiss and notify, webauthn:extension:credBlob: true, webauthn:extension:largeBlob: true, webauthn:extension:minPinLength: true, webauthn:extension:prf: true, webauthn:virtualAuthenticators: true}&#10;Session ID: fd4ee871d0ebdc2a324b97338a38646f" type="org.openqa.selenium.NoSuchElementException"><![CDATA[org.openqa.selenium.NoSuchElementException: 
no such element: Unable to locate element: {"method":"xpath","selector":"//input[@placeholder='Please enter your Phone Number or Email']"}
  (Session info: chrome=128.0.6613.85)
For documentation on this error, please visit: https://selenium.dev/exceptions/#no_such_element
Build info: version: '4.1.3', revision: '7b1ebf28ef'
System info: host: 'QUPS-DESKTOP', ip: '192.168.0.130', os.name: 'Windows 11', os.arch: 'amd64', os.version: '10.0', java.version: '11.0.22'
Driver info: org.openqa.selenium.remote.RemoteWebDriver
Command: [fd4ee871d0ebdc2a324b97338a38646f, findElement {using=xpath, value=//input[@placeholder='Please enter your Phone Number or Email']}]
Capabilities {acceptInsecureCerts: false, browserName: chrome, browserVersion: 128.0.6613.85, chrome: {chromedriverVersion: 128.0.6613.86 (3045ed680fda..., userDataDir: C:\Users\TALLYK~1\AppData\L...}, fedcm:accounts: true, goog:chromeOptions: {debuggerAddress: localhost:7917}, javascriptEnabled: true, networkConnectionEnabled: false, pageLoadStrategy: normal, platform: XP, platformName: XP, proxy: Proxy(), se:bidiEnabled: false, se:cdp: ws://localhost:4444/session..., se:cdpVersion: 128.0.6613.85, setWindowRect: true, strictFileInteractability: false, timeouts: {implicit: 0, pageLoad: 300000, script: 30000}, unhandledPromptBehavior: dismiss and notify, webauthn:extension:credBlob: true, webauthn:extension:largeBlob: true, webauthn:extension:minPinLength: true, webauthn:extension:prf: true, webauthn:virtualAuthenticators: true}
Session ID: fd4ee871d0ebdc2a324b97338a38646f
]]></failure>
    <system-out><![CDATA[10:31:24.073 [Forwarding newSession on session null to remote] DEBUG org.asynchttpclient.netty.request.NettyRequestSender -- Using pooled Channel '[id: 0x981c4e6c, L:/127.0.0.1:6581 - R:localhost/127.0.0.1:4444]' for 'POST' to 'http://localhost:4444/wd/hub/session'
10:31:24.073 [Forwarding newSession on session null to remote] DEBUG org.asynchttpclient.netty.request.NettyRequestSender -- Using open Channel [id: 0x981c4e6c, L:/127.0.0.1:6581 - R:localhost/127.0.0.1:4444] for POST '/wd/hub/session'
10:31:24.799 [AsyncHttpClient-1-2] DEBUG org.asynchttpclient.netty.handler.HttpHandler -- 

Request DefaultHttpRequest(decodeResult: success, version: HTTP/1.1)
POST /wd/hub/session HTTP/1.1
User-Agent: selenium/4.1.3 (java windows)
traceparent: 00-e7bae92db48229f6941f9c12fdd5966b-a872f184d4a1e83b-01
Content-Length: 341
Content-Type: application/json; charset=utf-8
host: localhost:4444
accept: */*

Response DefaultHttpResponse(decodeResult: success, version: HTTP/1.1)
HTTP/1.1 200 OK
Cache-Control: no-cache
Content-Type: application/json; charset=utf-8
content-length: 1349

10:31:24.800 [AsyncHttpClient-1-2] DEBUG org.asynchttpclient.netty.channel.ChannelManager -- Adding key: http://localhost:4444 for channel [id: 0x981c4e6c, L:/127.0.0.1:6581 - R:localhost/127.0.0.1:4444]
10:31:24.803 [Forwarding setTimeout on session fd4ee871d0ebdc2a324b97338a38646f to remote] DEBUG org.asynchttpclient.netty.request.NettyRequestSender -- Using pooled Channel '[id: 0x981c4e6c, L:/127.0.0.1:6581 - R:localhost/127.0.0.1:4444]' for 'POST' to 'http://localhost:4444/wd/hub/session/fd4ee871d0ebdc2a324b97338a38646f/timeouts'
10:31:24.803 [Forwarding setTimeout on session fd4ee871d0ebdc2a324b97338a38646f to remote] DEBUG org.asynchttpclient.netty.request.NettyRequestSender -- Using open Channel [id: 0x981c4e6c, L:/127.0.0.1:6581 - R:localhost/127.0.0.1:4444] for POST '/wd/hub/session/fd4ee871d0ebdc2a324b97338a38646f/timeouts'
10:31:24.808 [AsyncHttpClient-1-2] DEBUG org.asynchttpclient.netty.handler.HttpHandler -- 

Request DefaultHttpRequest(decodeResult: success, version: HTTP/1.1)
POST /wd/hub/session/fd4ee871d0ebdc2a324b97338a38646f/timeouts HTTP/1.1
User-Agent: selenium/4.1.3 (java windows)
traceparent: 00-06277441c1514dfdf2dfbb7bacf5e6ea-d5458e91fefd8e4e-01
Content-Length: 22
Content-Type: application/json; charset=utf-8
host: localhost:4444
accept: */*

Response DefaultHttpResponse(decodeResult: success, version: HTTP/1.1)
HTTP/1.1 200 OK
content-type: application/json; charset=utf-8
cache-control: no-cache
content-length: 14

10:31:24.808 [AsyncHttpClient-1-2] DEBUG org.asynchttpclient.netty.channel.ChannelManager -- Adding key: http://localhost:4444 for channel [id: 0x981c4e6c, L:/127.0.0.1:6581 - R:localhost/127.0.0.1:4444]
10:31:24.809 [Forwarding maximizeCurrentWindow on session fd4ee871d0ebdc2a324b97338a38646f to remote] DEBUG org.asynchttpclient.netty.request.NettyRequestSender -- Using pooled Channel '[id: 0x981c4e6c, L:/127.0.0.1:6581 - R:localhost/127.0.0.1:4444]' for 'POST' to 'http://localhost:4444/wd/hub/session/fd4ee871d0ebdc2a324b97338a38646f/window/maximize'
10:31:24.809 [Forwarding maximizeCurrentWindow on session fd4ee871d0ebdc2a324b97338a38646f to remote] DEBUG org.asynchttpclient.netty.request.NettyRequestSender -- Using open Channel [id: 0x981c4e6c, L:/127.0.0.1:6581 - R:localhost/127.0.0.1:4444] for POST '/wd/hub/session/fd4ee871d0ebdc2a324b97338a38646f/window/maximize'
10:31:24.837 [AsyncHttpClient-1-2] DEBUG org.asynchttpclient.netty.handler.HttpHandler -- 

Request DefaultHttpRequest(decodeResult: success, version: HTTP/1.1)
POST /wd/hub/session/fd4ee871d0ebdc2a324b97338a38646f/window/maximize HTTP/1.1
User-Agent: selenium/4.1.3 (java windows)
traceparent: 00-c4a9b7bd807550d67d3664b8136000f7-c3c00aad6dcec79f-01
Content-Length: 3
Content-Type: application/json; charset=utf-8
host: localhost:4444
accept: */*

Response DefaultHttpResponse(decodeResult: success, version: HTTP/1.1)
HTTP/1.1 200 OK
content-type: application/json; charset=utf-8
cache-control: no-cache
content-length: 52

10:31:24.838 [AsyncHttpClient-1-2] DEBUG org.asynchttpclient.netty.channel.ChannelManager -- Adding key: http://localhost:4444 for channel [id: 0x981c4e6c, L:/127.0.0.1:6581 - R:localhost/127.0.0.1:4444]
10:31:24.838 [Forwarding get on session fd4ee871d0ebdc2a324b97338a38646f to remote] DEBUG org.asynchttpclient.netty.request.NettyRequestSender -- Using pooled Channel '[id: 0x981c4e6c, L:/127.0.0.1:6581 - R:localhost/127.0.0.1:4444]' for 'POST' to 'http://localhost:4444/wd/hub/session/fd4ee871d0ebdc2a324b97338a38646f/url'
10:31:24.838 [Forwarding get on session fd4ee871d0ebdc2a324b97338a38646f to remote] DEBUG org.asynchttpclient.netty.request.NettyRequestSender -- Using open Channel [id: 0x981c4e6c, L:/127.0.0.1:6581 - R:localhost/127.0.0.1:4444] for POST '/wd/hub/session/fd4ee871d0ebdc2a324b97338a38646f/url'
10:31:28.645 [AsyncHttpClient-1-2] DEBUG org.asynchttpclient.netty.handler.HttpHandler -- 

Request DefaultHttpRequest(decodeResult: success, version: HTTP/1.1)
POST /wd/hub/session/fd4ee871d0ebdc2a324b97338a38646f/url HTTP/1.1
User-Agent: selenium/4.1.3 (java windows)
traceparent: 00-4e740e22a7b2b07bbc85c4ad3163137f-17ac3bce9a0d01c8-01
Content-Length: 57
Content-Type: application/json; charset=utf-8
host: localhost:4444
accept: */*

Response DefaultHttpResponse(decodeResult: success, version: HTTP/1.1)
HTTP/1.1 200 OK
content-type: application/json; charset=utf-8
cache-control: no-cache
content-length: 14

10:31:28.646 [AsyncHttpClient-1-2] DEBUG org.asynchttpclient.netty.channel.ChannelManager -- Adding key: http://localhost:4444 for channel [id: 0x981c4e6c, L:/127.0.0.1:6581 - R:localhost/127.0.0.1:4444]
10:31:28.647 [Forwarding getCurrentUrl on session fd4ee871d0ebdc2a324b97338a38646f to remote] DEBUG org.asynchttpclient.netty.request.NettyRequestSender -- Using pooled Channel '[id: 0x981c4e6c, L:/127.0.0.1:6581 - R:localhost/127.0.0.1:4444]' for 'GET' to 'http://localhost:4444/wd/hub/session/fd4ee871d0ebdc2a324b97338a38646f/url'
10:31:28.647 [Forwarding getCurrentUrl on session fd4ee871d0ebdc2a324b97338a38646f to remote] DEBUG org.asynchttpclient.netty.request.NettyRequestSender -- Using open Channel [id: 0x981c4e6c, L:/127.0.0.1:6581 - R:localhost/127.0.0.1:4444] for GET '/wd/hub/session/fd4ee871d0ebdc2a324b97338a38646f/url'
10:31:28.655 [AsyncHttpClient-1-2] DEBUG org.asynchttpclient.netty.handler.HttpHandler -- 

Request DefaultFullHttpRequest(decodeResult: success, version: HTTP/1.1, content: EmptyByteBufBE)
GET /wd/hub/session/fd4ee871d0ebdc2a324b97338a38646f/url HTTP/1.1
User-Agent: selenium/4.1.3 (java windows)
Cache-Control: no-cache
traceparent: 00-f92caea58e5df4f90d0fb87ca39ca69e-dd4db464a5225dd8-01
Content-Type: application/json; charset=utf-8
host: localhost:4444
accept: */*

Response DefaultHttpResponse(decodeResult: success, version: HTTP/1.1)
HTTP/1.1 200 OK
content-type: application/json; charset=utf-8
cache-control: no-cache
content-length: 34

10:31:28.655 [AsyncHttpClient-1-2] DEBUG org.asynchttpclient.netty.channel.ChannelManager -- Adding key: http://localhost:4444 for channel [id: 0x981c4e6c, L:/127.0.0.1:6581 - R:localhost/127.0.0.1:4444]
10:31:28.656 [Forwarding findElement on session fd4ee871d0ebdc2a324b97338a38646f to remote] DEBUG org.asynchttpclient.netty.request.NettyRequestSender -- Using pooled Channel '[id: 0x981c4e6c, L:/127.0.0.1:6581 - R:localhost/127.0.0.1:4444]' for 'POST' to 'http://localhost:4444/wd/hub/session/fd4ee871d0ebdc2a324b97338a38646f/element'
10:31:28.656 [Forwarding findElement on session fd4ee871d0ebdc2a324b97338a38646f to remote] DEBUG org.asynchttpclient.netty.request.NettyRequestSender -- Using open Channel [id: 0x981c4e6c, L:/127.0.0.1:6581 - R:localhost/127.0.0.1:4444] for POST '/wd/hub/session/fd4ee871d0ebdc2a324b97338a38646f/element'
10:31:28.667 [AsyncHttpClient-1-2] DEBUG org.asynchttpclient.netty.handler.HttpHandler -- 

Request DefaultHttpRequest(decodeResult: success, version: HTTP/1.1)
POST /wd/hub/session/fd4ee871d0ebdc2a324b97338a38646f/element HTTP/1.1
User-Agent: selenium/4.1.3 (java windows)
traceparent: 00-d145cf91a328f2f2beeaa178883992f2-eece863ab11d313f-01
Content-Length: 77
Content-Type: application/json; charset=utf-8
host: localhost:4444
accept: */*

Response DefaultHttpResponse(decodeResult: success, version: HTTP/1.1)
HTTP/1.1 200 OK
content-type: application/json; charset=utf-8
cache-control: no-cache
content-length: 127

10:31:28.667 [AsyncHttpClient-1-2] DEBUG org.asynchttpclient.netty.channel.ChannelManager -- Adding key: http://localhost:4444 for channel [id: 0x981c4e6c, L:/127.0.0.1:6581 - R:localhost/127.0.0.1:4444]
10:31:28.670 [Forwarding isElementDisplayed on session fd4ee871d0ebdc2a324b97338a38646f to remote] DEBUG org.asynchttpclient.netty.request.NettyRequestSender -- Using pooled Channel '[id: 0x981c4e6c, L:/127.0.0.1:6581 - R:localhost/127.0.0.1:4444]' for 'POST' to 'http://localhost:4444/wd/hub/session/fd4ee871d0ebdc2a324b97338a38646f/execute/sync'
10:31:28.670 [Forwarding isElementDisplayed on session fd4ee871d0ebdc2a324b97338a38646f to remote] DEBUG org.asynchttpclient.netty.request.NettyRequestSender -- Using open Channel [id: 0x981c4e6c, L:/127.0.0.1:6581 - R:localhost/127.0.0.1:4444] for POST '/wd/hub/session/fd4ee871d0ebdc2a324b97338a38646f/execute/sync'
10:31:28.682 [AsyncHttpClient-1-2] DEBUG org.asynchttpclient.netty.handler.HttpHandler -- 

Request DefaultHttpRequest(decodeResult: success, version: HTTP/1.1)
POST /wd/hub/session/fd4ee871d0ebdc2a324b97338a38646f/execute/sync HTTP/1.1
User-Agent: selenium/4.1.3 (java windows)
traceparent: 00-c8da63c64131a5c86df93c589ddcfc0c-aea3e5c57fa37364-01
Content-Length: 48819
Content-Type: application/json; charset=utf-8
host: localhost:4444
accept: */*

Response DefaultHttpResponse(decodeResult: success, version: HTTP/1.1)
HTTP/1.1 200 OK
content-type: application/json; charset=utf-8
cache-control: no-cache
content-length: 14

10:31:28.682 [AsyncHttpClient-1-2] DEBUG org.asynchttpclient.netty.channel.ChannelManager -- Adding key: http://localhost:4444 for channel [id: 0x981c4e6c, L:/127.0.0.1:6581 - R:localhost/127.0.0.1:4444]
10:31:29.714 [AsyncHttpClient-1-1] DEBUG org.asynchttpclient.netty.channel.DefaultChannelPool -- Entry count for : http://localhost:4444 : 1
10:31:30.813 [AsyncHttpClient-1-1] DEBUG org.asynchttpclient.netty.channel.DefaultChannelPool -- Entry count for : http://localhost:4444 : 1
10:31:31.686 [Forwarding findElement on session fd4ee871d0ebdc2a324b97338a38646f to remote] DEBUG org.asynchttpclient.netty.request.NettyRequestSender -- Using pooled Channel '[id: 0x981c4e6c, L:/127.0.0.1:6581 - R:localhost/127.0.0.1:4444]' for 'POST' to 'http://localhost:4444/wd/hub/session/fd4ee871d0ebdc2a324b97338a38646f/element'
10:31:31.686 [Forwarding findElement on session fd4ee871d0ebdc2a324b97338a38646f to remote] DEBUG org.asynchttpclient.netty.request.NettyRequestSender -- Using open Channel [id: 0x981c4e6c, L:/127.0.0.1:6581 - R:localhost/127.0.0.1:4444] for POST '/wd/hub/session/fd4ee871d0ebdc2a324b97338a38646f/element'
10:31:31.697 [AsyncHttpClient-1-2] DEBUG org.asynchttpclient.netty.handler.HttpHandler -- 

Request DefaultHttpRequest(decodeResult: success, version: HTTP/1.1)
POST /wd/hub/session/fd4ee871d0ebdc2a324b97338a38646f/element HTTP/1.1
User-Agent: selenium/4.1.3 (java windows)
traceparent: 00-5ebbc959bd29949719cbb07632b99860-c5682291c7240745-01
Content-Length: 77
Content-Type: application/json; charset=utf-8
host: localhost:4444
accept: */*

Response DefaultHttpResponse(decodeResult: success, version: HTTP/1.1)
HTTP/1.1 200 OK
content-type: application/json; charset=utf-8
cache-control: no-cache
content-length: 127

10:31:31.697 [AsyncHttpClient-1-2] DEBUG org.asynchttpclient.netty.channel.ChannelManager -- Adding key: http://localhost:4444 for channel [id: 0x981c4e6c, L:/127.0.0.1:6581 - R:localhost/127.0.0.1:4444]
10:31:31.698 [Forwarding clickElement on session fd4ee871d0ebdc2a324b97338a38646f to remote] DEBUG org.asynchttpclient.netty.request.NettyRequestSender -- Using pooled Channel '[id: 0x981c4e6c, L:/127.0.0.1:6581 - R:localhost/127.0.0.1:4444]' for 'POST' to 'http://localhost:4444/wd/hub/session/fd4ee871d0ebdc2a324b97338a38646f/element/f.2AE44B1CE857C6444EEDCBA5D46C96EE.d.88E641DBBBBB6BB5463A5CC8BD7E6929.e.105/click'
10:31:31.698 [Forwarding clickElement on session fd4ee871d0ebdc2a324b97338a38646f to remote] DEBUG org.asynchttpclient.netty.request.NettyRequestSender -- Using open Channel [id: 0x981c4e6c, L:/127.0.0.1:6581 - R:localhost/127.0.0.1:4444] for POST '/wd/hub/session/fd4ee871d0ebdc2a324b97338a38646f/element/f.2AE44B1CE857C6444EEDCBA5D46C96EE.d.88E641DBBBBB6BB5463A5CC8BD7E6929.e.105/click'
10:31:31.747 [AsyncHttpClient-1-2] DEBUG org.asynchttpclient.netty.handler.HttpHandler -- 

Request DefaultHttpRequest(decodeResult: success, version: HTTP/1.1)
POST /wd/hub/session/fd4ee871d0ebdc2a324b97338a38646f/element/f.2AE44B1CE857C6444EEDCBA5D46C96EE.d.88E641DBBBBB6BB5463A5CC8BD7E6929.e.105/click HTTP/1.1
User-Agent: selenium/4.1.3 (java windows)
traceparent: 00-bd429a7e58c6d7d72b58565a4203dddc-e8a4b6bd7c323c9e-01
Content-Length: 89
Content-Type: application/json; charset=utf-8
host: localhost:4444
accept: */*

Response DefaultHttpResponse(decodeResult: success, version: HTTP/1.1)
HTTP/1.1 200 OK
content-type: application/json; charset=utf-8
cache-control: no-cache
content-length: 14

10:31:31.747 [AsyncHttpClient-1-2] DEBUG org.asynchttpclient.netty.channel.ChannelManager -- Adding key: http://localhost:4444 for channel [id: 0x981c4e6c, L:/127.0.0.1:6581 - R:localhost/127.0.0.1:4444]
10:31:31.918 [AsyncHttpClient-1-1] DEBUG org.asynchttpclient.netty.channel.DefaultChannelPool -- Entry count for : http://localhost:4444 : 1
10:31:33.022 [AsyncHttpClient-1-1] DEBUG org.asynchttpclient.netty.channel.DefaultChannelPool -- Entry count for : http://localhost:4444 : 1
10:31:34.114 [AsyncHttpClient-1-1] DEBUG org.asynchttpclient.netty.channel.DefaultChannelPool -- Entry count for : http://localhost:4444 : 1
10:31:34.760 [Forwarding findElement on session fd4ee871d0ebdc2a324b97338a38646f to remote] DEBUG org.asynchttpclient.netty.request.NettyRequestSender -- Using pooled Channel '[id: 0x981c4e6c, L:/127.0.0.1:6581 - R:localhost/127.0.0.1:4444]' for 'POST' to 'http://localhost:4444/wd/hub/session/fd4ee871d0ebdc2a324b97338a38646f/element'
10:31:34.760 [Forwarding findElement on session fd4ee871d0ebdc2a324b97338a38646f to remote] DEBUG org.asynchttpclient.netty.request.NettyRequestSender -- Using open Channel [id: 0x981c4e6c, L:/127.0.0.1:6581 - R:localhost/127.0.0.1:4444] for POST '/wd/hub/session/fd4ee871d0ebdc2a324b97338a38646f/element'
10:31:39.790 [AsyncHttpClient-1-2] DEBUG org.asynchttpclient.netty.handler.HttpHandler -- 

Request DefaultHttpRequest(decodeResult: success, version: HTTP/1.1)
POST /wd/hub/session/fd4ee871d0ebdc2a324b97338a38646f/element HTTP/1.1
User-Agent: selenium/4.1.3 (java windows)
traceparent: 00-a40fbdf7740c8792b5a700bd2e0c287c-bd2136978b290cd2-01
Content-Length: 110
Content-Type: application/json; charset=utf-8
host: localhost:4444
accept: */*

Response DefaultHttpResponse(decodeResult: success, version: HTTP/1.1)
HTTP/1.1 404 Not Found
content-type: application/json; charset=utf-8
cache-control: no-cache
content-length: 1096

10:31:39.790 [AsyncHttpClient-1-2] DEBUG org.asynchttpclient.netty.channel.ChannelManager -- Adding key: http://localhost:4444 for channel [id: 0x981c4e6c, L:/127.0.0.1:6581 - R:localhost/127.0.0.1:4444]
]]></system-out>
    <system-err><![CDATA[Aug 29, 2024 10:31:24 AM org.openqa.selenium.remote.ProtocolHandshake createSession
INFO: Detected dialect: W3C
]]></system-err>
  </testcase>
  <testcase name="runScenario[&quot;View With Category Field&quot;, &quot;Optional[Verify Daraz works properly]&quot;](12)" classname="TestRunner.TestRunner" time="17.048">
    <failure message="no such element: Unable to locate element: {&quot;method&quot;:&quot;xpath&quot;,&quot;selector&quot;:&quot;//p[normalize-space()=&apos;Routers&apos;]&quot;}&#10;  (Session info: chrome=128.0.6613.85)&#10;For documentation on this error, please visit: https://selenium.dev/exceptions/#no_such_element&#10;Build info: version: &apos;4.1.3&apos;, revision: &apos;7b1ebf28ef&apos;&#10;System info: host: &apos;QUPS-DESKTOP&apos;, ip: &apos;192.168.0.130&apos;, os.name: &apos;Windows 11&apos;, os.arch: &apos;amd64&apos;, os.version: &apos;10.0&apos;, java.version: &apos;11.0.22&apos;&#10;Driver info: org.openqa.selenium.remote.RemoteWebDriver&#10;Command: [03eb311312da66bd00038a7d63ae8dd5, findElement {using=xpath, value=//p[normalize-space()=&apos;Routers&apos;]}]&#10;Capabilities {acceptInsecureCerts: false, browserName: chrome, browserVersion: 128.0.6613.85, chrome: {chromedriverVersion: 128.0.6613.86 (3045ed680fda..., userDataDir: C:\Users\TALLYK~1\AppData\L...}, fedcm:accounts: true, goog:chromeOptions: {debuggerAddress: localhost:8013}, javascriptEnabled: true, networkConnectionEnabled: false, pageLoadStrategy: normal, platform: XP, platformName: XP, proxy: Proxy(), se:bidiEnabled: false, se:cdp: ws://localhost:4444/session..., se:cdpVersion: 128.0.6613.85, setWindowRect: true, strictFileInteractability: false, timeouts: {implicit: 0, pageLoad: 300000, script: 30000}, unhandledPromptBehavior: dismiss and notify, webauthn:extension:credBlob: true, webauthn:extension:largeBlob: true, webauthn:extension:minPinLength: true, webauthn:extension:prf: true, webauthn:virtualAuthenticators: true}&#10;Session ID: 03eb311312da66bd00038a7d63ae8dd5" type="org.openqa.selenium.NoSuchElementException"><![CDATA[org.openqa.selenium.NoSuchElementException: 
no such element: Unable to locate element: {"method":"xpath","selector":"//p[normalize-space()='Routers']"}
  (Session info: chrome=128.0.6613.85)
For documentation on this error, please visit: https://selenium.dev/exceptions/#no_such_element
Build info: version: '4.1.3', revision: '7b1ebf28ef'
System info: host: 'QUPS-DESKTOP', ip: '192.168.0.130', os.name: 'Windows 11', os.arch: 'amd64', os.version: '10.0', java.version: '11.0.22'
Driver info: org.openqa.selenium.remote.RemoteWebDriver
Command: [03eb311312da66bd00038a7d63ae8dd5, findElement {using=xpath, value=//p[normalize-space()='Routers']}]
Capabilities {acceptInsecureCerts: false, browserName: chrome, browserVersion: 128.0.6613.85, chrome: {chromedriverVersion: 128.0.6613.86 (3045ed680fda..., userDataDir: C:\Users\TALLYK~1\AppData\L...}, fedcm:accounts: true, goog:chromeOptions: {debuggerAddress: localhost:8013}, javascriptEnabled: true, networkConnectionEnabled: false, pageLoadStrategy: normal, platform: XP, platformName: XP, proxy: Proxy(), se:bidiEnabled: false, se:cdp: ws://localhost:4444/session..., se:cdpVersion: 128.0.6613.85, setWindowRect: true, strictFileInteractability: false, timeouts: {implicit: 0, pageLoad: 300000, script: 30000}, unhandledPromptBehavior: dismiss and notify, webauthn:extension:credBlob: true, webauthn:extension:largeBlob: true, webauthn:extension:minPinLength: true, webauthn:extension:prf: true, webauthn:virtualAuthenticators: true}
Session ID: 03eb311312da66bd00038a7d63ae8dd5
]]></failure>
    <system-out><![CDATA[10:31:39.810 [Forwarding newSession on session null to remote] DEBUG org.asynchttpclient.netty.request.NettyRequestSender -- Using pooled Channel '[id: 0x981c4e6c, L:/127.0.0.1:6581 - R:localhost/127.0.0.1:4444]' for 'POST' to 'http://localhost:4444/wd/hub/session'
10:31:39.810 [Forwarding newSession on session null to remote] DEBUG org.asynchttpclient.netty.request.NettyRequestSender -- Using open Channel [id: 0x981c4e6c, L:/127.0.0.1:6581 - R:localhost/127.0.0.1:4444] for POST '/wd/hub/session'
10:31:40.508 [AsyncHttpClient-1-2] DEBUG org.asynchttpclient.netty.handler.HttpHandler -- 

Request DefaultHttpRequest(decodeResult: success, version: HTTP/1.1)
POST /wd/hub/session HTTP/1.1
User-Agent: selenium/4.1.3 (java windows)
traceparent: 00-f5ef270a32560f92216658eeb50b2530-328cbf21444336fd-01
Content-Length: 341
Content-Type: application/json; charset=utf-8
host: localhost:4444
accept: */*

Response DefaultHttpResponse(decodeResult: success, version: HTTP/1.1)
HTTP/1.1 200 OK
Cache-Control: no-cache
Content-Type: application/json; charset=utf-8
content-length: 1350

10:31:40.508 [AsyncHttpClient-1-2] DEBUG org.asynchttpclient.netty.channel.ChannelManager -- Adding key: http://localhost:4444 for channel [id: 0x981c4e6c, L:/127.0.0.1:6581 - R:localhost/127.0.0.1:4444]
10:31:40.512 [Forwarding setTimeout on session 03eb311312da66bd00038a7d63ae8dd5 to remote] DEBUG org.asynchttpclient.netty.request.NettyRequestSender -- Using pooled Channel '[id: 0x981c4e6c, L:/127.0.0.1:6581 - R:localhost/127.0.0.1:4444]' for 'POST' to 'http://localhost:4444/wd/hub/session/03eb311312da66bd00038a7d63ae8dd5/timeouts'
10:31:40.512 [Forwarding setTimeout on session 03eb311312da66bd00038a7d63ae8dd5 to remote] DEBUG org.asynchttpclient.netty.request.NettyRequestSender -- Using open Channel [id: 0x981c4e6c, L:/127.0.0.1:6581 - R:localhost/127.0.0.1:4444] for POST '/wd/hub/session/03eb311312da66bd00038a7d63ae8dd5/timeouts'
10:31:40.517 [AsyncHttpClient-1-2] DEBUG org.asynchttpclient.netty.handler.HttpHandler -- 

Request DefaultHttpRequest(decodeResult: success, version: HTTP/1.1)
POST /wd/hub/session/03eb311312da66bd00038a7d63ae8dd5/timeouts HTTP/1.1
User-Agent: selenium/4.1.3 (java windows)
traceparent: 00-5f106eb213dd04d5632b0a72219c435a-6c26c6a4ce196eaf-01
Content-Length: 22
Content-Type: application/json; charset=utf-8
host: localhost:4444
accept: */*

Response DefaultHttpResponse(decodeResult: success, version: HTTP/1.1)
HTTP/1.1 200 OK
content-type: application/json; charset=utf-8
cache-control: no-cache
content-length: 14

10:31:40.517 [AsyncHttpClient-1-2] DEBUG org.asynchttpclient.netty.channel.ChannelManager -- Adding key: http://localhost:4444 for channel [id: 0x981c4e6c, L:/127.0.0.1:6581 - R:localhost/127.0.0.1:4444]
10:31:40.518 [Forwarding maximizeCurrentWindow on session 03eb311312da66bd00038a7d63ae8dd5 to remote] DEBUG org.asynchttpclient.netty.request.NettyRequestSender -- Using pooled Channel '[id: 0x981c4e6c, L:/127.0.0.1:6581 - R:localhost/127.0.0.1:4444]' for 'POST' to 'http://localhost:4444/wd/hub/session/03eb311312da66bd00038a7d63ae8dd5/window/maximize'
10:31:40.518 [Forwarding maximizeCurrentWindow on session 03eb311312da66bd00038a7d63ae8dd5 to remote] DEBUG org.asynchttpclient.netty.request.NettyRequestSender -- Using open Channel [id: 0x981c4e6c, L:/127.0.0.1:6581 - R:localhost/127.0.0.1:4444] for POST '/wd/hub/session/03eb311312da66bd00038a7d63ae8dd5/window/maximize'
10:31:40.544 [AsyncHttpClient-1-2] DEBUG org.asynchttpclient.netty.handler.HttpHandler -- 

Request DefaultHttpRequest(decodeResult: success, version: HTTP/1.1)
POST /wd/hub/session/03eb311312da66bd00038a7d63ae8dd5/window/maximize HTTP/1.1
User-Agent: selenium/4.1.3 (java windows)
traceparent: 00-c2b9e797327137df3d0599f77c46716e-57f733fa35236b79-01
Content-Length: 3
Content-Type: application/json; charset=utf-8
host: localhost:4444
accept: */*

Response DefaultHttpResponse(decodeResult: success, version: HTTP/1.1)
HTTP/1.1 200 OK
content-type: application/json; charset=utf-8
cache-control: no-cache
content-length: 52

10:31:40.544 [AsyncHttpClient-1-2] DEBUG org.asynchttpclient.netty.channel.ChannelManager -- Adding key: http://localhost:4444 for channel [id: 0x981c4e6c, L:/127.0.0.1:6581 - R:localhost/127.0.0.1:4444]
10:31:40.546 [Forwarding get on session 03eb311312da66bd00038a7d63ae8dd5 to remote] DEBUG org.asynchttpclient.netty.request.NettyRequestSender -- Using pooled Channel '[id: 0x981c4e6c, L:/127.0.0.1:6581 - R:localhost/127.0.0.1:4444]' for 'POST' to 'http://localhost:4444/wd/hub/session/03eb311312da66bd00038a7d63ae8dd5/url'
10:31:40.546 [Forwarding get on session 03eb311312da66bd00038a7d63ae8dd5 to remote] DEBUG org.asynchttpclient.netty.request.NettyRequestSender -- Using open Channel [id: 0x981c4e6c, L:/127.0.0.1:6581 - R:localhost/127.0.0.1:4444] for POST '/wd/hub/session/03eb311312da66bd00038a7d63ae8dd5/url'
10:31:51.784 [AsyncHttpClient-1-2] DEBUG org.asynchttpclient.netty.handler.HttpHandler -- 

Request DefaultHttpRequest(decodeResult: success, version: HTTP/1.1)
POST /wd/hub/session/03eb311312da66bd00038a7d63ae8dd5/url HTTP/1.1
User-Agent: selenium/4.1.3 (java windows)
traceparent: 00-9df8c382c58df85a3bb657b1eb2bc221-360e36c61b14b1a1-01
Content-Length: 57
Content-Type: application/json; charset=utf-8
host: localhost:4444
accept: */*

Response DefaultHttpResponse(decodeResult: success, version: HTTP/1.1)
HTTP/1.1 200 OK
content-type: application/json; charset=utf-8
cache-control: no-cache
content-length: 14

10:31:51.784 [AsyncHttpClient-1-2] DEBUG org.asynchttpclient.netty.channel.ChannelManager -- Adding key: http://localhost:4444 for channel [id: 0x981c4e6c, L:/127.0.0.1:6581 - R:localhost/127.0.0.1:4444]
10:31:51.785 [Forwarding getCurrentUrl on session 03eb311312da66bd00038a7d63ae8dd5 to remote] DEBUG org.asynchttpclient.netty.request.NettyRequestSender -- Using pooled Channel '[id: 0x981c4e6c, L:/127.0.0.1:6581 - R:localhost/127.0.0.1:4444]' for 'GET' to 'http://localhost:4444/wd/hub/session/03eb311312da66bd00038a7d63ae8dd5/url'
10:31:51.785 [Forwarding getCurrentUrl on session 03eb311312da66bd00038a7d63ae8dd5 to remote] DEBUG org.asynchttpclient.netty.request.NettyRequestSender -- Using open Channel [id: 0x981c4e6c, L:/127.0.0.1:6581 - R:localhost/127.0.0.1:4444] for GET '/wd/hub/session/03eb311312da66bd00038a7d63ae8dd5/url'
10:31:51.792 [AsyncHttpClient-1-2] DEBUG org.asynchttpclient.netty.handler.HttpHandler -- 

Request DefaultFullHttpRequest(decodeResult: success, version: HTTP/1.1, content: EmptyByteBufBE)
GET /wd/hub/session/03eb311312da66bd00038a7d63ae8dd5/url HTTP/1.1
User-Agent: selenium/4.1.3 (java windows)
Cache-Control: no-cache
traceparent: 00-1e1052897213355d5180ab42ca129805-dd13d9e9b34988cd-01
Content-Type: application/json; charset=utf-8
host: localhost:4444
accept: */*

Response DefaultHttpResponse(decodeResult: success, version: HTTP/1.1)
HTTP/1.1 200 OK
content-type: application/json; charset=utf-8
cache-control: no-cache
content-length: 34

10:31:51.793 [AsyncHttpClient-1-2] DEBUG org.asynchttpclient.netty.channel.ChannelManager -- Adding key: http://localhost:4444 for channel [id: 0x981c4e6c, L:/127.0.0.1:6581 - R:localhost/127.0.0.1:4444]
10:31:51.794 [Forwarding findElement on session 03eb311312da66bd00038a7d63ae8dd5 to remote] DEBUG org.asynchttpclient.netty.request.NettyRequestSender -- Using pooled Channel '[id: 0x981c4e6c, L:/127.0.0.1:6581 - R:localhost/127.0.0.1:4444]' for 'POST' to 'http://localhost:4444/wd/hub/session/03eb311312da66bd00038a7d63ae8dd5/element'
10:31:51.794 [Forwarding findElement on session 03eb311312da66bd00038a7d63ae8dd5 to remote] DEBUG org.asynchttpclient.netty.request.NettyRequestSender -- Using open Channel [id: 0x981c4e6c, L:/127.0.0.1:6581 - R:localhost/127.0.0.1:4444] for POST '/wd/hub/session/03eb311312da66bd00038a7d63ae8dd5/element'
10:31:56.850 [AsyncHttpClient-1-2] DEBUG org.asynchttpclient.netty.handler.HttpHandler -- 

Request DefaultHttpRequest(decodeResult: success, version: HTTP/1.1)
POST /wd/hub/session/03eb311312da66bd00038a7d63ae8dd5/element HTTP/1.1
User-Agent: selenium/4.1.3 (java windows)
traceparent: 00-4a8734e3d686c324368bb33315e3fb4a-fa4037ad5f40272a-01
Content-Length: 79
Content-Type: application/json; charset=utf-8
host: localhost:4444
accept: */*

Response DefaultHttpResponse(decodeResult: success, version: HTTP/1.1)
HTTP/1.1 404 Not Found
content-type: application/json; charset=utf-8
cache-control: no-cache
content-length: 1065

10:31:56.850 [AsyncHttpClient-1-2] DEBUG org.asynchttpclient.netty.channel.ChannelManager -- Adding key: http://localhost:4444 for channel [id: 0x981c4e6c, L:/127.0.0.1:6581 - R:localhost/127.0.0.1:4444]
]]></system-out>
    <system-err><![CDATA[Aug 29, 2024 10:31:40 AM org.openqa.selenium.remote.ProtocolHandshake createSession
INFO: Detected dialect: W3C
]]></system-err>
  </testcase>
  <testcase name="runScenario[&quot;Search field Check&quot;, &quot;Optional[Verify Daraz works properly]&quot;](13)" classname="TestRunner.TestRunner" time="19.5">
    <failure message="no such element: Unable to locate element: {&quot;method&quot;:&quot;xpath&quot;,&quot;selector&quot;:&quot;//input[@id=&apos;q&apos;]&quot;}&#10;  (Session info: chrome=128.0.6613.85)&#10;For documentation on this error, please visit: https://selenium.dev/exceptions/#no_such_element&#10;Build info: version: &apos;4.1.3&apos;, revision: &apos;7b1ebf28ef&apos;&#10;System info: host: &apos;QUPS-DESKTOP&apos;, ip: &apos;192.168.0.130&apos;, os.name: &apos;Windows 11&apos;, os.arch: &apos;amd64&apos;, os.version: &apos;10.0&apos;, java.version: &apos;11.0.22&apos;&#10;Driver info: org.openqa.selenium.remote.RemoteWebDriver&#10;Command: [4e0cd1713357cce71406c6891aa76500, findElement {using=xpath, value=//input[@id=&apos;q&apos;]}]&#10;Capabilities {acceptInsecureCerts: false, browserName: chrome, browserVersion: 128.0.6613.85, chrome: {chromedriverVersion: 128.0.6613.86 (3045ed680fda..., userDataDir: C:\Users\TALLYK~1\AppData\L...}, fedcm:accounts: true, goog:chromeOptions: {debuggerAddress: localhost:8077}, javascriptEnabled: true, networkConnectionEnabled: false, pageLoadStrategy: normal, platform: XP, platformName: XP, proxy: Proxy(), se:bidiEnabled: false, se:cdp: ws://localhost:4444/session..., se:cdpVersion: 128.0.6613.85, setWindowRect: true, strictFileInteractability: false, timeouts: {implicit: 0, pageLoad: 300000, script: 30000}, unhandledPromptBehavior: dismiss and notify, webauthn:extension:credBlob: true, webauthn:extension:largeBlob: true, webauthn:extension:minPinLength: true, webauthn:extension:prf: true, webauthn:virtualAuthenticators: true}&#10;Session ID: 4e0cd1713357cce71406c6891aa76500" type="org.openqa.selenium.NoSuchElementException"><![CDATA[org.openqa.selenium.NoSuchElementException: 
no such element: Unable to locate element: {"method":"xpath","selector":"//input[@id='q']"}
  (Session info: chrome=128.0.6613.85)
For documentation on this error, please visit: https://selenium.dev/exceptions/#no_such_element
Build info: version: '4.1.3', revision: '7b1ebf28ef'
System info: host: 'QUPS-DESKTOP', ip: '192.168.0.130', os.name: 'Windows 11', os.arch: 'amd64', os.version: '10.0', java.version: '11.0.22'
Driver info: org.openqa.selenium.remote.RemoteWebDriver
Command: [4e0cd1713357cce71406c6891aa76500, findElement {using=xpath, value=//input[@id='q']}]
Capabilities {acceptInsecureCerts: false, browserName: chrome, browserVersion: 128.0.6613.85, chrome: {chromedriverVersion: 128.0.6613.86 (3045ed680fda..., userDataDir: C:\Users\TALLYK~1\AppData\L...}, fedcm:accounts: true, goog:chromeOptions: {debuggerAddress: localhost:8077}, javascriptEnabled: true, networkConnectionEnabled: false, pageLoadStrategy: normal, platform: XP, platformName: XP, proxy: Proxy(), se:bidiEnabled: false, se:cdp: ws://localhost:4444/session..., se:cdpVersion: 128.0.6613.85, setWindowRect: true, strictFileInteractability: false, timeouts: {implicit: 0, pageLoad: 300000, script: 30000}, unhandledPromptBehavior: dismiss and notify, webauthn:extension:credBlob: true, webauthn:extension:largeBlob: true, webauthn:extension:minPinLength: true, webauthn:extension:prf: true, webauthn:virtualAuthenticators: true}
Session ID: 4e0cd1713357cce71406c6891aa76500
]]></failure>
    <system-out><![CDATA[10:31:56.862 [Forwarding newSession on session null to remote] DEBUG org.asynchttpclient.netty.request.NettyRequestSender -- Using pooled Channel '[id: 0x981c4e6c, L:/127.0.0.1:6581 - R:localhost/127.0.0.1:4444]' for 'POST' to 'http://localhost:4444/wd/hub/session'
10:31:56.862 [Forwarding newSession on session null to remote] DEBUG org.asynchttpclient.netty.request.NettyRequestSender -- Using open Channel [id: 0x981c4e6c, L:/127.0.0.1:6581 - R:localhost/127.0.0.1:4444] for POST '/wd/hub/session'
10:31:57.584 [AsyncHttpClient-1-2] DEBUG org.asynchttpclient.netty.handler.HttpHandler -- 

Request DefaultHttpRequest(decodeResult: success, version: HTTP/1.1)
POST /wd/hub/session HTTP/1.1
User-Agent: selenium/4.1.3 (java windows)
traceparent: 00-b0c4fcb769e150048d0a93f79614d5a4-2f6978c0ddaec810-01
Content-Length: 341
Content-Type: application/json; charset=utf-8
host: localhost:4444
accept: */*

Response DefaultHttpResponse(decodeResult: success, version: HTTP/1.1)
HTTP/1.1 200 OK
Cache-Control: no-cache
Content-Type: application/json; charset=utf-8
content-length: 1350

10:31:57.584 [AsyncHttpClient-1-2] DEBUG org.asynchttpclient.netty.channel.ChannelManager -- Adding key: http://localhost:4444 for channel [id: 0x981c4e6c, L:/127.0.0.1:6581 - R:localhost/127.0.0.1:4444]
10:31:57.587 [Forwarding setTimeout on session 4e0cd1713357cce71406c6891aa76500 to remote] DEBUG org.asynchttpclient.netty.request.NettyRequestSender -- Using pooled Channel '[id: 0x981c4e6c, L:/127.0.0.1:6581 - R:localhost/127.0.0.1:4444]' for 'POST' to 'http://localhost:4444/wd/hub/session/4e0cd1713357cce71406c6891aa76500/timeouts'
10:31:57.588 [Forwarding setTimeout on session 4e0cd1713357cce71406c6891aa76500 to remote] DEBUG org.asynchttpclient.netty.request.NettyRequestSender -- Using open Channel [id: 0x981c4e6c, L:/127.0.0.1:6581 - R:localhost/127.0.0.1:4444] for POST '/wd/hub/session/4e0cd1713357cce71406c6891aa76500/timeouts'
10:31:57.592 [AsyncHttpClient-1-2] DEBUG org.asynchttpclient.netty.handler.HttpHandler -- 

Request DefaultHttpRequest(decodeResult: success, version: HTTP/1.1)
POST /wd/hub/session/4e0cd1713357cce71406c6891aa76500/timeouts HTTP/1.1
User-Agent: selenium/4.1.3 (java windows)
traceparent: 00-4df14186cb7012bf47fa7637fcfbfb5f-241931705f2681b7-01
Content-Length: 22
Content-Type: application/json; charset=utf-8
host: localhost:4444
accept: */*

Response DefaultHttpResponse(decodeResult: success, version: HTTP/1.1)
HTTP/1.1 200 OK
content-type: application/json; charset=utf-8
cache-control: no-cache
content-length: 14

10:31:57.593 [AsyncHttpClient-1-2] DEBUG org.asynchttpclient.netty.channel.ChannelManager -- Adding key: http://localhost:4444 for channel [id: 0x981c4e6c, L:/127.0.0.1:6581 - R:localhost/127.0.0.1:4444]
10:31:57.594 [Forwarding maximizeCurrentWindow on session 4e0cd1713357cce71406c6891aa76500 to remote] DEBUG org.asynchttpclient.netty.request.NettyRequestSender -- Using pooled Channel '[id: 0x981c4e6c, L:/127.0.0.1:6581 - R:localhost/127.0.0.1:4444]' for 'POST' to 'http://localhost:4444/wd/hub/session/4e0cd1713357cce71406c6891aa76500/window/maximize'
10:31:57.594 [Forwarding maximizeCurrentWindow on session 4e0cd1713357cce71406c6891aa76500 to remote] DEBUG org.asynchttpclient.netty.request.NettyRequestSender -- Using open Channel [id: 0x981c4e6c, L:/127.0.0.1:6581 - R:localhost/127.0.0.1:4444] for POST '/wd/hub/session/4e0cd1713357cce71406c6891aa76500/window/maximize'
10:31:57.622 [AsyncHttpClient-1-2] DEBUG org.asynchttpclient.netty.handler.HttpHandler -- 

Request DefaultHttpRequest(decodeResult: success, version: HTTP/1.1)
POST /wd/hub/session/4e0cd1713357cce71406c6891aa76500/window/maximize HTTP/1.1
User-Agent: selenium/4.1.3 (java windows)
traceparent: 00-7d9527cc8606d787745884831e3df5b0-da8f32a5cd5281ab-01
Content-Length: 3
Content-Type: application/json; charset=utf-8
host: localhost:4444
accept: */*

Response DefaultHttpResponse(decodeResult: success, version: HTTP/1.1)
HTTP/1.1 200 OK
content-type: application/json; charset=utf-8
cache-control: no-cache
content-length: 52

10:31:57.622 [AsyncHttpClient-1-2] DEBUG org.asynchttpclient.netty.channel.ChannelManager -- Adding key: http://localhost:4444 for channel [id: 0x981c4e6c, L:/127.0.0.1:6581 - R:localhost/127.0.0.1:4444]
10:31:57.623 [Forwarding get on session 4e0cd1713357cce71406c6891aa76500 to remote] DEBUG org.asynchttpclient.netty.request.NettyRequestSender -- Using pooled Channel '[id: 0x981c4e6c, L:/127.0.0.1:6581 - R:localhost/127.0.0.1:4444]' for 'POST' to 'http://localhost:4444/wd/hub/session/4e0cd1713357cce71406c6891aa76500/url'
10:31:57.623 [Forwarding get on session 4e0cd1713357cce71406c6891aa76500 to remote] DEBUG org.asynchttpclient.netty.request.NettyRequestSender -- Using open Channel [id: 0x981c4e6c, L:/127.0.0.1:6581 - R:localhost/127.0.0.1:4444] for POST '/wd/hub/session/4e0cd1713357cce71406c6891aa76500/url'
10:32:01.274 [AsyncHttpClient-1-2] DEBUG org.asynchttpclient.netty.handler.HttpHandler -- 

Request DefaultHttpRequest(decodeResult: success, version: HTTP/1.1)
POST /wd/hub/session/4e0cd1713357cce71406c6891aa76500/url HTTP/1.1
User-Agent: selenium/4.1.3 (java windows)
traceparent: 00-392556d3c82152f219aca89df0b32ec4-97cea7a46c83811a-01
Content-Length: 57
Content-Type: application/json; charset=utf-8
host: localhost:4444
accept: */*

Response DefaultHttpResponse(decodeResult: success, version: HTTP/1.1)
HTTP/1.1 200 OK
content-type: application/json; charset=utf-8
cache-control: no-cache
content-length: 14

10:32:01.274 [AsyncHttpClient-1-2] DEBUG org.asynchttpclient.netty.channel.ChannelManager -- Adding key: http://localhost:4444 for channel [id: 0x981c4e6c, L:/127.0.0.1:6581 - R:localhost/127.0.0.1:4444]
10:32:01.275 [Forwarding getCurrentUrl on session 4e0cd1713357cce71406c6891aa76500 to remote] DEBUG org.asynchttpclient.netty.request.NettyRequestSender -- Using pooled Channel '[id: 0x981c4e6c, L:/127.0.0.1:6581 - R:localhost/127.0.0.1:4444]' for 'GET' to 'http://localhost:4444/wd/hub/session/4e0cd1713357cce71406c6891aa76500/url'
10:32:01.275 [Forwarding getCurrentUrl on session 4e0cd1713357cce71406c6891aa76500 to remote] DEBUG org.asynchttpclient.netty.request.NettyRequestSender -- Using open Channel [id: 0x981c4e6c, L:/127.0.0.1:6581 - R:localhost/127.0.0.1:4444] for GET '/wd/hub/session/4e0cd1713357cce71406c6891aa76500/url'
10:32:01.282 [AsyncHttpClient-1-2] DEBUG org.asynchttpclient.netty.handler.HttpHandler -- 

Request DefaultFullHttpRequest(decodeResult: success, version: HTTP/1.1, content: EmptyByteBufBE)
GET /wd/hub/session/4e0cd1713357cce71406c6891aa76500/url HTTP/1.1
User-Agent: selenium/4.1.3 (java windows)
Cache-Control: no-cache
traceparent: 00-f56535518f492d6d388d45333070e792-8a2884c2dd5c5f24-01
Content-Type: application/json; charset=utf-8
host: localhost:4444
accept: */*

Response DefaultHttpResponse(decodeResult: success, version: HTTP/1.1)
HTTP/1.1 200 OK
content-type: application/json; charset=utf-8
cache-control: no-cache
content-length: 34

10:32:01.282 [AsyncHttpClient-1-2] DEBUG org.asynchttpclient.netty.channel.ChannelManager -- Adding key: http://localhost:4444 for channel [id: 0x981c4e6c, L:/127.0.0.1:6581 - R:localhost/127.0.0.1:4444]
10:32:01.614 [AsyncHttpClient-1-1] DEBUG org.asynchttpclient.netty.channel.DefaultChannelPool -- Entry count for : http://localhost:4444 : 1
10:32:02.713 [AsyncHttpClient-1-1] DEBUG org.asynchttpclient.netty.channel.DefaultChannelPool -- Entry count for : http://localhost:4444 : 1
10:32:03.819 [AsyncHttpClient-1-1] DEBUG org.asynchttpclient.netty.channel.DefaultChannelPool -- Entry count for : http://localhost:4444 : 1
10:32:04.918 [AsyncHttpClient-1-1] DEBUG org.asynchttpclient.netty.channel.DefaultChannelPool -- Entry count for : http://localhost:4444 : 1
10:32:06.013 [AsyncHttpClient-1-1] DEBUG org.asynchttpclient.netty.channel.DefaultChannelPool -- Entry count for : http://localhost:4444 : 1
10:32:07.114 [AsyncHttpClient-1-1] DEBUG org.asynchttpclient.netty.channel.DefaultChannelPool -- Entry count for : http://localhost:4444 : 1
10:32:08.214 [AsyncHttpClient-1-1] DEBUG org.asynchttpclient.netty.channel.DefaultChannelPool -- Entry count for : http://localhost:4444 : 1
10:32:09.314 [AsyncHttpClient-1-1] DEBUG org.asynchttpclient.netty.channel.DefaultChannelPool -- Entry count for : http://localhost:4444 : 1
10:32:10.413 [AsyncHttpClient-1-1] DEBUG org.asynchttpclient.netty.channel.DefaultChannelPool -- Entry count for : http://localhost:4444 : 1
10:32:11.294 [Forwarding findElement on session 4e0cd1713357cce71406c6891aa76500 to remote] DEBUG org.asynchttpclient.netty.request.NettyRequestSender -- Using pooled Channel '[id: 0x981c4e6c, L:/127.0.0.1:6581 - R:localhost/127.0.0.1:4444]' for 'POST' to 'http://localhost:4444/wd/hub/session/4e0cd1713357cce71406c6891aa76500/element'
10:32:11.294 [Forwarding findElement on session 4e0cd1713357cce71406c6891aa76500 to remote] DEBUG org.asynchttpclient.netty.request.NettyRequestSender -- Using open Channel [id: 0x981c4e6c, L:/127.0.0.1:6581 - R:localhost/127.0.0.1:4444] for POST '/wd/hub/session/4e0cd1713357cce71406c6891aa76500/element'
10:32:16.347 [AsyncHttpClient-1-2] DEBUG org.asynchttpclient.netty.handler.HttpHandler -- 

Request DefaultHttpRequest(decodeResult: success, version: HTTP/1.1)
POST /wd/hub/session/4e0cd1713357cce71406c6891aa76500/element HTTP/1.1
User-Agent: selenium/4.1.3 (java windows)
traceparent: 00-c8d7c2544d52666f87928d168e7b7ebe-20ff9a0f976dd4a7-01
Content-Length: 63
Content-Type: application/json; charset=utf-8
host: localhost:4444
accept: */*

Response DefaultHttpResponse(decodeResult: success, version: HTTP/1.1)
HTTP/1.1 404 Not Found
content-type: application/json; charset=utf-8
cache-control: no-cache
content-length: 1049

10:32:16.347 [AsyncHttpClient-1-2] DEBUG org.asynchttpclient.netty.channel.ChannelManager -- Adding key: http://localhost:4444 for channel [id: 0x981c4e6c, L:/127.0.0.1:6581 - R:localhost/127.0.0.1:4444]
]]></system-out>
    <system-err><![CDATA[Aug 29, 2024 10:31:57 AM org.openqa.selenium.remote.ProtocolHandshake createSession
INFO: Detected dialect: W3C
]]></system-err>
  </testcase>
  <testcase name="runScenario[&quot;Check User Can Sing UP&quot;, &quot;Optional[Verify Daraz works properly]&quot;](14)" classname="TestRunner.TestRunner" time="19.882">
    <failure message="no such element: Unable to locate element: {&quot;method&quot;:&quot;xpath&quot;,&quot;selector&quot;:&quot;//a[normalize-space()=&apos;Sign Up&apos;]&quot;}&#10;  (Session info: chrome=128.0.6613.85)&#10;For documentation on this error, please visit: https://selenium.dev/exceptions/#no_such_element&#10;Build info: version: &apos;4.1.3&apos;, revision: &apos;7b1ebf28ef&apos;&#10;System info: host: &apos;QUPS-DESKTOP&apos;, ip: &apos;192.168.0.130&apos;, os.name: &apos;Windows 11&apos;, os.arch: &apos;amd64&apos;, os.version: &apos;10.0&apos;, java.version: &apos;11.0.22&apos;&#10;Driver info: org.openqa.selenium.remote.RemoteWebDriver&#10;Command: [c05a19e0445a09f3e17aaec6fe0e3c7b, findElement {using=xpath, value=//a[normalize-space()=&apos;Sign Up&apos;]}]&#10;Capabilities {acceptInsecureCerts: false, browserName: chrome, browserVersion: 128.0.6613.85, chrome: {chromedriverVersion: 128.0.6613.86 (3045ed680fda..., userDataDir: C:\Users\TALLYK~1\AppData\L...}, fedcm:accounts: true, goog:chromeOptions: {debuggerAddress: localhost:8179}, javascriptEnabled: true, networkConnectionEnabled: false, pageLoadStrategy: normal, platform: XP, platformName: XP, proxy: Proxy(), se:bidiEnabled: false, se:cdp: ws://localhost:4444/session..., se:cdpVersion: 128.0.6613.85, setWindowRect: true, strictFileInteractability: false, timeouts: {implicit: 0, pageLoad: 300000, script: 30000}, unhandledPromptBehavior: dismiss and notify, webauthn:extension:credBlob: true, webauthn:extension:largeBlob: true, webauthn:extension:minPinLength: true, webauthn:extension:prf: true, webauthn:virtualAuthenticators: true}&#10;Session ID: c05a19e0445a09f3e17aaec6fe0e3c7b" type="org.openqa.selenium.NoSuchElementException"><![CDATA[org.openqa.selenium.NoSuchElementException: 
no such element: Unable to locate element: {"method":"xpath","selector":"//a[normalize-space()='Sign Up']"}
  (Session info: chrome=128.0.6613.85)
For documentation on this error, please visit: https://selenium.dev/exceptions/#no_such_element
Build info: version: '4.1.3', revision: '7b1ebf28ef'
System info: host: 'QUPS-DESKTOP', ip: '192.168.0.130', os.name: 'Windows 11', os.arch: 'amd64', os.version: '10.0', java.version: '11.0.22'
Driver info: org.openqa.selenium.remote.RemoteWebDriver
Command: [c05a19e0445a09f3e17aaec6fe0e3c7b, findElement {using=xpath, value=//a[normalize-space()='Sign Up']}]
Capabilities {acceptInsecureCerts: false, browserName: chrome, browserVersion: 128.0.6613.85, chrome: {chromedriverVersion: 128.0.6613.86 (3045ed680fda..., userDataDir: C:\Users\TALLYK~1\AppData\L...}, fedcm:accounts: true, goog:chromeOptions: {debuggerAddress: localhost:8179}, javascriptEnabled: true, networkConnectionEnabled: false, pageLoadStrategy: normal, platform: XP, platformName: XP, proxy: Proxy(), se:bidiEnabled: false, se:cdp: ws://localhost:4444/session..., se:cdpVersion: 128.0.6613.85, setWindowRect: true, strictFileInteractability: false, timeouts: {implicit: 0, pageLoad: 300000, script: 30000}, unhandledPromptBehavior: dismiss and notify, webauthn:extension:credBlob: true, webauthn:extension:largeBlob: true, webauthn:extension:minPinLength: true, webauthn:extension:prf: true, webauthn:virtualAuthenticators: true}
Session ID: c05a19e0445a09f3e17aaec6fe0e3c7b
]]></failure>
    <system-out><![CDATA[10:32:16.362 [Forwarding newSession on session null to remote] DEBUG org.asynchttpclient.netty.request.NettyRequestSender -- Using pooled Channel '[id: 0x981c4e6c, L:/127.0.0.1:6581 - R:localhost/127.0.0.1:4444]' for 'POST' to 'http://localhost:4444/wd/hub/session'
10:32:16.362 [Forwarding newSession on session null to remote] DEBUG org.asynchttpclient.netty.request.NettyRequestSender -- Using open Channel [id: 0x981c4e6c, L:/127.0.0.1:6581 - R:localhost/127.0.0.1:4444] for POST '/wd/hub/session'
10:32:17.072 [AsyncHttpClient-1-2] DEBUG org.asynchttpclient.netty.handler.HttpHandler -- 

Request DefaultHttpRequest(decodeResult: success, version: HTTP/1.1)
POST /wd/hub/session HTTP/1.1
User-Agent: selenium/4.1.3 (java windows)
traceparent: 00-62c7c439891ddbc118de654dcfc34eaa-cd3ebc145ae2cfa5-01
Content-Length: 341
Content-Type: application/json; charset=utf-8
host: localhost:4444
accept: */*

Response DefaultHttpResponse(decodeResult: success, version: HTTP/1.1)
HTTP/1.1 200 OK
Cache-Control: no-cache
Content-Type: application/json; charset=utf-8
content-length: 1349

10:32:17.072 [AsyncHttpClient-1-2] DEBUG org.asynchttpclient.netty.channel.ChannelManager -- Adding key: http://localhost:4444 for channel [id: 0x981c4e6c, L:/127.0.0.1:6581 - R:localhost/127.0.0.1:4444]
10:32:17.075 [Forwarding setTimeout on session c05a19e0445a09f3e17aaec6fe0e3c7b to remote] DEBUG org.asynchttpclient.netty.request.NettyRequestSender -- Using pooled Channel '[id: 0x981c4e6c, L:/127.0.0.1:6581 - R:localhost/127.0.0.1:4444]' for 'POST' to 'http://localhost:4444/wd/hub/session/c05a19e0445a09f3e17aaec6fe0e3c7b/timeouts'
10:32:17.075 [Forwarding setTimeout on session c05a19e0445a09f3e17aaec6fe0e3c7b to remote] DEBUG org.asynchttpclient.netty.request.NettyRequestSender -- Using open Channel [id: 0x981c4e6c, L:/127.0.0.1:6581 - R:localhost/127.0.0.1:4444] for POST '/wd/hub/session/c05a19e0445a09f3e17aaec6fe0e3c7b/timeouts'
10:32:17.080 [AsyncHttpClient-1-2] DEBUG org.asynchttpclient.netty.handler.HttpHandler -- 

Request DefaultHttpRequest(decodeResult: success, version: HTTP/1.1)
POST /wd/hub/session/c05a19e0445a09f3e17aaec6fe0e3c7b/timeouts HTTP/1.1
User-Agent: selenium/4.1.3 (java windows)
traceparent: 00-1d9a4f111f8c4f88939bc6593a5c5908-e598d9f4a9f089f2-01
Content-Length: 22
Content-Type: application/json; charset=utf-8
host: localhost:4444
accept: */*

Response DefaultHttpResponse(decodeResult: success, version: HTTP/1.1)
HTTP/1.1 200 OK
content-type: application/json; charset=utf-8
cache-control: no-cache
content-length: 14

10:32:17.080 [AsyncHttpClient-1-2] DEBUG org.asynchttpclient.netty.channel.ChannelManager -- Adding key: http://localhost:4444 for channel [id: 0x981c4e6c, L:/127.0.0.1:6581 - R:localhost/127.0.0.1:4444]
10:32:17.081 [Forwarding maximizeCurrentWindow on session c05a19e0445a09f3e17aaec6fe0e3c7b to remote] DEBUG org.asynchttpclient.netty.request.NettyRequestSender -- Using pooled Channel '[id: 0x981c4e6c, L:/127.0.0.1:6581 - R:localhost/127.0.0.1:4444]' for 'POST' to 'http://localhost:4444/wd/hub/session/c05a19e0445a09f3e17aaec6fe0e3c7b/window/maximize'
10:32:17.081 [Forwarding maximizeCurrentWindow on session c05a19e0445a09f3e17aaec6fe0e3c7b to remote] DEBUG org.asynchttpclient.netty.request.NettyRequestSender -- Using open Channel [id: 0x981c4e6c, L:/127.0.0.1:6581 - R:localhost/127.0.0.1:4444] for POST '/wd/hub/session/c05a19e0445a09f3e17aaec6fe0e3c7b/window/maximize'
10:32:17.112 [AsyncHttpClient-1-2] DEBUG org.asynchttpclient.netty.handler.HttpHandler -- 

Request DefaultHttpRequest(decodeResult: success, version: HTTP/1.1)
POST /wd/hub/session/c05a19e0445a09f3e17aaec6fe0e3c7b/window/maximize HTTP/1.1
User-Agent: selenium/4.1.3 (java windows)
traceparent: 00-7849871f5fcb7b83a12a29db855bc4fe-9cc3282a66fe68f1-01
Content-Length: 3
Content-Type: application/json; charset=utf-8
host: localhost:4444
accept: */*

Response DefaultHttpResponse(decodeResult: success, version: HTTP/1.1)
HTTP/1.1 200 OK
content-type: application/json; charset=utf-8
cache-control: no-cache
content-length: 52

10:32:17.112 [AsyncHttpClient-1-2] DEBUG org.asynchttpclient.netty.channel.ChannelManager -- Adding key: http://localhost:4444 for channel [id: 0x981c4e6c, L:/127.0.0.1:6581 - R:localhost/127.0.0.1:4444]
10:32:17.113 [Forwarding get on session c05a19e0445a09f3e17aaec6fe0e3c7b to remote] DEBUG org.asynchttpclient.netty.request.NettyRequestSender -- Using pooled Channel '[id: 0x981c4e6c, L:/127.0.0.1:6581 - R:localhost/127.0.0.1:4444]' for 'POST' to 'http://localhost:4444/wd/hub/session/c05a19e0445a09f3e17aaec6fe0e3c7b/url'
10:32:17.113 [Forwarding get on session c05a19e0445a09f3e17aaec6fe0e3c7b to remote] DEBUG org.asynchttpclient.netty.request.NettyRequestSender -- Using open Channel [id: 0x981c4e6c, L:/127.0.0.1:6581 - R:localhost/127.0.0.1:4444] for POST '/wd/hub/session/c05a19e0445a09f3e17aaec6fe0e3c7b/url'
10:32:21.166 [AsyncHttpClient-1-2] DEBUG org.asynchttpclient.netty.handler.HttpHandler -- 

Request DefaultHttpRequest(decodeResult: success, version: HTTP/1.1)
POST /wd/hub/session/c05a19e0445a09f3e17aaec6fe0e3c7b/url HTTP/1.1
User-Agent: selenium/4.1.3 (java windows)
traceparent: 00-74dcf23e5358a4ff01543a38e0796dfe-eff7bf5fbd73dbec-01
Content-Length: 57
Content-Type: application/json; charset=utf-8
host: localhost:4444
accept: */*

Response DefaultHttpResponse(decodeResult: success, version: HTTP/1.1)
HTTP/1.1 200 OK
content-type: application/json; charset=utf-8
cache-control: no-cache
content-length: 14

10:32:21.166 [AsyncHttpClient-1-2] DEBUG org.asynchttpclient.netty.channel.ChannelManager -- Adding key: http://localhost:4444 for channel [id: 0x981c4e6c, L:/127.0.0.1:6581 - R:localhost/127.0.0.1:4444]
10:32:21.167 [Forwarding getCurrentUrl on session c05a19e0445a09f3e17aaec6fe0e3c7b to remote] DEBUG org.asynchttpclient.netty.request.NettyRequestSender -- Using pooled Channel '[id: 0x981c4e6c, L:/127.0.0.1:6581 - R:localhost/127.0.0.1:4444]' for 'GET' to 'http://localhost:4444/wd/hub/session/c05a19e0445a09f3e17aaec6fe0e3c7b/url'
10:32:21.167 [Forwarding getCurrentUrl on session c05a19e0445a09f3e17aaec6fe0e3c7b to remote] DEBUG org.asynchttpclient.netty.request.NettyRequestSender -- Using open Channel [id: 0x981c4e6c, L:/127.0.0.1:6581 - R:localhost/127.0.0.1:4444] for GET '/wd/hub/session/c05a19e0445a09f3e17aaec6fe0e3c7b/url'
10:32:21.173 [AsyncHttpClient-1-2] DEBUG org.asynchttpclient.netty.handler.HttpHandler -- 

Request DefaultFullHttpRequest(decodeResult: success, version: HTTP/1.1, content: EmptyByteBufBE)
GET /wd/hub/session/c05a19e0445a09f3e17aaec6fe0e3c7b/url HTTP/1.1
User-Agent: selenium/4.1.3 (java windows)
Cache-Control: no-cache
traceparent: 00-9d7d615ac519bf059e0ce00ec5b22440-6666cd7f9eb4e070-01
Content-Type: application/json; charset=utf-8
host: localhost:4444
accept: */*

Response DefaultHttpResponse(decodeResult: success, version: HTTP/1.1)
HTTP/1.1 200 OK
content-type: application/json; charset=utf-8
cache-control: no-cache
content-length: 34

10:32:21.174 [AsyncHttpClient-1-2] DEBUG org.asynchttpclient.netty.channel.ChannelManager -- Adding key: http://localhost:4444 for channel [id: 0x981c4e6c, L:/127.0.0.1:6581 - R:localhost/127.0.0.1:4444]
10:32:21.413 [AsyncHttpClient-1-1] DEBUG org.asynchttpclient.netty.channel.DefaultChannelPool -- Entry count for : http://localhost:4444 : 1
10:32:22.522 [AsyncHttpClient-1-1] DEBUG org.asynchttpclient.netty.channel.DefaultChannelPool -- Entry count for : http://localhost:4444 : 1
10:32:23.618 [AsyncHttpClient-1-1] DEBUG org.asynchttpclient.netty.channel.DefaultChannelPool -- Entry count for : http://localhost:4444 : 1
10:32:24.713 [AsyncHttpClient-1-1] DEBUG org.asynchttpclient.netty.channel.DefaultChannelPool -- Entry count for : http://localhost:4444 : 1
10:32:25.814 [AsyncHttpClient-1-1] DEBUG org.asynchttpclient.netty.channel.DefaultChannelPool -- Entry count for : http://localhost:4444 : 1
10:32:26.919 [AsyncHttpClient-1-1] DEBUG org.asynchttpclient.netty.channel.DefaultChannelPool -- Entry count for : http://localhost:4444 : 1
10:32:28.013 [AsyncHttpClient-1-1] DEBUG org.asynchttpclient.netty.channel.DefaultChannelPool -- Entry count for : http://localhost:4444 : 1
10:32:29.118 [AsyncHttpClient-1-1] DEBUG org.asynchttpclient.netty.channel.DefaultChannelPool -- Entry count for : http://localhost:4444 : 1
10:32:30.216 [AsyncHttpClient-1-1] DEBUG org.asynchttpclient.netty.channel.DefaultChannelPool -- Entry count for : http://localhost:4444 : 1
10:32:31.180 [Forwarding findElement on session c05a19e0445a09f3e17aaec6fe0e3c7b to remote] DEBUG org.asynchttpclient.netty.request.NettyRequestSender -- Using pooled Channel '[id: 0x981c4e6c, L:/127.0.0.1:6581 - R:localhost/127.0.0.1:4444]' for 'POST' to 'http://localhost:4444/wd/hub/session/c05a19e0445a09f3e17aaec6fe0e3c7b/element'
10:32:31.180 [Forwarding findElement on session c05a19e0445a09f3e17aaec6fe0e3c7b to remote] DEBUG org.asynchttpclient.netty.request.NettyRequestSender -- Using open Channel [id: 0x981c4e6c, L:/127.0.0.1:6581 - R:localhost/127.0.0.1:4444] for POST '/wd/hub/session/c05a19e0445a09f3e17aaec6fe0e3c7b/element'
10:32:36.229 [AsyncHttpClient-1-2] DEBUG org.asynchttpclient.netty.handler.HttpHandler -- 

Request DefaultHttpRequest(decodeResult: success, version: HTTP/1.1)
POST /wd/hub/session/c05a19e0445a09f3e17aaec6fe0e3c7b/element HTTP/1.1
User-Agent: selenium/4.1.3 (java windows)
traceparent: 00-aa26c9186e0801cb392f0e676d09e331-001db9c4c3ccea1b-01
Content-Length: 79
Content-Type: application/json; charset=utf-8
host: localhost:4444
accept: */*

Response DefaultHttpResponse(decodeResult: success, version: HTTP/1.1)
HTTP/1.1 404 Not Found
content-type: application/json; charset=utf-8
cache-control: no-cache
content-length: 1065

10:32:36.229 [AsyncHttpClient-1-2] DEBUG org.asynchttpclient.netty.channel.ChannelManager -- Adding key: http://localhost:4444 for channel [id: 0x981c4e6c, L:/127.0.0.1:6581 - R:localhost/127.0.0.1:4444]
]]></system-out>
    <system-err><![CDATA[Aug 29, 2024 10:32:17 AM org.openqa.selenium.remote.ProtocolHandshake createSession
INFO: Detected dialect: W3C
]]></system-err>
  </testcase>
  <testcase name="runScenario[&quot;Verify User and Can login&quot;, &quot;Optional[Verify Google works properly]&quot;](15)" classname="TestRunner.TestRunner" time="8.478">
    <failure message="no such element: Unable to locate element: {&quot;method&quot;:&quot;xpath&quot;,&quot;selector&quot;:&quot;//textarea[@id=&apos;APjFqb&apos;]&quot;}&#10;  (Session info: chrome=128.0.6613.85)&#10;For documentation on this error, please visit: https://selenium.dev/exceptions/#no_such_element&#10;Build info: version: &apos;4.1.3&apos;, revision: &apos;7b1ebf28ef&apos;&#10;System info: host: &apos;QUPS-DESKTOP&apos;, ip: &apos;192.168.0.130&apos;, os.name: &apos;Windows 11&apos;, os.arch: &apos;amd64&apos;, os.version: &apos;10.0&apos;, java.version: &apos;11.0.22&apos;&#10;Driver info: org.openqa.selenium.remote.RemoteWebDriver&#10;Command: [cf155441cbd2a6e30f4d5b30d3cd17b6, findElement {using=xpath, value=//textarea[@id=&apos;APjFqb&apos;]}]&#10;Capabilities {acceptInsecureCerts: false, browserName: chrome, browserVersion: 128.0.6613.85, chrome: {chromedriverVersion: 128.0.6613.86 (3045ed680fda..., userDataDir: C:\Users\TALLYK~1\AppData\L...}, fedcm:accounts: true, goog:chromeOptions: {debuggerAddress: localhost:8274}, javascriptEnabled: true, networkConnectionEnabled: false, pageLoadStrategy: normal, platform: XP, platformName: XP, proxy: Proxy(), se:bidiEnabled: false, se:cdp: ws://localhost:4444/session..., se:cdpVersion: 128.0.6613.85, setWindowRect: true, strictFileInteractability: false, timeouts: {implicit: 0, pageLoad: 300000, script: 30000}, unhandledPromptBehavior: dismiss and notify, webauthn:extension:credBlob: true, webauthn:extension:largeBlob: true, webauthn:extension:minPinLength: true, webauthn:extension:prf: true, webauthn:virtualAuthenticators: true}&#10;Session ID: cf155441cbd2a6e30f4d5b30d3cd17b6" type="org.openqa.selenium.NoSuchElementException"><![CDATA[org.openqa.selenium.NoSuchElementException: 
no such element: Unable to locate element: {"method":"xpath","selector":"//textarea[@id='APjFqb']"}
  (Session info: chrome=128.0.6613.85)
For documentation on this error, please visit: https://selenium.dev/exceptions/#no_such_element
Build info: version: '4.1.3', revision: '7b1ebf28ef'
System info: host: 'QUPS-DESKTOP', ip: '192.168.0.130', os.name: 'Windows 11', os.arch: 'amd64', os.version: '10.0', java.version: '11.0.22'
Driver info: org.openqa.selenium.remote.RemoteWebDriver
Command: [cf155441cbd2a6e30f4d5b30d3cd17b6, findElement {using=xpath, value=//textarea[@id='APjFqb']}]
Capabilities {acceptInsecureCerts: false, browserName: chrome, browserVersion: 128.0.6613.85, chrome: {chromedriverVersion: 128.0.6613.86 (3045ed680fda..., userDataDir: C:\Users\TALLYK~1\AppData\L...}, fedcm:accounts: true, goog:chromeOptions: {debuggerAddress: localhost:8274}, javascriptEnabled: true, networkConnectionEnabled: false, pageLoadStrategy: normal, platform: XP, platformName: XP, proxy: Proxy(), se:bidiEnabled: false, se:cdp: ws://localhost:4444/session..., se:cdpVersion: 128.0.6613.85, setWindowRect: true, strictFileInteractability: false, timeouts: {implicit: 0, pageLoad: 300000, script: 30000}, unhandledPromptBehavior: dismiss and notify, webauthn:extension:credBlob: true, webauthn:extension:largeBlob: true, webauthn:extension:minPinLength: true, webauthn:extension:prf: true, webauthn:virtualAuthenticators: true}
Session ID: cf155441cbd2a6e30f4d5b30d3cd17b6
]]></failure>
    <system-out><![CDATA[10:32:36.245 [Forwarding newSession on session null to remote] DEBUG org.asynchttpclient.netty.request.NettyRequestSender -- Using pooled Channel '[id: 0x981c4e6c, L:/127.0.0.1:6581 - R:localhost/127.0.0.1:4444]' for 'POST' to 'http://localhost:4444/wd/hub/session'
10:32:36.245 [Forwarding newSession on session null to remote] DEBUG org.asynchttpclient.netty.request.NettyRequestSender -- Using open Channel [id: 0x981c4e6c, L:/127.0.0.1:6581 - R:localhost/127.0.0.1:4444] for POST '/wd/hub/session'
10:32:37.049 [AsyncHttpClient-1-2] DEBUG org.asynchttpclient.netty.handler.HttpHandler -- 

Request DefaultHttpRequest(decodeResult: success, version: HTTP/1.1)
POST /wd/hub/session HTTP/1.1
User-Agent: selenium/4.1.3 (java windows)
traceparent: 00-a1714380fd1322ae1e431c4d3f67c720-a543e9398b0d40d8-01
Content-Length: 341
Content-Type: application/json; charset=utf-8
host: localhost:4444
accept: */*

Response DefaultHttpResponse(decodeResult: success, version: HTTP/1.1)
HTTP/1.1 200 OK
Cache-Control: no-cache
Content-Type: application/json; charset=utf-8
content-length: 1348

10:32:37.049 [AsyncHttpClient-1-2] DEBUG org.asynchttpclient.netty.channel.ChannelManager -- Adding key: http://localhost:4444 for channel [id: 0x981c4e6c, L:/127.0.0.1:6581 - R:localhost/127.0.0.1:4444]
10:32:37.053 [Forwarding setTimeout on session cf155441cbd2a6e30f4d5b30d3cd17b6 to remote] DEBUG org.asynchttpclient.netty.request.NettyRequestSender -- Using pooled Channel '[id: 0x981c4e6c, L:/127.0.0.1:6581 - R:localhost/127.0.0.1:4444]' for 'POST' to 'http://localhost:4444/wd/hub/session/cf155441cbd2a6e30f4d5b30d3cd17b6/timeouts'
10:32:37.053 [Forwarding setTimeout on session cf155441cbd2a6e30f4d5b30d3cd17b6 to remote] DEBUG org.asynchttpclient.netty.request.NettyRequestSender -- Using open Channel [id: 0x981c4e6c, L:/127.0.0.1:6581 - R:localhost/127.0.0.1:4444] for POST '/wd/hub/session/cf155441cbd2a6e30f4d5b30d3cd17b6/timeouts'
10:32:37.058 [AsyncHttpClient-1-2] DEBUG org.asynchttpclient.netty.handler.HttpHandler -- 

Request DefaultHttpRequest(decodeResult: success, version: HTTP/1.1)
POST /wd/hub/session/cf155441cbd2a6e30f4d5b30d3cd17b6/timeouts HTTP/1.1
User-Agent: selenium/4.1.3 (java windows)
traceparent: 00-59201d1bee041bf8bf3c994b8dc963dc-43145614d6e8af9c-01
Content-Length: 22
Content-Type: application/json; charset=utf-8
host: localhost:4444
accept: */*

Response DefaultHttpResponse(decodeResult: success, version: HTTP/1.1)
HTTP/1.1 200 OK
content-type: application/json; charset=utf-8
cache-control: no-cache
content-length: 14

10:32:37.058 [AsyncHttpClient-1-2] DEBUG org.asynchttpclient.netty.channel.ChannelManager -- Adding key: http://localhost:4444 for channel [id: 0x981c4e6c, L:/127.0.0.1:6581 - R:localhost/127.0.0.1:4444]
10:32:37.059 [Forwarding maximizeCurrentWindow on session cf155441cbd2a6e30f4d5b30d3cd17b6 to remote] DEBUG org.asynchttpclient.netty.request.NettyRequestSender -- Using pooled Channel '[id: 0x981c4e6c, L:/127.0.0.1:6581 - R:localhost/127.0.0.1:4444]' for 'POST' to 'http://localhost:4444/wd/hub/session/cf155441cbd2a6e30f4d5b30d3cd17b6/window/maximize'
10:32:37.059 [Forwarding maximizeCurrentWindow on session cf155441cbd2a6e30f4d5b30d3cd17b6 to remote] DEBUG org.asynchttpclient.netty.request.NettyRequestSender -- Using open Channel [id: 0x981c4e6c, L:/127.0.0.1:6581 - R:localhost/127.0.0.1:4444] for POST '/wd/hub/session/cf155441cbd2a6e30f4d5b30d3cd17b6/window/maximize'
10:32:37.087 [AsyncHttpClient-1-2] DEBUG org.asynchttpclient.netty.handler.HttpHandler -- 

Request DefaultHttpRequest(decodeResult: success, version: HTTP/1.1)
POST /wd/hub/session/cf155441cbd2a6e30f4d5b30d3cd17b6/window/maximize HTTP/1.1
User-Agent: selenium/4.1.3 (java windows)
traceparent: 00-c113b62124d3d46565645de0f1775128-eb1ef78f2e58ba71-01
Content-Length: 3
Content-Type: application/json; charset=utf-8
host: localhost:4444
accept: */*

Response DefaultHttpResponse(decodeResult: success, version: HTTP/1.1)
HTTP/1.1 200 OK
content-type: application/json; charset=utf-8
cache-control: no-cache
content-length: 52

10:32:37.087 [AsyncHttpClient-1-2] DEBUG org.asynchttpclient.netty.channel.ChannelManager -- Adding key: http://localhost:4444 for channel [id: 0x981c4e6c, L:/127.0.0.1:6581 - R:localhost/127.0.0.1:4444]
10:32:37.088 [Forwarding get on session cf155441cbd2a6e30f4d5b30d3cd17b6 to remote] DEBUG org.asynchttpclient.netty.request.NettyRequestSender -- Using pooled Channel '[id: 0x981c4e6c, L:/127.0.0.1:6581 - R:localhost/127.0.0.1:4444]' for 'POST' to 'http://localhost:4444/wd/hub/session/cf155441cbd2a6e30f4d5b30d3cd17b6/url'
10:32:37.088 [Forwarding get on session cf155441cbd2a6e30f4d5b30d3cd17b6 to remote] DEBUG org.asynchttpclient.netty.request.NettyRequestSender -- Using open Channel [id: 0x981c4e6c, L:/127.0.0.1:6581 - R:localhost/127.0.0.1:4444] for POST '/wd/hub/session/cf155441cbd2a6e30f4d5b30d3cd17b6/url'
10:32:39.645 [AsyncHttpClient-1-2] DEBUG org.asynchttpclient.netty.handler.HttpHandler -- 

Request DefaultHttpRequest(decodeResult: success, version: HTTP/1.1)
POST /wd/hub/session/cf155441cbd2a6e30f4d5b30d3cd17b6/url HTTP/1.1
User-Agent: selenium/4.1.3 (java windows)
traceparent: 00-d3b86d3b8aa089b2c208bad4f8276141-7b45f243d97b526a-01
Content-Length: 57
Content-Type: application/json; charset=utf-8
host: localhost:4444
accept: */*

Response DefaultHttpResponse(decodeResult: success, version: HTTP/1.1)
HTTP/1.1 200 OK
content-type: application/json; charset=utf-8
cache-control: no-cache
content-length: 14

10:32:39.645 [AsyncHttpClient-1-2] DEBUG org.asynchttpclient.netty.channel.ChannelManager -- Adding key: http://localhost:4444 for channel [id: 0x981c4e6c, L:/127.0.0.1:6581 - R:localhost/127.0.0.1:4444]
10:32:39.646 [Forwarding getCurrentUrl on session cf155441cbd2a6e30f4d5b30d3cd17b6 to remote] DEBUG org.asynchttpclient.netty.request.NettyRequestSender -- Using pooled Channel '[id: 0x981c4e6c, L:/127.0.0.1:6581 - R:localhost/127.0.0.1:4444]' for 'GET' to 'http://localhost:4444/wd/hub/session/cf155441cbd2a6e30f4d5b30d3cd17b6/url'
10:32:39.646 [Forwarding getCurrentUrl on session cf155441cbd2a6e30f4d5b30d3cd17b6 to remote] DEBUG org.asynchttpclient.netty.request.NettyRequestSender -- Using open Channel [id: 0x981c4e6c, L:/127.0.0.1:6581 - R:localhost/127.0.0.1:4444] for GET '/wd/hub/session/cf155441cbd2a6e30f4d5b30d3cd17b6/url'
10:32:39.653 [AsyncHttpClient-1-2] DEBUG org.asynchttpclient.netty.handler.HttpHandler -- 

Request DefaultFullHttpRequest(decodeResult: success, version: HTTP/1.1, content: EmptyByteBufBE)
GET /wd/hub/session/cf155441cbd2a6e30f4d5b30d3cd17b6/url HTTP/1.1
User-Agent: selenium/4.1.3 (java windows)
Cache-Control: no-cache
traceparent: 00-664233d4a68058260bad3533803e8c03-6c11a6d2ce2c6726-01
Content-Type: application/json; charset=utf-8
host: localhost:4444
accept: */*

Response DefaultHttpResponse(decodeResult: success, version: HTTP/1.1)
HTTP/1.1 200 OK
content-type: application/json; charset=utf-8
cache-control: no-cache
content-length: 34

10:32:39.654 [AsyncHttpClient-1-2] DEBUG org.asynchttpclient.netty.channel.ChannelManager -- Adding key: http://localhost:4444 for channel [id: 0x981c4e6c, L:/127.0.0.1:6581 - R:localhost/127.0.0.1:4444]
10:32:39.654 [Forwarding findElement on session cf155441cbd2a6e30f4d5b30d3cd17b6 to remote] DEBUG org.asynchttpclient.netty.request.NettyRequestSender -- Using pooled Channel '[id: 0x981c4e6c, L:/127.0.0.1:6581 - R:localhost/127.0.0.1:4444]' for 'POST' to 'http://localhost:4444/wd/hub/session/cf155441cbd2a6e30f4d5b30d3cd17b6/element'
10:32:39.654 [Forwarding findElement on session cf155441cbd2a6e30f4d5b30d3cd17b6 to remote] DEBUG org.asynchttpclient.netty.request.NettyRequestSender -- Using open Channel [id: 0x981c4e6c, L:/127.0.0.1:6581 - R:localhost/127.0.0.1:4444] for POST '/wd/hub/session/cf155441cbd2a6e30f4d5b30d3cd17b6/element'
10:32:44.710 [AsyncHttpClient-1-2] DEBUG org.asynchttpclient.netty.handler.HttpHandler -- 

Request DefaultHttpRequest(decodeResult: success, version: HTTP/1.1)
POST /wd/hub/session/cf155441cbd2a6e30f4d5b30d3cd17b6/element HTTP/1.1
User-Agent: selenium/4.1.3 (java windows)
traceparent: 00-0da2e6310cf8883932b8d340d575674c-f955c5e5aa9ebecf-01
Content-Length: 71
Content-Type: application/json; charset=utf-8
host: localhost:4444
accept: */*

Response DefaultHttpResponse(decodeResult: success, version: HTTP/1.1)
HTTP/1.1 404 Not Found
content-type: application/json; charset=utf-8
cache-control: no-cache
content-length: 1057

10:32:44.711 [AsyncHttpClient-1-2] DEBUG org.asynchttpclient.netty.channel.ChannelManager -- Adding key: http://localhost:4444 for channel [id: 0x981c4e6c, L:/127.0.0.1:6581 - R:localhost/127.0.0.1:4444]
]]></system-out>
    <system-err><![CDATA[Aug 29, 2024 10:32:37 AM org.openqa.selenium.remote.ProtocolHandshake createSession
INFO: Detected dialect: W3C
]]></system-err>
  </testcase>
</testsuite>